[30/Mar/2021:06:10:58 +0700] XNIO-2 task-1 OPTIONS /api/path/research HTTP/1.1 200 - -
[30/Mar/2021:06:10:58 +0700] XNIO-2 task-1 GET /api/path/research HTTP/1.1 200 691 -
[30/Mar/2021:06:11:01 +0700] XNIO-2 task-1 GET /api/path/research HTTP/1.1 200 691 -
[30/Mar/2021:15:00:03 +0700] XNIO-2 task-1 OPTIONS /api/path/research HTTP/1.1 200 - -
[30/Mar/2021:15:00:03 +0700] XNIO-2 task-1 GET /api/path/research HTTP/1.1 200 691 -
[30/Mar/2021:15:00:24 +0700] XNIO-2 task-1 OPTIONS /api/path/research/134 HTTP/1.1 200 - -
[30/Mar/2021:15:00:24 +0700] XNIO-2 task-1 DELETE /api/path/research/134 HTTP/1.1 200 - -
[30/Mar/2021:15:00:24 +0700] XNIO-2 task-1 GET /api/path/research HTTP/1.1 200 29 -
[30/Mar/2021:15:00:26 +0700] XNIO-2 task-1 GET /api/path/research HTTP/1.1 200 29 -
[30/Mar/2021:15:00:30 +0700] XNIO-2 task-1 OPTIONS /api/path/research HTTP/1.1 200 - -
[30/Mar/2021:15:00:30 +0700] XNIO-2 task-1 POST /api/path/research HTTP/1.1 200 468 -
[30/Mar/2021:15:00:30 +0700] XNIO-2 task-1 GET /api/path/research HTTP/1.1 200 470 -
[30/Mar/2021:15:00:43 +0700] XNIO-2 task-1 GET /api/path/research HTTP/1.1 200 470 -
[30/Mar/2021:15:02:01 +0700] XNIO-2 task-1 GET /api/path/research HTTP/1.1 200 470 -
[30/Mar/2021:15:02:02 +0700] XNIO-2 task-1 OPTIONS /api/path/file/140 HTTP/1.1 200 - -
[30/Mar/2021:15:02:02 +0700] XNIO-2 task-2 OPTIONS /api/path/file/id/140/2 HTTP/1.1 200 - -
[30/Mar/2021:15:02:02 +0700] XNIO-2 task-5 OPTIONS /api/path/file/id/140/3 HTTP/1.1 200 - -
[30/Mar/2021:15:02:02 +0700] XNIO-2 task-4 OPTIONS /api/path/file/id/140/1 HTTP/1.1 200 - -
[30/Mar/2021:15:02:02 +0700] XNIO-2 task-6 OPTIONS /api/path/file/id/140/4 HTTP/1.1 200 - -
[30/Mar/2021:15:02:02 +0700] XNIO-2 task-6 OPTIONS /api/path/file/id/140/5 HTTP/1.1 200 - -
[30/Mar/2021:15:02:02 +0700] XNIO-2 task-3 GET /api/path/file/id/140/5 HTTP/1.1 200 29 -
[30/Mar/2021:15:02:02 +0700] XNIO-2 task-1 GET /api/path/file/id/140/1 HTTP/1.1 200 29 -
[30/Mar/2021:15:02:02 +0700] XNIO-2 task-2 GET /api/path/file/id/140/3 HTTP/1.1 200 29 -
[30/Mar/2021:15:02:02 +0700] XNIO-2 task-4 GET /api/path/file/140 HTTP/1.1 200 29 -
[30/Mar/2021:15:02:02 +0700] XNIO-2 task-6 GET /api/path/file/id/140/4 HTTP/1.1 200 29 -
[30/Mar/2021:15:02:02 +0700] XNIO-2 task-5 GET /api/path/file/id/140/2 HTTP/1.1 200 29 -
[30/Mar/2021:15:02:05 +0700] XNIO-2 task-5 GET /api/path/research HTTP/1.1 200 470 -
[30/Mar/2021:15:02:08 +0700] XNIO-2 task-6 GET /api/path/file/id/140/1 HTTP/1.1 200 29 -
[30/Mar/2021:15:02:08 +0700] XNIO-2 task-4 GET /api/path/file/id/140/3 HTTP/1.1 200 29 -
[30/Mar/2021:15:02:08 +0700] XNIO-2 task-2 GET /api/path/file/id/140/2 HTTP/1.1 200 29 -
[30/Mar/2021:15:02:08 +0700] XNIO-2 task-5 GET /api/path/file/140 HTTP/1.1 200 29 -
[30/Mar/2021:15:02:08 +0700] XNIO-2 task-3 GET /api/path/file/id/140/5 HTTP/1.1 200 29 -
[30/Mar/2021:15:02:08 +0700] XNIO-2 task-1 GET /api/path/file/id/140/4 HTTP/1.1 200 29 -
[30/Mar/2021:15:03:29 +0700] XNIO-2 task-6 GET /api/path/file/id/140/4 HTTP/1.1 200 29 -
[30/Mar/2021:15:03:29 +0700] XNIO-2 task-2 GET /api/path/file/id/140/5 HTTP/1.1 200 29 -
[30/Mar/2021:15:03:29 +0700] XNIO-2 task-5 GET /api/path/file/id/140/2 HTTP/1.1 200 29 -
[30/Mar/2021:15:03:29 +0700] XNIO-2 task-4 GET /api/path/file/140 HTTP/1.1 200 29 -
[30/Mar/2021:15:03:29 +0700] XNIO-2 task-1 GET /api/path/file/id/140/3 HTTP/1.1 200 29 -
[30/Mar/2021:15:03:29 +0700] XNIO-2 task-3 GET /api/path/file/id/140/1 HTTP/1.1 200 29 -
[30/Mar/2021:15:03:38 +0700] XNIO-2 task-1 GET /api/path/file/id/140/2 HTTP/1.1 200 29 -
[30/Mar/2021:15:03:38 +0700] XNIO-2 task-4 GET /api/path/file/140 HTTP/1.1 200 29 -
[30/Mar/2021:15:03:38 +0700] XNIO-2 task-2 GET /api/path/file/id/140/3 HTTP/1.1 200 29 -
[30/Mar/2021:15:03:38 +0700] XNIO-2 task-5 GET /api/path/file/id/140/1 HTTP/1.1 200 29 -
[30/Mar/2021:15:03:38 +0700] XNIO-2 task-3 GET /api/path/file/id/140/5 HTTP/1.1 200 29 -
[30/Mar/2021:15:03:38 +0700] XNIO-2 task-6 GET /api/path/file/id/140/4 HTTP/1.1 200 29 -
[30/Mar/2021:15:03:45 +0700] XNIO-2 task-3 OPTIONS /api/path/file HTTP/1.1 200 - -
[30/Mar/2021:15:03:46 +0700] XNIO-2 task-3 POST /api/path/file HTTP/1.1 200 148 -
[30/Mar/2021:15:03:46 +0700] XNIO-2 task-6 OPTIONS /api/path/file/pr/140 HTTP/1.1 200 - -
[30/Mar/2021:15:03:46 +0700] XNIO-2 task-4 GET /api/path/file/id/140/2 HTTP/1.1 200 29 -
[30/Mar/2021:15:03:46 +0700] XNIO-2 task-1 GET /api/path/file/id/140/4 HTTP/1.1 200 29 -
[30/Mar/2021:15:03:46 +0700] XNIO-2 task-2 GET /api/path/file/id/140/3 HTTP/1.1 200 29 -
[30/Mar/2021:15:03:46 +0700] XNIO-2 task-6 GET /api/path/file/id/140/5 HTTP/1.1 200 29 -
[30/Mar/2021:15:03:46 +0700] XNIO-2 task-5 GET /api/path/file/140 HTTP/1.1 200 528 -
[30/Mar/2021:15:03:46 +0700] XNIO-2 task-3 GET /api/path/file/id/140/1 HTTP/1.1 200 528 -
[30/Mar/2021:15:03:46 +0700] XNIO-2 task-4 GET /api/path/file/pr/140 HTTP/1.1 200 483 -
[30/Mar/2021:15:04:23 +0700] XNIO-2 task-4 GET /api/path/research HTTP/1.1 200 485 -
[30/Mar/2021:15:04:27 +0700] XNIO-2 task-5 GET /api/path/file/id/140/4 HTTP/1.1 200 29 -
[30/Mar/2021:15:04:27 +0700] XNIO-2 task-3 GET /api/path/file/id/140/2 HTTP/1.1 200 29 -
[30/Mar/2021:15:04:27 +0700] XNIO-2 task-6 GET /api/path/file/id/140/3 HTTP/1.1 200 29 -
[30/Mar/2021:15:04:27 +0700] XNIO-2 task-2 GET /api/path/file/id/140/5 HTTP/1.1 200 29 -
[30/Mar/2021:15:04:27 +0700] XNIO-2 task-4 GET /api/path/file/id/140/1 HTTP/1.1 200 528 -
[30/Mar/2021:15:04:27 +0700] XNIO-2 task-4 OPTIONS /api/path/url/all-diagram-edit.pdf HTTP/1.1 200 - -
[30/Mar/2021:15:04:27 +0700] XNIO-2 task-4 GET /api/path/url/all-diagram-edit.pdf HTTP/1.1 200 77 -
[30/Mar/2021:15:04:59 +0700] XNIO-2 task-4 GET /api/path/research HTTP/1.1 200 485 -
[30/Mar/2021:15:06:21 +0700] XNIO-2 task-4 GET /api/path/research HTTP/1.1 200 485 -
[30/Mar/2021:15:06:23 +0700] XNIO-2 task-4 GET /api/path/research HTTP/1.1 200 485 -
[30/Mar/2021:15:06:36 +0700] XNIO-2 task-4 GET /api/path/research HTTP/1.1 200 485 -
[30/Mar/2021:15:06:39 +0700] XNIO-2 task-4 GET /api/path/research HTTP/1.1 200 485 -
[30/Mar/2021:15:07:02 +0700] XNIO-2 task-4 GET /api/path/research HTTP/1.1 200 485 -
[30/Mar/2021:15:07:03 +0700] XNIO-2 task-4 GET /api/path/research HTTP/1.1 200 485 -
[30/Mar/2021:15:07:27 +0700] XNIO-2 task-4 GET /api/path/research HTTP/1.1 200 485 -
[30/Mar/2021:15:07:33 +0700] XNIO-2 task-4 GET /api/path/research HTTP/1.1 200 485 -
[30/Mar/2021:15:07:35 +0700] XNIO-2 task-4 GET /api/path/research HTTP/1.1 200 485 -
[30/Mar/2021:15:07:36 +0700] XNIO-2 task-4 GET /api/path/research HTTP/1.1 200 485 -
[30/Mar/2021:15:07:39 +0700] XNIO-2 task-4 GET /api/path/research HTTP/1.1 200 485 -
[30/Mar/2021:15:07:46 +0700] XNIO-2 task-4 GET /api/path/research HTTP/1.1 200 485 -
[30/Mar/2021:15:07:51 +0700] XNIO-2 task-4 GET /api/path/research HTTP/1.1 200 485 -
[30/Mar/2021:16:02:24 +0700] XNIO-2 task-4 OPTIONS /api/path/research HTTP/1.1 200 - -
[30/Mar/2021:16:02:24 +0700] XNIO-2 task-4 GET /api/path/research HTTP/1.1 200 485 -
[30/Mar/2021:16:11:27 +0700] XNIO-2 task-4 GET /api/path/research HTTP/1.1 200 485 -
[30/Mar/2021:16:25:28 +0700] XNIO-2 task-4 GET /api/path/research HTTP/1.1 200 485 -
[30/Mar/2021:16:25:44 +0700] XNIO-2 task-4 GET /api/path/research HTTP/1.1 200 485 -
[30/Mar/2021:16:25:54 +0700] XNIO-2 task-4 GET /api/path/research HTTP/1.1 200 485 -
[30/Mar/2021:16:26:28 +0700] XNIO-2 task-4 GET /api/path/research HTTP/1.1 200 485 -
[30/Mar/2021:16:27:05 +0700] XNIO-2 task-4 GET /api/path/research HTTP/1.1 200 485 -
[30/Mar/2021:17:06:16 +0700] XNIO-2 task-4 OPTIONS /api/path/research HTTP/1.1 200 - -
[30/Mar/2021:17:06:16 +0700] XNIO-2 task-4 GET /api/path/research HTTP/1.1 200 485 -
