[27/Mar/2021:03:05:49 +0700] XNIO-2 task-2 OPTIONS /api/auth/account HTTP/1.1 200 - -
[27/Mar/2021:03:05:49 +0700] XNIO-2 task-2 GET /api/auth/account HTTP/1.1 200 558 -
[27/Mar/2021:03:05:51 +0700] XNIO-2 task-2 OPTIONS /api/path/research/all/1 HTTP/1.1 200 - -
[27/Mar/2021:03:05:51 +0700] XNIO-2 task-3 OPTIONS /api/path/research/all/1 HTTP/1.1 200 - -
[27/Mar/2021:03:05:51 +0700] XNIO-2 task-2 GET /api/path/research/all/1 HTTP/1.1 401 1963 -
[27/Mar/2021:03:05:51 +0700] XNIO-2 task-2 GET /api/path/research/all/1 HTTP/1.1 401 1963 -
[27/Mar/2021:03:06:02 +0700] XNIO-2 task-2 OPTIONS /api/path/research HTTP/1.1 200 - -
[27/Mar/2021:03:06:02 +0700] XNIO-2 task-2 GET /api/path/research HTTP/1.1 401 1947 -
[27/Mar/2021:03:06:14 +0700] XNIO-2 task-2 OPTIONS /api/auth/signing HTTP/1.1 200 - -
[27/Mar/2021:03:06:14 +0700] XNIO-2 task-2 POST /api/auth/signing HTTP/1.1 200 493 -
[27/Mar/2021:03:06:14 +0700] XNIO-2 task-2 GET /api/path/research HTTP/1.1 200 457 -
[27/Mar/2021:03:06:19 +0700] XNIO-2 task-2 GET /api/auth/account HTTP/1.1 200 558 -
[27/Mar/2021:03:06:31 +0700] XNIO-2 task-2 GET /api/path/research HTTP/1.1 200 457 -
[27/Mar/2021:03:07:21 +0700] XNIO-2 task-2 GET /api/path/research HTTP/1.1 200 457 -
[27/Mar/2021:03:07:24 +0700] XNIO-2 task-2 OPTIONS /api/path/file/id/104/1 HTTP/1.1 200 - -
[27/Mar/2021:03:07:24 +0700] XNIO-2 task-3 OPTIONS /api/path/file/id/104/2 HTTP/1.1 200 - -
[27/Mar/2021:03:07:24 +0700] XNIO-2 task-5 OPTIONS /api/path/file/id/104/5 HTTP/1.1 200 - -
[27/Mar/2021:03:07:24 +0700] XNIO-2 task-4 OPTIONS /api/path/file/id/104/4 HTTP/1.1 200 - -
[27/Mar/2021:03:07:24 +0700] XNIO-2 task-1 OPTIONS /api/path/file/id/104/3 HTTP/1.1 200 - -
[27/Mar/2021:03:07:24 +0700] XNIO-2 task-2 GET /api/path/file/id/104/3 HTTP/1.1 200 29 -
[27/Mar/2021:03:07:24 +0700] XNIO-2 task-3 GET /api/path/file/id/104/4 HTTP/1.1 200 29 -
[27/Mar/2021:03:07:24 +0700] XNIO-2 task-4 GET /api/path/file/id/104/5 HTTP/1.1 200 29 -
[27/Mar/2021:03:07:24 +0700] XNIO-2 task-5 GET /api/path/file/id/104/2 HTTP/1.1 200 488 -
[27/Mar/2021:03:07:24 +0700] XNIO-2 task-1 GET /api/path/file/id/104/1 HTTP/1.1 200 489 -
[27/Mar/2021:03:07:24 +0700] XNIO-2 task-1 OPTIONS /api/path/url/ER.pdf HTTP/1.1 200 - -
[27/Mar/2021:03:07:24 +0700] XNIO-2 task-5 OPTIONS /api/path/url/sssss.pdf HTTP/1.1 200 - -
[27/Mar/2021:03:07:24 +0700] XNIO-2 task-5 GET /api/path/url/sssss.pdf HTTP/1.1 200 66 -
[27/Mar/2021:03:07:24 +0700] XNIO-2 task-1 GET /api/path/url/ER.pdf HTTP/1.1 200 63 -
[27/Mar/2021:03:07:35 +0700] XNIO-2 task-5 GET /api/path/research HTTP/1.1 200 457 -
[27/Mar/2021:03:08:53 +0700] XNIO-2 task-5 GET /api/auth/account HTTP/1.1 200 558 -
[27/Mar/2021:12:46:18 +0700] XNIO-2 task-5 OPTIONS /api/path/research HTTP/1.1 200 - -
[27/Mar/2021:12:46:18 +0700] XNIO-2 task-5 GET /api/path/research HTTP/1.1 200 457 -
[27/Mar/2021:12:48:56 +0700] XNIO-2 task-5 OPTIONS /api/path/file/id/104/2 HTTP/1.1 200 - -
[27/Mar/2021:12:48:56 +0700] XNIO-2 task-1 OPTIONS /api/path/file/id/104/1 HTTP/1.1 200 - -
[27/Mar/2021:12:48:56 +0700] XNIO-2 task-1 OPTIONS /api/path/file/id/104/3 HTTP/1.1 200 - -
[27/Mar/2021:12:48:56 +0700] XNIO-2 task-1 OPTIONS /api/path/file/id/104/4 HTTP/1.1 200 - -
[27/Mar/2021:12:48:56 +0700] XNIO-2 task-5 OPTIONS /api/path/file/id/104/5 HTTP/1.1 200 - -
[27/Mar/2021:12:48:56 +0700] XNIO-2 task-2 GET /api/path/file/id/104/4 HTTP/1.1 200 29 -
[27/Mar/2021:12:48:56 +0700] XNIO-2 task-3 GET /api/path/file/id/104/5 HTTP/1.1 200 29 -
[27/Mar/2021:12:48:56 +0700] XNIO-2 task-5 GET /api/path/file/id/104/3 HTTP/1.1 200 29 -
[27/Mar/2021:12:48:56 +0700] XNIO-2 task-4 GET /api/path/file/id/104/1 HTTP/1.1 200 489 -
[27/Mar/2021:12:48:56 +0700] XNIO-2 task-1 GET /api/path/file/id/104/2 HTTP/1.1 200 488 -
[27/Mar/2021:12:48:56 +0700] XNIO-2 task-1 OPTIONS /api/path/url/sssss.pdf HTTP/1.1 200 - -
[27/Mar/2021:12:48:56 +0700] XNIO-2 task-1 OPTIONS /api/path/url/ER.pdf HTTP/1.1 200 - -
[27/Mar/2021:12:48:56 +0700] XNIO-2 task-4 GET /api/path/url/sssss.pdf HTTP/1.1 200 66 -
[27/Mar/2021:12:48:56 +0700] XNIO-2 task-1 GET /api/path/url/ER.pdf HTTP/1.1 200 63 -
[27/Mar/2021:12:48:59 +0700] XNIO-2 task-4 GET /api/path/research HTTP/1.1 200 457 -
