[14/Mar/2021:00:21:15 +0700] XNIO-2 task-2 OPTIONS /api/path/research HTTP/1.1 200 - -
[14/Mar/2021:00:21:15 +0700] XNIO-2 task-2 GET /api/path/research HTTP/1.1 200 29 -
[14/Mar/2021:00:21:19 +0700] XNIO-2 task-2 GET /api/path/research HTTP/1.1 200 29 -
[14/Mar/2021:00:23:37 +0700] XNIO-2 task-2 GET /api/path/research HTTP/1.1 200 29 -
[14/Mar/2021:00:23:40 +0700] XNIO-2 task-2 GET /api/path/research HTTP/1.1 200 29 -
[14/Mar/2021:00:29:04 +0700] XNIO-2 task-2 GET /api/path/research HTTP/1.1 200 29 -
[14/Mar/2021:00:53:18 +0700] XNIO-2 task-2 GET /api/path/research HTTP/1.1 200 29 -
[14/Mar/2021:00:53:20 +0700] XNIO-2 task-2 GET /api/path/research HTTP/1.1 200 29 -
[14/Mar/2021:00:53:30 +0700] XNIO-2 task-2 GET /api/path/research HTTP/1.1 200 29 -
[14/Mar/2021:00:53:38 +0700] XNIO-2 task-2 GET /api/path/research HTTP/1.1 200 29 -
[14/Mar/2021:00:53:43 +0700] XNIO-2 task-2 GET /api/path/research HTTP/1.1 200 29 -
[14/Mar/2021:01:10:46 +0700] XNIO-2 task-2 GET /api/path/research HTTP/1.1 200 29 -
[14/Mar/2021:01:27:34 +0700] XNIO-2 task-2 OPTIONS /api/path/research HTTP/1.1 200 - -
[14/Mar/2021:01:27:34 +0700] XNIO-2 task-2 GET /api/path/research HTTP/1.1 200 29 -
[14/Mar/2021:01:27:37 +0700] XNIO-2 task-2 GET /api/path/research HTTP/1.1 200 29 -
[14/Mar/2021:01:30:28 +0700] XNIO-2 task-2 GET /api/path/research HTTP/1.1 200 29 -
[14/Mar/2021:01:33:27 +0700] XNIO-2 task-2 GET /api/path/research HTTP/1.1 200 29 -
[14/Mar/2021:01:35:09 +0700] XNIO-2 task-2 GET /api/path/research HTTP/1.1 200 29 -
[14/Mar/2021:01:35:13 +0700] XNIO-2 task-2 GET /api/path/research HTTP/1.1 200 29 -
[14/Mar/2021:01:35:16 +0700] XNIO-2 task-2 GET /api/path/research HTTP/1.1 200 29 -
[14/Mar/2021:01:35:18 +0700] XNIO-2 task-2 GET /api/path/research HTTP/1.1 200 29 -
[14/Mar/2021:01:35:42 +0700] XNIO-2 task-2 GET /api/path/research HTTP/1.1 200 29 -
[14/Mar/2021:01:55:10 +0700] XNIO-2 task-2 GET /api/path/research HTTP/1.1 200 29 -
[14/Mar/2021:01:55:12 +0700] XNIO-2 task-2 GET /api/path/research HTTP/1.1 200 29 -
[14/Mar/2021:01:55:15 +0700] XNIO-2 task-2 GET /api/path/research HTTP/1.1 200 29 -
[14/Mar/2021:02:12:16 +0700] XNIO-2 task-2 OPTIONS /api/path/research HTTP/1.1 200 - -
[14/Mar/2021:02:12:16 +0700] XNIO-2 task-2 POST /api/path/research HTTP/1.1 200 332 -
[14/Mar/2021:02:12:16 +0700] XNIO-2 task-2 GET /api/path/research HTTP/1.1 200 351 -
[14/Mar/2021:02:13:48 +0700] XNIO-2 task-2 GET /api/path/research HTTP/1.1 200 351 -
[14/Mar/2021:02:13:52 +0700] XNIO-2 task-2 GET /api/path/research HTTP/1.1 200 351 -
[14/Mar/2021:02:16:00 +0700] XNIO-2 task-2 OPTIONS /api/path/research/6 HTTP/1.1 200 - -
[14/Mar/2021:02:16:00 +0700] XNIO-2 task-2 DELETE /api/path/research/6 HTTP/1.1 200 - -
[14/Mar/2021:02:16:00 +0700] XNIO-2 task-2 GET /api/path/research HTTP/1.1 200 29 -
[14/Mar/2021:02:16:34 +0700] XNIO-2 task-2 POST /api/path/research HTTP/1.1 200 272 -
[14/Mar/2021:02:16:34 +0700] XNIO-2 task-2 GET /api/path/research HTTP/1.1 200 274 -
[14/Mar/2021:02:16:41 +0700] XNIO-2 task-2 GET /api/path/research HTTP/1.1 200 274 -
[14/Mar/2021:02:19:14 +0700] XNIO-2 task-2 GET /api/path/research HTTP/1.1 200 274 -
[14/Mar/2021:02:19:38 +0700] XNIO-2 task-2 GET /api/path/research HTTP/1.1 200 274 -
[14/Mar/2021:02:20:02 +0700] XNIO-2 task-2 GET /api/path/research HTTP/1.1 200 274 -
[14/Mar/2021:02:20:09 +0700] XNIO-2 task-2 GET /api/path/research HTTP/1.1 200 274 -
[14/Mar/2021:02:20:11 +0700] XNIO-2 task-2 GET /api/path/research HTTP/1.1 200 274 -
[14/Mar/2021:02:20:22 +0700] XNIO-2 task-2 GET /api/path/research HTTP/1.1 200 274 -
[14/Mar/2021:02:20:31 +0700] XNIO-2 task-2 GET /api/path/research HTTP/1.1 200 274 -
[14/Mar/2021:02:20:44 +0700] XNIO-2 task-2 GET /api/path/research HTTP/1.1 200 274 -
[14/Mar/2021:02:20:47 +0700] XNIO-2 task-2 GET /api/path/research HTTP/1.1 200 274 -
[14/Mar/2021:02:20:49 +0700] XNIO-2 task-2 GET /api/path/research HTTP/1.1 200 274 -
[14/Mar/2021:02:20:55 +0700] XNIO-2 task-2 GET /api/path/research HTTP/1.1 200 274 -
[14/Mar/2021:02:23:58 +0700] XNIO-2 task-2 POST /api/path/research HTTP/1.1 200 303 -
[14/Mar/2021:02:24:02 +0700] XNIO-2 task-2 GET /api/path/research HTTP/1.1 200 338 -
[14/Mar/2021:02:24:20 +0700] XNIO-2 task-2 POST /api/path/research HTTP/1.1 200 297 -
[14/Mar/2021:02:24:20 +0700] XNIO-2 task-2 GET /api/path/research HTTP/1.1 200 372 -
[14/Mar/2021:02:24:26 +0700] XNIO-2 task-2 OPTIONS /api/path/research/9 HTTP/1.1 200 - -
[14/Mar/2021:02:24:26 +0700] XNIO-2 task-2 DELETE /api/path/research/9 HTTP/1.1 200 - -
[14/Mar/2021:02:24:26 +0700] XNIO-2 task-2 GET /api/path/research HTTP/1.1 200 338 -
[14/Mar/2021:02:24:58 +0700] XNIO-2 task-2 GET /api/path/research HTTP/1.1 200 338 -
[14/Mar/2021:02:25:03 +0700] XNIO-2 task-2 GET /api/path/research HTTP/1.1 200 338 -
[14/Mar/2021:02:26:06 +0700] XNIO-2 task-2 GET /api/path/research HTTP/1.1 200 338 -
[14/Mar/2021:02:26:25 +0700] XNIO-2 task-2 GET /api/path/research HTTP/1.1 200 338 -
[14/Mar/2021:02:26:26 +0700] XNIO-2 task-2 GET /api/path/research HTTP/1.1 200 338 -
[14/Mar/2021:02:26:29 +0700] XNIO-2 task-2 GET /api/path/research HTTP/1.1 200 338 -
[14/Mar/2021:02:26:38 +0700] XNIO-2 task-2 GET /api/path/research HTTP/1.1 200 338 -
[14/Mar/2021:02:28:17 +0700] XNIO-2 task-2 GET /api/path/research HTTP/1.1 200 338 -
[14/Mar/2021:02:28:35 +0700] XNIO-2 task-2 GET /api/path/research HTTP/1.1 200 338 -
[14/Mar/2021:02:28:58 +0700] XNIO-2 task-2 GET /api/path/research HTTP/1.1 200 338 -
[14/Mar/2021:02:29:06 +0700] XNIO-2 task-2 GET /api/path/research HTTP/1.1 200 338 -
[14/Mar/2021:02:30:09 +0700] XNIO-2 task-2 GET /api/path/research HTTP/1.1 200 338 -
[14/Mar/2021:02:30:40 +0700] XNIO-2 task-2 GET /api/path/research HTTP/1.1 200 338 -
[14/Mar/2021:02:34:27 +0700] XNIO-2 task-2 GET /api/path/research HTTP/1.1 200 338 -
[14/Mar/2021:02:34:33 +0700] XNIO-2 task-2 GET /api/path/research HTTP/1.1 200 338 -
[14/Mar/2021:02:35:00 +0700] XNIO-2 task-2 GET /api/path/research HTTP/1.1 200 338 -
[14/Mar/2021:02:35:01 +0700] XNIO-2 task-2 GET /api/path/research HTTP/1.1 200 338 -
[14/Mar/2021:02:35:20 +0700] XNIO-2 task-2 GET /api/path/research HTTP/1.1 200 338 -
[14/Mar/2021:02:35:21 +0700] XNIO-2 task-2 GET /api/path/research HTTP/1.1 200 338 -
[14/Mar/2021:02:35:28 +0700] XNIO-2 task-2 GET /api/path/research HTTP/1.1 200 338 -
[14/Mar/2021:02:35:31 +0700] XNIO-2 task-2 GET /api/path/research HTTP/1.1 200 338 -
[14/Mar/2021:02:35:31 +0700] XNIO-2 task-2 GET /api/path/research HTTP/1.1 200 338 -
[14/Mar/2021:02:35:32 +0700] XNIO-2 task-2 GET /api/path/research HTTP/1.1 200 338 -
[14/Mar/2021:02:35:32 +0700] XNIO-2 task-2 GET /api/path/research HTTP/1.1 200 338 -
[14/Mar/2021:02:35:33 +0700] XNIO-2 task-2 GET /api/path/research HTTP/1.1 200 338 -
[14/Mar/2021:02:35:34 +0700] XNIO-2 task-2 GET /api/path/research HTTP/1.1 200 338 -
[14/Mar/2021:02:35:35 +0700] XNIO-2 task-2 GET /api/path/research HTTP/1.1 200 338 -
[14/Mar/2021:02:35:36 +0700] XNIO-2 task-2 GET /api/path/research HTTP/1.1 200 338 -
[14/Mar/2021:02:35:37 +0700] XNIO-2 task-2 GET /api/path/research HTTP/1.1 200 338 -
[14/Mar/2021:02:35:42 +0700] XNIO-2 task-2 GET /api/path/research HTTP/1.1 200 338 -
[14/Mar/2021:02:35:44 +0700] XNIO-2 task-2 GET /api/path/research HTTP/1.1 200 338 -
[14/Mar/2021:02:35:45 +0700] XNIO-2 task-2 GET /api/path/research HTTP/1.1 200 338 -
[14/Mar/2021:02:35:45 +0700] XNIO-2 task-2 GET /api/path/research HTTP/1.1 200 338 -
[14/Mar/2021:02:35:46 +0700] XNIO-2 task-2 GET /api/path/research HTTP/1.1 200 338 -
[14/Mar/2021:02:35:46 +0700] XNIO-2 task-2 GET /api/path/research HTTP/1.1 200 338 -
[14/Mar/2021:02:38:39 +0700] XNIO-2 task-2 GET /api/path/research HTTP/1.1 200 338 -
[14/Mar/2021:02:38:46 +0700] XNIO-2 task-2 GET /api/path/research HTTP/1.1 200 338 -
[14/Mar/2021:02:38:48 +0700] XNIO-2 task-2 GET /api/path/research HTTP/1.1 200 338 -
[14/Mar/2021:02:38:52 +0700] XNIO-2 task-2 GET /api/path/research HTTP/1.1 200 338 -
[14/Mar/2021:02:38:53 +0700] XNIO-2 task-2 GET /api/path/research HTTP/1.1 200 338 -
[14/Mar/2021:02:39:02 +0700] XNIO-2 task-2 GET /api/path/research HTTP/1.1 200 338 -
[14/Mar/2021:02:39:29 +0700] XNIO-2 task-2 GET /api/path/research HTTP/1.1 200 338 -
[14/Mar/2021:02:39:31 +0700] XNIO-2 task-2 GET /api/path/research HTTP/1.1 200 338 -
[14/Mar/2021:02:39:32 +0700] XNIO-2 task-2 GET /api/path/research HTTP/1.1 200 338 -
[14/Mar/2021:02:39:39 +0700] XNIO-2 task-2 GET /api/path/research HTTP/1.1 200 338 -
[14/Mar/2021:02:40:31 +0700] XNIO-2 task-2 GET /api/path/research HTTP/1.1 200 338 -
[14/Mar/2021:02:40:52 +0700] XNIO-2 task-2 GET /api/path/research HTTP/1.1 200 338 -
[14/Mar/2021:02:41:09 +0700] XNIO-2 task-2 GET /api/path/research HTTP/1.1 200 338 -
[14/Mar/2021:02:41:20 +0700] XNIO-2 task-2 GET /api/path/research HTTP/1.1 200 338 -
[14/Mar/2021:02:41:26 +0700] XNIO-2 task-2 GET /api/path/research HTTP/1.1 200 338 -
[14/Mar/2021:02:41:49 +0700] XNIO-2 task-2 GET /api/path/research HTTP/1.1 200 338 -
[14/Mar/2021:02:41:51 +0700] XNIO-2 task-2 GET /api/path/research HTTP/1.1 200 338 -
[14/Mar/2021:02:42:01 +0700] XNIO-2 task-2 GET /api/path/research HTTP/1.1 200 338 -
[14/Mar/2021:02:42:02 +0700] XNIO-2 task-2 GET /api/path/research HTTP/1.1 200 338 -
[14/Mar/2021:02:42:03 +0700] XNIO-2 task-2 GET /api/path/research HTTP/1.1 200 338 -
[14/Mar/2021:02:42:04 +0700] XNIO-2 task-2 GET /api/path/research HTTP/1.1 200 338 -
[14/Mar/2021:02:42:36 +0700] XNIO-2 task-2 GET /api/path/research HTTP/1.1 200 338 -
[14/Mar/2021:02:42:37 +0700] XNIO-2 task-2 GET /api/path/research HTTP/1.1 200 338 -
[14/Mar/2021:02:42:38 +0700] XNIO-2 task-2 GET /api/path/research HTTP/1.1 200 338 -
[14/Mar/2021:02:42:38 +0700] XNIO-2 task-2 GET /api/path/research HTTP/1.1 200 338 -
[14/Mar/2021:02:42:42 +0700] XNIO-2 task-2 GET /api/path/research HTTP/1.1 200 338 -
[14/Mar/2021:02:42:57 +0700] XNIO-2 task-2 GET /api/path/research HTTP/1.1 200 338 -
[14/Mar/2021:02:42:57 +0700] XNIO-2 task-2 GET /api/path/research HTTP/1.1 200 338 -
[14/Mar/2021:02:43:03 +0700] XNIO-2 task-2 GET /api/path/research HTTP/1.1 200 338 -
[14/Mar/2021:02:43:08 +0700] XNIO-2 task-2 GET /api/path/research HTTP/1.1 200 338 -
[14/Mar/2021:02:44:01 +0700] XNIO-2 task-2 GET /api/path/research HTTP/1.1 200 338 -
[14/Mar/2021:02:44:09 +0700] XNIO-2 task-2 GET /api/path/research HTTP/1.1 200 338 -
[14/Mar/2021:02:44:10 +0700] XNIO-2 task-2 GET /api/path/research HTTP/1.1 200 338 -
[14/Mar/2021:02:44:11 +0700] XNIO-2 task-2 GET /api/path/research HTTP/1.1 200 338 -
[14/Mar/2021:02:44:24 +0700] XNIO-2 task-2 GET /api/path/research HTTP/1.1 200 338 -
[14/Mar/2021:02:44:28 +0700] XNIO-2 task-2 GET /api/path/research HTTP/1.1 200 338 -
[14/Mar/2021:02:44:49 +0700] XNIO-2 task-2 GET /api/path/research HTTP/1.1 200 338 -
[14/Mar/2021:02:44:49 +0700] XNIO-2 task-2 GET /api/path/research HTTP/1.1 200 338 -
[14/Mar/2021:02:44:50 +0700] XNIO-2 task-2 GET /api/path/research HTTP/1.1 200 338 -
[14/Mar/2021:02:45:06 +0700] XNIO-2 task-2 GET /api/path/research HTTP/1.1 200 338 -
[14/Mar/2021:02:45:07 +0700] XNIO-2 task-2 GET /api/path/research HTTP/1.1 200 338 -
[14/Mar/2021:02:45:44 +0700] XNIO-2 task-2 GET /api/path/research HTTP/1.1 200 338 -
[14/Mar/2021:02:45:45 +0700] XNIO-2 task-2 GET /api/path/research HTTP/1.1 200 338 -
[14/Mar/2021:02:46:20 +0700] XNIO-2 task-2 GET /api/path/research HTTP/1.1 200 338 -
[14/Mar/2021:02:46:32 +0700] XNIO-2 task-2 GET /api/path/research HTTP/1.1 200 338 -
[14/Mar/2021:02:46:42 +0700] XNIO-2 task-2 GET /api/path/research HTTP/1.1 200 338 -
[14/Mar/2021:02:46:45 +0700] XNIO-2 task-2 GET /api/path/research HTTP/1.1 200 338 -
[14/Mar/2021:02:46:52 +0700] XNIO-2 task-2 GET /api/path/research HTTP/1.1 200 338 -
[14/Mar/2021:02:47:22 +0700] XNIO-2 task-2 GET /api/path/research HTTP/1.1 200 338 -
[14/Mar/2021:06:19:26 +0700] XNIO-2 task-2 OPTIONS /api/path/research HTTP/1.1 200 - -
[14/Mar/2021:06:19:26 +0700] XNIO-2 task-2 GET /api/path/research HTTP/1.1 200 338 -
[14/Mar/2021:06:19:34 +0700] XNIO-2 task-2 GET /api/path/research HTTP/1.1 200 338 -
[14/Mar/2021:14:22:20 +0700] XNIO-2 task-2 OPTIONS /api/path/research HTTP/1.1 200 - -
[14/Mar/2021:14:22:20 +0700] XNIO-2 task-2 GET /api/path/research HTTP/1.1 200 338 -
[14/Mar/2021:14:22:31 +0700] XNIO-2 task-2 GET /api/path/research HTTP/1.1 200 338 -
[14/Mar/2021:14:22:35 +0700] XNIO-2 task-2 OPTIONS /api/path/research/7 HTTP/1.1 200 - -
[14/Mar/2021:14:22:36 +0700] XNIO-2 task-2 DELETE /api/path/research/7 HTTP/1.1 200 - -
[14/Mar/2021:14:22:36 +0700] XNIO-2 task-2 GET /api/path/research HTTP/1.1 200 306 -
[14/Mar/2021:14:22:37 +0700] XNIO-2 task-2 GET /api/path/research HTTP/1.1 200 306 -
[14/Mar/2021:14:23:51 +0700] XNIO-2 task-2 GET /api/path/research HTTP/1.1 200 306 -
[14/Mar/2021:14:24:16 +0700] XNIO-2 task-2 GET /api/path/research HTTP/1.1 200 306 -
[14/Mar/2021:14:24:26 +0700] XNIO-2 task-2 GET /api/path/research HTTP/1.1 200 306 -
[14/Mar/2021:14:24:39 +0700] XNIO-2 task-2 GET /api/path/research HTTP/1.1 200 306 -
[14/Mar/2021:14:25:16 +0700] XNIO-2 task-2 GET /api/path/research HTTP/1.1 200 306 -
[14/Mar/2021:14:41:17 +0700] XNIO-2 task-2 GET /api/path/research HTTP/1.1 200 306 -
[14/Mar/2021:14:48:07 +0700] XNIO-2 task-2 GET /api/path/research HTTP/1.1 200 306 -
[14/Mar/2021:14:57:54 +0700] XNIO-2 task-2 GET /api/path/research HTTP/1.1 200 306 -
[14/Mar/2021:14:57:57 +0700] XNIO-2 task-2 GET /api/path/research HTTP/1.1 200 306 -
[14/Mar/2021:14:57:58 +0700] XNIO-2 task-2 GET /api/path/research HTTP/1.1 200 306 -
[14/Mar/2021:14:57:58 +0700] XNIO-2 task-2 GET /api/path/research HTTP/1.1 200 306 -
[14/Mar/2021:14:57:58 +0700] XNIO-2 task-2 GET /api/path/research HTTP/1.1 200 306 -
[14/Mar/2021:14:57:58 +0700] XNIO-2 task-2 GET /api/path/research HTTP/1.1 200 306 -
[14/Mar/2021:14:57:59 +0700] XNIO-2 task-2 GET /api/path/research HTTP/1.1 200 306 -
[14/Mar/2021:14:57:59 +0700] XNIO-2 task-2 GET /api/path/research HTTP/1.1 200 306 -
[14/Mar/2021:14:58:03 +0700] XNIO-2 task-2 GET /api/path/research HTTP/1.1 200 306 -
[14/Mar/2021:14:58:28 +0700] XNIO-2 task-2 GET /api/path/research HTTP/1.1 200 306 -
[14/Mar/2021:14:58:50 +0700] XNIO-2 task-2 GET /api/path/research HTTP/1.1 200 306 -
[14/Mar/2021:14:59:02 +0700] XNIO-2 task-2 GET /api/path/research HTTP/1.1 200 306 -
[14/Mar/2021:14:59:53 +0700] XNIO-2 task-2 GET /api/path/research HTTP/1.1 200 306 -
[14/Mar/2021:14:59:58 +0700] XNIO-2 task-2 GET /api/path/research HTTP/1.1 200 306 -
[14/Mar/2021:15:00:03 +0700] XNIO-2 task-2 GET /api/path/research HTTP/1.1 200 306 -
[14/Mar/2021:15:00:36 +0700] XNIO-2 task-2 GET /api/path/research HTTP/1.1 200 306 -
[14/Mar/2021:15:01:12 +0700] XNIO-2 task-2 GET /api/path/research HTTP/1.1 200 306 -
[14/Mar/2021:15:01:24 +0700] XNIO-2 task-2 GET /api/path/research HTTP/1.1 200 306 -
[14/Mar/2021:15:01:29 +0700] XNIO-2 task-2 GET /api/path/research HTTP/1.1 200 306 -
[14/Mar/2021:15:01:31 +0700] XNIO-2 task-2 GET /api/path/research HTTP/1.1 200 306 -
[14/Mar/2021:15:01:46 +0700] XNIO-2 task-2 GET /api/path/research HTTP/1.1 200 306 -
[14/Mar/2021:15:01:48 +0700] XNIO-2 task-2 GET /api/path/research HTTP/1.1 200 306 -
[14/Mar/2021:15:01:48 +0700] XNIO-2 task-2 GET /api/path/research HTTP/1.1 200 306 -
[14/Mar/2021:15:01:48 +0700] XNIO-2 task-2 GET /api/path/research HTTP/1.1 200 306 -
[14/Mar/2021:15:02:05 +0700] XNIO-2 task-2 GET /api/path/research HTTP/1.1 200 306 -
[14/Mar/2021:15:02:16 +0700] XNIO-2 task-2 GET /api/path/research HTTP/1.1 200 306 -
[14/Mar/2021:15:03:12 +0700] XNIO-2 task-2 GET /api/path/research HTTP/1.1 200 306 -
[14/Mar/2021:15:03:44 +0700] XNIO-2 task-2 GET /api/path/research HTTP/1.1 200 306 -
[14/Mar/2021:15:04:05 +0700] XNIO-2 task-2 GET /api/path/research HTTP/1.1 200 306 -
[14/Mar/2021:15:04:07 +0700] XNIO-2 task-2 GET /api/path/research HTTP/1.1 200 306 -
[14/Mar/2021:15:04:08 +0700] XNIO-2 task-2 GET /api/path/research HTTP/1.1 200 306 -
[14/Mar/2021:15:04:18 +0700] XNIO-2 task-2 GET /api/path/research HTTP/1.1 200 306 -
[14/Mar/2021:15:04:33 +0700] XNIO-2 task-2 GET /api/path/research HTTP/1.1 200 306 -
[14/Mar/2021:15:04:44 +0700] XNIO-2 task-2 GET /api/path/research HTTP/1.1 200 306 -
[14/Mar/2021:15:05:47 +0700] XNIO-2 task-2 GET /api/path/research HTTP/1.1 200 306 -
[14/Mar/2021:15:05:51 +0700] XNIO-2 task-2 GET /api/path/research HTTP/1.1 200 306 -
[14/Mar/2021:15:14:49 +0700] XNIO-2 task-2 GET /api/path/research HTTP/1.1 200 306 -
[14/Mar/2021:15:14:51 +0700] XNIO-2 task-2 GET /api/path/research HTTP/1.1 200 306 -
[14/Mar/2021:15:18:21 +0700] XNIO-2 task-2 GET /api/path/research HTTP/1.1 200 306 -
[14/Mar/2021:15:18:37 +0700] XNIO-2 task-2 GET /api/path/research HTTP/1.1 200 306 -
[14/Mar/2021:15:18:44 +0700] XNIO-2 task-2 GET /api/path/research HTTP/1.1 200 306 -
[14/Mar/2021:15:18:49 +0700] XNIO-2 task-2 GET /api/path/research HTTP/1.1 200 306 -
[14/Mar/2021:15:18:50 +0700] XNIO-2 task-2 GET /api/path/research HTTP/1.1 200 306 -
[14/Mar/2021:15:59:55 +0700] XNIO-2 task-2 OPTIONS /api/path/research HTTP/1.1 200 - -
[14/Mar/2021:15:59:55 +0700] XNIO-2 task-2 GET /api/path/research HTTP/1.1 200 306 -
[14/Mar/2021:16:13:59 +0700] XNIO-2 task-2 GET /api/path/research HTTP/1.1 200 306 -
[14/Mar/2021:16:45:28 +0700] XNIO-2 task-2 GET /api/path/research HTTP/1.1 200 306 -
[14/Mar/2021:16:48:37 +0700] XNIO-2 task-2 GET /api/path/research HTTP/1.1 200 306 -
[14/Mar/2021:16:48:45 +0700] XNIO-2 task-2 GET /api/path/research HTTP/1.1 200 306 -
[14/Mar/2021:16:48:46 +0700] XNIO-2 task-2 GET /api/path/research HTTP/1.1 200 306 -
[14/Mar/2021:16:48:47 +0700] XNIO-2 task-2 GET /api/path/research HTTP/1.1 200 306 -
[14/Mar/2021:16:48:51 +0700] XNIO-2 task-2 GET /api/path/research HTTP/1.1 200 306 -
[14/Mar/2021:16:49:24 +0700] XNIO-2 task-2 GET /api/path/research HTTP/1.1 200 306 -
[14/Mar/2021:16:49:40 +0700] XNIO-2 task-2 GET /api/path/research HTTP/1.1 200 306 -
[14/Mar/2021:16:49:49 +0700] XNIO-2 task-2 GET /api/path/research HTTP/1.1 200 306 -
[14/Mar/2021:16:50:34 +0700] XNIO-2 task-2 GET /api/path/research HTTP/1.1 200 306 -
[14/Mar/2021:16:50:37 +0700] XNIO-2 task-2 GET /api/path/research HTTP/1.1 200 306 -
[14/Mar/2021:16:53:21 +0700] XNIO-2 task-2 GET /api/path/research HTTP/1.1 200 306 -
[14/Mar/2021:16:53:34 +0700] XNIO-2 task-2 GET /api/path/research HTTP/1.1 200 306 -
[14/Mar/2021:17:06:49 +0700] XNIO-2 task-2 OPTIONS /api/path/research HTTP/1.1 200 - -
[14/Mar/2021:17:06:49 +0700] XNIO-2 task-2 GET /api/path/research HTTP/1.1 200 306 -
[14/Mar/2021:17:16:59 +0700] XNIO-2 task-2 GET /api/path/research HTTP/1.1 200 306 -
[14/Mar/2021:17:17:25 +0700] XNIO-2 task-2 GET /api/path/research HTTP/1.1 200 306 -
[14/Mar/2021:17:17:35 +0700] XNIO-2 task-2 GET /api/path/research HTTP/1.1 200 306 -
[14/Mar/2021:17:22:46 +0700] XNIO-2 task-2 GET /api/path/research HTTP/1.1 200 306 -
[14/Mar/2021:17:23:00 +0700] XNIO-2 task-2 GET /api/path/research HTTP/1.1 200 306 -
[14/Mar/2021:17:27:52 +0700] XNIO-2 task-2 GET /api/path/research HTTP/1.1 200 306 -
[14/Mar/2021:17:27:54 +0700] XNIO-2 task-2 GET /api/path/research HTTP/1.1 200 306 -
[14/Mar/2021:17:28:06 +0700] XNIO-2 task-2 GET /api/path/research HTTP/1.1 200 306 -
[14/Mar/2021:17:28:09 +0700] XNIO-2 task-2 GET /api/path/research HTTP/1.1 200 306 -
[14/Mar/2021:19:08:37 +0700] XNIO-2 task-2 OPTIONS /api/path/research HTTP/1.1 200 - -
[14/Mar/2021:19:08:37 +0700] XNIO-2 task-2 GET /api/path/research HTTP/1.1 200 306 -
[14/Mar/2021:19:09:53 +0700] XNIO-2 task-2 GET /api/path/research HTTP/1.1 200 306 -
