[22/Mar/2021:10:03:59 +0700] XNIO-2 task-1 OPTIONS /api/path/research HTTP/1.1 200 - -
[22/Mar/2021:10:03:59 +0700] XNIO-2 task-1 GET /api/path/research HTTP/1.1 500 1847 -
[22/Mar/2021:10:04:19 +0700] XNIO-2 task-1 OPTIONS /api/auth/signing HTTP/1.1 200 - -
[22/Mar/2021:10:04:19 +0700] XNIO-2 task-1 POST /api/auth/signing HTTP/1.1 200 292 -
[22/Mar/2021:10:04:19 +0700] XNIO-2 task-1 GET /api/path/research HTTP/1.1 200 264 -
[22/Mar/2021:10:04:28 +0700] XNIO-2 task-1 GET /api/path/file/44 HTTP/1.1 200 373 -
[22/Mar/2021:10:06:54 +0700] XNIO-2 task-1 GET /api/path/file/44 HTTP/1.1 200 373 -
[22/Mar/2021:10:06:57 +0700] XNIO-2 task-1 GET /api/path/research HTTP/1.1 200 264 -
[22/Mar/2021:10:07:01 +0700] XNIO-2 task-1 GET /api/path/research HTTP/1.1 200 264 -
[22/Mar/2021:10:28:13 +0700] XNIO-2 task-1 GET /api/path/file/44 HTTP/1.1 200 373 -
[22/Mar/2021:10:28:22 +0700] XNIO-2 task-1 GET /api/path/file/44 HTTP/1.1 200 373 -
[22/Mar/2021:10:28:30 +0700] XNIO-2 task-1 GET /api/path/file/44 HTTP/1.1 200 373 -
[22/Mar/2021:10:35:08 +0700] XNIO-2 task-1 GET /api/path/file/44 HTTP/1.1 200 373 -
[22/Mar/2021:10:35:10 +0700] XNIO-2 task-1 GET /api/path/file/44 HTTP/1.1 200 373 -
[22/Mar/2021:10:35:10 +0700] XNIO-2 task-1 GET /api/path/file/44 HTTP/1.1 200 373 -
[22/Mar/2021:10:35:10 +0700] XNIO-2 task-1 GET /api/path/file/44 HTTP/1.1 200 373 -
[22/Mar/2021:10:35:10 +0700] XNIO-2 task-1 GET /api/path/file/44 HTTP/1.1 200 373 -
[22/Mar/2021:10:35:10 +0700] XNIO-2 task-1 GET /api/path/file/44 HTTP/1.1 200 373 -
[22/Mar/2021:10:35:10 +0700] XNIO-2 task-1 GET /api/path/file/44 HTTP/1.1 200 373 -
[22/Mar/2021:10:35:10 +0700] XNIO-2 task-1 GET /api/path/file/44 HTTP/1.1 200 373 -
[22/Mar/2021:10:35:20 +0700] XNIO-2 task-1 GET /api/path/file/44 HTTP/1.1 200 373 -
[22/Mar/2021:10:35:50 +0700] XNIO-2 task-1 GET /api/path/file/44 HTTP/1.1 200 373 -
[22/Mar/2021:10:37:40 +0700] XNIO-2 task-1 GET /api/path/file/44 HTTP/1.1 200 373 -
[22/Mar/2021:10:37:48 +0700] XNIO-2 task-1 GET /api/path/file/44 HTTP/1.1 200 373 -
[22/Mar/2021:10:37:58 +0700] XNIO-2 task-1 GET /api/path/file/44 HTTP/1.1 200 373 -
[22/Mar/2021:10:37:59 +0700] XNIO-2 task-1 GET /api/path/file/44 HTTP/1.1 200 373 -
[22/Mar/2021:10:38:04 +0700] XNIO-2 task-1 GET /api/path/file/44 HTTP/1.1 200 373 -
[22/Mar/2021:10:38:14 +0700] XNIO-2 task-1 GET /api/path/research HTTP/1.1 200 264 -
[22/Mar/2021:10:38:16 +0700] XNIO-2 task-1 GET /api/path/research HTTP/1.1 200 264 -
[22/Mar/2021:10:38:19 +0700] XNIO-2 task-1 GET /api/path/research HTTP/1.1 200 264 -
[22/Mar/2021:10:38:20 +0700] XNIO-2 task-1 GET /api/path/file/44 HTTP/1.1 200 373 -
[22/Mar/2021:10:38:26 +0700] XNIO-2 task-1 GET /api/path/file/44 HTTP/1.1 200 373 -
[22/Mar/2021:10:45:40 +0700] XNIO-2 task-1 GET /api/path/file/44 HTTP/1.1 200 373 -
[22/Mar/2021:10:45:47 +0700] XNIO-2 task-1 GET /api/path/research HTTP/1.1 200 264 -
[22/Mar/2021:10:45:53 +0700] XNIO-2 task-1 OPTIONS /api/path/research HTTP/1.1 200 - -
[22/Mar/2021:10:45:53 +0700] XNIO-2 task-1 POST /api/path/research HTTP/1.1 200 284 -
[22/Mar/2021:10:45:53 +0700] XNIO-2 task-1 GET /api/path/research HTTP/1.1 200 320 -
[22/Mar/2021:10:45:56 +0700] XNIO-2 task-1 GET /api/path/file/50 HTTP/1.1 200 29 -
[22/Mar/2021:10:46:02 +0700] XNIO-2 task-1 OPTIONS /api/path/file HTTP/1.1 200 - -
[22/Mar/2021:10:46:02 +0700] XNIO-2 task-1 POST /api/path/file HTTP/1.1 500 1992 -
[22/Mar/2021:10:46:10 +0700] XNIO-2 task-2 POST /api/path/file HTTP/1.1 200 137 -
[22/Mar/2021:10:46:10 +0700] XNIO-2 task-1 GET /api/path/file/pr/50 HTTP/1.1 200 285 -
[22/Mar/2021:10:46:17 +0700] XNIO-2 task-1 GET /api/path/file/50 HTTP/1.1 200 319 -
[22/Mar/2021:10:47:06 +0700] XNIO-2 task-1 POST /api/path/file HTTP/1.1 500 1992 -
[22/Mar/2021:10:50:28 +0700] XNIO-2 task-2 GET /api/path/file/50 HTTP/1.1 200 319 -
[22/Mar/2021:10:50:48 +0700] XNIO-2 task-2 GET /api/path/research HTTP/1.1 200 320 -
[22/Mar/2021:10:50:51 +0700] XNIO-2 task-2 GET /api/path/file/50 HTTP/1.1 200 319 -
[22/Mar/2021:10:51:27 +0700] XNIO-2 task-2 GET /api/path/file/50 HTTP/1.1 200 319 -
[22/Mar/2021:10:52:03 +0700] XNIO-2 task-2 GET /api/path/file/50 HTTP/1.1 200 319 -
[22/Mar/2021:10:56:01 +0700] XNIO-2 task-2 GET /api/path/file/50 HTTP/1.1 200 319 -
[22/Mar/2021:10:56:27 +0700] XNIO-2 task-2 GET /api/path/file/50 HTTP/1.1 200 319 -
[22/Mar/2021:10:56:34 +0700] XNIO-2 task-2 POST /api/path/file HTTP/1.1 500 1992 -
[22/Mar/2021:10:56:43 +0700] XNIO-2 task-1 GET /api/path/file/50 HTTP/1.1 200 319 -
[22/Mar/2021:10:56:49 +0700] XNIO-2 task-1 GET /api/path/file/50 HTTP/1.1 200 319 -
[22/Mar/2021:10:57:05 +0700] XNIO-2 task-1 GET /api/path/file/50 HTTP/1.1 200 319 -
[22/Mar/2021:10:57:07 +0700] XNIO-2 task-1 GET /api/path/research HTTP/1.1 200 320 -
[22/Mar/2021:10:57:43 +0700] XNIO-2 task-1 GET /api/path/research HTTP/1.1 200 320 -
[22/Mar/2021:10:57:48 +0700] XNIO-2 task-1 GET /api/path/research HTTP/1.1 200 320 -
[22/Mar/2021:10:57:51 +0700] XNIO-2 task-1 GET /api/path/research HTTP/1.1 200 320 -
[22/Mar/2021:10:59:06 +0700] XNIO-2 task-1 GET /api/path/file/50 HTTP/1.1 200 319 -
[22/Mar/2021:10:59:12 +0700] XNIO-2 task-1 POST /api/path/file HTTP/1.1 200 145 -
[22/Mar/2021:10:59:12 +0700] XNIO-2 task-2 GET /api/path/file/pr/50 HTTP/1.1 200 285 -
[22/Mar/2021:10:59:16 +0700] XNIO-2 task-2 GET /api/path/file/50 HTTP/1.1 200 350 -
[22/Mar/2021:11:30:57 +0700] XNIO-2 task-2 GET /api/path/research HTTP/1.1 200 320 -
[22/Mar/2021:11:31:39 +0700] XNIO-2 task-2 GET /api/path/research HTTP/1.1 200 320 -
[22/Mar/2021:12:07:28 +0700] XNIO-2 task-2 GET /api/path/file/44 HTTP/1.1 200 373 -
[22/Mar/2021:12:08:08 +0700] XNIO-2 task-2 OPTIONS /api/path/research HTTP/1.1 200 - -
[22/Mar/2021:12:08:08 +0700] XNIO-2 task-2 GET /api/path/research HTTP/1.1 200 320 -
[22/Mar/2021:12:08:10 +0700] XNIO-2 task-2 GET /api/path/file/50 HTTP/1.1 200 350 -
[22/Mar/2021:12:09:08 +0700] XNIO-2 task-2 GET /api/path/research HTTP/1.1 200 320 -
[22/Mar/2021:12:09:12 +0700] XNIO-2 task-2 GET /api/path/research HTTP/1.1 200 320 -
[22/Mar/2021:12:09:14 +0700] XNIO-2 task-2 GET /api/path/research HTTP/1.1 200 320 -
[22/Mar/2021:12:09:16 +0700] XNIO-2 task-2 GET /api/path/research HTTP/1.1 200 320 -
[22/Mar/2021:12:09:18 +0700] XNIO-2 task-2 GET /api/path/file/50 HTTP/1.1 200 350 -
[22/Mar/2021:12:09:27 +0700] XNIO-2 task-2 GET /api/path/file/50 HTTP/1.1 200 350 -
[22/Mar/2021:12:09:30 +0700] XNIO-2 task-2 GET /api/path/research HTTP/1.1 200 320 -
[22/Mar/2021:12:09:31 +0700] XNIO-2 task-2 GET /api/path/file/50 HTTP/1.1 200 350 -
[22/Mar/2021:12:09:34 +0700] XNIO-2 task-2 GET /api/path/research HTTP/1.1 200 320 -
[22/Mar/2021:12:09:40 +0700] XNIO-2 task-2 GET /api/path/research HTTP/1.1 200 320 -
[22/Mar/2021:12:10:24 +0700] XNIO-2 task-2 GET /api/path/research HTTP/1.1 200 320 -
[22/Mar/2021:12:10:25 +0700] XNIO-2 task-2 GET /api/path/file/50 HTTP/1.1 200 350 -
[22/Mar/2021:12:10:33 +0700] XNIO-2 task-2 OPTIONS /api/path/file HTTP/1.1 200 - -
[22/Mar/2021:12:10:34 +0700] XNIO-2 task-2 POST /api/path/file HTTP/1.1 200 137 -
[22/Mar/2021:12:10:34 +0700] XNIO-2 task-1 GET /api/path/file/pr/50 HTTP/1.1 200 285 -
[22/Mar/2021:12:10:45 +0700] XNIO-2 task-1 GET /api/path/file/50 HTTP/1.1 200 365 -
[22/Mar/2021:12:11:10 +0700] XNIO-2 task-1 GET /api/path/research HTTP/1.1 200 321 -
[22/Mar/2021:12:11:14 +0700] XNIO-2 task-1 GET /api/path/research HTTP/1.1 200 321 -
[22/Mar/2021:12:11:15 +0700] XNIO-2 task-1 GET /api/path/file/50 HTTP/1.1 200 365 -
[22/Mar/2021:12:11:16 +0700] XNIO-2 task-1 GET /api/path/research HTTP/1.1 200 321 -
[22/Mar/2021:12:11:43 +0700] XNIO-2 task-1 GET /api/path/research HTTP/1.1 200 321 -
[22/Mar/2021:12:11:58 +0700] XNIO-2 task-1 GET /api/path/research HTTP/1.1 200 321 -
[22/Mar/2021:12:15:01 +0700] XNIO-2 task-1 GET /api/path/file/50 HTTP/1.1 200 365 -
[22/Mar/2021:12:15:04 +0700] XNIO-2 task-1 GET /api/path/research HTTP/1.1 200 321 -
[22/Mar/2021:12:20:28 +0700] XNIO-2 task-1 GET /api/path/file/50 HTTP/1.1 200 365 -
[22/Mar/2021:12:21:00 +0700] XNIO-2 task-1 GET /api/path/file/50 HTTP/1.1 200 365 -
[22/Mar/2021:12:21:02 +0700] XNIO-2 task-1 GET /api/path/file/50 HTTP/1.1 200 365 -
[22/Mar/2021:12:21:13 +0700] XNIO-2 task-1 POST /api/path/file HTTP/1.1 500 1992 -
[22/Mar/2021:12:21:23 +0700] XNIO-2 task-2 POST /api/path/file HTTP/1.1 200 150 -
[22/Mar/2021:12:21:23 +0700] XNIO-2 task-1 GET /api/path/file/pr/50 HTTP/1.1 200 285 -
[22/Mar/2021:12:21:23 +0700] XNIO-2 task-1 GET /api/path/file/50 HTTP/1.1 200 387 -
[22/Mar/2021:12:21:48 +0700] XNIO-2 task-1 GET /api/path/file/50 HTTP/1.1 200 387 -
[22/Mar/2021:12:22:17 +0700] XNIO-2 task-1 GET /api/path/file/50 HTTP/1.1 200 387 -
[22/Mar/2021:12:23:13 +0700] XNIO-2 task-1 GET /api/path/file/50 HTTP/1.1 200 387 -
[22/Mar/2021:12:24:56 +0700] XNIO-2 task-1 GET /api/path/file/50 HTTP/1.1 200 387 -
[22/Mar/2021:12:25:03 +0700] XNIO-2 task-1 GET /api/path/file/50 HTTP/1.1 200 387 -
[22/Mar/2021:12:25:12 +0700] XNIO-2 task-1 GET /api/path/file/50 HTTP/1.1 200 387 -
[22/Mar/2021:12:25:16 +0700] XNIO-2 task-1 GET /api/path/file/50 HTTP/1.1 200 387 -
[22/Mar/2021:12:25:18 +0700] XNIO-2 task-1 GET /api/path/file/50 HTTP/1.1 200 387 -
[22/Mar/2021:12:25:24 +0700] XNIO-2 task-1 GET /api/path/file/50 HTTP/1.1 200 387 -
[22/Mar/2021:12:25:32 +0700] XNIO-2 task-1 GET /api/path/file/50 HTTP/1.1 200 387 -
[22/Mar/2021:12:25:40 +0700] XNIO-2 task-1 GET /api/path/file/50 HTTP/1.1 200 387 -
[22/Mar/2021:12:25:58 +0700] XNIO-2 task-1 GET /api/path/file/50 HTTP/1.1 200 387 -
[22/Mar/2021:12:26:00 +0700] XNIO-2 task-1 GET /api/path/file/50 HTTP/1.1 200 387 -
[22/Mar/2021:12:26:09 +0700] XNIO-2 task-1 GET /api/path/file/50 HTTP/1.1 200 387 -
[22/Mar/2021:12:26:12 +0700] XNIO-2 task-1 GET /api/path/file/50 HTTP/1.1 200 387 -
[22/Mar/2021:12:26:59 +0700] XNIO-2 task-1 GET /api/path/file/50 HTTP/1.1 200 387 -
[22/Mar/2021:12:28:58 +0700] XNIO-2 task-1 GET /api/path/file/50 HTTP/1.1 200 387 -
[22/Mar/2021:12:29:00 +0700] XNIO-2 task-1 GET /api/path/file/50 HTTP/1.1 200 387 -
[22/Mar/2021:12:29:01 +0700] XNIO-2 task-1 GET /api/path/file/50 HTTP/1.1 200 387 -
[22/Mar/2021:12:29:04 +0700] XNIO-2 task-1 GET /api/path/file/50 HTTP/1.1 200 387 -
[22/Mar/2021:12:32:19 +0700] XNIO-2 task-1 GET /api/path/file/50 HTTP/1.1 200 387 -
[22/Mar/2021:12:32:20 +0700] XNIO-2 task-1 GET /api/path/file/50 HTTP/1.1 200 387 -
[22/Mar/2021:12:32:23 +0700] XNIO-2 task-1 GET /api/path/file/50 HTTP/1.1 200 387 -
[22/Mar/2021:12:32:29 +0700] XNIO-2 task-1 GET /api/path/file/50 HTTP/1.1 200 387 -
[22/Mar/2021:12:32:39 +0700] XNIO-2 task-1 GET /api/path/file/50 HTTP/1.1 200 387 -
[22/Mar/2021:12:32:48 +0700] XNIO-2 task-1 GET /api/path/file/50 HTTP/1.1 200 387 -
[22/Mar/2021:12:34:02 +0700] XNIO-2 task-1 GET /api/path/file/50 HTTP/1.1 200 387 -
[22/Mar/2021:12:34:06 +0700] XNIO-2 task-1 GET /api/path/file/50 HTTP/1.1 200 387 -
[22/Mar/2021:12:34:13 +0700] XNIO-2 task-1 GET /api/path/file/50 HTTP/1.1 200 387 -
[22/Mar/2021:12:34:20 +0700] XNIO-2 task-1 GET /api/path/file/50 HTTP/1.1 200 387 -
[22/Mar/2021:12:34:33 +0700] XNIO-2 task-1 GET /api/path/file/50 HTTP/1.1 200 387 -
[22/Mar/2021:12:35:05 +0700] XNIO-2 task-1 GET /api/path/file/50 HTTP/1.1 200 387 -
[22/Mar/2021:12:37:09 +0700] XNIO-2 task-1 GET /api/path/file/50 HTTP/1.1 200 387 -
[22/Mar/2021:12:37:15 +0700] XNIO-2 task-1 GET /api/path/file/50 HTTP/1.1 200 387 -
[22/Mar/2021:12:37:19 +0700] XNIO-2 task-1 GET /api/path/file/50 HTTP/1.1 200 387 -
[22/Mar/2021:12:37:29 +0700] XNIO-2 task-1 GET /api/path/file/50 HTTP/1.1 200 387 -
[22/Mar/2021:12:37:32 +0700] XNIO-2 task-1 GET /api/path/file/50 HTTP/1.1 200 387 -
[22/Mar/2021:12:37:40 +0700] XNIO-2 task-1 GET /api/path/file/50 HTTP/1.1 200 387 -
[22/Mar/2021:12:37:41 +0700] XNIO-2 task-1 GET /api/path/file/50 HTTP/1.1 200 387 -
[22/Mar/2021:12:37:46 +0700] XNIO-2 task-1 GET /api/path/file/50 HTTP/1.1 200 387 -
[22/Mar/2021:12:38:06 +0700] XNIO-2 task-1 GET /api/path/file/50 HTTP/1.1 200 387 -
[22/Mar/2021:12:38:18 +0700] XNIO-2 task-1 GET /api/path/file/50 HTTP/1.1 200 387 -
[22/Mar/2021:12:38:36 +0700] XNIO-2 task-1 GET /api/path/file/50 HTTP/1.1 200 387 -
[22/Mar/2021:12:38:37 +0700] XNIO-2 task-1 GET /api/path/file/50 HTTP/1.1 200 387 -
[22/Mar/2021:12:38:39 +0700] XNIO-2 task-1 GET /api/path/file/50 HTTP/1.1 200 387 -
[22/Mar/2021:12:38:46 +0700] XNIO-2 task-1 GET /api/path/file/50 HTTP/1.1 200 387 -
[22/Mar/2021:12:38:49 +0700] XNIO-2 task-1 GET /api/path/file/50 HTTP/1.1 200 387 -
[22/Mar/2021:12:38:49 +0700] XNIO-2 task-1 GET /api/path/file/50 HTTP/1.1 200 387 -
[22/Mar/2021:12:40:28 +0700] XNIO-2 task-1 GET /api/path/file/50 HTTP/1.1 200 387 -
[22/Mar/2021:12:40:34 +0700] XNIO-2 task-1 GET /api/path/file/50 HTTP/1.1 200 387 -
[22/Mar/2021:12:40:36 +0700] XNIO-2 task-1 GET /api/path/file/50 HTTP/1.1 200 387 -
[22/Mar/2021:12:40:38 +0700] XNIO-2 task-1 GET /api/path/file/50 HTTP/1.1 200 387 -
[22/Mar/2021:12:41:41 +0700] XNIO-2 task-1 GET /api/path/file/50 HTTP/1.1 200 387 -
[22/Mar/2021:12:42:41 +0700] XNIO-2 task-1 GET /api/path/file/50 HTTP/1.1 200 387 -
[22/Mar/2021:12:42:44 +0700] XNIO-2 task-1 GET /api/path/file/50 HTTP/1.1 200 387 -
[22/Mar/2021:12:43:36 +0700] XNIO-2 task-1 GET /api/path/file/50 HTTP/1.1 200 387 -
[22/Mar/2021:12:43:44 +0700] XNIO-2 task-1 GET /api/path/file/50 HTTP/1.1 200 387 -
[22/Mar/2021:12:44:23 +0700] XNIO-2 task-1 GET /api/path/file/50 HTTP/1.1 200 387 -
[22/Mar/2021:12:44:37 +0700] XNIO-2 task-1 GET /api/path/file/50 HTTP/1.1 200 387 -
[22/Mar/2021:12:44:53 +0700] XNIO-2 task-1 GET /api/path/file/50 HTTP/1.1 200 387 -
[22/Mar/2021:12:45:07 +0700] XNIO-2 task-1 GET /api/path/file/50 HTTP/1.1 200 387 -
[22/Mar/2021:12:45:12 +0700] XNIO-2 task-1 GET /api/path/file/50 HTTP/1.1 200 387 -
[22/Mar/2021:12:45:26 +0700] XNIO-2 task-1 GET /api/path/file/50 HTTP/1.1 200 387 -
[22/Mar/2021:12:45:27 +0700] XNIO-2 task-1 GET /api/path/file/50 HTTP/1.1 200 387 -
[22/Mar/2021:12:45:41 +0700] XNIO-2 task-1 GET /api/path/file/50 HTTP/1.1 200 387 -
[22/Mar/2021:12:45:45 +0700] XNIO-2 task-1 GET /api/path/file/50 HTTP/1.1 200 387 -
[22/Mar/2021:12:45:59 +0700] XNIO-2 task-1 GET /api/path/file/50 HTTP/1.1 200 387 -
[22/Mar/2021:12:46:05 +0700] XNIO-2 task-1 GET /api/path/file/50 HTTP/1.1 200 387 -
[22/Mar/2021:12:46:10 +0700] XNIO-2 task-1 GET /api/path/file/50 HTTP/1.1 200 387 -
[22/Mar/2021:12:46:12 +0700] XNIO-2 task-1 GET /api/path/file/50 HTTP/1.1 200 387 -
[22/Mar/2021:12:46:13 +0700] XNIO-2 task-1 GET /api/path/file/50 HTTP/1.1 200 387 -
[22/Mar/2021:12:46:18 +0700] XNIO-2 task-1 GET /api/path/file/50 HTTP/1.1 200 387 -
[22/Mar/2021:12:46:26 +0700] XNIO-2 task-1 GET /api/path/file/50 HTTP/1.1 200 387 -
[22/Mar/2021:12:46:27 +0700] XNIO-2 task-1 GET /api/path/file/50 HTTP/1.1 200 387 -
[22/Mar/2021:12:46:39 +0700] XNIO-2 task-1 GET /api/path/file/50 HTTP/1.1 200 387 -
[22/Mar/2021:12:46:41 +0700] XNIO-2 task-1 GET /api/path/file/50 HTTP/1.1 200 387 -
[22/Mar/2021:12:47:26 +0700] XNIO-2 task-1 GET /api/path/file/50 HTTP/1.1 200 387 -
[22/Mar/2021:12:47:29 +0700] XNIO-2 task-1 GET /api/path/file/50 HTTP/1.1 200 387 -
[22/Mar/2021:12:47:34 +0700] XNIO-2 task-1 GET /api/path/research HTTP/1.1 200 321 -
[22/Mar/2021:12:47:40 +0700] XNIO-2 task-1 GET /api/path/file/50 HTTP/1.1 200 387 -
[22/Mar/2021:12:47:59 +0700] XNIO-2 task-1 GET /api/path/research HTTP/1.1 200 321 -
[22/Mar/2021:12:48:01 +0700] XNIO-2 task-1 GET /api/path/research HTTP/1.1 200 321 -
[22/Mar/2021:12:50:56 +0700] XNIO-2 task-1 GET /api/path/research HTTP/1.1 200 321 -
[22/Mar/2021:12:52:48 +0700] XNIO-2 task-1 GET /api/path/research HTTP/1.1 200 321 -
[22/Mar/2021:12:54:06 +0700] XNIO-2 task-1 GET /api/path/file/44 HTTP/1.1 200 373 -
[22/Mar/2021:19:54:32 +0700] XNIO-2 task-1 OPTIONS /api/path/research HTTP/1.1 200 - -
[22/Mar/2021:19:54:32 +0700] XNIO-2 task-1 POST /api/path/research HTTP/1.1 200 273 -
[22/Mar/2021:19:54:32 +0700] XNIO-2 task-1 GET /api/path/file/44 HTTP/1.1 200 373 -
[22/Mar/2021:19:54:36 +0700] XNIO-2 task-1 GET /api/path/research HTTP/1.1 200 352 -
[22/Mar/2021:19:54:41 +0700] XNIO-2 task-1 GET /api/path/file/55 HTTP/1.1 200 29 -
[22/Mar/2021:19:55:11 +0700] XNIO-2 task-1 GET /api/path/research HTTP/1.1 200 352 -
[22/Mar/2021:19:55:30 +0700] XNIO-2 task-1 GET /api/path/file/55 HTTP/1.1 200 29 -
[22/Mar/2021:20:45:55 +0700] XNIO-2 task-1 GET /api/path/file/55 HTTP/1.1 200 29 -
[22/Mar/2021:20:47:47 +0700] XNIO-2 task-1 GET /api/path/file/55 HTTP/1.1 200 29 -
[22/Mar/2021:20:54:18 +0700] XNIO-2 task-1 GET /api/path/file/55 HTTP/1.1 200 29 -
[22/Mar/2021:20:54:18 +0700] XNIO-2 task-1 GET /api/path/file/55 HTTP/1.1 200 29 -
[22/Mar/2021:20:54:18 +0700] XNIO-2 task-1 GET /api/path/file/55 HTTP/1.1 200 29 -
[22/Mar/2021:20:54:21 +0700] XNIO-2 task-1 GET /api/path/file/55 HTTP/1.1 200 29 -
[22/Mar/2021:20:54:23 +0700] XNIO-2 task-1 GET /api/path/file/55 HTTP/1.1 200 29 -
[22/Mar/2021:20:54:24 +0700] XNIO-2 task-1 GET /api/path/file/55 HTTP/1.1 200 29 -
[22/Mar/2021:20:54:26 +0700] XNIO-2 task-1 GET /api/path/file/55 HTTP/1.1 200 29 -
[22/Mar/2021:20:54:30 +0700] XNIO-2 task-1 GET /api/path/file/55 HTTP/1.1 200 29 -
[22/Mar/2021:20:54:30 +0700] XNIO-2 task-1 GET /api/path/file/55 HTTP/1.1 200 29 -
[22/Mar/2021:20:54:30 +0700] XNIO-2 task-1 GET /api/path/file/55 HTTP/1.1 200 29 -
[22/Mar/2021:20:54:31 +0700] XNIO-2 task-1 GET /api/path/file/55 HTTP/1.1 200 29 -
[22/Mar/2021:20:54:32 +0700] XNIO-2 task-1 GET /api/path/file/55 HTTP/1.1 200 29 -
[22/Mar/2021:20:54:53 +0700] XNIO-2 task-1 GET /api/path/file/55 HTTP/1.1 200 29 -
[22/Mar/2021:20:55:03 +0700] XNIO-2 task-1 GET /api/path/file/55 HTTP/1.1 200 29 -
[22/Mar/2021:20:55:11 +0700] XNIO-2 task-1 GET /api/path/file/55 HTTP/1.1 200 29 -
[22/Mar/2021:20:55:13 +0700] XNIO-2 task-1 GET /api/path/file/55 HTTP/1.1 200 29 -
[22/Mar/2021:20:55:17 +0700] XNIO-2 task-1 GET /api/path/file/55 HTTP/1.1 200 29 -
[22/Mar/2021:20:55:19 +0700] XNIO-2 task-1 OPTIONS /api/path/research HTTP/1.1 200 - -
[22/Mar/2021:20:55:19 +0700] XNIO-2 task-1 GET /api/path/research HTTP/1.1 200 352 -
[22/Mar/2021:20:55:22 +0700] XNIO-2 task-1 GET /api/path/research HTTP/1.1 200 352 -
[22/Mar/2021:20:55:24 +0700] XNIO-2 task-1 GET /api/path/file/44 HTTP/1.1 200 373 -
[22/Mar/2021:20:57:03 +0700] XNIO-2 task-1 GET /api/path/file/44 HTTP/1.1 200 373 -
[22/Mar/2021:20:57:08 +0700] XNIO-2 task-1 GET /api/path/file/44 HTTP/1.1 200 373 -
[22/Mar/2021:20:57:10 +0700] XNIO-2 task-1 GET /api/path/file/44 HTTP/1.1 200 373 -
[22/Mar/2021:20:57:27 +0700] XNIO-2 task-1 GET /api/path/file/44 HTTP/1.1 200 373 -
[22/Mar/2021:20:57:31 +0700] XNIO-2 task-1 GET /api/path/file/44 HTTP/1.1 200 373 -
[22/Mar/2021:20:57:37 +0700] XNIO-2 task-1 GET /api/path/file/44 HTTP/1.1 200 373 -
[22/Mar/2021:20:57:43 +0700] XNIO-2 task-1 GET /api/path/file/44 HTTP/1.1 200 373 -
[22/Mar/2021:20:57:54 +0700] XNIO-2 task-1 GET /api/path/file/44 HTTP/1.1 200 373 -
[22/Mar/2021:20:58:10 +0700] XNIO-2 task-1 GET /api/path/file/44 HTTP/1.1 200 373 -
[22/Mar/2021:20:58:58 +0700] XNIO-2 task-1 GET /api/path/file/44 HTTP/1.1 200 373 -
[22/Mar/2021:20:59:13 +0700] XNIO-2 task-1 GET /api/path/file/44 HTTP/1.1 200 373 -
[22/Mar/2021:21:00:06 +0700] XNIO-2 task-1 GET /api/path/file/44 HTTP/1.1 200 373 -
[22/Mar/2021:21:00:08 +0700] XNIO-2 task-1 GET /api/path/file/44 HTTP/1.1 200 373 -
[22/Mar/2021:21:00:12 +0700] XNIO-2 task-1 GET /api/path/file/44 HTTP/1.1 200 373 -
[22/Mar/2021:21:00:13 +0700] XNIO-2 task-1 GET /api/path/file/44 HTTP/1.1 200 373 -
[22/Mar/2021:21:00:15 +0700] XNIO-2 task-1 GET /api/path/file/44 HTTP/1.1 200 373 -
[22/Mar/2021:21:01:08 +0700] XNIO-2 task-1 GET /api/path/file/44 HTTP/1.1 200 373 -
[22/Mar/2021:21:01:21 +0700] XNIO-2 task-1 GET /api/path/file/44 HTTP/1.1 200 373 -
[22/Mar/2021:21:01:29 +0700] XNIO-2 task-1 GET /api/path/file/44 HTTP/1.1 200 373 -
[22/Mar/2021:21:01:31 +0700] XNIO-2 task-1 GET /api/path/file/44 HTTP/1.1 200 373 -
[22/Mar/2021:21:01:35 +0700] XNIO-2 task-1 GET /api/path/file/44 HTTP/1.1 200 373 -
[22/Mar/2021:21:01:57 +0700] XNIO-2 task-1 GET /api/path/file/44 HTTP/1.1 200 373 -
[22/Mar/2021:21:02:02 +0700] XNIO-2 task-1 GET /api/path/file/44 HTTP/1.1 200 373 -
[22/Mar/2021:21:02:06 +0700] XNIO-2 task-1 GET /api/path/file/44 HTTP/1.1 200 373 -
[22/Mar/2021:21:02:54 +0700] XNIO-2 task-1 GET /api/path/file/44 HTTP/1.1 200 373 -
[22/Mar/2021:21:02:56 +0700] XNIO-2 task-1 GET /api/path/file/44 HTTP/1.1 200 373 -
[22/Mar/2021:21:03:00 +0700] XNIO-2 task-1 GET /api/path/file/44 HTTP/1.1 200 373 -
[22/Mar/2021:21:03:04 +0700] XNIO-2 task-1 GET /api/path/research HTTP/1.1 200 352 -
[22/Mar/2021:21:03:08 +0700] XNIO-2 task-1 GET /api/path/file/44 HTTP/1.1 200 373 -
[22/Mar/2021:21:03:33 +0700] XNIO-2 task-1 GET /api/path/file/44 HTTP/1.1 200 373 -
[22/Mar/2021:21:03:40 +0700] XNIO-2 task-1 GET /api/path/research HTTP/1.1 200 352 -
[22/Mar/2021:21:03:41 +0700] XNIO-2 task-1 GET /api/path/file/44 HTTP/1.1 200 373 -
[22/Mar/2021:21:04:02 +0700] XNIO-2 task-1 GET /api/path/file/44 HTTP/1.1 200 373 -
[22/Mar/2021:21:04:09 +0700] XNIO-2 task-1 GET /api/path/file/44 HTTP/1.1 200 373 -
[22/Mar/2021:21:04:26 +0700] XNIO-2 task-1 GET /api/path/file/44 HTTP/1.1 200 373 -
[22/Mar/2021:21:04:47 +0700] XNIO-2 task-1 GET /api/path/file/44 HTTP/1.1 200 373 -
[22/Mar/2021:21:04:48 +0700] XNIO-2 task-1 GET /api/path/file/44 HTTP/1.1 200 373 -
[22/Mar/2021:21:05:02 +0700] XNIO-2 task-1 GET /api/path/file/44 HTTP/1.1 200 373 -
[22/Mar/2021:21:05:11 +0700] XNIO-2 task-1 GET /api/path/file/44 HTTP/1.1 200 373 -
[22/Mar/2021:21:05:15 +0700] XNIO-2 task-1 GET /api/path/file/44 HTTP/1.1 200 373 -
[22/Mar/2021:21:05:18 +0700] XNIO-2 task-1 GET /api/path/file/44 HTTP/1.1 200 373 -
[22/Mar/2021:21:05:19 +0700] XNIO-2 task-1 GET /api/path/research HTTP/1.1 200 352 -
[22/Mar/2021:21:05:21 +0700] XNIO-2 task-1 GET /api/path/file/55 HTTP/1.1 200 29 -
[22/Mar/2021:21:05:29 +0700] XNIO-2 task-1 GET /api/path/research HTTP/1.1 200 352 -
[22/Mar/2021:21:05:30 +0700] XNIO-2 task-1 GET /api/path/file/50 HTTP/1.1 200 387 -
[22/Mar/2021:21:05:36 +0700] XNIO-2 task-1 GET /api/path/research HTTP/1.1 200 352 -
[22/Mar/2021:21:05:38 +0700] XNIO-2 task-1 GET /api/path/file/55 HTTP/1.1 200 29 -
[22/Mar/2021:21:06:51 +0700] XNIO-2 task-1 GET /api/path/file/55 HTTP/1.1 200 29 -
[22/Mar/2021:21:06:55 +0700] XNIO-2 task-1 GET /api/path/file/55 HTTP/1.1 200 29 -
[22/Mar/2021:21:07:00 +0700] XNIO-2 task-1 GET /api/path/file/55 HTTP/1.1 200 29 -
[22/Mar/2021:21:07:02 +0700] XNIO-2 task-1 GET /api/path/file/55 HTTP/1.1 200 29 -
[22/Mar/2021:21:07:08 +0700] XNIO-2 task-1 GET /api/path/file/55 HTTP/1.1 200 29 -
[22/Mar/2021:21:07:18 +0700] XNIO-2 task-1 GET /api/path/file/55 HTTP/1.1 200 29 -
[22/Mar/2021:21:07:23 +0700] XNIO-2 task-1 GET /api/path/file/55 HTTP/1.1 200 29 -
[22/Mar/2021:21:07:25 +0700] XNIO-2 task-1 GET /api/path/file/55 HTTP/1.1 200 29 -
[22/Mar/2021:21:07:54 +0700] XNIO-2 task-1 GET /api/path/research HTTP/1.1 200 352 -
[22/Mar/2021:21:07:56 +0700] XNIO-2 task-1 GET /api/path/file/44 HTTP/1.1 200 373 -
[22/Mar/2021:21:08:58 +0700] XNIO-2 task-1 GET /api/path/file/44 HTTP/1.1 200 373 -
[22/Mar/2021:21:09:22 +0700] XNIO-2 task-1 GET /api/path/file/44 HTTP/1.1 200 373 -
[22/Mar/2021:21:09:29 +0700] XNIO-2 task-1 GET /api/path/file/44 HTTP/1.1 200 373 -
[22/Mar/2021:21:10:12 +0700] XNIO-2 task-1 GET /api/path/file/44 HTTP/1.1 200 373 -
[22/Mar/2021:21:10:20 +0700] XNIO-2 task-1 GET /api/path/file/44 HTTP/1.1 200 373 -
[22/Mar/2021:21:10:21 +0700] XNIO-2 task-1 GET /api/path/file/44 HTTP/1.1 200 373 -
[22/Mar/2021:21:10:23 +0700] XNIO-2 task-1 GET /api/path/file/44 HTTP/1.1 200 373 -
[22/Mar/2021:21:10:40 +0700] XNIO-2 task-1 GET /api/path/file/44 HTTP/1.1 200 373 -
[22/Mar/2021:21:11:19 +0700] XNIO-2 task-1 GET /api/path/file/44 HTTP/1.1 200 373 -
[22/Mar/2021:21:11:40 +0700] XNIO-2 task-1 GET /api/path/file/44 HTTP/1.1 200 373 -
[22/Mar/2021:21:11:41 +0700] XNIO-2 task-1 GET /api/path/file/44 HTTP/1.1 200 373 -
[22/Mar/2021:21:11:46 +0700] XNIO-2 task-1 GET /api/path/research HTTP/1.1 200 352 -
[22/Mar/2021:21:11:47 +0700] XNIO-2 task-1 GET /api/path/file/55 HTTP/1.1 200 29 -
[22/Mar/2021:21:11:48 +0700] XNIO-2 task-1 GET /api/path/research HTTP/1.1 200 352 -
[22/Mar/2021:21:11:49 +0700] XNIO-2 task-1 GET /api/path/file/50 HTTP/1.1 200 387 -
[22/Mar/2021:21:12:06 +0700] XNIO-2 task-1 GET /api/path/research HTTP/1.1 200 352 -
[22/Mar/2021:21:12:07 +0700] XNIO-2 task-1 GET /api/path/file/44 HTTP/1.1 200 373 -
[22/Mar/2021:21:12:09 +0700] XNIO-2 task-1 GET /api/path/research HTTP/1.1 200 352 -
[22/Mar/2021:21:12:14 +0700] XNIO-2 task-1 GET /api/path/file/50 HTTP/1.1 200 387 -
[22/Mar/2021:21:12:26 +0700] XNIO-2 task-1 GET /api/path/file/50 HTTP/1.1 200 387 -
[22/Mar/2021:21:12:27 +0700] XNIO-2 task-1 GET /api/path/file/50 HTTP/1.1 200 387 -
[22/Mar/2021:21:12:30 +0700] XNIO-2 task-1 GET /api/path/file/50 HTTP/1.1 200 387 -
[22/Mar/2021:21:12:31 +0700] XNIO-2 task-1 GET /api/path/file/50 HTTP/1.1 200 387 -
[22/Mar/2021:21:12:44 +0700] XNIO-2 task-1 GET /api/path/file/50 HTTP/1.1 200 387 -
[22/Mar/2021:21:13:02 +0700] XNIO-2 task-1 GET /api/path/file/50 HTTP/1.1 200 387 -
[22/Mar/2021:21:13:08 +0700] XNIO-2 task-1 GET /api/path/file/50 HTTP/1.1 200 387 -
[22/Mar/2021:21:13:10 +0700] XNIO-2 task-1 GET /api/path/file/50 HTTP/1.1 200 387 -
[22/Mar/2021:21:13:13 +0700] XNIO-2 task-1 GET /api/path/file/50 HTTP/1.1 200 387 -
[22/Mar/2021:21:13:21 +0700] XNIO-2 task-1 GET /api/path/file/50 HTTP/1.1 200 387 -
[22/Mar/2021:21:13:29 +0700] XNIO-2 task-1 GET /api/path/file/50 HTTP/1.1 200 387 -
[22/Mar/2021:21:14:51 +0700] XNIO-2 task-1 GET /api/path/file/50 HTTP/1.1 200 387 -
[22/Mar/2021:21:14:51 +0700] XNIO-2 task-1 GET /api/path/file/50 HTTP/1.1 200 387 -
[22/Mar/2021:21:14:52 +0700] XNIO-2 task-1 GET /api/path/file/50 HTTP/1.1 200 387 -
[22/Mar/2021:21:14:52 +0700] XNIO-2 task-1 GET /api/path/file/50 HTTP/1.1 200 387 -
[22/Mar/2021:21:14:58 +0700] XNIO-2 task-1 GET /api/path/file/50 HTTP/1.1 200 387 -
[22/Mar/2021:21:15:28 +0700] XNIO-2 task-1 GET /api/path/file/50 HTTP/1.1 200 387 -
[22/Mar/2021:23:54:34 +0700] XNIO-2 task-1 OPTIONS /api/path/research HTTP/1.1 200 - -
[22/Mar/2021:23:54:34 +0700] XNIO-2 task-1 GET /api/path/research HTTP/1.1 200 352 -
