[24/Mar/2021:05:19:55 +0700] XNIO-2 task-1 OPTIONS /api/auth/signing HTTP/1.1 200 - -
[24/Mar/2021:05:19:56 +0700] XNIO-2 task-2 POST /api/auth/signing HTTP/1.1 200 291 -
[24/Mar/2021:05:19:57 +0700] XNIO-2 task-2 OPTIONS /api/path/research HTTP/1.1 200 - -
[24/Mar/2021:05:19:57 +0700] XNIO-2 task-2 GET /api/path/research HTTP/1.1 200 29 -
[24/Mar/2021:05:19:59 +0700] XNIO-2 task-2 GET /api/path/research HTTP/1.1 200 29 -
[24/Mar/2021:05:20:21 +0700] XNIO-2 task-2 GET /api/path/research HTTP/1.1 200 29 -
[24/Mar/2021:05:20:56 +0700] XNIO-2 task-2 GET /api/path/research HTTP/1.1 200 29 -
[24/Mar/2021:05:21:51 +0700] XNIO-2 task-2 OPTIONS /api/path/research HTTP/1.1 200 - -
[24/Mar/2021:05:21:51 +0700] XNIO-2 task-2 POST /api/path/research HTTP/1.1 200 261 -
[24/Mar/2021:05:21:51 +0700] XNIO-2 task-2 GET /api/path/research HTTP/1.1 200 262 -
[24/Mar/2021:05:21:54 +0700] XNIO-2 task-2 GET /api/path/file/id/104/1 HTTP/1.1 200 29 -
[24/Mar/2021:05:21:54 +0700] XNIO-2 task-1 GET /api/path/file/id/104/2 HTTP/1.1 200 29 -
[24/Mar/2021:05:21:54 +0700] XNIO-2 task-5 GET /api/path/file/id/104/5 HTTP/1.1 200 29 -
[24/Mar/2021:05:21:54 +0700] XNIO-2 task-3 GET /api/path/file/id/104/3 HTTP/1.1 200 29 -
[24/Mar/2021:05:21:54 +0700] XNIO-2 task-4 GET /api/path/file/id/104/4 HTTP/1.1 200 29 -
[24/Mar/2021:05:21:57 +0700] XNIO-2 task-1 GET /api/path/file/id/104/4 HTTP/1.1 200 29 -
[24/Mar/2021:05:21:57 +0700] XNIO-2 task-4 GET /api/path/file/id/104/1 HTTP/1.1 200 29 -
[24/Mar/2021:05:21:57 +0700] XNIO-2 task-2 GET /api/path/file/id/104/2 HTTP/1.1 200 29 -
[24/Mar/2021:05:21:57 +0700] XNIO-2 task-3 GET /api/path/file/id/104/3 HTTP/1.1 200 29 -
[24/Mar/2021:05:21:57 +0700] XNIO-2 task-5 GET /api/path/file/104 HTTP/1.1 200 29 -
[24/Mar/2021:05:21:57 +0700] XNIO-2 task-6 GET /api/path/file/id/104/5 HTTP/1.1 200 29 -
[24/Mar/2021:05:23:09 +0700] XNIO-2 task-6 GET /api/path/research HTTP/1.1 200 262 -
[24/Mar/2021:05:23:36 +0700] XNIO-2 task-6 GET /api/path/file/104 HTTP/1.1 200 29 -
[24/Mar/2021:05:23:36 +0700] XNIO-2 task-5 GET /api/path/file/id/104/1 HTTP/1.1 200 29 -
[24/Mar/2021:05:23:36 +0700] XNIO-2 task-2 GET /api/path/file/id/104/2 HTTP/1.1 200 29 -
[24/Mar/2021:05:23:36 +0700] XNIO-2 task-3 GET /api/path/file/id/104/4 HTTP/1.1 200 29 -
[24/Mar/2021:05:23:36 +0700] XNIO-2 task-4 GET /api/path/file/id/104/5 HTTP/1.1 200 29 -
[24/Mar/2021:05:23:36 +0700] XNIO-2 task-1 GET /api/path/file/id/104/3 HTTP/1.1 200 29 -
[24/Mar/2021:05:23:44 +0700] XNIO-2 task-4 OPTIONS /api/path/file HTTP/1.1 200 - -
[24/Mar/2021:05:23:45 +0700] XNIO-2 task-4 POST /api/path/file HTTP/1.1 200 208 -
[24/Mar/2021:05:23:45 +0700] XNIO-2 task-1 GET /api/path/file/104 HTTP/1.1 200 363 -
[24/Mar/2021:05:23:45 +0700] XNIO-2 task-4 GET /api/path/file/pr/104 HTTP/1.1 200 261 -
[24/Mar/2021:05:23:56 +0700] XNIO-2 task-4 GET /api/path/research HTTP/1.1 200 263 -
[24/Mar/2021:05:23:59 +0700] XNIO-2 task-1 GET /api/path/file/id/104/2 HTTP/1.1 200 29 -
[24/Mar/2021:05:23:59 +0700] XNIO-2 task-2 GET /api/path/file/id/104/4 HTTP/1.1 200 29 -
[24/Mar/2021:05:23:59 +0700] XNIO-2 task-5 GET /api/path/file/id/104/5 HTTP/1.1 200 29 -
[24/Mar/2021:05:23:59 +0700] XNIO-2 task-4 GET /api/path/file/id/104/1 HTTP/1.1 200 363 -
[24/Mar/2021:05:23:59 +0700] XNIO-2 task-3 GET /api/path/file/id/104/3 HTTP/1.1 200 29 -
[24/Mar/2021:05:23:59 +0700] XNIO-2 task-4 GET /api/path/url/%E0%B9%81%E0%B8%9A%E0%B8%9A%E0%B9%80%E0%B8%AA%E0%B8%99%E0%B8%AD%E0%B9%82%E0%B8%84%E0%B8%A3%E0%B8%87%E0%B8%A3%E0%B9%88%E0%B8%B2%E0%B8%87%E0%B8%9B%E0%B8%A3%E0%B8%B4%E0%B8%8D%E0%B8%8D%E0%B8%B2%E0%B8%99%E0%B8%B4%E0%B8%9E%E0%B8%99%E0%B8%98%E0%B9%8C.pdf HTTP/1.1 200 304 -
[24/Mar/2021:05:24:23 +0700] XNIO-2 task-5 GET /api/path/file/id/104/2 HTTP/1.1 200 29 -
[24/Mar/2021:05:24:23 +0700] XNIO-2 task-2 GET /api/path/file/id/104/3 HTTP/1.1 200 29 -
[24/Mar/2021:05:24:23 +0700] XNIO-2 task-1 GET /api/path/file/id/104/4 HTTP/1.1 200 29 -
[24/Mar/2021:05:24:23 +0700] XNIO-2 task-4 GET /api/path/file/id/104/1 HTTP/1.1 200 363 -
[24/Mar/2021:05:24:23 +0700] XNIO-2 task-3 GET /api/path/file/104 HTTP/1.1 200 363 -
[24/Mar/2021:05:24:23 +0700] XNIO-2 task-6 GET /api/path/file/id/104/5 HTTP/1.1 200 29 -
[24/Mar/2021:05:24:29 +0700] XNIO-2 task-6 GET /api/path/research HTTP/1.1 200 263 -
[24/Mar/2021:05:33:54 +0700] XNIO-2 task-6 GET /api/path/research HTTP/1.1 200 263 -
[24/Mar/2021:05:50:42 +0700] XNIO-2 task-6 GET /api/path/research HTTP/1.1 200 263 -
[24/Mar/2021:11:24:42 +0700] XNIO-2 task-6 OPTIONS /api/path/research HTTP/1.1 200 - -
[24/Mar/2021:11:24:42 +0700] XNIO-2 task-6 GET /api/path/research HTTP/1.1 200 263 -
[24/Mar/2021:11:24:44 +0700] XNIO-2 task-1 GET /api/path/file/id/104/5 HTTP/1.1 200 29 -
[24/Mar/2021:11:24:44 +0700] XNIO-2 task-3 GET /api/path/file/id/104/2 HTTP/1.1 200 29 -
[24/Mar/2021:11:24:44 +0700] XNIO-2 task-4 GET /api/path/file/id/104/3 HTTP/1.1 200 29 -
[24/Mar/2021:11:24:44 +0700] XNIO-2 task-2 GET /api/path/file/id/104/4 HTTP/1.1 200 29 -
[24/Mar/2021:11:24:44 +0700] XNIO-2 task-6 GET /api/path/file/id/104/1 HTTP/1.1 200 363 -
[24/Mar/2021:11:24:44 +0700] XNIO-2 task-6 GET /api/path/url/%E0%B9%81%E0%B8%9A%E0%B8%9A%E0%B9%80%E0%B8%AA%E0%B8%99%E0%B8%AD%E0%B9%82%E0%B8%84%E0%B8%A3%E0%B8%87%E0%B8%A3%E0%B9%88%E0%B8%B2%E0%B8%87%E0%B8%9B%E0%B8%A3%E0%B8%B4%E0%B8%8D%E0%B8%8D%E0%B8%B2%E0%B8%99%E0%B8%B4%E0%B8%9E%E0%B8%99%E0%B8%98%E0%B9%8C.pdf HTTP/1.1 200 304 -
[24/Mar/2021:11:24:45 +0700] XNIO-2 task-6 GET /api/path/research HTTP/1.1 200 263 -
[24/Mar/2021:11:24:47 +0700] XNIO-2 task-1 GET /api/path/file/id/104/3 HTTP/1.1 200 29 -
[24/Mar/2021:11:24:47 +0700] XNIO-2 task-4 GET /api/path/file/id/104/2 HTTP/1.1 200 29 -
[24/Mar/2021:11:24:47 +0700] XNIO-2 task-3 GET /api/path/file/id/104/4 HTTP/1.1 200 29 -
[24/Mar/2021:11:24:47 +0700] XNIO-2 task-2 GET /api/path/file/104 HTTP/1.1 200 363 -
[24/Mar/2021:11:24:47 +0700] XNIO-2 task-5 GET /api/path/file/id/104/5 HTTP/1.1 200 29 -
[24/Mar/2021:11:24:47 +0700] XNIO-2 task-6 GET /api/path/file/id/104/1 HTTP/1.1 200 363 -
[24/Mar/2021:11:24:50 +0700] XNIO-2 task-6 OPTIONS /api/path/file/delete/105/1 HTTP/1.1 200 - -
[24/Mar/2021:11:24:51 +0700] XNIO-2 task-6 DELETE /api/path/file/delete/105/1 HTTP/1.1 200 - -
[24/Mar/2021:11:24:51 +0700] XNIO-2 task-5 GET /api/path/file/104 HTTP/1.1 200 29 -
[24/Mar/2021:11:24:51 +0700] XNIO-2 task-6 GET /api/path/file/pr/104 HTTP/1.1 200 261 -
[24/Mar/2021:11:24:54 +0700] XNIO-2 task-6 GET /api/path/research HTTP/1.1 200 262 -
[24/Mar/2021:11:44:16 +0700] XNIO-2 task-1 GET /api/path/research HTTP/1.1 200 262 -
[24/Mar/2021:11:44:18 +0700] XNIO-2 task-1 GET /api/path/research HTTP/1.1 200 262 -
[24/Mar/2021:11:44:59 +0700] XNIO-2 task-1 GET /api/path/research HTTP/1.1 200 262 -
[24/Mar/2021:11:45:06 +0700] XNIO-2 task-1 GET /api/path/research HTTP/1.1 200 262 -
[24/Mar/2021:11:47:59 +0700] XNIO-2 task-1 GET /api/path/research HTTP/1.1 200 262 -
[24/Mar/2021:11:48:18 +0700] XNIO-2 task-1 GET /api/path/research HTTP/1.1 200 262 -
[24/Mar/2021:11:49:01 +0700] XNIO-2 task-1 GET /api/path/research HTTP/1.1 200 262 -
[24/Mar/2021:11:49:21 +0700] XNIO-2 task-1 GET /api/path/research HTTP/1.1 200 262 -
[24/Mar/2021:11:58:23 +0700] XNIO-2 task-1 GET /api/path/research HTTP/1.1 200 262 -
[24/Mar/2021:11:58:31 +0700] XNIO-2 task-1 GET /api/path/research HTTP/1.1 200 262 -
[24/Mar/2021:12:02:32 +0700] XNIO-2 task-1 GET /api/path/research HTTP/1.1 200 262 -
[24/Mar/2021:12:02:39 +0700] XNIO-2 task-1 GET /api/path/research HTTP/1.1 200 262 -
[24/Mar/2021:12:02:41 +0700] XNIO-2 task-1 GET /api/path/research HTTP/1.1 200 262 -
[24/Mar/2021:12:30:59 +0700] XNIO-2 task-1 OPTIONS /api/path/research HTTP/1.1 200 - -
[24/Mar/2021:12:30:59 +0700] XNIO-2 task-1 GET /api/path/research HTTP/1.1 200 262 -
[24/Mar/2021:12:36:20 +0700] XNIO-2 task-1 GET /api/path/research HTTP/1.1 200 262 -
[24/Mar/2021:12:38:23 +0700] XNIO-2 task-1 GET /api/path/research HTTP/1.1 200 262 -
[24/Mar/2021:12:38:30 +0700] XNIO-2 task-1 GET /api/path/research HTTP/1.1 200 262 -
[24/Mar/2021:12:39:04 +0700] XNIO-2 task-1 GET /api/path/research HTTP/1.1 200 262 -
[24/Mar/2021:12:39:27 +0700] XNIO-2 task-1 GET /api/path/research HTTP/1.1 200 262 -
[24/Mar/2021:12:40:02 +0700] XNIO-2 task-1 GET /api/path/research HTTP/1.1 200 262 -
[24/Mar/2021:12:40:04 +0700] XNIO-2 task-1 GET /api/path/research HTTP/1.1 200 262 -
[24/Mar/2021:12:43:31 +0700] XNIO-2 task-1 GET /api/path/research HTTP/1.1 200 262 -
[24/Mar/2021:12:45:01 +0700] XNIO-2 task-1 GET /api/path/research HTTP/1.1 200 262 -
[24/Mar/2021:12:45:18 +0700] XNIO-2 task-1 GET /api/path/research HTTP/1.1 200 262 -
[24/Mar/2021:13:06:32 +0700] XNIO-2 task-1 GET /api/path/research HTTP/1.1 200 262 -
[24/Mar/2021:13:09:52 +0700] XNIO-2 task-1 GET /api/path/research HTTP/1.1 200 262 -
[24/Mar/2021:13:10:45 +0700] XNIO-2 task-1 GET /api/path/research HTTP/1.1 200 262 -
[24/Mar/2021:13:10:53 +0700] XNIO-2 task-1 GET /api/path/research HTTP/1.1 200 262 -
[24/Mar/2021:13:10:58 +0700] XNIO-2 task-1 GET /api/path/research HTTP/1.1 200 262 -
[24/Mar/2021:13:11:02 +0700] XNIO-2 task-1 GET /api/path/research HTTP/1.1 200 262 -
[24/Mar/2021:13:12:48 +0700] XNIO-2 task-1 GET /api/path/research HTTP/1.1 200 262 -
[24/Mar/2021:13:14:22 +0700] XNIO-2 task-1 GET /api/path/research HTTP/1.1 200 262 -
[24/Mar/2021:13:14:30 +0700] XNIO-2 task-1 GET /api/path/research HTTP/1.1 200 262 -
[24/Mar/2021:13:14:54 +0700] XNIO-2 task-1 GET /api/path/research HTTP/1.1 200 262 -
[24/Mar/2021:13:18:55 +0700] XNIO-2 task-1 GET /api/path/research HTTP/1.1 200 262 -
[24/Mar/2021:13:25:09 +0700] XNIO-2 task-1 GET /api/path/research HTTP/1.1 200 262 -
[24/Mar/2021:13:25:46 +0700] XNIO-2 task-1 GET /api/path/research HTTP/1.1 200 262 -
[24/Mar/2021:13:26:51 +0700] XNIO-2 task-1 GET /api/path/research HTTP/1.1 200 262 -
[24/Mar/2021:13:27:56 +0700] XNIO-2 task-1 GET /api/path/research HTTP/1.1 200 262 -
[24/Mar/2021:13:28:48 +0700] XNIO-2 task-1 GET /api/path/research HTTP/1.1 200 262 -
[24/Mar/2021:13:30:58 +0700] XNIO-2 task-1 GET /api/path/research HTTP/1.1 200 262 -
[24/Mar/2021:13:40:47 +0700] XNIO-2 task-1 OPTIONS /api/path/research HTTP/1.1 200 - -
[24/Mar/2021:13:40:47 +0700] XNIO-2 task-1 GET /api/path/research HTTP/1.1 200 262 -
[24/Mar/2021:13:42:49 +0700] XNIO-2 task-1 GET /api/path/research HTTP/1.1 200 262 -
[24/Mar/2021:13:42:56 +0700] XNIO-2 task-1 GET /api/path/research HTTP/1.1 200 262 -
[24/Mar/2021:13:43:14 +0700] XNIO-2 task-1 GET /api/path/research HTTP/1.1 200 262 -
[24/Mar/2021:13:43:30 +0700] XNIO-2 task-1 GET /api/path/research HTTP/1.1 200 262 -
[24/Mar/2021:14:09:59 +0700] XNIO-2 task-1 GET /api/path/research HTTP/1.1 200 262 -
[24/Mar/2021:14:11:23 +0700] XNIO-2 task-1 GET /api/path/research HTTP/1.1 200 262 -
[24/Mar/2021:14:14:22 +0700] XNIO-2 task-1 GET /api/path/research HTTP/1.1 200 262 -
[24/Mar/2021:14:25:40 +0700] XNIO-2 task-1 GET /api/path/research HTTP/1.1 200 262 -
[24/Mar/2021:14:58:11 +0700] XNIO-2 task-1 OPTIONS /api/path/research HTTP/1.1 200 - -
[24/Mar/2021:14:58:11 +0700] XNIO-2 task-1 GET /api/path/research HTTP/1.1 200 262 -
[24/Mar/2021:14:59:27 +0700] XNIO-2 task-1 GET /api/path/research HTTP/1.1 200 262 -
[24/Mar/2021:14:59:47 +0700] XNIO-2 task-1 GET /api/path/research HTTP/1.1 200 262 -
[24/Mar/2021:14:59:50 +0700] XNIO-2 task-1 GET /api/path/research HTTP/1.1 200 262 -
[24/Mar/2021:15:01:05 +0700] XNIO-2 task-1 GET /api/path/research HTTP/1.1 200 262 -
[24/Mar/2021:15:01:55 +0700] XNIO-2 task-1 GET /api/path/research HTTP/1.1 200 262 -
[24/Mar/2021:15:02:01 +0700] XNIO-2 task-1 GET /api/path/research HTTP/1.1 200 262 -
[24/Mar/2021:15:03:55 +0700] XNIO-2 task-1 GET /api/path/research HTTP/1.1 200 262 -
[24/Mar/2021:15:04:06 +0700] XNIO-2 task-1 GET /api/path/research HTTP/1.1 200 262 -
[24/Mar/2021:15:05:32 +0700] XNIO-2 task-1 GET /api/path/research HTTP/1.1 200 262 -
[24/Mar/2021:15:05:41 +0700] XNIO-2 task-1 GET /api/path/research HTTP/1.1 200 262 -
[24/Mar/2021:15:07:33 +0700] XNIO-2 task-1 GET /api/path/research HTTP/1.1 200 262 -
[24/Mar/2021:15:08:47 +0700] XNIO-2 task-1 GET /api/path/research HTTP/1.1 200 262 -
[24/Mar/2021:15:11:27 +0700] XNIO-2 task-1 OPTIONS /api/auth/signing HTTP/1.1 200 - -
[24/Mar/2021:15:11:28 +0700] XNIO-2 task-1 POST /api/auth/signing HTTP/1.1 200 288 -
[24/Mar/2021:15:11:28 +0700] XNIO-2 task-1 GET /api/path/research HTTP/1.1 200 262 -
[24/Mar/2021:15:12:24 +0700] XNIO-2 task-1 GET /api/path/research HTTP/1.1 200 262 -
[24/Mar/2021:15:14:47 +0700] XNIO-2 task-1 GET /api/path/research HTTP/1.1 200 262 -
[24/Mar/2021:15:15:13 +0700] XNIO-2 task-1 GET /api/path/research HTTP/1.1 200 262 -
[24/Mar/2021:15:15:14 +0700] XNIO-2 task-1 GET /api/path/research HTTP/1.1 200 262 -
[24/Mar/2021:15:17:26 +0700] XNIO-2 task-1 GET /api/path/research HTTP/1.1 200 262 -
[24/Mar/2021:15:20:02 +0700] XNIO-2 task-1 GET /api/path/research HTTP/1.1 200 262 -
[24/Mar/2021:15:20:04 +0700] XNIO-2 task-1 GET /api/path/research HTTP/1.1 200 262 -
[24/Mar/2021:15:20:05 +0700] XNIO-2 task-1 GET /api/path/research HTTP/1.1 200 262 -
[24/Mar/2021:15:20:06 +0700] XNIO-2 task-1 GET /api/path/research HTTP/1.1 200 262 -
[24/Mar/2021:15:20:06 +0700] XNIO-2 task-1 GET /api/path/research HTTP/1.1 200 262 -
[24/Mar/2021:15:20:06 +0700] XNIO-2 task-1 GET /api/path/research HTTP/1.1 200 262 -
[24/Mar/2021:15:20:06 +0700] XNIO-2 task-1 GET /api/path/research HTTP/1.1 200 262 -
[24/Mar/2021:15:20:07 +0700] XNIO-2 task-1 GET /api/path/research HTTP/1.1 200 262 -
[24/Mar/2021:15:20:14 +0700] XNIO-2 task-1 GET /api/path/research HTTP/1.1 200 262 -
[24/Mar/2021:15:20:15 +0700] XNIO-2 task-1 GET /api/path/research HTTP/1.1 200 262 -
[24/Mar/2021:15:20:16 +0700] XNIO-2 task-1 GET /api/path/research HTTP/1.1 200 262 -
[24/Mar/2021:15:20:21 +0700] XNIO-2 task-1 GET /api/path/research HTTP/1.1 200 262 -
[24/Mar/2021:15:23:59 +0700] XNIO-2 task-1 GET /api/path/research HTTP/1.1 200 262 -
[24/Mar/2021:15:24:01 +0700] XNIO-2 task-1 GET /api/path/research HTTP/1.1 200 262 -
[24/Mar/2021:15:24:05 +0700] XNIO-2 task-1 GET /api/path/research HTTP/1.1 200 262 -
[24/Mar/2021:15:24:15 +0700] XNIO-2 task-1 GET /api/path/research HTTP/1.1 200 262 -
[24/Mar/2021:15:24:17 +0700] XNIO-2 task-1 GET /api/path/research HTTP/1.1 200 262 -
[24/Mar/2021:15:24:55 +0700] XNIO-2 task-1 GET /api/path/research HTTP/1.1 200 262 -
[24/Mar/2021:15:24:58 +0700] XNIO-2 task-1 GET /api/path/research HTTP/1.1 200 262 -
[24/Mar/2021:15:26:10 +0700] XNIO-2 task-1 GET /api/path/research HTTP/1.1 200 262 -
[24/Mar/2021:15:26:20 +0700] XNIO-2 task-1 GET /api/path/research HTTP/1.1 200 262 -
[24/Mar/2021:15:26:43 +0700] XNIO-2 task-1 GET /api/path/research HTTP/1.1 200 262 -
[24/Mar/2021:15:26:45 +0700] XNIO-2 task-1 GET /api/path/research HTTP/1.1 200 262 -
[24/Mar/2021:15:29:52 +0700] XNIO-2 task-1 GET /api/path/research HTTP/1.1 200 262 -
[24/Mar/2021:15:32:13 +0700] XNIO-2 task-1 GET /api/path/research HTTP/1.1 200 262 -
[24/Mar/2021:15:32:16 +0700] XNIO-2 task-1 GET /api/path/research HTTP/1.1 200 262 -
[24/Mar/2021:15:33:51 +0700] XNIO-2 task-1 GET /api/path/research HTTP/1.1 200 262 -
[24/Mar/2021:15:33:55 +0700] XNIO-2 task-1 GET /api/path/research HTTP/1.1 200 262 -
[24/Mar/2021:15:33:58 +0700] XNIO-2 task-1 GET /api/path/research HTTP/1.1 200 262 -
[24/Mar/2021:15:34:00 +0700] XNIO-2 task-1 GET /api/path/research HTTP/1.1 200 262 -
[24/Mar/2021:17:01:47 +0700] XNIO-2 task-1 OPTIONS /api/path/research HTTP/1.1 200 - -
[24/Mar/2021:17:01:47 +0700] XNIO-2 task-1 GET /api/path/research HTTP/1.1 200 262 -
[24/Mar/2021:17:01:49 +0700] XNIO-2 task-1 GET /api/path/research HTTP/1.1 200 262 -
[24/Mar/2021:17:01:54 +0700] XNIO-2 task-1 GET /api/path/research HTTP/1.1 200 262 -
[24/Mar/2021:17:02:21 +0700] XNIO-2 task-1 GET /api/path/research HTTP/1.1 200 262 -
[24/Mar/2021:17:24:06 +0700] XNIO-2 task-1 GET /api/path/research HTTP/1.1 200 262 -
[24/Mar/2021:17:24:07 +0700] XNIO-2 task-1 GET /api/path/research HTTP/1.1 200 262 -
[24/Mar/2021:17:24:09 +0700] XNIO-2 task-1 GET /api/path/research HTTP/1.1 200 262 -
[24/Mar/2021:17:24:12 +0700] XNIO-2 task-1 GET /api/path/research HTTP/1.1 200 262 -
[24/Mar/2021:17:24:35 +0700] XNIO-2 task-1 GET /api/path/research HTTP/1.1 200 262 -
[24/Mar/2021:17:24:37 +0700] XNIO-2 task-1 GET /api/path/research HTTP/1.1 200 262 -
[24/Mar/2021:17:24:44 +0700] XNIO-2 task-1 GET /api/path/research HTTP/1.1 200 262 -
[24/Mar/2021:17:24:46 +0700] XNIO-2 task-1 GET /api/path/research HTTP/1.1 200 262 -
[24/Mar/2021:17:43:11 +0700] XNIO-2 task-1 GET /api/path/research HTTP/1.1 200 262 -
[24/Mar/2021:17:43:13 +0700] XNIO-2 task-1 GET /api/path/research HTTP/1.1 200 262 -
[24/Mar/2021:17:43:15 +0700] XNIO-2 task-1 GET /api/path/research HTTP/1.1 200 262 -
[24/Mar/2021:17:43:16 +0700] XNIO-2 task-1 GET /api/path/research HTTP/1.1 200 262 -
[24/Mar/2021:17:44:38 +0700] XNIO-2 task-1 GET /api/path/research HTTP/1.1 200 262 -
[24/Mar/2021:17:45:03 +0700] XNIO-2 task-1 GET /api/path/research HTTP/1.1 200 262 -
[24/Mar/2021:17:45:04 +0700] XNIO-2 task-1 GET /api/path/research HTTP/1.1 200 262 -
[24/Mar/2021:17:45:09 +0700] XNIO-2 task-1 GET /api/path/research HTTP/1.1 200 262 -
[24/Mar/2021:17:45:32 +0700] XNIO-2 task-1 OPTIONS /api/auth/signing HTTP/1.1 200 - -
[24/Mar/2021:17:45:32 +0700] XNIO-2 task-1 POST /api/auth/signing HTTP/1.1 200 287 -
[24/Mar/2021:17:47:52 +0700] XNIO-2 task-1 POST /api/auth/signing HTTP/1.1 200 286 -
[24/Mar/2021:17:48:09 +0700] XNIO-2 task-1 GET /api/path/research HTTP/1.1 200 262 -
[24/Mar/2021:17:49:41 +0700] XNIO-2 task-1 GET /api/path/research HTTP/1.1 200 262 -
[24/Mar/2021:17:50:02 +0700] XNIO-2 task-1 POST /api/auth/signing HTTP/1.1 200 286 -
[24/Mar/2021:18:26:49 +0700] XNIO-2 task-1 OPTIONS /api/path/research HTTP/1.1 200 - -
[24/Mar/2021:18:26:50 +0700] XNIO-2 task-1 GET /api/path/research HTTP/1.1 500 1847 -
[24/Mar/2021:18:28:07 +0700] XNIO-2 task-1 GET /api/path/research HTTP/1.1 500 1848 -
[24/Mar/2021:18:28:12 +0700] XNIO-2 task-1 GET /api/path/research HTTP/1.1 500 1848 -
[24/Mar/2021:18:28:19 +0700] XNIO-2 task-1 OPTIONS /api/auth/signing HTTP/1.1 200 - -
[24/Mar/2021:18:28:19 +0700] XNIO-2 task-1 POST /api/auth/signing HTTP/1.1 401 1902 -
[24/Mar/2021:18:28:26 +0700] XNIO-2 task-1 POST /api/auth/signing HTTP/1.1 200 287 -
[24/Mar/2021:18:28:26 +0700] XNIO-2 task-1 GET /api/path/research HTTP/1.1 200 262 -
[24/Mar/2021:18:28:46 +0700] XNIO-2 task-1 GET /api/path/research HTTP/1.1 200 262 -
[24/Mar/2021:18:36:37 +0700] XNIO-2 task-1 OPTIONS /api/path/research HTTP/1.1 200 - -
[24/Mar/2021:18:36:37 +0700] XNIO-2 task-1 GET /api/path/research HTTP/1.1 200 262 -
[24/Mar/2021:18:36:41 +0700] XNIO-2 task-1 GET /api/path/research HTTP/1.1 200 262 -
[24/Mar/2021:18:37:33 +0700] XNIO-2 task-1 GET /api/path/research HTTP/1.1 200 262 -
[24/Mar/2021:18:38:10 +0700] XNIO-2 task-1 GET /api/path/research HTTP/1.1 200 262 -
[24/Mar/2021:18:38:13 +0700] XNIO-2 task-1 GET /api/path/research HTTP/1.1 200 262 -
[24/Mar/2021:18:38:21 +0700] XNIO-2 task-1 GET /api/path/research HTTP/1.1 200 262 -
[24/Mar/2021:18:38:48 +0700] XNIO-2 task-1 GET /api/path/research HTTP/1.1 200 262 -
[24/Mar/2021:18:39:19 +0700] XNIO-2 task-1 GET /api/path/research HTTP/1.1 200 262 -
[24/Mar/2021:18:41:23 +0700] XNIO-2 task-1 POST /api/auth/signing HTTP/1.1 200 286 -
[24/Mar/2021:18:41:34 +0700] XNIO-2 task-1 GET /api/path/research HTTP/1.1 200 262 -
[24/Mar/2021:18:41:42 +0700] XNIO-2 task-1 GET /api/path/research HTTP/1.1 200 262 -
[24/Mar/2021:18:41:55 +0700] XNIO-2 task-1 GET /api/path/research HTTP/1.1 200 262 -
[24/Mar/2021:18:43:54 +0700] XNIO-2 task-1 GET /api/path/research HTTP/1.1 200 262 -
[24/Mar/2021:18:47:50 +0700] XNIO-2 task-1 GET /api/path/research HTTP/1.1 200 262 -
[24/Mar/2021:18:47:57 +0700] XNIO-2 task-1 GET /api/path/research HTTP/1.1 200 262 -
[24/Mar/2021:18:50:37 +0700] XNIO-2 task-1 GET /api/path/research HTTP/1.1 200 262 -
[24/Mar/2021:18:55:26 +0700] XNIO-2 task-1 GET /api/path/research HTTP/1.1 200 262 -
[24/Mar/2021:18:55:34 +0700] XNIO-2 task-1 GET /api/path/research HTTP/1.1 200 262 -
[24/Mar/2021:18:55:37 +0700] XNIO-2 task-1 GET /api/path/research HTTP/1.1 200 262 -
[24/Mar/2021:18:55:41 +0700] XNIO-2 task-1 GET /api/path/research HTTP/1.1 200 262 -
[24/Mar/2021:18:56:12 +0700] XNIO-2 task-1 GET /api/path/research HTTP/1.1 200 262 -
[24/Mar/2021:18:56:35 +0700] XNIO-2 task-1 GET /api/path/research HTTP/1.1 200 262 -
[24/Mar/2021:18:56:37 +0700] XNIO-2 task-1 GET /api/path/research HTTP/1.1 200 262 -
[24/Mar/2021:18:56:41 +0700] XNIO-2 task-5 GET /api/path/file/id/104/3 HTTP/1.1 200 29 -
[24/Mar/2021:18:56:41 +0700] XNIO-2 task-2 GET /api/path/file/id/104/4 HTTP/1.1 200 29 -
[24/Mar/2021:18:56:41 +0700] XNIO-2 task-1 GET /api/path/file/id/104/2 HTTP/1.1 200 29 -
[24/Mar/2021:18:56:41 +0700] XNIO-2 task-3 GET /api/path/file/id/104/5 HTTP/1.1 200 29 -
[24/Mar/2021:18:56:41 +0700] XNIO-2 task-4 GET /api/path/file/id/104/1 HTTP/1.1 200 29 -
[24/Mar/2021:18:56:44 +0700] XNIO-2 task-5 GET /api/path/research HTTP/1.1 200 262 -
[24/Mar/2021:18:56:45 +0700] XNIO-2 task-1 GET /api/path/file/id/104/3 HTTP/1.1 200 29 -
[24/Mar/2021:18:56:45 +0700] XNIO-2 task-5 GET /api/path/file/id/104/1 HTTP/1.1 200 29 -
[24/Mar/2021:18:56:45 +0700] XNIO-2 task-3 GET /api/path/file/id/104/2 HTTP/1.1 200 29 -
[24/Mar/2021:18:56:45 +0700] XNIO-2 task-2 GET /api/path/file/id/104/4 HTTP/1.1 200 29 -
[24/Mar/2021:18:56:45 +0700] XNIO-2 task-6 GET /api/path/file/id/104/5 HTTP/1.1 200 29 -
[24/Mar/2021:18:56:45 +0700] XNIO-2 task-4 GET /api/path/file/104 HTTP/1.1 200 29 -
[24/Mar/2021:18:56:47 +0700] XNIO-2 task-4 GET /api/path/research HTTP/1.1 200 262 -
[24/Mar/2021:18:56:50 +0700] XNIO-2 task-4 GET /api/path/research HTTP/1.1 200 262 -
[24/Mar/2021:18:56:56 +0700] XNIO-2 task-4 GET /api/path/research HTTP/1.1 200 262 -
[24/Mar/2021:18:56:59 +0700] XNIO-2 task-4 GET /api/path/research HTTP/1.1 200 262 -
[24/Mar/2021:18:57:26 +0700] XNIO-2 task-4 GET /api/path/research HTTP/1.1 200 262 -
[24/Mar/2021:18:57:29 +0700] XNIO-2 task-4 GET /api/path/research HTTP/1.1 200 262 -
[24/Mar/2021:18:59:55 +0700] XNIO-2 task-4 GET /api/path/research HTTP/1.1 200 262 -
[24/Mar/2021:19:00:13 +0700] XNIO-2 task-4 GET /api/path/research HTTP/1.1 200 262 -
[24/Mar/2021:19:00:21 +0700] XNIO-2 task-4 GET /api/path/research HTTP/1.1 200 262 -
[24/Mar/2021:19:14:49 +0700] XNIO-2 task-4 GET /api/path/research HTTP/1.1 200 262 -
[24/Mar/2021:19:17:00 +0700] XNIO-2 task-4 GET /api/path/research HTTP/1.1 200 262 -
[24/Mar/2021:19:17:11 +0700] XNIO-2 task-4 GET /api/path/research HTTP/1.1 200 262 -
[24/Mar/2021:19:17:18 +0700] XNIO-2 task-4 GET /api/path/research HTTP/1.1 200 262 -
[24/Mar/2021:19:17:19 +0700] XNIO-2 task-4 GET /api/path/file/id/104/1 HTTP/1.1 200 29 -
[24/Mar/2021:19:17:19 +0700] XNIO-2 task-6 GET /api/path/file/id/104/2 HTTP/1.1 200 29 -
[24/Mar/2021:19:17:19 +0700] XNIO-2 task-3 GET /api/path/file/id/104/4 HTTP/1.1 200 29 -
[24/Mar/2021:19:17:19 +0700] XNIO-2 task-2 GET /api/path/file/id/104/3 HTTP/1.1 200 29 -
[24/Mar/2021:19:17:19 +0700] XNIO-2 task-5 GET /api/path/file/id/104/5 HTTP/1.1 200 29 -
[24/Mar/2021:19:17:20 +0700] XNIO-2 task-5 GET /api/path/research HTTP/1.1 200 262 -
[24/Mar/2021:19:32:57 +0700] XNIO-2 task-5 GET /api/path/research HTTP/1.1 200 262 -
[24/Mar/2021:19:33:50 +0700] XNIO-2 task-5 OPTIONS /api/auth/signing HTTP/1.1 200 - -
[24/Mar/2021:19:33:50 +0700] XNIO-2 task-5 POST /api/auth/signing HTTP/1.1 200 288 -
[24/Mar/2021:19:34:09 +0700] XNIO-2 task-5 GET /api/path/research HTTP/1.1 200 262 -
[24/Mar/2021:19:34:12 +0700] XNIO-2 task-5 GET /api/path/research HTTP/1.1 200 262 -
[24/Mar/2021:19:34:18 +0700] XNIO-2 task-5 GET /api/path/research HTTP/1.1 200 262 -
[24/Mar/2021:19:34:51 +0700] XNIO-2 task-5 POST /api/auth/signing HTTP/1.1 200 285 -
[24/Mar/2021:19:35:12 +0700] XNIO-2 task-5 GET /api/path/research HTTP/1.1 200 265 -
[24/Mar/2021:19:35:20 +0700] XNIO-2 task-5 GET /api/path/research HTTP/1.1 200 265 -
[24/Mar/2021:19:35:28 +0700] XNIO-2 task-5 POST /api/auth/signing HTTP/1.1 200 287 -
[24/Mar/2021:19:35:28 +0700] XNIO-2 task-5 GET /api/path/research HTTP/1.1 200 265 -
[24/Mar/2021:19:37:30 +0700] XNIO-2 task-5 OPTIONS /api/path/research HTTP/1.1 200 - -
[24/Mar/2021:19:37:30 +0700] XNIO-2 task-5 GET /api/path/research HTTP/1.1 200 265 -
[24/Mar/2021:19:37:38 +0700] XNIO-2 task-5 GET /api/path/research HTTP/1.1 200 265 -
[24/Mar/2021:19:39:58 +0700] XNIO-2 task-5 GET /api/path/research HTTP/1.1 200 265 -
[24/Mar/2021:19:40:01 +0700] XNIO-2 task-5 GET /api/path/research HTTP/1.1 200 265 -
[24/Mar/2021:19:40:02 +0700] XNIO-2 task-5 GET /api/path/research HTTP/1.1 200 265 -
[24/Mar/2021:19:45:00 +0700] XNIO-2 task-5 POST /api/auth/signing HTTP/1.1 200 286 -
[24/Mar/2021:19:45:10 +0700] XNIO-2 task-5 GET /api/path/research HTTP/1.1 200 265 -
[24/Mar/2021:20:08:48 +0700] XNIO-2 task-5 GET /api/path/research HTTP/1.1 200 265 -
[24/Mar/2021:20:09:10 +0700] XNIO-2 task-5 GET /api/path/research HTTP/1.1 200 265 -
[24/Mar/2021:20:17:57 +0700] XNIO-2 task-5 GET /api/path/research HTTP/1.1 200 265 -
[24/Mar/2021:20:18:39 +0700] XNIO-2 task-5 GET /api/path/research HTTP/1.1 200 265 -
[24/Mar/2021:20:38:10 +0700] XNIO-2 task-5 OPTIONS /api/auth/signing HTTP/1.1 200 - -
[24/Mar/2021:20:38:11 +0700] XNIO-2 task-5 POST /api/auth/signing HTTP/1.1 200 288 -
[24/Mar/2021:20:50:31 +0700] XNIO-2 task-5 OPTIONS /api/path/research HTTP/1.1 200 - -
[24/Mar/2021:20:50:31 +0700] XNIO-2 task-5 GET /api/path/research HTTP/1.1 200 262 -
[24/Mar/2021:20:50:38 +0700] XNIO-2 task-5 GET /api/path/research HTTP/1.1 200 262 -
[24/Mar/2021:20:50:39 +0700] XNIO-2 task-5 GET /api/path/research HTTP/1.1 200 262 -
[24/Mar/2021:20:50:49 +0700] XNIO-2 task-5 POST /api/auth/signing HTTP/1.1 401 1870 -
[24/Mar/2021:20:50:53 +0700] XNIO-2 task-5 POST /api/auth/signing HTTP/1.1 200 286 -
[24/Mar/2021:20:51:00 +0700] XNIO-2 task-5 GET /api/path/research HTTP/1.1 200 265 -
[24/Mar/2021:20:53:59 +0700] XNIO-2 task-1 GET /api/path/research HTTP/1.1 403 1939 -
[24/Mar/2021:20:54:01 +0700] XNIO-2 task-1 GET /api/path/research HTTP/1.1 403 1941 -
[24/Mar/2021:20:54:03 +0700] XNIO-2 task-1 GET /api/path/research HTTP/1.1 403 1941 -
[24/Mar/2021:20:54:05 +0700] XNIO-2 task-1 GET /api/path/research HTTP/1.1 403 1941 -
[24/Mar/2021:20:54:20 +0700] XNIO-2 task-1 POST /api/auth/signing HTTP/1.1 200 290 -
[24/Mar/2021:20:54:20 +0700] XNIO-2 task-1 GET /api/path/research HTTP/1.1 200 262 -
[24/Mar/2021:20:54:36 +0700] XNIO-2 task-1 GET /api/path/research HTTP/1.1 200 262 -
[24/Mar/2021:21:12:20 +0700] XNIO-2 task-1 GET /api/path/research HTTP/1.1 200 262 -
[24/Mar/2021:21:34:52 +0700] XNIO-2 task-1 OPTIONS /api/path/research HTTP/1.1 200 - -
[24/Mar/2021:21:34:52 +0700] XNIO-2 task-1 GET /api/path/research HTTP/1.1 200 317 -
[24/Mar/2021:21:39:57 +0700] XNIO-2 task-1 OPTIONS /api/auth/signing HTTP/1.1 200 - -
[24/Mar/2021:21:39:58 +0700] XNIO-2 task-2 POST /api/auth/signing HTTP/1.1 200 348 -
[24/Mar/2021:21:39:58 +0700] XNIO-2 task-2 GET /api/path/research HTTP/1.1 200 317 -
[24/Mar/2021:21:40:07 +0700] XNIO-2 task-2 GET /api/path/research HTTP/1.1 200 317 -
[24/Mar/2021:21:52:25 +0700] XNIO-2 task-2 OPTIONS /api/path/research HTTP/1.1 200 - -
[24/Mar/2021:21:52:25 +0700] XNIO-2 task-2 GET /api/path/research HTTP/1.1 200 317 -
[24/Mar/2021:21:54:50 +0700] XNIO-2 task-2 GET /api/path/research HTTP/1.1 200 317 -
[24/Mar/2021:22:08:28 +0700] XNIO-2 task-2 GET /api/path/research HTTP/1.1 200 317 -
[24/Mar/2021:22:09:34 +0700] XNIO-2 task-2 OPTIONS /api/auth/signing HTTP/1.1 200 - -
[24/Mar/2021:22:09:34 +0700] XNIO-2 task-2 POST /api/auth/signing HTTP/1.1 200 348 -
[24/Mar/2021:22:09:34 +0700] XNIO-2 task-2 GET /api/path/research HTTP/1.1 200 317 -
[24/Mar/2021:22:28:57 +0700] XNIO-2 task-2 POST /api/auth/signing HTTP/1.1 200 494 -
[24/Mar/2021:22:28:57 +0700] XNIO-2 task-2 GET /api/path/research HTTP/1.1 200 457 -
[24/Mar/2021:22:44:04 +0700] XNIO-2 task-2 GET /api/path/research HTTP/1.1 200 457 -
[24/Mar/2021:22:55:50 +0700] XNIO-2 task-2 OPTIONS /api/path/research HTTP/1.1 200 - -
[24/Mar/2021:22:55:50 +0700] XNIO-2 task-2 GET /api/path/research HTTP/1.1 200 457 -
[24/Mar/2021:22:56:00 +0700] XNIO-2 task-2 GET /api/path/research HTTP/1.1 200 457 -
[24/Mar/2021:22:56:05 +0700] XNIO-2 task-2 GET /api/path/research HTTP/1.1 200 457 -
[24/Mar/2021:23:00:17 +0700] XNIO-2 task-2 GET /api/path/research HTTP/1.1 200 457 -
[24/Mar/2021:23:00:19 +0700] XNIO-2 task-2 GET /api/path/research HTTP/1.1 200 457 -
[24/Mar/2021:23:00:41 +0700] XNIO-2 task-2 GET /api/path/research HTTP/1.1 200 457 -
[24/Mar/2021:23:02:06 +0700] XNIO-2 task-2 OPTIONS /api/path/research HTTP/1.1 200 - -
[24/Mar/2021:23:02:06 +0700] XNIO-2 task-2 GET /api/path/research HTTP/1.1 200 457 -
[24/Mar/2021:23:02:07 +0700] XNIO-2 task-2 GET /api/path/research/104 HTTP/1.1 401 1953 -
[24/Mar/2021:23:02:07 +0700] XNIO-2 task-1 GET /api/path/file/104 HTTP/1.1 401 1953 -
[24/Mar/2021:23:02:15 +0700] XNIO-2 task-1 GET /api/path/research HTTP/1.1 200 457 -
[24/Mar/2021:23:02:16 +0700] XNIO-2 task-1 GET /api/path/file/104 HTTP/1.1 401 1953 -
[24/Mar/2021:23:02:16 +0700] XNIO-2 task-2 GET /api/path/file/id/104/1 HTTP/1.1 401 1954 -
[24/Mar/2021:23:02:16 +0700] XNIO-2 task-4 GET /api/path/file/id/104/2 HTTP/1.1 401 1952 -
[24/Mar/2021:23:02:16 +0700] XNIO-2 task-2 GET /api/path/file/id/104/5 HTTP/1.1 401 1954 -
[24/Mar/2021:23:02:16 +0700] XNIO-2 task-3 GET /api/path/file/id/104/3 HTTP/1.1 401 1952 -
[24/Mar/2021:23:02:16 +0700] XNIO-2 task-1 GET /api/path/file/id/104/4 HTTP/1.1 401 1954 -
[24/Mar/2021:23:02:20 +0700] XNIO-2 task-1 GET /api/path/research HTTP/1.1 200 457 -
[24/Mar/2021:23:02:22 +0700] XNIO-2 task-1 GET /api/path/file/id/104/1 HTTP/1.1 401 1953 -
[24/Mar/2021:23:02:22 +0700] XNIO-2 task-2 GET /api/path/file/id/104/3 HTTP/1.1 401 1953 -
[24/Mar/2021:23:02:22 +0700] XNIO-2 task-3 GET /api/path/file/id/104/2 HTTP/1.1 401 1953 -
[24/Mar/2021:23:02:22 +0700] XNIO-2 task-5 GET /api/path/file/id/104/5 HTTP/1.1 401 1952 -
[24/Mar/2021:23:02:22 +0700] XNIO-2 task-4 GET /api/path/file/id/104/4 HTTP/1.1 401 1953 -
[24/Mar/2021:23:02:24 +0700] XNIO-2 task-4 GET /api/path/research HTTP/1.1 200 457 -
[24/Mar/2021:23:02:30 +0700] XNIO-2 task-4 GET /api/path/research HTTP/1.1 200 457 -
[24/Mar/2021:23:02:31 +0700] XNIO-2 task-1 GET /api/path/file/id/104/4 HTTP/1.1 401 1952 -
[24/Mar/2021:23:02:31 +0700] XNIO-2 task-2 GET /api/path/file/id/104/5 HTTP/1.1 401 1952 -
[24/Mar/2021:23:02:31 +0700] XNIO-2 task-5 GET /api/path/file/id/104/2 HTTP/1.1 401 1954 -
[24/Mar/2021:23:02:31 +0700] XNIO-2 task-4 GET /api/path/file/id/104/1 HTTP/1.1 401 1954 -
[24/Mar/2021:23:02:31 +0700] XNIO-2 task-3 GET /api/path/file/id/104/3 HTTP/1.1 401 1954 -
[24/Mar/2021:23:02:32 +0700] XNIO-2 task-3 GET /api/path/research HTTP/1.1 200 457 -
[24/Mar/2021:23:02:36 +0700] XNIO-2 task-3 GET /api/path/research HTTP/1.1 200 457 -
[24/Mar/2021:23:02:37 +0700] XNIO-2 task-4 GET /api/path/file/id/104/2 HTTP/1.1 401 1953 -
[24/Mar/2021:23:02:37 +0700] XNIO-2 task-3 GET /api/path/file/id/104/1 HTTP/1.1 401 1954 -
[24/Mar/2021:23:02:37 +0700] XNIO-2 task-1 GET /api/path/file/id/104/5 HTTP/1.1 401 1958 -
[24/Mar/2021:23:02:37 +0700] XNIO-2 task-5 GET /api/path/file/id/104/3 HTTP/1.1 401 1959 -
[24/Mar/2021:23:02:37 +0700] XNIO-2 task-2 GET /api/path/file/id/104/4 HTTP/1.1 401 1959 -
[24/Mar/2021:23:02:40 +0700] XNIO-2 task-2 GET /api/path/research HTTP/1.1 200 457 -
[24/Mar/2021:23:02:52 +0700] XNIO-2 task-2 GET /api/path/file/104 HTTP/1.1 401 1953 -
[24/Mar/2021:23:02:52 +0700] XNIO-2 task-1 GET /api/path/file/id/104/2 HTTP/1.1 401 1958 -
[24/Mar/2021:23:02:52 +0700] XNIO-2 task-4 GET /api/path/file/id/104/4 HTTP/1.1 401 1958 -
[24/Mar/2021:23:02:52 +0700] XNIO-2 task-3 GET /api/path/file/id/104/3 HTTP/1.1 401 1958 -
[24/Mar/2021:23:02:52 +0700] XNIO-2 task-1 GET /api/path/file/id/104/5 HTTP/1.1 401 1958 -
[24/Mar/2021:23:02:52 +0700] XNIO-2 task-5 GET /api/path/file/id/104/1 HTTP/1.1 401 1958 -
[24/Mar/2021:23:04:02 +0700] XNIO-2 task-5 GET /api/path/research HTTP/1.1 200 457 -
[24/Mar/2021:23:04:06 +0700] XNIO-2 task-3 GET /api/path/file/id/104/3 HTTP/1.1 401 1959 -
[24/Mar/2021:23:04:06 +0700] XNIO-2 task-1 GET /api/path/file/id/104/2 HTTP/1.1 401 1959 -
[24/Mar/2021:23:04:06 +0700] XNIO-2 task-4 GET /api/path/file/id/104/4 HTTP/1.1 401 1959 -
[24/Mar/2021:23:04:06 +0700] XNIO-2 task-5 GET /api/path/file/104 HTTP/1.1 401 1953 -
[24/Mar/2021:23:04:06 +0700] XNIO-2 task-4 GET /api/path/file/id/104/1 HTTP/1.1 401 1958 -
[24/Mar/2021:23:04:06 +0700] XNIO-2 task-3 GET /api/path/file/id/104/5 HTTP/1.1 401 1958 -
[24/Mar/2021:23:05:36 +0700] XNIO-2 task-4 GET /api/path/file/id/104/1 HTTP/1.1 401 1958 -
[24/Mar/2021:23:05:36 +0700] XNIO-2 task-1 GET /api/path/file/id/104/4 HTTP/1.1 401 1959 -
[24/Mar/2021:23:05:36 +0700] XNIO-2 task-4 GET /api/path/file/id/104/2 HTTP/1.1 401 1959 -
[24/Mar/2021:23:05:36 +0700] XNIO-2 task-3 GET /api/path/file/104 HTTP/1.1 401 1952 -
[24/Mar/2021:23:05:36 +0700] XNIO-2 task-5 GET /api/path/file/id/104/3 HTTP/1.1 401 1958 -
[24/Mar/2021:23:05:36 +0700] XNIO-2 task-2 GET /api/path/file/id/104/5 HTTP/1.1 401 1959 -
[24/Mar/2021:23:05:43 +0700] XNIO-2 task-2 GET /api/path/research HTTP/1.1 200 457 -
[24/Mar/2021:23:07:47 +0700] XNIO-2 task-2 GET /api/path/research HTTP/1.1 200 457 -
[24/Mar/2021:23:08:00 +0700] XNIO-2 task-2 GET /api/path/research HTTP/1.1 200 457 -
[24/Mar/2021:23:08:10 +0700] XNIO-2 task-2 GET /api/path/research HTTP/1.1 200 457 -
[24/Mar/2021:23:08:15 +0700] XNIO-2 task-2 GET /api/path/research HTTP/1.1 200 457 -
[24/Mar/2021:23:08:21 +0700] XNIO-2 task-2 GET /api/path/research HTTP/1.1 200 457 -
[24/Mar/2021:23:08:26 +0700] XNIO-2 task-2 GET /api/path/research HTTP/1.1 200 457 -
[24/Mar/2021:23:08:32 +0700] XNIO-2 task-2 GET /api/path/research HTTP/1.1 200 457 -
[24/Mar/2021:23:08:44 +0700] XNIO-2 task-2 OPTIONS /api/path/file/104 HTTP/1.1 200 - -
[24/Mar/2021:23:08:44 +0700] XNIO-2 task-3 OPTIONS /api/path/file/id/104/1 HTTP/1.1 200 - -
[24/Mar/2021:23:08:44 +0700] XNIO-2 task-3 OPTIONS /api/path/file/id/104/2 HTTP/1.1 200 - -
[24/Mar/2021:23:08:44 +0700] XNIO-2 task-3 OPTIONS /api/path/file/id/104/3 HTTP/1.1 200 - -
[24/Mar/2021:23:08:44 +0700] XNIO-2 task-3 OPTIONS /api/path/file/id/104/4 HTTP/1.1 200 - -
[24/Mar/2021:23:08:44 +0700] XNIO-2 task-5 OPTIONS /api/path/file/id/104/5 HTTP/1.1 200 - -
[24/Mar/2021:23:08:44 +0700] XNIO-2 task-2 GET /api/path/file/104 HTTP/1.1 200 29 -
[24/Mar/2021:23:08:44 +0700] XNIO-2 task-4 GET /api/path/file/id/104/1 HTTP/1.1 200 29 -
[24/Mar/2021:23:08:44 +0700] XNIO-2 task-3 GET /api/path/file/id/104/2 HTTP/1.1 200 29 -
[24/Mar/2021:23:08:44 +0700] XNIO-2 task-1 GET /api/path/file/id/104/4 HTTP/1.1 200 29 -
[24/Mar/2021:23:08:44 +0700] XNIO-2 task-6 GET /api/path/file/id/104/5 HTTP/1.1 200 29 -
[24/Mar/2021:23:08:44 +0700] XNIO-2 task-5 GET /api/path/file/id/104/3 HTTP/1.1 200 29 -
[24/Mar/2021:23:08:54 +0700] XNIO-2 task-5 OPTIONS /api/path/file HTTP/1.1 200 - -
[24/Mar/2021:23:08:55 +0700] XNIO-2 task-5 POST /api/path/file HTTP/1.1 200 137 -
[24/Mar/2021:23:08:55 +0700] XNIO-2 task-6 OPTIONS /api/path/file/pr/104 HTTP/1.1 200 - -
[24/Mar/2021:23:08:55 +0700] XNIO-2 task-5 GET /api/path/file/104 HTTP/1.1 200 488 -
[24/Mar/2021:23:08:55 +0700] XNIO-2 task-6 GET /api/path/file/pr/104 HTTP/1.1 200 455 -
[24/Mar/2021:23:11:27 +0700] XNIO-2 task-1 GET /api/path/file/id/104/2 HTTP/1.1 200 29 -
[24/Mar/2021:23:11:27 +0700] XNIO-2 task-6 GET /api/path/file/104 HTTP/1.1 200 488 -
[24/Mar/2021:23:11:27 +0700] XNIO-2 task-4 GET /api/path/file/id/104/4 HTTP/1.1 200 29 -
[24/Mar/2021:23:11:27 +0700] XNIO-2 task-2 GET /api/path/file/id/104/5 HTTP/1.1 200 29 -
[24/Mar/2021:23:11:27 +0700] XNIO-2 task-5 GET /api/path/file/id/104/1 HTTP/1.1 200 488 -
[24/Mar/2021:23:11:27 +0700] XNIO-2 task-3 GET /api/path/file/id/104/3 HTTP/1.1 200 29 -
[24/Mar/2021:23:12:02 +0700] XNIO-2 task-3 POST /api/path/file HTTP/1.1 200 137 -
[24/Mar/2021:23:12:02 +0700] XNIO-2 task-3 GET /api/path/file/104 HTTP/1.1 200 513 -
[24/Mar/2021:23:12:02 +0700] XNIO-2 task-5 GET /api/path/file/pr/104 HTTP/1.1 200 455 -
[24/Mar/2021:23:12:50 +0700] XNIO-2 task-5 GET /api/path/file/104 HTTP/1.1 200 514 -
[24/Mar/2021:23:12:50 +0700] XNIO-2 task-3 GET /api/path/file/id/104/1 HTTP/1.1 200 489 -
[24/Mar/2021:23:12:50 +0700] XNIO-2 task-4 GET /api/path/file/id/104/3 HTTP/1.1 200 29 -
[24/Mar/2021:23:12:50 +0700] XNIO-2 task-2 GET /api/path/file/id/104/2 HTTP/1.1 200 488 -
[24/Mar/2021:23:12:50 +0700] XNIO-2 task-6 GET /api/path/file/id/104/4 HTTP/1.1 200 29 -
[24/Mar/2021:23:12:50 +0700] XNIO-2 task-3 GET /api/path/file/id/104/5 HTTP/1.1 200 29 -
[24/Mar/2021:23:13:36 +0700] XNIO-2 task-4 GET /api/path/file/id/104/3 HTTP/1.1 200 29 -
[24/Mar/2021:23:13:36 +0700] XNIO-2 task-5 GET /api/path/file/id/104/4 HTTP/1.1 200 29 -
[24/Mar/2021:23:13:36 +0700] XNIO-2 task-3 GET /api/path/file/104 HTTP/1.1 200 514 -
[24/Mar/2021:23:13:36 +0700] XNIO-2 task-2 GET /api/path/file/id/104/2 HTTP/1.1 200 488 -
[24/Mar/2021:23:13:36 +0700] XNIO-2 task-6 GET /api/path/file/id/104/1 HTTP/1.1 200 489 -
[24/Mar/2021:23:13:36 +0700] XNIO-2 task-1 GET /api/path/file/id/104/5 HTTP/1.1 200 29 -
[24/Mar/2021:23:13:46 +0700] XNIO-2 task-1 POST /api/path/file HTTP/1.1 200 145 -
[24/Mar/2021:23:13:46 +0700] XNIO-2 task-6 GET /api/path/file/104 HTTP/1.1 200 541 -
[24/Mar/2021:23:13:46 +0700] XNIO-2 task-1 GET /api/path/file/pr/104 HTTP/1.1 200 456 -
[24/Mar/2021:23:13:48 +0700] XNIO-2 task-1 GET /api/path/file/104 HTTP/1.1 200 541 -
[24/Mar/2021:23:13:48 +0700] XNIO-2 task-6 GET /api/path/file/id/104/1 HTTP/1.1 200 488 -
[24/Mar/2021:23:13:48 +0700] XNIO-2 task-2 GET /api/path/file/id/104/2 HTTP/1.1 200 489 -
[24/Mar/2021:23:13:48 +0700] XNIO-2 task-3 GET /api/path/file/id/104/3 HTTP/1.1 200 498 -
[24/Mar/2021:23:13:48 +0700] XNIO-2 task-5 GET /api/path/file/id/104/4 HTTP/1.1 200 29 -
[24/Mar/2021:23:13:48 +0700] XNIO-2 task-4 GET /api/path/file/id/104/5 HTTP/1.1 200 29 -
[24/Mar/2021:23:13:53 +0700] XNIO-2 task-4 OPTIONS /api/path/file/delete/108/3 HTTP/1.1 200 - -
[24/Mar/2021:23:13:54 +0700] XNIO-2 task-4 DELETE /api/path/file/delete/108/3 HTTP/1.1 200 - -
[24/Mar/2021:23:13:54 +0700] XNIO-2 task-5 GET /api/path/file/104 HTTP/1.1 200 515 -
[24/Mar/2021:23:13:54 +0700] XNIO-2 task-4 GET /api/path/file/pr/104 HTTP/1.1 200 455 -
[24/Mar/2021:23:13:58 +0700] XNIO-2 task-2 GET /api/path/file/id/104/3 HTTP/1.1 200 29 -
[24/Mar/2021:23:13:58 +0700] XNIO-2 task-4 GET /api/path/file/104 HTTP/1.1 200 514 -
[24/Mar/2021:23:13:58 +0700] XNIO-2 task-3 GET /api/path/file/id/104/2 HTTP/1.1 200 488 -
[24/Mar/2021:23:13:58 +0700] XNIO-2 task-5 GET /api/path/file/id/104/1 HTTP/1.1 200 489 -
[24/Mar/2021:23:13:58 +0700] XNIO-2 task-6 GET /api/path/file/id/104/4 HTTP/1.1 200 29 -
[24/Mar/2021:23:13:58 +0700] XNIO-2 task-1 GET /api/path/file/id/104/5 HTTP/1.1 200 29 -
[24/Mar/2021:23:14:05 +0700] XNIO-2 task-1 POST /api/path/file HTTP/1.1 200 145 -
[24/Mar/2021:23:14:05 +0700] XNIO-2 task-1 GET /api/path/file/104 HTTP/1.1 200 537 -
[24/Mar/2021:23:14:05 +0700] XNIO-2 task-6 GET /api/path/file/pr/104 HTTP/1.1 200 456 -
[24/Mar/2021:23:14:31 +0700] XNIO-2 task-6 GET /api/path/file/104 HTTP/1.1 200 538 -
[24/Mar/2021:23:14:31 +0700] XNIO-2 task-1 GET /api/path/file/id/104/1 HTTP/1.1 200 488 -
[24/Mar/2021:23:14:31 +0700] XNIO-2 task-4 GET /api/path/file/id/104/4 HTTP/1.1 200 29 -
[24/Mar/2021:23:14:31 +0700] XNIO-2 task-5 GET /api/path/file/id/104/2 HTTP/1.1 200 489 -
[24/Mar/2021:23:14:31 +0700] XNIO-2 task-3 GET /api/path/file/id/104/3 HTTP/1.1 200 496 -
[24/Mar/2021:23:14:31 +0700] XNIO-2 task-2 GET /api/path/file/id/104/5 HTTP/1.1 200 29 -
[24/Mar/2021:23:16:04 +0700] XNIO-2 task-3 GET /api/path/file/id/104/1 HTTP/1.1 200 488 -
[24/Mar/2021:23:16:04 +0700] XNIO-2 task-2 GET /api/path/file/104 HTTP/1.1 200 538 -
[24/Mar/2021:23:16:04 +0700] XNIO-2 task-1 GET /api/path/file/id/104/4 HTTP/1.1 200 29 -
[24/Mar/2021:23:16:04 +0700] XNIO-2 task-5 GET /api/path/file/id/104/2 HTTP/1.1 200 489 -
[24/Mar/2021:23:16:04 +0700] XNIO-2 task-4 GET /api/path/file/id/104/3 HTTP/1.1 200 496 -
[24/Mar/2021:23:16:04 +0700] XNIO-2 task-6 GET /api/path/file/id/104/5 HTTP/1.1 200 29 -
[24/Mar/2021:23:16:06 +0700] XNIO-2 task-6 GET /api/path/file/104 HTTP/1.1 200 538 -
[24/Mar/2021:23:16:06 +0700] XNIO-2 task-4 GET /api/path/file/id/104/1 HTTP/1.1 200 488 -
[24/Mar/2021:23:16:06 +0700] XNIO-2 task-5 GET /api/path/file/id/104/2 HTTP/1.1 200 489 -
[24/Mar/2021:23:16:06 +0700] XNIO-2 task-2 GET /api/path/file/id/104/4 HTTP/1.1 200 29 -
[24/Mar/2021:23:16:06 +0700] XNIO-2 task-1 GET /api/path/file/id/104/3 HTTP/1.1 200 496 -
[24/Mar/2021:23:16:06 +0700] XNIO-2 task-3 GET /api/path/file/id/104/5 HTTP/1.1 200 29 -
[24/Mar/2021:23:16:12 +0700] XNIO-2 task-3 GET /api/path/file/104 HTTP/1.1 200 538 -
[24/Mar/2021:23:16:12 +0700] XNIO-2 task-2 GET /api/path/file/id/104/2 HTTP/1.1 200 489 -
[24/Mar/2021:23:16:12 +0700] XNIO-2 task-1 GET /api/path/file/id/104/1 HTTP/1.1 200 488 -
[24/Mar/2021:23:16:12 +0700] XNIO-2 task-5 GET /api/path/file/id/104/3 HTTP/1.1 200 496 -
[24/Mar/2021:23:16:12 +0700] XNIO-2 task-4 GET /api/path/file/id/104/4 HTTP/1.1 200 29 -
[24/Mar/2021:23:16:12 +0700] XNIO-2 task-6 GET /api/path/file/id/104/5 HTTP/1.1 200 29 -
[24/Mar/2021:23:16:21 +0700] XNIO-2 task-6 POST /api/path/file HTTP/1.1 200 145 -
[24/Mar/2021:23:16:21 +0700] XNIO-2 task-6 GET /api/path/file/104 HTTP/1.1 200 562 -
[24/Mar/2021:23:16:21 +0700] XNIO-2 task-4 GET /api/path/file/pr/104 HTTP/1.1 200 456 -
[24/Mar/2021:23:19:17 +0700] XNIO-2 task-6 GET /api/path/file/id/104/1 HTTP/1.1 200 489 -
[24/Mar/2021:23:19:17 +0700] XNIO-2 task-5 GET /api/path/file/id/104/2 HTTP/1.1 200 489 -
[24/Mar/2021:23:19:17 +0700] XNIO-2 task-1 GET /api/path/file/id/104/5 HTTP/1.1 200 29 -
[24/Mar/2021:23:19:17 +0700] XNIO-2 task-4 GET /api/path/file/104 HTTP/1.1 200 564 -
[24/Mar/2021:23:19:17 +0700] XNIO-2 task-2 GET /api/path/file/id/104/4 HTTP/1.1 200 499 -
[24/Mar/2021:23:19:17 +0700] XNIO-2 task-3 GET /api/path/file/id/104/3 HTTP/1.1 200 497 -
[24/Mar/2021:23:19:34 +0700] XNIO-2 task-2 GET /api/path/file/id/104/1 HTTP/1.1 200 489 -
[24/Mar/2021:23:19:34 +0700] XNIO-2 task-4 GET /api/path/file/id/104/2 HTTP/1.1 200 489 -
[24/Mar/2021:23:19:34 +0700] XNIO-2 task-3 GET /api/path/file/104 HTTP/1.1 200 564 -
[24/Mar/2021:23:19:34 +0700] XNIO-2 task-5 GET /api/path/file/id/104/5 HTTP/1.1 200 29 -
[24/Mar/2021:23:19:34 +0700] XNIO-2 task-6 GET /api/path/file/id/104/4 HTTP/1.1 200 499 -
[24/Mar/2021:23:19:34 +0700] XNIO-2 task-1 GET /api/path/file/id/104/3 HTTP/1.1 200 497 -
[24/Mar/2021:23:19:37 +0700] XNIO-2 task-6 GET /api/path/file/104 HTTP/1.1 200 564 -
[24/Mar/2021:23:19:37 +0700] XNIO-2 task-5 GET /api/path/file/id/104/2 HTTP/1.1 200 489 -
[24/Mar/2021:23:19:37 +0700] XNIO-2 task-3 GET /api/path/file/id/104/3 HTTP/1.1 200 497 -
[24/Mar/2021:23:19:37 +0700] XNIO-2 task-1 GET /api/path/file/id/104/1 HTTP/1.1 200 489 -
[24/Mar/2021:23:19:37 +0700] XNIO-2 task-4 GET /api/path/file/id/104/5 HTTP/1.1 200 29 -
[24/Mar/2021:23:19:37 +0700] XNIO-2 task-2 GET /api/path/file/id/104/4 HTTP/1.1 200 499 -
[24/Mar/2021:23:19:45 +0700] XNIO-2 task-2 GET /api/path/file/104 HTTP/1.1 200 564 -
[24/Mar/2021:23:19:45 +0700] XNIO-2 task-1 GET /api/path/file/id/104/3 HTTP/1.1 200 497 -
[24/Mar/2021:23:19:45 +0700] XNIO-2 task-4 GET /api/path/file/id/104/1 HTTP/1.1 200 489 -
[24/Mar/2021:23:19:45 +0700] XNIO-2 task-6 GET /api/path/file/id/104/5 HTTP/1.1 200 29 -
[24/Mar/2021:23:19:45 +0700] XNIO-2 task-3 GET /api/path/file/id/104/4 HTTP/1.1 200 499 -
[24/Mar/2021:23:19:45 +0700] XNIO-2 task-5 GET /api/path/file/id/104/2 HTTP/1.1 200 489 -
[24/Mar/2021:23:20:13 +0700] XNIO-2 task-6 GET /api/path/file/id/104/2 HTTP/1.1 200 489 -
[24/Mar/2021:23:20:13 +0700] XNIO-2 task-5 GET /api/path/file/104 HTTP/1.1 200 564 -
[24/Mar/2021:23:20:13 +0700] XNIO-2 task-3 GET /api/path/file/id/104/1 HTTP/1.1 200 489 -
[24/Mar/2021:23:20:13 +0700] XNIO-2 task-4 GET /api/path/file/id/104/3 HTTP/1.1 200 497 -
[24/Mar/2021:23:20:13 +0700] XNIO-2 task-1 GET /api/path/file/id/104/4 HTTP/1.1 200 499 -
[24/Mar/2021:23:20:13 +0700] XNIO-2 task-2 GET /api/path/file/id/104/5 HTTP/1.1 200 29 -
[24/Mar/2021:23:20:23 +0700] XNIO-2 task-1 POST /api/path/file HTTP/1.1 200 145 -
[24/Mar/2021:23:20:23 +0700] XNIO-2 task-1 GET /api/path/file/104 HTTP/1.1 200 582 -
[24/Mar/2021:23:20:23 +0700] XNIO-2 task-2 GET /api/path/file/pr/104 HTTP/1.1 200 455 -
[24/Mar/2021:23:20:39 +0700] XNIO-2 task-2 GET /api/path/file/104 HTTP/1.1 200 581 -
[24/Mar/2021:23:20:39 +0700] XNIO-2 task-1 GET /api/path/file/id/104/1 HTTP/1.1 200 488 -
[24/Mar/2021:23:20:39 +0700] XNIO-2 task-3 GET /api/path/file/id/104/3 HTTP/1.1 200 493 -
[24/Mar/2021:23:20:39 +0700] XNIO-2 task-4 GET /api/path/file/id/104/2 HTTP/1.1 200 488 -
[24/Mar/2021:23:20:39 +0700] XNIO-2 task-5 GET /api/path/file/id/104/5 HTTP/1.1 200 495 -
[24/Mar/2021:23:20:39 +0700] XNIO-2 task-6 GET /api/path/file/id/104/4 HTTP/1.1 200 495 -
[24/Mar/2021:23:20:44 +0700] XNIO-2 task-6 OPTIONS /api/path/file/delete/111/5 HTTP/1.1 200 - -
[24/Mar/2021:23:20:44 +0700] XNIO-2 task-6 DELETE /api/path/file/delete/111/5 HTTP/1.1 200 - -
[24/Mar/2021:23:20:44 +0700] XNIO-2 task-5 GET /api/path/file/104 HTTP/1.1 200 563 -
[24/Mar/2021:23:20:44 +0700] XNIO-2 task-6 GET /api/path/file/pr/104 HTTP/1.1 200 456 -
[24/Mar/2021:23:20:48 +0700] XNIO-2 task-6 OPTIONS /api/path/file/delete/110/4 HTTP/1.1 200 - -
[24/Mar/2021:23:20:48 +0700] XNIO-2 task-6 DELETE /api/path/file/delete/110/4 HTTP/1.1 200 - -
[24/Mar/2021:23:20:48 +0700] XNIO-2 task-5 GET /api/path/file/104 HTTP/1.1 200 539 -
[24/Mar/2021:23:20:48 +0700] XNIO-2 task-6 GET /api/path/file/pr/104 HTTP/1.1 200 456 -
[24/Mar/2021:23:20:51 +0700] XNIO-2 task-6 GET /api/path/file/104 HTTP/1.1 200 538 -
[24/Mar/2021:23:20:51 +0700] XNIO-2 task-4 GET /api/path/file/id/104/2 HTTP/1.1 200 489 -
[24/Mar/2021:23:20:51 +0700] XNIO-2 task-3 GET /api/path/file/id/104/3 HTTP/1.1 200 496 -
[24/Mar/2021:23:20:51 +0700] XNIO-2 task-5 GET /api/path/file/id/104/1 HTTP/1.1 200 488 -
[24/Mar/2021:23:20:51 +0700] XNIO-2 task-2 GET /api/path/file/id/104/5 HTTP/1.1 200 29 -
[24/Mar/2021:23:20:51 +0700] XNIO-2 task-1 GET /api/path/file/id/104/4 HTTP/1.1 200 29 -
[24/Mar/2021:23:21:03 +0700] XNIO-2 task-1 GET /api/path/research HTTP/1.1 200 458 -
[24/Mar/2021:23:21:07 +0700] XNIO-2 task-1 GET /api/path/file/104 HTTP/1.1 200 538 -
[24/Mar/2021:23:21:07 +0700] XNIO-2 task-3 GET /api/path/file/id/104/3 HTTP/1.1 200 496 -
[24/Mar/2021:23:21:07 +0700] XNIO-2 task-5 GET /api/path/file/id/104/2 HTTP/1.1 200 489 -
[24/Mar/2021:23:21:07 +0700] XNIO-2 task-4 GET /api/path/file/id/104/4 HTTP/1.1 200 29 -
[24/Mar/2021:23:21:07 +0700] XNIO-2 task-6 GET /api/path/file/id/104/5 HTTP/1.1 200 29 -
[24/Mar/2021:23:21:07 +0700] XNIO-2 task-2 GET /api/path/file/id/104/1 HTTP/1.1 200 488 -
[24/Mar/2021:23:21:08 +0700] XNIO-2 task-2 GET /api/path/research HTTP/1.1 200 458 -
[24/Mar/2021:23:21:09 +0700] XNIO-2 task-2 GET /api/path/file/id/104/1 HTTP/1.1 200 488 -
[24/Mar/2021:23:21:09 +0700] XNIO-2 task-6 GET /api/path/file/id/104/2 HTTP/1.1 200 489 -
[24/Mar/2021:23:21:09 +0700] XNIO-2 task-5 GET /api/path/file/id/104/4 HTTP/1.1 200 29 -
[24/Mar/2021:23:21:09 +0700] XNIO-2 task-4 GET /api/path/file/id/104/3 HTTP/1.1 200 496 -
[24/Mar/2021:23:21:09 +0700] XNIO-2 task-3 GET /api/path/file/id/104/5 HTTP/1.1 200 29 -
[24/Mar/2021:23:21:09 +0700] XNIO-2 task-3 OPTIONS /api/path/url/ER.pdf HTTP/1.1 200 - -
[24/Mar/2021:23:21:09 +0700] XNIO-2 task-3 OPTIONS /api/path/url/sssss.pdf HTTP/1.1 200 - -
[24/Mar/2021:23:21:09 +0700] XNIO-2 task-3 OPTIONS /api/path/url/Drawing-edit2.pdf HTTP/1.1 200 - -
[24/Mar/2021:23:21:09 +0700] XNIO-2 task-4 GET /api/path/url/ER.pdf HTTP/1.1 200 63 -
[24/Mar/2021:23:21:09 +0700] XNIO-2 task-5 GET /api/path/url/sssss.pdf HTTP/1.1 200 66 -
[24/Mar/2021:23:21:09 +0700] XNIO-2 task-3 GET /api/path/url/Drawing-edit2.pdf HTTP/1.1 200 74 -
[24/Mar/2021:23:21:21 +0700] XNIO-2 task-3 GET /api/path/research HTTP/1.1 200 458 -
[24/Mar/2021:23:21:27 +0700] XNIO-2 task-3 GET /api/path/file/104 HTTP/1.1 200 538 -
[24/Mar/2021:23:21:27 +0700] XNIO-2 task-2 GET /api/path/file/id/104/4 HTTP/1.1 200 29 -
[24/Mar/2021:23:21:27 +0700] XNIO-2 task-4 GET /api/path/file/id/104/2 HTTP/1.1 200 489 -
[24/Mar/2021:23:21:27 +0700] XNIO-2 task-6 GET /api/path/file/id/104/3 HTTP/1.1 200 496 -
[24/Mar/2021:23:21:27 +0700] XNIO-2 task-1 GET /api/path/file/id/104/5 HTTP/1.1 200 29 -
[24/Mar/2021:23:21:27 +0700] XNIO-2 task-5 GET /api/path/file/id/104/1 HTTP/1.1 200 488 -
[24/Mar/2021:23:22:22 +0700] XNIO-2 task-5 GET /api/path/file/104 HTTP/1.1 200 538 -
[24/Mar/2021:23:22:22 +0700] XNIO-2 task-2 GET /api/path/file/id/104/4 HTTP/1.1 200 29 -
[24/Mar/2021:23:22:22 +0700] XNIO-2 task-3 GET /api/path/file/id/104/5 HTTP/1.1 200 29 -
[24/Mar/2021:23:22:22 +0700] XNIO-2 task-1 GET /api/path/file/id/104/1 HTTP/1.1 200 488 -
[24/Mar/2021:23:22:22 +0700] XNIO-2 task-6 GET /api/path/file/id/104/3 HTTP/1.1 200 496 -
[24/Mar/2021:23:22:22 +0700] XNIO-2 task-4 GET /api/path/file/id/104/2 HTTP/1.1 200 489 -
[24/Mar/2021:23:22:26 +0700] XNIO-2 task-2 GET /api/path/file/id/104/4 HTTP/1.1 200 29 -
[24/Mar/2021:23:22:26 +0700] XNIO-2 task-5 GET /api/path/file/id/104/5 HTTP/1.1 200 29 -
[24/Mar/2021:23:22:26 +0700] XNIO-2 task-4 GET /api/path/file/104 HTTP/1.1 200 538 -
[24/Mar/2021:23:22:26 +0700] XNIO-2 task-3 GET /api/path/file/id/104/3 HTTP/1.1 200 496 -
[24/Mar/2021:23:22:26 +0700] XNIO-2 task-6 GET /api/path/file/id/104/1 HTTP/1.1 200 488 -
[24/Mar/2021:23:22:26 +0700] XNIO-2 task-1 GET /api/path/file/id/104/2 HTTP/1.1 200 489 -
[24/Mar/2021:23:23:25 +0700] XNIO-2 task-5 GET /api/path/file/id/104/4 HTTP/1.1 200 29 -
[24/Mar/2021:23:23:25 +0700] XNIO-2 task-2 GET /api/path/file/id/104/5 HTTP/1.1 200 29 -
[24/Mar/2021:23:23:25 +0700] XNIO-2 task-4 GET /api/path/file/id/104/3 HTTP/1.1 200 496 -
[24/Mar/2021:23:23:25 +0700] XNIO-2 task-1 GET /api/path/file/104 HTTP/1.1 200 538 -
[24/Mar/2021:23:23:25 +0700] XNIO-2 task-6 GET /api/path/file/id/104/1 HTTP/1.1 200 488 -
[24/Mar/2021:23:23:25 +0700] XNIO-2 task-3 GET /api/path/file/id/104/2 HTTP/1.1 200 489 -
[24/Mar/2021:23:23:25 +0700] XNIO-2 task-3 GET /api/path/file/104 HTTP/1.1 200 538 -
[24/Mar/2021:23:23:25 +0700] XNIO-2 task-2 GET /api/path/file/id/104/5 HTTP/1.1 200 29 -
[24/Mar/2021:23:23:25 +0700] XNIO-2 task-6 GET /api/path/file/id/104/1 HTTP/1.1 200 488 -
[24/Mar/2021:23:23:25 +0700] XNIO-2 task-5 GET /api/path/file/id/104/4 HTTP/1.1 200 29 -
[24/Mar/2021:23:23:25 +0700] XNIO-2 task-4 GET /api/path/file/id/104/2 HTTP/1.1 200 489 -
[24/Mar/2021:23:23:25 +0700] XNIO-2 task-1 GET /api/path/file/id/104/3 HTTP/1.1 200 496 -
[24/Mar/2021:23:23:32 +0700] XNIO-2 task-6 GET /api/path/file/id/104/4 HTTP/1.1 200 29 -
[24/Mar/2021:23:23:32 +0700] XNIO-2 task-4 GET /api/path/file/104 HTTP/1.1 200 538 -
[24/Mar/2021:23:23:32 +0700] XNIO-2 task-5 GET /api/path/file/id/104/2 HTTP/1.1 200 489 -
[24/Mar/2021:23:23:32 +0700] XNIO-2 task-1 GET /api/path/file/id/104/1 HTTP/1.1 200 488 -
[24/Mar/2021:23:23:32 +0700] XNIO-2 task-2 GET /api/path/file/id/104/3 HTTP/1.1 200 496 -
[24/Mar/2021:23:23:32 +0700] XNIO-2 task-3 GET /api/path/file/id/104/5 HTTP/1.1 200 29 -
[24/Mar/2021:23:23:36 +0700] XNIO-2 task-2 GET /api/path/file/id/104/1 HTTP/1.1 200 488 -
[24/Mar/2021:23:23:36 +0700] XNIO-2 task-1 GET /api/path/file/id/104/2 HTTP/1.1 200 489 -
[24/Mar/2021:23:23:36 +0700] XNIO-2 task-3 GET /api/path/file/104 HTTP/1.1 200 538 -
[24/Mar/2021:23:23:36 +0700] XNIO-2 task-5 GET /api/path/file/id/104/3 HTTP/1.1 200 496 -
[24/Mar/2021:23:23:36 +0700] XNIO-2 task-6 GET /api/path/file/id/104/5 HTTP/1.1 200 29 -
[24/Mar/2021:23:23:36 +0700] XNIO-2 task-4 GET /api/path/file/id/104/4 HTTP/1.1 200 29 -
[24/Mar/2021:23:23:38 +0700] XNIO-2 task-4 GET /api/path/file/104 HTTP/1.1 200 538 -
[24/Mar/2021:23:23:38 +0700] XNIO-2 task-3 GET /api/path/file/id/104/4 HTTP/1.1 200 29 -
[24/Mar/2021:23:23:38 +0700] XNIO-2 task-6 GET /api/path/file/id/104/1 HTTP/1.1 200 488 -
[24/Mar/2021:23:23:38 +0700] XNIO-2 task-5 GET /api/path/file/id/104/2 HTTP/1.1 200 489 -
[24/Mar/2021:23:23:38 +0700] XNIO-2 task-1 GET /api/path/file/id/104/3 HTTP/1.1 200 496 -
[24/Mar/2021:23:23:38 +0700] XNIO-2 task-2 GET /api/path/file/id/104/5 HTTP/1.1 200 29 -
[24/Mar/2021:23:23:40 +0700] XNIO-2 task-2 GET /api/path/file/104 HTTP/1.1 200 538 -
[24/Mar/2021:23:23:40 +0700] XNIO-2 task-1 GET /api/path/file/id/104/2 HTTP/1.1 200 489 -
[24/Mar/2021:23:23:40 +0700] XNIO-2 task-5 GET /api/path/file/id/104/1 HTTP/1.1 200 488 -
[24/Mar/2021:23:23:40 +0700] XNIO-2 task-4 GET /api/path/file/id/104/4 HTTP/1.1 200 29 -
[24/Mar/2021:23:23:40 +0700] XNIO-2 task-6 GET /api/path/file/id/104/3 HTTP/1.1 200 496 -
[24/Mar/2021:23:23:40 +0700] XNIO-2 task-4 GET /api/path/file/id/104/5 HTTP/1.1 200 29 -
[24/Mar/2021:23:23:48 +0700] XNIO-2 task-4 GET /api/path/file/104 HTTP/1.1 200 538 -
[24/Mar/2021:23:23:48 +0700] XNIO-2 task-6 GET /api/path/file/id/104/1 HTTP/1.1 200 488 -
[24/Mar/2021:23:23:48 +0700] XNIO-2 task-2 GET /api/path/file/id/104/2 HTTP/1.1 200 489 -
[24/Mar/2021:23:23:48 +0700] XNIO-2 task-1 GET /api/path/file/id/104/4 HTTP/1.1 200 29 -
[24/Mar/2021:23:23:48 +0700] XNIO-2 task-5 GET /api/path/file/id/104/3 HTTP/1.1 200 496 -
[24/Mar/2021:23:23:48 +0700] XNIO-2 task-3 GET /api/path/file/id/104/5 HTTP/1.1 200 29 -
[24/Mar/2021:23:25:32 +0700] XNIO-2 task-3 GET /api/path/file/104 HTTP/1.1 200 538 -
[24/Mar/2021:23:25:32 +0700] XNIO-2 task-4 GET /api/path/file/id/104/5 HTTP/1.1 200 29 -
[24/Mar/2021:23:25:32 +0700] XNIO-2 task-5 GET /api/path/file/id/104/2 HTTP/1.1 200 489 -
[24/Mar/2021:23:25:32 +0700] XNIO-2 task-6 GET /api/path/file/id/104/4 HTTP/1.1 200 29 -
[24/Mar/2021:23:25:32 +0700] XNIO-2 task-2 GET /api/path/file/id/104/1 HTTP/1.1 200 488 -
[24/Mar/2021:23:25:32 +0700] XNIO-2 task-1 GET /api/path/file/id/104/3 HTTP/1.1 200 496 -
[24/Mar/2021:23:25:32 +0700] XNIO-2 task-1 GET /api/path/file/104 HTTP/1.1 200 538 -
[24/Mar/2021:23:25:32 +0700] XNIO-2 task-2 GET /api/path/file/id/104/1 HTTP/1.1 200 488 -
[24/Mar/2021:23:25:32 +0700] XNIO-2 task-6 GET /api/path/file/id/104/2 HTTP/1.1 200 489 -
[24/Mar/2021:23:25:32 +0700] XNIO-2 task-4 GET /api/path/file/id/104/4 HTTP/1.1 200 29 -
[24/Mar/2021:23:25:32 +0700] XNIO-2 task-5 GET /api/path/file/id/104/5 HTTP/1.1 200 29 -
[24/Mar/2021:23:25:32 +0700] XNIO-2 task-1 GET /api/path/file/id/104/3 HTTP/1.1 200 496 -
[24/Mar/2021:23:25:33 +0700] XNIO-2 task-1 GET /api/path/file/104 HTTP/1.1 200 538 -
[24/Mar/2021:23:25:33 +0700] XNIO-2 task-5 GET /api/path/file/id/104/1 HTTP/1.1 200 488 -
[24/Mar/2021:23:25:33 +0700] XNIO-2 task-4 GET /api/path/file/id/104/2 HTTP/1.1 200 489 -
[24/Mar/2021:23:25:33 +0700] XNIO-2 task-6 GET /api/path/file/id/104/3 HTTP/1.1 200 496 -
[24/Mar/2021:23:25:33 +0700] XNIO-2 task-2 GET /api/path/file/id/104/4 HTTP/1.1 200 29 -
[24/Mar/2021:23:25:33 +0700] XNIO-2 task-6 GET /api/path/file/id/104/5 HTTP/1.1 200 29 -
[24/Mar/2021:23:25:38 +0700] XNIO-2 task-1 GET /api/path/file/id/104/4 HTTP/1.1 200 29 -
[24/Mar/2021:23:25:38 +0700] XNIO-2 task-2 GET /api/path/file/id/104/2 HTTP/1.1 200 489 -
[24/Mar/2021:23:25:38 +0700] XNIO-2 task-4 GET /api/path/file/id/104/1 HTTP/1.1 200 488 -
[24/Mar/2021:23:25:38 +0700] XNIO-2 task-3 GET /api/path/file/id/104/5 HTTP/1.1 200 29 -
[24/Mar/2021:23:25:38 +0700] XNIO-2 task-5 GET /api/path/file/id/104/3 HTTP/1.1 200 496 -
[24/Mar/2021:23:25:38 +0700] XNIO-2 task-6 GET /api/path/file/104 HTTP/1.1 200 538 -
[24/Mar/2021:23:25:40 +0700] XNIO-2 task-6 GET /api/path/file/104 HTTP/1.1 200 538 -
[24/Mar/2021:23:25:40 +0700] XNIO-2 task-3 GET /api/path/file/id/104/2 HTTP/1.1 200 489 -
[24/Mar/2021:23:25:40 +0700] XNIO-2 task-2 GET /api/path/file/id/104/4 HTTP/1.1 200 29 -
[24/Mar/2021:23:25:40 +0700] XNIO-2 task-5 GET /api/path/file/id/104/1 HTTP/1.1 200 488 -
[24/Mar/2021:23:25:40 +0700] XNIO-2 task-4 GET /api/path/file/id/104/3 HTTP/1.1 200 496 -
[24/Mar/2021:23:25:40 +0700] XNIO-2 task-1 GET /api/path/file/id/104/5 HTTP/1.1 200 29 -
[24/Mar/2021:23:25:46 +0700] XNIO-2 task-1 GET /api/path/file/104 HTTP/1.1 200 538 -
[24/Mar/2021:23:25:46 +0700] XNIO-2 task-4 GET /api/path/file/id/104/1 HTTP/1.1 200 488 -
[24/Mar/2021:23:25:46 +0700] XNIO-2 task-3 GET /api/path/file/id/104/4 HTTP/1.1 200 29 -
[24/Mar/2021:23:25:46 +0700] XNIO-2 task-5 GET /api/path/file/id/104/2 HTTP/1.1 200 489 -
[24/Mar/2021:23:25:46 +0700] XNIO-2 task-2 GET /api/path/file/id/104/3 HTTP/1.1 200 496 -
[24/Mar/2021:23:25:47 +0700] XNIO-2 task-6 GET /api/path/file/id/104/5 HTTP/1.1 200 29 -
[24/Mar/2021:23:25:59 +0700] XNIO-2 task-6 POST /api/path/file HTTP/1.1 200 145 -
[24/Mar/2021:23:25:59 +0700] XNIO-2 task-5 GET /api/path/file/104 HTTP/1.1 200 562 -
[24/Mar/2021:23:25:59 +0700] XNIO-2 task-6 GET /api/path/file/pr/104 HTTP/1.1 200 456 -
[24/Mar/2021:23:27:43 +0700] XNIO-2 task-6 GET /api/path/file/104 HTTP/1.1 200 564 -
[24/Mar/2021:23:27:43 +0700] XNIO-2 task-5 GET /api/path/file/id/104/1 HTTP/1.1 200 489 -
[24/Mar/2021:23:27:43 +0700] XNIO-2 task-4 GET /api/path/file/id/104/3 HTTP/1.1 200 497 -
[24/Mar/2021:23:27:43 +0700] XNIO-2 task-2 GET /api/path/file/id/104/2 HTTP/1.1 200 489 -
[24/Mar/2021:23:27:43 +0700] XNIO-2 task-1 GET /api/path/file/id/104/5 HTTP/1.1 200 29 -
[24/Mar/2021:23:27:43 +0700] XNIO-2 task-3 GET /api/path/file/id/104/4 HTTP/1.1 200 498 -
[24/Mar/2021:23:32:44 +0700] XNIO-2 task-3 POST /api/path/file HTTP/1.1 500 1992 -
[24/Mar/2021:23:32:52 +0700] XNIO-2 task-1 POST /api/path/file HTTP/1.1 500 1992 -
[24/Mar/2021:23:33:08 +0700] XNIO-2 task-3 POST /api/path/file HTTP/1.1 200 145 -
[24/Mar/2021:23:33:08 +0700] XNIO-2 task-3 GET /api/path/file/104 HTTP/1.1 200 579 -
[24/Mar/2021:23:33:08 +0700] XNIO-2 task-1 GET /api/path/file/pr/104 HTTP/1.1 200 455 -
[24/Mar/2021:23:33:19 +0700] XNIO-2 task-1 OPTIONS /api/path/file/delete/113/5 HTTP/1.1 200 - -
[24/Mar/2021:23:33:19 +0700] XNIO-2 task-1 DELETE /api/path/file/delete/113/5 HTTP/1.1 200 - -
[24/Mar/2021:23:33:19 +0700] XNIO-2 task-1 GET /api/path/file/104 HTTP/1.1 200 563 -
[24/Mar/2021:23:33:19 +0700] XNIO-2 task-3 GET /api/path/file/pr/104 HTTP/1.1 200 456 -
[24/Mar/2021:23:33:21 +0700] XNIO-2 task-3 OPTIONS /api/path/file/delete/112/4 HTTP/1.1 200 - -
[24/Mar/2021:23:33:22 +0700] XNIO-2 task-3 DELETE /api/path/file/delete/112/4 HTTP/1.1 200 - -
[24/Mar/2021:23:33:22 +0700] XNIO-2 task-3 GET /api/path/file/104 HTTP/1.1 200 539 -
[24/Mar/2021:23:33:22 +0700] XNIO-2 task-1 GET /api/path/file/pr/104 HTTP/1.1 200 456 -
[24/Mar/2021:23:33:23 +0700] XNIO-2 task-1 OPTIONS /api/path/file/delete/109/3 HTTP/1.1 200 - -
[24/Mar/2021:23:33:24 +0700] XNIO-2 task-1 DELETE /api/path/file/delete/109/3 HTTP/1.1 200 - -
[24/Mar/2021:23:33:24 +0700] XNIO-2 task-3 GET /api/path/file/104 HTTP/1.1 200 515 -
[24/Mar/2021:23:33:24 +0700] XNIO-2 task-1 GET /api/path/file/pr/104 HTTP/1.1 200 455 -
[24/Mar/2021:23:33:26 +0700] XNIO-2 task-1 GET /api/path/file/104 HTTP/1.1 200 514 -
[24/Mar/2021:23:33:26 +0700] XNIO-2 task-3 GET /api/path/file/id/104/1 HTTP/1.1 200 489 -
[24/Mar/2021:23:33:26 +0700] XNIO-2 task-6 GET /api/path/file/id/104/5 HTTP/1.1 200 29 -
[24/Mar/2021:23:33:26 +0700] XNIO-2 task-5 GET /api/path/file/id/104/4 HTTP/1.1 200 29 -
[24/Mar/2021:23:33:26 +0700] XNIO-2 task-4 GET /api/path/file/id/104/3 HTTP/1.1 200 29 -
[24/Mar/2021:23:33:26 +0700] XNIO-2 task-2 GET /api/path/file/id/104/2 HTTP/1.1 200 488 -
[24/Mar/2021:23:34:10 +0700] XNIO-2 task-2 GET /api/path/file/104 HTTP/1.1 200 514 -
[24/Mar/2021:23:34:10 +0700] XNIO-2 task-3 GET /api/path/file/id/104/5 HTTP/1.1 200 29 -
[24/Mar/2021:23:34:10 +0700] XNIO-2 task-6 GET /api/path/file/id/104/4 HTTP/1.1 200 29 -
[24/Mar/2021:23:34:10 +0700] XNIO-2 task-5 GET /api/path/file/id/104/3 HTTP/1.1 200 29 -
[24/Mar/2021:23:34:10 +0700] XNIO-2 task-2 GET /api/path/file/id/104/1 HTTP/1.1 200 489 -
[24/Mar/2021:23:34:10 +0700] XNIO-2 task-4 GET /api/path/file/id/104/2 HTTP/1.1 200 488 -
[24/Mar/2021:23:34:12 +0700] XNIO-2 task-1 GET /api/path/file/id/104/5 HTTP/1.1 200 29 -
[24/Mar/2021:23:34:12 +0700] XNIO-2 task-6 GET /api/path/file/id/104/4 HTTP/1.1 200 29 -
[24/Mar/2021:23:34:12 +0700] XNIO-2 task-4 GET /api/path/file/104 HTTP/1.1 200 514 -
[24/Mar/2021:23:34:12 +0700] XNIO-2 task-2 GET /api/path/file/id/104/1 HTTP/1.1 200 489 -
[24/Mar/2021:23:34:12 +0700] XNIO-2 task-3 GET /api/path/file/id/104/3 HTTP/1.1 200 29 -
[24/Mar/2021:23:34:12 +0700] XNIO-2 task-5 GET /api/path/file/id/104/2 HTTP/1.1 200 488 -
[24/Mar/2021:23:34:13 +0700] XNIO-2 task-5 GET /api/path/file/104 HTTP/1.1 200 514 -
[24/Mar/2021:23:34:13 +0700] XNIO-2 task-4 GET /api/path/file/id/104/3 HTTP/1.1 200 29 -
[24/Mar/2021:23:34:13 +0700] XNIO-2 task-6 GET /api/path/file/id/104/5 HTTP/1.1 200 29 -
[24/Mar/2021:23:34:13 +0700] XNIO-2 task-1 GET /api/path/file/id/104/4 HTTP/1.1 200 29 -
[24/Mar/2021:23:34:13 +0700] XNIO-2 task-2 GET /api/path/file/id/104/2 HTTP/1.1 200 488 -
[24/Mar/2021:23:34:13 +0700] XNIO-2 task-3 GET /api/path/file/id/104/1 HTTP/1.1 200 489 -
[24/Mar/2021:23:34:50 +0700] XNIO-2 task-6 GET /api/path/file/id/104/4 HTTP/1.1 200 29 -
[24/Mar/2021:23:34:50 +0700] XNIO-2 task-2 GET /api/path/file/104 HTTP/1.1 200 514 -
[24/Mar/2021:23:34:50 +0700] XNIO-2 task-3 GET /api/path/file/id/104/3 HTTP/1.1 200 29 -
[24/Mar/2021:23:34:50 +0700] XNIO-2 task-5 GET /api/path/file/id/104/5 HTTP/1.1 200 29 -
[24/Mar/2021:23:34:50 +0700] XNIO-2 task-1 GET /api/path/file/id/104/2 HTTP/1.1 200 488 -
[24/Mar/2021:23:34:50 +0700] XNIO-2 task-4 GET /api/path/file/id/104/1 HTTP/1.1 200 489 -
[24/Mar/2021:23:34:53 +0700] XNIO-2 task-6 GET /api/path/file/id/104/5 HTTP/1.1 200 29 -
[24/Mar/2021:23:34:53 +0700] XNIO-2 task-5 GET /api/path/file/id/104/3 HTTP/1.1 200 29 -
[24/Mar/2021:23:34:53 +0700] XNIO-2 task-2 GET /api/path/file/id/104/4 HTTP/1.1 200 29 -
[24/Mar/2021:23:34:53 +0700] XNIO-2 task-3 GET /api/path/file/id/104/2 HTTP/1.1 200 488 -
[24/Mar/2021:23:34:53 +0700] XNIO-2 task-4 GET /api/path/file/104 HTTP/1.1 200 514 -
[24/Mar/2021:23:34:53 +0700] XNIO-2 task-1 GET /api/path/file/id/104/1 HTTP/1.1 200 489 -
[24/Mar/2021:23:35:09 +0700] XNIO-2 task-1 POST /api/path/file HTTP/1.1 200 145 -
[24/Mar/2021:23:35:09 +0700] XNIO-2 task-1 GET /api/path/file/104 HTTP/1.1 200 541 -
[24/Mar/2021:23:35:09 +0700] XNIO-2 task-4 GET /api/path/file/pr/104 HTTP/1.1 200 456 -
[24/Mar/2021:23:35:21 +0700] XNIO-2 task-4 GET /api/path/file/104 HTTP/1.1 200 541 -
[24/Mar/2021:23:35:21 +0700] XNIO-2 task-5 GET /api/path/file/id/104/4 HTTP/1.1 200 29 -
[24/Mar/2021:23:35:21 +0700] XNIO-2 task-1 GET /api/path/file/id/104/1 HTTP/1.1 200 488 -
[24/Mar/2021:23:35:21 +0700] XNIO-2 task-6 GET /api/path/file/id/104/5 HTTP/1.1 200 29 -
[24/Mar/2021:23:35:21 +0700] XNIO-2 task-2 GET /api/path/file/id/104/3 HTTP/1.1 200 499 -
[24/Mar/2021:23:35:21 +0700] XNIO-2 task-3 GET /api/path/file/id/104/2 HTTP/1.1 200 489 -
[24/Mar/2021:23:35:26 +0700] XNIO-2 task-3 GET /api/path/file/104 HTTP/1.1 200 541 -
[24/Mar/2021:23:35:26 +0700] XNIO-2 task-2 GET /api/path/file/id/104/1 HTTP/1.1 200 488 -
[24/Mar/2021:23:35:26 +0700] XNIO-2 task-5 GET /api/path/file/id/104/3 HTTP/1.1 200 499 -
[24/Mar/2021:23:35:26 +0700] XNIO-2 task-1 GET /api/path/file/id/104/4 HTTP/1.1 200 29 -
[24/Mar/2021:23:35:26 +0700] XNIO-2 task-6 GET /api/path/file/id/104/2 HTTP/1.1 200 489 -
[24/Mar/2021:23:35:26 +0700] XNIO-2 task-4 GET /api/path/file/id/104/5 HTTP/1.1 200 29 -
[24/Mar/2021:23:35:41 +0700] XNIO-2 task-4 POST /api/path/file HTTP/1.1 200 208 -
[24/Mar/2021:23:35:41 +0700] XNIO-2 task-4 GET /api/path/file/104 HTTP/1.1 200 602 -
[24/Mar/2021:23:35:41 +0700] XNIO-2 task-6 GET /api/path/file/pr/104 HTTP/1.1 200 456 -
[24/Mar/2021:23:35:55 +0700] XNIO-2 task-6 POST /api/path/file HTTP/1.1 500 1992 -
[24/Mar/2021:23:36:04 +0700] XNIO-2 task-4 GET /api/path/file/104 HTTP/1.1 200 602 -
[24/Mar/2021:23:36:04 +0700] XNIO-2 task-6 GET /api/path/file/id/104/1 HTTP/1.1 200 489 -
[24/Mar/2021:23:36:04 +0700] XNIO-2 task-5 GET /api/path/file/id/104/3 HTTP/1.1 200 499 -
[24/Mar/2021:23:36:04 +0700] XNIO-2 task-2 GET /api/path/file/id/104/4 HTTP/1.1 200 531 -
[24/Mar/2021:23:36:04 +0700] XNIO-2 task-1 GET /api/path/file/id/104/2 HTTP/1.1 200 489 -
[24/Mar/2021:23:36:04 +0700] XNIO-2 task-3 GET /api/path/file/id/104/5 HTTP/1.1 200 29 -
[24/Mar/2021:23:36:21 +0700] XNIO-2 task-3 POST /api/path/file HTTP/1.1 200 145 -
[24/Mar/2021:23:36:21 +0700] XNIO-2 task-3 GET /api/path/file/104 HTTP/1.1 200 628 -
[24/Mar/2021:23:36:21 +0700] XNIO-2 task-1 GET /api/path/file/pr/104 HTTP/1.1 200 455 -
[24/Mar/2021:23:36:28 +0700] XNIO-2 task-1 OPTIONS /api/path/file/delete/116/5 HTTP/1.1 200 - -
[24/Mar/2021:23:36:28 +0700] XNIO-2 task-1 DELETE /api/path/file/delete/116/5 HTTP/1.1 200 - -
[24/Mar/2021:23:36:28 +0700] XNIO-2 task-3 GET /api/path/file/104 HTTP/1.1 200 602 -
[24/Mar/2021:23:36:28 +0700] XNIO-2 task-1 GET /api/path/file/pr/104 HTTP/1.1 200 456 -
[24/Mar/2021:23:36:30 +0700] XNIO-2 task-1 GET /api/path/file/104 HTTP/1.1 200 602 -
[24/Mar/2021:23:36:30 +0700] XNIO-2 task-6 GET /api/path/file/id/104/4 HTTP/1.1 200 531 -
[24/Mar/2021:23:36:30 +0700] XNIO-2 task-2 GET /api/path/file/id/104/3 HTTP/1.1 200 499 -
[24/Mar/2021:23:36:30 +0700] XNIO-2 task-3 GET /api/path/file/id/104/1 HTTP/1.1 200 489 -
[24/Mar/2021:23:36:30 +0700] XNIO-2 task-5 GET /api/path/file/id/104/2 HTTP/1.1 200 489 -
[24/Mar/2021:23:36:30 +0700] XNIO-2 task-4 GET /api/path/file/id/104/5 HTTP/1.1 200 29 -
[24/Mar/2021:23:36:38 +0700] XNIO-2 task-4 POST /api/path/file HTTP/1.1 500 1991 -
[24/Mar/2021:23:36:48 +0700] XNIO-2 task-5 POST /api/path/file HTTP/1.1 200 145 -
[24/Mar/2021:23:36:48 +0700] XNIO-2 task-5 GET /api/path/file/104 HTTP/1.1 200 628 -
[24/Mar/2021:23:36:48 +0700] XNIO-2 task-4 GET /api/path/file/pr/104 HTTP/1.1 200 455 -
[24/Mar/2021:23:37:01 +0700] XNIO-2 task-4 GET /api/path/file/104 HTTP/1.1 200 627 -
[24/Mar/2021:23:37:01 +0700] XNIO-2 task-5 GET /api/path/file/id/104/1 HTTP/1.1 200 488 -
[24/Mar/2021:23:37:01 +0700] XNIO-2 task-2 GET /api/path/file/id/104/3 HTTP/1.1 200 495 -
[24/Mar/2021:23:37:01 +0700] XNIO-2 task-3 GET /api/path/file/id/104/4 HTTP/1.1 200 529 -
[24/Mar/2021:23:37:01 +0700] XNIO-2 task-1 GET /api/path/file/id/104/5 HTTP/1.1 200 496 -
[24/Mar/2021:23:37:01 +0700] XNIO-2 task-6 GET /api/path/file/id/104/2 HTTP/1.1 200 488 -
[24/Mar/2021:23:37:04 +0700] XNIO-2 task-6 GET /api/path/file/104 HTTP/1.1 200 627 -
[24/Mar/2021:23:37:04 +0700] XNIO-2 task-1 GET /api/path/file/id/104/1 HTTP/1.1 200 488 -
[24/Mar/2021:23:37:04 +0700] XNIO-2 task-2 GET /api/path/file/id/104/3 HTTP/1.1 200 495 -
[24/Mar/2021:23:37:04 +0700] XNIO-2 task-3 GET /api/path/file/id/104/2 HTTP/1.1 200 488 -
[24/Mar/2021:23:37:04 +0700] XNIO-2 task-5 GET /api/path/file/id/104/4 HTTP/1.1 200 529 -
[24/Mar/2021:23:37:04 +0700] XNIO-2 task-4 GET /api/path/file/id/104/5 HTTP/1.1 200 496 -
[24/Mar/2021:23:39:19 +0700] XNIO-2 task-4 GET /api/path/file/104 HTTP/1.1 200 627 -
[24/Mar/2021:23:39:19 +0700] XNIO-2 task-5 GET /api/path/file/id/104/1 HTTP/1.1 200 488 -
[24/Mar/2021:23:39:19 +0700] XNIO-2 task-6 GET /api/path/file/id/104/5 HTTP/1.1 200 496 -
[24/Mar/2021:23:39:19 +0700] XNIO-2 task-3 GET /api/path/file/id/104/2 HTTP/1.1 200 488 -
[24/Mar/2021:23:39:19 +0700] XNIO-2 task-1 GET /api/path/file/id/104/4 HTTP/1.1 200 529 -
[24/Mar/2021:23:39:19 +0700] XNIO-2 task-2 GET /api/path/file/id/104/3 HTTP/1.1 200 495 -
[24/Mar/2021:23:40:30 +0700] XNIO-2 task-2 GET /api/path/file/104 HTTP/1.1 200 627 -
[24/Mar/2021:23:40:30 +0700] XNIO-2 task-1 GET /api/path/file/id/104/1 HTTP/1.1 200 488 -
[24/Mar/2021:23:40:30 +0700] XNIO-2 task-4 GET /api/path/file/id/104/5 HTTP/1.1 200 496 -
[24/Mar/2021:23:40:30 +0700] XNIO-2 task-5 GET /api/path/file/id/104/4 HTTP/1.1 200 529 -
[24/Mar/2021:23:40:30 +0700] XNIO-2 task-3 GET /api/path/file/id/104/2 HTTP/1.1 200 488 -
[24/Mar/2021:23:40:30 +0700] XNIO-2 task-6 GET /api/path/file/id/104/3 HTTP/1.1 200 495 -
[24/Mar/2021:23:40:48 +0700] XNIO-2 task-5 GET /api/path/file/id/104/2 HTTP/1.1 200 488 -
[24/Mar/2021:23:40:48 +0700] XNIO-2 task-6 GET /api/path/file/104 HTTP/1.1 200 627 -
[24/Mar/2021:23:40:48 +0700] XNIO-2 task-1 GET /api/path/file/id/104/4 HTTP/1.1 200 529 -
[24/Mar/2021:23:40:48 +0700] XNIO-2 task-4 GET /api/path/file/id/104/3 HTTP/1.1 200 495 -
[24/Mar/2021:23:40:48 +0700] XNIO-2 task-3 GET /api/path/file/id/104/1 HTTP/1.1 200 488 -
[24/Mar/2021:23:40:48 +0700] XNIO-2 task-2 GET /api/path/file/id/104/5 HTTP/1.1 200 496 -
[24/Mar/2021:23:40:52 +0700] XNIO-2 task-2 GET /api/path/file/104 HTTP/1.1 200 627 -
[24/Mar/2021:23:40:52 +0700] XNIO-2 task-3 GET /api/path/file/id/104/1 HTTP/1.1 200 488 -
[24/Mar/2021:23:40:52 +0700] XNIO-2 task-4 GET /api/path/file/id/104/2 HTTP/1.1 200 488 -
[24/Mar/2021:23:40:52 +0700] XNIO-2 task-1 GET /api/path/file/id/104/3 HTTP/1.1 200 495 -
[24/Mar/2021:23:40:52 +0700] XNIO-2 task-5 GET /api/path/file/id/104/5 HTTP/1.1 200 496 -
[24/Mar/2021:23:40:52 +0700] XNIO-2 task-6 GET /api/path/file/id/104/4 HTTP/1.1 200 529 -
[24/Mar/2021:23:41:06 +0700] XNIO-2 task-6 GET /api/path/file/104 HTTP/1.1 200 627 -
[24/Mar/2021:23:41:06 +0700] XNIO-2 task-5 GET /api/path/file/id/104/1 HTTP/1.1 200 488 -
[24/Mar/2021:23:41:06 +0700] XNIO-2 task-1 GET /api/path/file/id/104/2 HTTP/1.1 200 488 -
[24/Mar/2021:23:41:06 +0700] XNIO-2 task-3 GET /api/path/file/id/104/4 HTTP/1.1 200 529 -
[24/Mar/2021:23:41:06 +0700] XNIO-2 task-4 GET /api/path/file/id/104/3 HTTP/1.1 200 495 -
[24/Mar/2021:23:41:06 +0700] XNIO-2 task-2 GET /api/path/file/id/104/5 HTTP/1.1 200 496 -
[24/Mar/2021:23:41:49 +0700] XNIO-2 task-2 GET /api/path/file/104 HTTP/1.1 200 627 -
[24/Mar/2021:23:41:49 +0700] XNIO-2 task-4 GET /api/path/file/id/104/1 HTTP/1.1 200 488 -
[24/Mar/2021:23:41:49 +0700] XNIO-2 task-5 GET /api/path/file/id/104/4 HTTP/1.1 200 529 -
[24/Mar/2021:23:41:49 +0700] XNIO-2 task-3 GET /api/path/file/id/104/2 HTTP/1.1 200 488 -
[24/Mar/2021:23:41:49 +0700] XNIO-2 task-1 GET /api/path/file/id/104/3 HTTP/1.1 200 495 -
[24/Mar/2021:23:41:49 +0700] XNIO-2 task-6 GET /api/path/file/id/104/5 HTTP/1.1 200 496 -
[24/Mar/2021:23:41:54 +0700] XNIO-2 task-6 OPTIONS /api/path/file/delete/117/5 HTTP/1.1 200 - -
[24/Mar/2021:23:41:55 +0700] XNIO-2 task-6 DELETE /api/path/file/delete/117/5 HTTP/1.1 200 - -
[24/Mar/2021:23:41:55 +0700] XNIO-2 task-1 GET /api/path/file/104 HTTP/1.1 200 602 -
[24/Mar/2021:23:41:55 +0700] XNIO-2 task-6 GET /api/path/file/pr/104 HTTP/1.1 200 456 -
[24/Mar/2021:23:42:00 +0700] XNIO-2 task-6 OPTIONS /api/path/file/delete/115/4 HTTP/1.1 200 - -
[24/Mar/2021:23:42:00 +0700] XNIO-2 task-6 DELETE /api/path/file/delete/115/4 HTTP/1.1 200 - -
[24/Mar/2021:23:42:00 +0700] XNIO-2 task-1 GET /api/path/file/104 HTTP/1.1 200 542 -
[24/Mar/2021:23:42:00 +0700] XNIO-2 task-6 GET /api/path/file/pr/104 HTTP/1.1 200 456 -
[24/Mar/2021:23:42:05 +0700] XNIO-2 task-6 GET /api/path/file/104 HTTP/1.1 200 541 -
[24/Mar/2021:23:42:05 +0700] XNIO-2 task-2 GET /api/path/file/id/104/5 HTTP/1.1 200 29 -
[24/Mar/2021:23:42:05 +0700] XNIO-2 task-4 GET /api/path/file/id/104/4 HTTP/1.1 200 29 -
[24/Mar/2021:23:42:05 +0700] XNIO-2 task-1 GET /api/path/file/id/104/1 HTTP/1.1 200 488 -
[24/Mar/2021:23:42:05 +0700] XNIO-2 task-3 GET /api/path/file/id/104/2 HTTP/1.1 200 489 -
[24/Mar/2021:23:42:05 +0700] XNIO-2 task-5 GET /api/path/file/id/104/3 HTTP/1.1 200 499 -
[24/Mar/2021:23:42:16 +0700] XNIO-2 task-5 POST /api/path/file HTTP/1.1 200 145 -
[24/Mar/2021:23:42:16 +0700] XNIO-2 task-5 GET /api/path/file/104 HTTP/1.1 200 564 -
[24/Mar/2021:23:42:16 +0700] XNIO-2 task-1 GET /api/path/file/pr/104 HTTP/1.1 200 456 -
[24/Mar/2021:23:42:44 +0700] XNIO-2 task-1 POST /api/path/file HTTP/1.1 400 1767 -
[24/Mar/2021:23:43:02 +0700] XNIO-2 task-1 POST /api/path/file HTTP/1.1 200 225 -
[24/Mar/2021:23:43:03 +0700] XNIO-2 task-1 GET /api/path/file/104 HTTP/1.1 200 636 -
[24/Mar/2021:23:43:03 +0700] XNIO-2 task-5 GET /api/path/file/pr/104 HTTP/1.1 200 455 -
[24/Mar/2021:23:46:43 +0700] XNIO-2 task-5 GET /api/path/file/104 HTTP/1.1 200 635 -
[24/Mar/2021:23:46:43 +0700] XNIO-2 task-1 GET /api/path/file/id/104/1 HTTP/1.1 200 488 -
[24/Mar/2021:23:46:43 +0700] XNIO-2 task-3 GET /api/path/file/id/104/2 HTTP/1.1 200 488 -
[24/Mar/2021:23:46:43 +0700] XNIO-2 task-4 GET /api/path/file/id/104/3 HTTP/1.1 200 495 -
[24/Mar/2021:23:46:43 +0700] XNIO-2 task-5 GET /api/path/file/id/104/4 HTTP/1.1 200 494 -
[24/Mar/2021:23:46:43 +0700] XNIO-2 task-1 GET /api/path/file/id/104/5 HTTP/1.1 200 543 -
[24/Mar/2021:23:46:55 +0700] XNIO-2 task-5 GET /api/path/file/104 HTTP/1.1 200 635 -
[24/Mar/2021:23:46:55 +0700] XNIO-2 task-4 GET /api/path/file/id/104/2 HTTP/1.1 200 488 -
[24/Mar/2021:23:46:55 +0700] XNIO-2 task-1 GET /api/path/file/id/104/1 HTTP/1.1 200 488 -
[24/Mar/2021:23:46:55 +0700] XNIO-2 task-3 GET /api/path/file/id/104/3 HTTP/1.1 200 495 -
[24/Mar/2021:23:46:55 +0700] XNIO-2 task-2 GET /api/path/file/id/104/4 HTTP/1.1 200 494 -
[24/Mar/2021:23:46:55 +0700] XNIO-2 task-5 GET /api/path/file/id/104/5 HTTP/1.1 200 543 -
[24/Mar/2021:23:47:06 +0700] XNIO-2 task-2 GET /api/path/file/id/104/1 HTTP/1.1 200 488 -
[24/Mar/2021:23:47:06 +0700] XNIO-2 task-3 GET /api/path/file/id/104/2 HTTP/1.1 200 488 -
[24/Mar/2021:23:47:06 +0700] XNIO-2 task-5 GET /api/path/file/104 HTTP/1.1 200 635 -
[24/Mar/2021:23:47:06 +0700] XNIO-2 task-4 GET /api/path/file/id/104/4 HTTP/1.1 200 494 -
[24/Mar/2021:23:47:06 +0700] XNIO-2 task-1 GET /api/path/file/id/104/3 HTTP/1.1 200 495 -
[24/Mar/2021:23:47:06 +0700] XNIO-2 task-6 GET /api/path/file/id/104/5 HTTP/1.1 200 543 -
[24/Mar/2021:23:47:10 +0700] XNIO-2 task-6 GET /api/path/file/104 HTTP/1.1 200 635 -
[24/Mar/2021:23:47:10 +0700] XNIO-2 task-4 GET /api/path/file/id/104/1 HTTP/1.1 200 488 -
[24/Mar/2021:23:47:10 +0700] XNIO-2 task-1 GET /api/path/file/id/104/2 HTTP/1.1 200 488 -
[24/Mar/2021:23:47:10 +0700] XNIO-2 task-5 GET /api/path/file/id/104/3 HTTP/1.1 200 495 -
[24/Mar/2021:23:47:10 +0700] XNIO-2 task-3 GET /api/path/file/id/104/4 HTTP/1.1 200 494 -
[24/Mar/2021:23:47:10 +0700] XNIO-2 task-2 GET /api/path/file/id/104/5 HTTP/1.1 200 543 -
[24/Mar/2021:23:47:17 +0700] XNIO-2 task-1 GET /api/path/file/id/104/3 HTTP/1.1 200 495 -
[24/Mar/2021:23:47:17 +0700] XNIO-2 task-2 GET /api/path/file/104 HTTP/1.1 200 635 -
[24/Mar/2021:23:47:17 +0700] XNIO-2 task-5 GET /api/path/file/id/104/2 HTTP/1.1 200 488 -
[24/Mar/2021:23:47:17 +0700] XNIO-2 task-3 GET /api/path/file/id/104/1 HTTP/1.1 200 488 -
[24/Mar/2021:23:47:17 +0700] XNIO-2 task-6 GET /api/path/file/id/104/5 HTTP/1.1 200 543 -
[24/Mar/2021:23:47:17 +0700] XNIO-2 task-4 GET /api/path/file/id/104/4 HTTP/1.1 200 494 -
[24/Mar/2021:23:47:21 +0700] XNIO-2 task-4 OPTIONS /api/path/file/delete/119/5 HTTP/1.1 200 - -
[24/Mar/2021:23:47:22 +0700] XNIO-2 task-4 DELETE /api/path/file/delete/119/5 HTTP/1.1 200 - -
[24/Mar/2021:23:47:22 +0700] XNIO-2 task-6 GET /api/path/file/104 HTTP/1.1 200 564 -
[24/Mar/2021:23:47:22 +0700] XNIO-2 task-4 GET /api/path/file/pr/104 HTTP/1.1 200 456 -
[24/Mar/2021:23:47:23 +0700] XNIO-2 task-4 OPTIONS /api/path/file/delete/118/4 HTTP/1.1 200 - -
[24/Mar/2021:23:47:24 +0700] XNIO-2 task-4 DELETE /api/path/file/delete/118/4 HTTP/1.1 200 - -
[24/Mar/2021:23:47:24 +0700] XNIO-2 task-6 GET /api/path/file/104 HTTP/1.1 200 542 -
[24/Mar/2021:23:47:24 +0700] XNIO-2 task-4 GET /api/path/file/pr/104 HTTP/1.1 200 456 -
[24/Mar/2021:23:47:25 +0700] XNIO-2 task-4 OPTIONS /api/path/file/delete/114/3 HTTP/1.1 200 - -
[24/Mar/2021:23:47:25 +0700] XNIO-2 task-4 DELETE /api/path/file/delete/114/3 HTTP/1.1 200 - -
[24/Mar/2021:23:47:25 +0700] XNIO-2 task-6 GET /api/path/file/104 HTTP/1.1 200 515 -
[24/Mar/2021:23:47:25 +0700] XNIO-2 task-4 GET /api/path/file/pr/104 HTTP/1.1 200 455 -
[24/Mar/2021:23:47:26 +0700] XNIO-2 task-4 GET /api/path/research HTTP/1.1 200 457 -
[24/Mar/2021:23:47:28 +0700] XNIO-2 task-4 GET /api/path/research HTTP/1.1 200 457 -
[24/Mar/2021:23:47:28 +0700] XNIO-2 task-4 GET /api/path/research HTTP/1.1 200 457 -
[24/Mar/2021:23:47:31 +0700] XNIO-2 task-4 GET /api/path/research HTTP/1.1 200 457 -
[24/Mar/2021:23:47:31 +0700] XNIO-2 task-3 GET /api/path/file/id/104/3 HTTP/1.1 200 29 -
[24/Mar/2021:23:47:31 +0700] XNIO-2 task-1 GET /api/path/file/id/104/5 HTTP/1.1 200 29 -
[24/Mar/2021:23:47:31 +0700] XNIO-2 task-5 GET /api/path/file/id/104/4 HTTP/1.1 200 29 -
[24/Mar/2021:23:47:31 +0700] XNIO-2 task-4 GET /api/path/file/id/104/1 HTTP/1.1 200 489 -
[24/Mar/2021:23:47:31 +0700] XNIO-2 task-6 GET /api/path/file/id/104/2 HTTP/1.1 200 488 -
[24/Mar/2021:23:47:31 +0700] XNIO-2 task-4 GET /api/path/url/ER.pdf HTTP/1.1 200 63 -
[24/Mar/2021:23:47:31 +0700] XNIO-2 task-6 GET /api/path/url/sssss.pdf HTTP/1.1 200 66 -
[24/Mar/2021:23:47:33 +0700] XNIO-2 task-6 GET /api/path/research HTTP/1.1 200 457 -
[24/Mar/2021:23:47:34 +0700] XNIO-2 task-2 GET /api/path/file/id/104/5 HTTP/1.1 200 29 -
[24/Mar/2021:23:47:34 +0700] XNIO-2 task-3 GET /api/path/file/id/104/3 HTTP/1.1 200 29 -
[24/Mar/2021:23:47:34 +0700] XNIO-2 task-5 GET /api/path/file/id/104/2 HTTP/1.1 200 488 -
[24/Mar/2021:23:47:34 +0700] XNIO-2 task-1 GET /api/path/file/id/104/4 HTTP/1.1 200 29 -
[24/Mar/2021:23:47:34 +0700] XNIO-2 task-4 GET /api/path/file/id/104/1 HTTP/1.1 200 489 -
[24/Mar/2021:23:47:34 +0700] XNIO-2 task-6 GET /api/path/file/104 HTTP/1.1 200 514 -
[24/Mar/2021:23:47:42 +0700] XNIO-2 task-4 POST /api/path/file HTTP/1.1 200 145 -
[24/Mar/2021:23:47:42 +0700] XNIO-2 task-4 GET /api/path/file/104 HTTP/1.1 200 541 -
[24/Mar/2021:23:47:42 +0700] XNIO-2 task-6 GET /api/path/file/pr/104 HTTP/1.1 200 456 -
[24/Mar/2021:23:48:04 +0700] XNIO-2 task-4 GET /api/path/file/id/104/1 HTTP/1.1 200 488 -
[24/Mar/2021:23:48:04 +0700] XNIO-2 task-5 GET /api/path/file/id/104/2 HTTP/1.1 200 489 -
[24/Mar/2021:23:48:04 +0700] XNIO-2 task-6 GET /api/path/file/104 HTTP/1.1 200 540 -
[24/Mar/2021:23:48:04 +0700] XNIO-2 task-3 GET /api/path/file/id/104/5 HTTP/1.1 200 29 -
[24/Mar/2021:23:48:04 +0700] XNIO-2 task-2 GET /api/path/file/id/104/4 HTTP/1.1 200 29 -
[24/Mar/2021:23:48:04 +0700] XNIO-2 task-1 GET /api/path/file/id/104/3 HTTP/1.1 200 498 -
[24/Mar/2021:23:48:39 +0700] XNIO-2 task-1 GET /api/path/file/104 HTTP/1.1 200 540 -
[24/Mar/2021:23:48:39 +0700] XNIO-2 task-4 GET /api/path/file/id/104/3 HTTP/1.1 200 498 -
[24/Mar/2021:23:48:39 +0700] XNIO-2 task-3 GET /api/path/file/id/104/1 HTTP/1.1 200 488 -
[24/Mar/2021:23:48:39 +0700] XNIO-2 task-5 GET /api/path/file/id/104/4 HTTP/1.1 200 29 -
[24/Mar/2021:23:48:39 +0700] XNIO-2 task-2 GET /api/path/file/id/104/2 HTTP/1.1 200 489 -
[24/Mar/2021:23:48:39 +0700] XNIO-2 task-6 GET /api/path/file/id/104/5 HTTP/1.1 200 29 -
[24/Mar/2021:23:49:33 +0700] XNIO-2 task-2 GET /api/path/file/id/104/1 HTTP/1.1 200 488 -
[24/Mar/2021:23:49:33 +0700] XNIO-2 task-6 GET /api/path/file/104 HTTP/1.1 200 540 -
[24/Mar/2021:23:49:33 +0700] XNIO-2 task-5 GET /api/path/file/id/104/2 HTTP/1.1 200 489 -
[24/Mar/2021:23:49:33 +0700] XNIO-2 task-6 GET /api/path/file/id/104/4 HTTP/1.1 200 29 -
[24/Mar/2021:23:49:33 +0700] XNIO-2 task-5 GET /api/path/file/id/104/3 HTTP/1.1 200 498 -
[24/Mar/2021:23:49:33 +0700] XNIO-2 task-2 GET /api/path/file/id/104/5 HTTP/1.1 200 29 -
[24/Mar/2021:23:49:37 +0700] XNIO-2 task-2 GET /api/path/file/104 HTTP/1.1 200 540 -
[24/Mar/2021:23:49:37 +0700] XNIO-2 task-5 GET /api/path/file/id/104/1 HTTP/1.1 200 488 -
[24/Mar/2021:23:49:37 +0700] XNIO-2 task-4 GET /api/path/file/id/104/4 HTTP/1.1 200 29 -
[24/Mar/2021:23:49:37 +0700] XNIO-2 task-1 GET /api/path/file/id/104/5 HTTP/1.1 200 29 -
[24/Mar/2021:23:49:37 +0700] XNIO-2 task-3 GET /api/path/file/id/104/3 HTTP/1.1 200 498 -
[24/Mar/2021:23:49:37 +0700] XNIO-2 task-6 GET /api/path/file/id/104/2 HTTP/1.1 200 489 -
[24/Mar/2021:23:50:08 +0700] XNIO-2 task-3 GET /api/path/file/104 HTTP/1.1 200 540 -
[24/Mar/2021:23:50:08 +0700] XNIO-2 task-6 GET /api/path/file/id/104/1 HTTP/1.1 200 488 -
[24/Mar/2021:23:50:08 +0700] XNIO-2 task-1 GET /api/path/file/id/104/2 HTTP/1.1 200 489 -
[24/Mar/2021:23:50:08 +0700] XNIO-2 task-4 GET /api/path/file/id/104/3 HTTP/1.1 200 498 -
[24/Mar/2021:23:50:08 +0700] XNIO-2 task-5 GET /api/path/file/id/104/4 HTTP/1.1 200 29 -
[24/Mar/2021:23:50:08 +0700] XNIO-2 task-2 GET /api/path/file/id/104/5 HTTP/1.1 200 29 -
[24/Mar/2021:23:50:10 +0700] XNIO-2 task-1 GET /api/path/file/id/104/4 HTTP/1.1 200 29 -
[24/Mar/2021:23:50:10 +0700] XNIO-2 task-3 GET /api/path/file/id/104/5 HTTP/1.1 200 29 -
[24/Mar/2021:23:50:10 +0700] XNIO-2 task-6 GET /api/path/file/id/104/3 HTTP/1.1 200 498 -
[24/Mar/2021:23:50:10 +0700] XNIO-2 task-2 GET /api/path/file/104 HTTP/1.1 200 540 -
[24/Mar/2021:23:50:10 +0700] XNIO-2 task-4 GET /api/path/file/id/104/2 HTTP/1.1 200 489 -
[24/Mar/2021:23:50:10 +0700] XNIO-2 task-5 GET /api/path/file/id/104/1 HTTP/1.1 200 488 -
[24/Mar/2021:23:50:14 +0700] XNIO-2 task-5 GET /api/path/file/104 HTTP/1.1 200 540 -
[24/Mar/2021:23:50:14 +0700] XNIO-2 task-4 GET /api/path/file/id/104/1 HTTP/1.1 200 488 -
[24/Mar/2021:23:50:14 +0700] XNIO-2 task-2 GET /api/path/file/id/104/3 HTTP/1.1 200 498 -
[24/Mar/2021:23:50:14 +0700] XNIO-2 task-6 GET /api/path/file/id/104/2 HTTP/1.1 200 489 -
[24/Mar/2021:23:50:14 +0700] XNIO-2 task-3 GET /api/path/file/id/104/4 HTTP/1.1 200 29 -
[24/Mar/2021:23:50:14 +0700] XNIO-2 task-1 GET /api/path/file/id/104/5 HTTP/1.1 200 29 -
[24/Mar/2021:23:51:08 +0700] XNIO-2 task-2 GET /api/path/file/id/104/3 HTTP/1.1 200 498 -
[24/Mar/2021:23:51:08 +0700] XNIO-2 task-1 GET /api/path/file/104 HTTP/1.1 200 540 -
[24/Mar/2021:23:51:08 +0700] XNIO-2 task-6 GET /api/path/file/id/104/2 HTTP/1.1 200 489 -
[24/Mar/2021:23:51:08 +0700] XNIO-2 task-3 GET /api/path/file/id/104/1 HTTP/1.1 200 488 -
[24/Mar/2021:23:51:08 +0700] XNIO-2 task-4 GET /api/path/file/id/104/5 HTTP/1.1 200 29 -
[24/Mar/2021:23:51:08 +0700] XNIO-2 task-5 GET /api/path/file/id/104/4 HTTP/1.1 200 29 -
[24/Mar/2021:23:51:45 +0700] XNIO-2 task-4 GET /api/path/file/104 HTTP/1.1 200 540 -
[24/Mar/2021:23:51:45 +0700] XNIO-2 task-5 GET /api/path/file/id/104/1 HTTP/1.1 200 488 -
[24/Mar/2021:23:51:45 +0700] XNIO-2 task-1 GET /api/path/file/id/104/4 HTTP/1.1 200 29 -
[24/Mar/2021:23:51:45 +0700] XNIO-2 task-3 GET /api/path/file/id/104/2 HTTP/1.1 200 489 -
[24/Mar/2021:23:51:45 +0700] XNIO-2 task-6 GET /api/path/file/id/104/3 HTTP/1.1 200 498 -
[24/Mar/2021:23:51:45 +0700] XNIO-2 task-2 GET /api/path/file/id/104/5 HTTP/1.1 200 29 -
[24/Mar/2021:23:52:01 +0700] XNIO-2 task-2 POST /api/path/file HTTP/1.1 500 1992 -
[24/Mar/2021:23:52:10 +0700] XNIO-2 task-6 POST /api/path/file HTTP/1.1 200 145 -
[24/Mar/2021:23:52:10 +0700] XNIO-2 task-6 GET /api/path/file/104 HTTP/1.1 200 565 -
[24/Mar/2021:23:52:10 +0700] XNIO-2 task-2 GET /api/path/file/pr/104 HTTP/1.1 200 456 -
[24/Mar/2021:23:52:46 +0700] XNIO-2 task-2 OPTIONS /api/path/file/delete/121/4 HTTP/1.1 200 - -
[24/Mar/2021:23:52:46 +0700] XNIO-2 task-2 DELETE /api/path/file/delete/121/4 HTTP/1.1 200 - -
[24/Mar/2021:23:52:46 +0700] XNIO-2 task-6 GET /api/path/file/104 HTTP/1.1 200 541 -
[24/Mar/2021:23:52:46 +0700] XNIO-2 task-2 GET /api/path/file/pr/104 HTTP/1.1 200 456 -
[24/Mar/2021:23:52:51 +0700] XNIO-2 task-2 GET /api/path/file/104 HTTP/1.1 200 540 -
[24/Mar/2021:23:52:51 +0700] XNIO-2 task-4 GET /api/path/file/id/104/4 HTTP/1.1 200 29 -
[24/Mar/2021:23:52:51 +0700] XNIO-2 task-6 GET /api/path/file/id/104/1 HTTP/1.1 200 488 -
[24/Mar/2021:23:52:51 +0700] XNIO-2 task-1 GET /api/path/file/id/104/3 HTTP/1.1 200 498 -
[24/Mar/2021:23:52:51 +0700] XNIO-2 task-3 GET /api/path/file/id/104/2 HTTP/1.1 200 489 -
[24/Mar/2021:23:52:51 +0700] XNIO-2 task-5 GET /api/path/file/id/104/5 HTTP/1.1 200 29 -
[24/Mar/2021:23:53:56 +0700] XNIO-2 task-5 GET /api/path/file/104 HTTP/1.1 200 540 -
[24/Mar/2021:23:53:56 +0700] XNIO-2 task-2 GET /api/path/file/id/104/5 HTTP/1.1 200 29 -
[24/Mar/2021:23:53:56 +0700] XNIO-2 task-4 GET /api/path/file/id/104/4 HTTP/1.1 200 29 -
[24/Mar/2021:23:53:56 +0700] XNIO-2 task-3 GET /api/path/file/id/104/1 HTTP/1.1 200 488 -
[24/Mar/2021:23:53:56 +0700] XNIO-2 task-6 GET /api/path/file/id/104/3 HTTP/1.1 200 498 -
[24/Mar/2021:23:53:56 +0700] XNIO-2 task-1 GET /api/path/file/id/104/2 HTTP/1.1 200 489 -
[24/Mar/2021:23:54:13 +0700] XNIO-2 task-1 GET /api/path/file/104 HTTP/1.1 200 540 -
[24/Mar/2021:23:54:13 +0700] XNIO-2 task-6 GET /api/path/file/id/104/1 HTTP/1.1 200 488 -
[24/Mar/2021:23:54:13 +0700] XNIO-2 task-4 GET /api/path/file/id/104/4 HTTP/1.1 200 29 -
[24/Mar/2021:23:54:13 +0700] XNIO-2 task-5 GET /api/path/file/id/104/5 HTTP/1.1 200 29 -
[24/Mar/2021:23:54:13 +0700] XNIO-2 task-2 GET /api/path/file/id/104/3 HTTP/1.1 200 498 -
[24/Mar/2021:23:54:13 +0700] XNIO-2 task-3 GET /api/path/file/id/104/2 HTTP/1.1 200 489 -
[24/Mar/2021:23:54:56 +0700] XNIO-2 task-4 GET /api/path/file/id/104/1 HTTP/1.1 200 488 -
[24/Mar/2021:23:54:56 +0700] XNIO-2 task-2 GET /api/path/file/id/104/2 HTTP/1.1 200 489 -
[24/Mar/2021:23:54:56 +0700] XNIO-2 task-3 GET /api/path/file/104 HTTP/1.1 200 540 -
[24/Mar/2021:23:54:56 +0700] XNIO-2 task-5 GET /api/path/file/id/104/3 HTTP/1.1 200 498 -
[24/Mar/2021:23:54:56 +0700] XNIO-2 task-1 GET /api/path/file/id/104/5 HTTP/1.1 200 29 -
[24/Mar/2021:23:54:56 +0700] XNIO-2 task-6 GET /api/path/file/id/104/4 HTTP/1.1 200 29 -
[24/Mar/2021:23:54:56 +0700] XNIO-2 task-6 GET /api/path/file/104 HTTP/1.1 200 540 -
[24/Mar/2021:23:54:56 +0700] XNIO-2 task-4 GET /api/path/file/id/104/4 HTTP/1.1 200 29 -
[24/Mar/2021:23:54:56 +0700] XNIO-2 task-3 GET /api/path/file/id/104/2 HTTP/1.1 200 489 -
[24/Mar/2021:23:54:56 +0700] XNIO-2 task-1 GET /api/path/file/id/104/1 HTTP/1.1 200 488 -
[24/Mar/2021:23:54:56 +0700] XNIO-2 task-5 GET /api/path/file/id/104/3 HTTP/1.1 200 498 -
[24/Mar/2021:23:54:56 +0700] XNIO-2 task-2 GET /api/path/file/id/104/5 HTTP/1.1 200 29 -
[24/Mar/2021:23:55:09 +0700] XNIO-2 task-2 POST /api/path/file HTTP/1.1 200 145 -
[24/Mar/2021:23:55:09 +0700] XNIO-2 task-2 GET /api/path/file/104 HTTP/1.1 200 561 -
[24/Mar/2021:23:55:09 +0700] XNIO-2 task-3 GET /api/path/file/id/104/1 HTTP/1.1 200 488 -
[24/Mar/2021:23:55:09 +0700] XNIO-2 task-6 GET /api/path/file/id/104/3 HTTP/1.1 200 498 -
[24/Mar/2021:23:55:09 +0700] XNIO-2 task-1 GET /api/path/file/id/104/2 HTTP/1.1 200 488 -
[24/Mar/2021:23:55:09 +0700] XNIO-2 task-4 GET /api/path/file/id/104/4 HTTP/1.1 200 493 -
[24/Mar/2021:23:55:09 +0700] XNIO-2 task-5 GET /api/path/file/pr/104 HTTP/1.1 200 456 -
[24/Mar/2021:23:55:09 +0700] XNIO-2 task-6 GET /api/path/file/id/104/5 HTTP/1.1 200 29 -
[24/Mar/2021:23:56:08 +0700] XNIO-2 task-6 GET /api/path/file/104 HTTP/1.1 200 562 -
[24/Mar/2021:23:56:08 +0700] XNIO-2 task-4 GET /api/path/file/id/104/2 HTTP/1.1 200 489 -
[24/Mar/2021:23:56:08 +0700] XNIO-2 task-2 GET /api/path/file/id/104/5 HTTP/1.1 200 29 -
[24/Mar/2021:23:56:08 +0700] XNIO-2 task-1 GET /api/path/file/id/104/3 HTTP/1.1 200 498 -
[24/Mar/2021:23:56:08 +0700] XNIO-2 task-5 GET /api/path/file/id/104/1 HTTP/1.1 200 489 -
[24/Mar/2021:23:56:08 +0700] XNIO-2 task-3 GET /api/path/file/id/104/4 HTTP/1.1 200 493 -
[24/Mar/2021:23:56:12 +0700] XNIO-2 task-3 OPTIONS /api/path/file/delete/122/4 HTTP/1.1 200 - -
[24/Mar/2021:23:56:12 +0700] XNIO-2 task-3 DELETE /api/path/file/delete/122/4 HTTP/1.1 200 - -
[24/Mar/2021:23:56:12 +0700] XNIO-2 task-1 GET /api/path/file/104 HTTP/1.1 200 541 -
[24/Mar/2021:23:56:12 +0700] XNIO-2 task-3 GET /api/path/file/pr/104 HTTP/1.1 200 456 -
[24/Mar/2021:23:56:16 +0700] XNIO-2 task-3 GET /api/path/file/104 HTTP/1.1 200 540 -
[24/Mar/2021:23:56:16 +0700] XNIO-2 task-1 GET /api/path/file/id/104/1 HTTP/1.1 200 488 -
[24/Mar/2021:23:56:16 +0700] XNIO-2 task-2 GET /api/path/file/id/104/3 HTTP/1.1 200 498 -
[24/Mar/2021:23:56:16 +0700] XNIO-2 task-5 GET /api/path/file/id/104/2 HTTP/1.1 200 489 -
[24/Mar/2021:23:56:16 +0700] XNIO-2 task-4 GET /api/path/file/id/104/4 HTTP/1.1 200 29 -
[24/Mar/2021:23:56:16 +0700] XNIO-2 task-6 GET /api/path/file/id/104/5 HTTP/1.1 200 29 -
[24/Mar/2021:23:56:30 +0700] XNIO-2 task-6 POST /api/path/file HTTP/1.1 200 145 -
[24/Mar/2021:23:56:30 +0700] XNIO-2 task-1 GET /api/path/file/id/104/4 HTTP/1.1 200 493 -
[24/Mar/2021:23:56:30 +0700] XNIO-2 task-5 GET /api/path/file/id/104/1 HTTP/1.1 200 488 -
[24/Mar/2021:23:56:30 +0700] XNIO-2 task-2 GET /api/path/file/id/104/2 HTTP/1.1 200 488 -
[24/Mar/2021:23:56:30 +0700] XNIO-2 task-4 GET /api/path/file/104 HTTP/1.1 200 562 -
[24/Mar/2021:23:56:30 +0700] XNIO-2 task-3 GET /api/path/file/id/104/3 HTTP/1.1 200 498 -
[24/Mar/2021:23:56:30 +0700] XNIO-2 task-6 GET /api/path/file/pr/104 HTTP/1.1 200 456 -
[24/Mar/2021:23:56:30 +0700] XNIO-2 task-4 GET /api/path/file/id/104/5 HTTP/1.1 200 29 -
[24/Mar/2021:23:56:56 +0700] XNIO-2 task-4 GET /api/path/file/104 HTTP/1.1 200 562 -
[24/Mar/2021:23:56:56 +0700] XNIO-2 task-6 GET /api/path/file/id/104/1 HTTP/1.1 200 489 -
[24/Mar/2021:23:56:56 +0700] XNIO-2 task-3 GET /api/path/file/id/104/2 HTTP/1.1 200 489 -
[24/Mar/2021:23:56:56 +0700] XNIO-2 task-1 GET /api/path/file/id/104/3 HTTP/1.1 200 498 -
[24/Mar/2021:23:56:56 +0700] XNIO-2 task-2 GET /api/path/file/id/104/5 HTTP/1.1 200 29 -
[24/Mar/2021:23:56:56 +0700] XNIO-2 task-5 GET /api/path/file/id/104/4 HTTP/1.1 200 494 -
[24/Mar/2021:23:57:26 +0700] XNIO-2 task-5 GET /api/path/file/104 HTTP/1.1 200 562 -
[24/Mar/2021:23:57:26 +0700] XNIO-2 task-2 GET /api/path/file/id/104/1 HTTP/1.1 200 489 -
[24/Mar/2021:23:57:26 +0700] XNIO-2 task-3 GET /api/path/file/id/104/2 HTTP/1.1 200 489 -
[24/Mar/2021:23:57:26 +0700] XNIO-2 task-1 GET /api/path/file/id/104/3 HTTP/1.1 200 498 -
[24/Mar/2021:23:57:26 +0700] XNIO-2 task-2 GET /api/path/file/id/104/4 HTTP/1.1 200 494 -
[24/Mar/2021:23:57:26 +0700] XNIO-2 task-3 GET /api/path/file/id/104/5 HTTP/1.1 200 29 -
[24/Mar/2021:23:57:27 +0700] XNIO-2 task-3 GET /api/path/file/104 HTTP/1.1 200 562 -
[24/Mar/2021:23:57:27 +0700] XNIO-2 task-2 GET /api/path/file/id/104/1 HTTP/1.1 200 489 -
[24/Mar/2021:23:57:27 +0700] XNIO-2 task-5 GET /api/path/file/id/104/3 HTTP/1.1 200 498 -
[24/Mar/2021:23:57:27 +0700] XNIO-2 task-1 GET /api/path/file/id/104/2 HTTP/1.1 200 489 -
[24/Mar/2021:23:57:27 +0700] XNIO-2 task-6 GET /api/path/file/id/104/4 HTTP/1.1 200 494 -
[24/Mar/2021:23:57:27 +0700] XNIO-2 task-1 GET /api/path/file/id/104/5 HTTP/1.1 200 29 -
[24/Mar/2021:23:57:35 +0700] XNIO-2 task-1 OPTIONS /api/path/file/delete/123/4 HTTP/1.1 200 - -
[24/Mar/2021:23:57:35 +0700] XNIO-2 task-1 DELETE /api/path/file/delete/123/4 HTTP/1.1 200 - -
[24/Mar/2021:23:57:36 +0700] XNIO-2 task-6 GET /api/path/file/104 HTTP/1.1 200 541 -
[24/Mar/2021:23:57:36 +0700] XNIO-2 task-5 GET /api/path/file/id/104/1 HTTP/1.1 200 489 -
[24/Mar/2021:23:57:36 +0700] XNIO-2 task-3 GET /api/path/file/id/104/2 HTTP/1.1 200 489 -
[24/Mar/2021:23:57:36 +0700] XNIO-2 task-1 GET /api/path/file/pr/104 HTTP/1.1 200 456 -
[24/Mar/2021:23:57:36 +0700] XNIO-2 task-4 GET /api/path/file/id/104/4 HTTP/1.1 200 29 -
[24/Mar/2021:23:57:36 +0700] XNIO-2 task-2 GET /api/path/file/id/104/3 HTTP/1.1 200 498 -
[24/Mar/2021:23:57:36 +0700] XNIO-2 task-6 GET /api/path/file/id/104/5 HTTP/1.1 200 29 -
[24/Mar/2021:23:57:40 +0700] XNIO-2 task-6 OPTIONS /api/path/file/delete/120/3 HTTP/1.1 200 - -
[24/Mar/2021:23:57:40 +0700] XNIO-2 task-6 DELETE /api/path/file/delete/120/3 HTTP/1.1 200 - -
[24/Mar/2021:23:57:40 +0700] XNIO-2 task-2 GET /api/path/file/104 HTTP/1.1 200 515 -
[24/Mar/2021:23:57:40 +0700] XNIO-2 task-4 GET /api/path/file/id/104/1 HTTP/1.1 200 488 -
[24/Mar/2021:23:57:40 +0700] XNIO-2 task-1 GET /api/path/file/id/104/2 HTTP/1.1 200 489 -
[24/Mar/2021:23:57:40 +0700] XNIO-2 task-6 GET /api/path/file/pr/104 HTTP/1.1 200 455 -
[24/Mar/2021:23:57:40 +0700] XNIO-2 task-3 GET /api/path/file/id/104/3 HTTP/1.1 200 29 -
[24/Mar/2021:23:57:40 +0700] XNIO-2 task-5 GET /api/path/file/id/104/4 HTTP/1.1 200 29 -
[24/Mar/2021:23:57:40 +0700] XNIO-2 task-2 GET /api/path/file/id/104/5 HTTP/1.1 200 29 -
[24/Mar/2021:23:58:36 +0700] XNIO-2 task-2 GET /api/path/file/104 HTTP/1.1 200 514 -
[24/Mar/2021:23:58:36 +0700] XNIO-2 task-6 GET /api/path/file/id/104/2 HTTP/1.1 200 488 -
[24/Mar/2021:23:58:36 +0700] XNIO-2 task-5 GET /api/path/file/id/104/1 HTTP/1.1 200 489 -
[24/Mar/2021:23:58:36 +0700] XNIO-2 task-3 GET /api/path/file/id/104/3 HTTP/1.1 200 29 -
[24/Mar/2021:23:58:36 +0700] XNIO-2 task-1 GET /api/path/file/id/104/4 HTTP/1.1 200 29 -
[24/Mar/2021:23:58:36 +0700] XNIO-2 task-4 GET /api/path/file/id/104/5 HTTP/1.1 200 29 -
[24/Mar/2021:23:58:41 +0700] XNIO-2 task-4 GET /api/path/file/id/104/1 HTTP/1.1 200 489 -
[24/Mar/2021:23:58:41 +0700] XNIO-2 task-1 GET /api/path/file/104 HTTP/1.1 200 514 -
[24/Mar/2021:23:58:41 +0700] XNIO-2 task-5 GET /api/path/file/id/104/3 HTTP/1.1 200 29 -
[24/Mar/2021:23:58:41 +0700] XNIO-2 task-3 GET /api/path/file/id/104/2 HTTP/1.1 200 488 -
[24/Mar/2021:23:58:41 +0700] XNIO-2 task-2 GET /api/path/file/id/104/5 HTTP/1.1 200 29 -
[24/Mar/2021:23:58:41 +0700] XNIO-2 task-6 GET /api/path/file/id/104/4 HTTP/1.1 200 29 -
[24/Mar/2021:23:58:45 +0700] XNIO-2 task-6 GET /api/path/file/104 HTTP/1.1 200 514 -
[24/Mar/2021:23:58:45 +0700] XNIO-2 task-5 GET /api/path/file/id/104/3 HTTP/1.1 200 29 -
[24/Mar/2021:23:58:45 +0700] XNIO-2 task-4 GET /api/path/file/id/104/4 HTTP/1.1 200 29 -
[24/Mar/2021:23:58:45 +0700] XNIO-2 task-2 GET /api/path/file/id/104/1 HTTP/1.1 200 489 -
[24/Mar/2021:23:58:45 +0700] XNIO-2 task-1 GET /api/path/file/id/104/5 HTTP/1.1 200 29 -
[24/Mar/2021:23:58:45 +0700] XNIO-2 task-3 GET /api/path/file/id/104/2 HTTP/1.1 200 488 -
[24/Mar/2021:23:58:48 +0700] XNIO-2 task-3 GET /api/path/file/104 HTTP/1.1 200 514 -
[24/Mar/2021:23:58:48 +0700] XNIO-2 task-4 GET /api/path/file/id/104/3 HTTP/1.1 200 29 -
[24/Mar/2021:23:58:48 +0700] XNIO-2 task-6 GET /api/path/file/id/104/5 HTTP/1.1 200 29 -
[24/Mar/2021:23:58:48 +0700] XNIO-2 task-1 GET /api/path/file/id/104/1 HTTP/1.1 200 489 -
[24/Mar/2021:23:58:48 +0700] XNIO-2 task-2 GET /api/path/file/id/104/2 HTTP/1.1 200 488 -
[24/Mar/2021:23:58:48 +0700] XNIO-2 task-5 GET /api/path/file/id/104/4 HTTP/1.1 200 29 -
[24/Mar/2021:23:59:02 +0700] XNIO-2 task-5 GET /api/path/file/104 HTTP/1.1 200 514 -
[24/Mar/2021:23:59:02 +0700] XNIO-2 task-3 GET /api/path/file/id/104/5 HTTP/1.1 200 29 -
[24/Mar/2021:23:59:02 +0700] XNIO-2 task-6 GET /api/path/file/id/104/3 HTTP/1.1 200 29 -
[24/Mar/2021:23:59:02 +0700] XNIO-2 task-2 GET /api/path/file/id/104/1 HTTP/1.1 200 489 -
[24/Mar/2021:23:59:02 +0700] XNIO-2 task-1 GET /api/path/file/id/104/2 HTTP/1.1 200 488 -
[24/Mar/2021:23:59:02 +0700] XNIO-2 task-4 GET /api/path/file/id/104/4 HTTP/1.1 200 29 -
[24/Mar/2021:23:59:09 +0700] XNIO-2 task-5 GET /api/path/file/id/104/5 HTTP/1.1 200 29 -
[24/Mar/2021:23:59:09 +0700] XNIO-2 task-6 GET /api/path/file/id/104/4 HTTP/1.1 200 29 -
[24/Mar/2021:23:59:09 +0700] XNIO-2 task-4 GET /api/path/file/104 HTTP/1.1 200 514 -
[24/Mar/2021:23:59:09 +0700] XNIO-2 task-3 GET /api/path/file/id/104/3 HTTP/1.1 200 29 -
[24/Mar/2021:23:59:09 +0700] XNIO-2 task-1 GET /api/path/file/id/104/1 HTTP/1.1 200 489 -
[24/Mar/2021:23:59:09 +0700] XNIO-2 task-2 GET /api/path/file/id/104/2 HTTP/1.1 200 488 -
[24/Mar/2021:23:59:10 +0700] XNIO-2 task-4 GET /api/path/file/id/104/3 HTTP/1.1 200 29 -
[24/Mar/2021:23:59:10 +0700] XNIO-2 task-2 GET /api/path/file/104 HTTP/1.1 200 514 -
[24/Mar/2021:23:59:10 +0700] XNIO-2 task-6 GET /api/path/file/id/104/4 HTTP/1.1 200 29 -
[24/Mar/2021:23:59:10 +0700] XNIO-2 task-3 GET /api/path/file/id/104/5 HTTP/1.1 200 29 -
[24/Mar/2021:23:59:10 +0700] XNIO-2 task-5 GET /api/path/file/id/104/2 HTTP/1.1 200 488 -
[24/Mar/2021:23:59:10 +0700] XNIO-2 task-1 GET /api/path/file/id/104/1 HTTP/1.1 200 489 -
[24/Mar/2021:23:59:15 +0700] XNIO-2 task-2 GET /api/path/file/id/104/4 HTTP/1.1 200 29 -
[24/Mar/2021:23:59:15 +0700] XNIO-2 task-5 GET /api/path/file/id/104/3 HTTP/1.1 200 29 -
[24/Mar/2021:23:59:15 +0700] XNIO-2 task-3 GET /api/path/file/id/104/2 HTTP/1.1 200 488 -
[24/Mar/2021:23:59:15 +0700] XNIO-2 task-1 GET /api/path/file/104 HTTP/1.1 200 514 -
[24/Mar/2021:23:59:15 +0700] XNIO-2 task-6 GET /api/path/file/id/104/1 HTTP/1.1 200 489 -
[24/Mar/2021:23:59:15 +0700] XNIO-2 task-4 GET /api/path/file/id/104/5 HTTP/1.1 200 29 -
[24/Mar/2021:23:59:19 +0700] XNIO-2 task-4 GET /api/path/file/104 HTTP/1.1 200 514 -
[24/Mar/2021:23:59:19 +0700] XNIO-2 task-2 GET /api/path/file/id/104/5 HTTP/1.1 200 29 -
[24/Mar/2021:23:59:19 +0700] XNIO-2 task-5 GET /api/path/file/id/104/4 HTTP/1.1 200 29 -
[24/Mar/2021:23:59:19 +0700] XNIO-2 task-1 GET /api/path/file/id/104/3 HTTP/1.1 200 29 -
[24/Mar/2021:23:59:19 +0700] XNIO-2 task-6 GET /api/path/file/id/104/1 HTTP/1.1 200 489 -
[24/Mar/2021:23:59:19 +0700] XNIO-2 task-3 GET /api/path/file/id/104/2 HTTP/1.1 200 488 -
[24/Mar/2021:23:59:21 +0700] XNIO-2 task-4 GET /api/path/file/id/104/5 HTTP/1.1 200 29 -
[24/Mar/2021:23:59:21 +0700] XNIO-2 task-1 GET /api/path/file/id/104/2 HTTP/1.1 200 488 -
[24/Mar/2021:23:59:21 +0700] XNIO-2 task-6 GET /api/path/file/104 HTTP/1.1 200 514 -
[24/Mar/2021:23:59:21 +0700] XNIO-2 task-3 GET /api/path/file/id/104/1 HTTP/1.1 200 489 -
[24/Mar/2021:23:59:21 +0700] XNIO-2 task-5 GET /api/path/file/id/104/3 HTTP/1.1 200 29 -
[24/Mar/2021:23:59:21 +0700] XNIO-2 task-2 GET /api/path/file/id/104/4 HTTP/1.1 200 29 -
[24/Mar/2021:23:59:26 +0700] XNIO-2 task-5 GET /api/path/file/104 HTTP/1.1 200 514 -
[24/Mar/2021:23:59:26 +0700] XNIO-2 task-2 GET /api/path/file/id/104/1 HTTP/1.1 200 489 -
[24/Mar/2021:23:59:26 +0700] XNIO-2 task-3 GET /api/path/file/id/104/4 HTTP/1.1 200 29 -
[24/Mar/2021:23:59:26 +0700] XNIO-2 task-6 GET /api/path/file/id/104/3 HTTP/1.1 200 29 -
[24/Mar/2021:23:59:26 +0700] XNIO-2 task-1 GET /api/path/file/id/104/2 HTTP/1.1 200 488 -
[24/Mar/2021:23:59:26 +0700] XNIO-2 task-6 GET /api/path/file/id/104/5 HTTP/1.1 200 29 -
[24/Mar/2021:23:59:29 +0700] XNIO-2 task-1 GET /api/path/file/id/104/2 HTTP/1.1 200 488 -
[24/Mar/2021:23:59:29 +0700] XNIO-2 task-3 GET /api/path/file/id/104/1 HTTP/1.1 200 489 -
[24/Mar/2021:23:59:29 +0700] XNIO-2 task-6 GET /api/path/file/104 HTTP/1.1 200 514 -
[24/Mar/2021:23:59:29 +0700] XNIO-2 task-4 GET /api/path/file/id/104/5 HTTP/1.1 200 29 -
[24/Mar/2021:23:59:29 +0700] XNIO-2 task-2 GET /api/path/file/id/104/3 HTTP/1.1 200 29 -
[24/Mar/2021:23:59:29 +0700] XNIO-2 task-5 GET /api/path/file/id/104/4 HTTP/1.1 200 29 -
