[13/Mar/2021:09:27:23 +0700] XNIO-2 task-2 OPTIONS /api/auth/signing HTTP/1.1 200 - -
[13/Mar/2021:09:27:23 +0700] XNIO-2 task-1 POST /api/auth/signing HTTP/1.1 200 347 -
[13/Mar/2021:09:28:23 +0700] XNIO-2 task-1 POST /api/auth/signing HTTP/1.1 200 343 -
[13/Mar/2021:09:45:26 +0700] XNIO-2 task-1 OPTIONS /api/path/research HTTP/1.1 200 - -
[13/Mar/2021:09:45:26 +0700] XNIO-2 task-1 GET /api/path/research HTTP/1.1 200 398 -
[13/Mar/2021:09:45:52 +0700] XNIO-2 task-1 GET /api/path/research HTTP/1.1 200 398 -
[13/Mar/2021:09:46:51 +0700] XNIO-2 task-1 GET /api/path/research HTTP/1.1 200 398 -
[13/Mar/2021:09:47:07 +0700] XNIO-2 task-1 GET /api/path/research HTTP/1.1 200 398 -
[13/Mar/2021:09:47:09 +0700] XNIO-2 task-1 GET /api/path/research HTTP/1.1 200 398 -
[13/Mar/2021:09:47:21 +0700] XNIO-2 task-1 GET /api/path/research HTTP/1.1 200 398 -
[13/Mar/2021:09:47:28 +0700] XNIO-2 task-1 GET /api/path/research HTTP/1.1 200 398 -
[13/Mar/2021:09:47:42 +0700] XNIO-2 task-1 GET /api/path/research HTTP/1.1 200 398 -
[13/Mar/2021:09:47:45 +0700] XNIO-2 task-1 GET /api/path/research HTTP/1.1 200 398 -
[13/Mar/2021:09:47:50 +0700] XNIO-2 task-1 GET /api/path/research HTTP/1.1 200 398 -
[13/Mar/2021:09:48:01 +0700] XNIO-2 task-1 GET /api/path/research HTTP/1.1 200 398 -
[13/Mar/2021:09:48:13 +0700] XNIO-2 task-1 GET /api/path/research HTTP/1.1 200 398 -
[13/Mar/2021:09:48:19 +0700] XNIO-2 task-1 GET /api/path/research HTTP/1.1 200 398 -
[13/Mar/2021:09:48:23 +0700] XNIO-2 task-1 GET /api/path/research HTTP/1.1 200 398 -
[13/Mar/2021:09:48:52 +0700] XNIO-2 task-1 GET /api/path/research HTTP/1.1 200 398 -
[13/Mar/2021:09:48:56 +0700] XNIO-2 task-1 GET /api/path/research HTTP/1.1 200 398 -
[13/Mar/2021:09:48:57 +0700] XNIO-2 task-1 GET /api/path/research HTTP/1.1 200 398 -
[13/Mar/2021:09:54:17 +0700] XNIO-2 task-1 GET /api/path/research HTTP/1.1 200 398 -
[13/Mar/2021:09:54:18 +0700] XNIO-2 task-1 GET /api/path/research HTTP/1.1 200 398 -
[13/Mar/2021:09:54:24 +0700] XNIO-2 task-1 GET /api/path/research HTTP/1.1 200 398 -
[13/Mar/2021:09:54:45 +0700] XNIO-2 task-1 GET /api/path/research HTTP/1.1 200 398 -
[13/Mar/2021:09:56:26 +0700] XNIO-2 task-1 GET /api/path/research HTTP/1.1 200 398 -
[13/Mar/2021:09:56:57 +0700] XNIO-2 task-1 GET /api/path/research HTTP/1.1 200 398 -
[13/Mar/2021:09:56:59 +0700] XNIO-2 task-1 GET /api/path/research HTTP/1.1 200 398 -
[13/Mar/2021:09:57:26 +0700] XNIO-2 task-1 OPTIONS /api/path/research HTTP/1.1 200 - -
[13/Mar/2021:09:57:26 +0700] XNIO-2 task-1 GET /api/path/research HTTP/1.1 200 398 -
[13/Mar/2021:09:57:29 +0700] XNIO-2 task-1 GET /api/path/research HTTP/1.1 200 398 -
[13/Mar/2021:09:57:47 +0700] XNIO-2 task-1 GET /api/path/research HTTP/1.1 200 398 -
[13/Mar/2021:09:58:22 +0700] XNIO-2 task-1 GET /api/path/research HTTP/1.1 200 398 -
[13/Mar/2021:09:58:28 +0700] XNIO-2 task-1 GET /api/path/research HTTP/1.1 200 398 -
[13/Mar/2021:09:58:29 +0700] XNIO-2 task-1 GET /api/path/research HTTP/1.1 200 398 -
[13/Mar/2021:09:58:43 +0700] XNIO-2 task-1 GET /api/path/research HTTP/1.1 200 398 -
[13/Mar/2021:09:58:44 +0700] XNIO-2 task-1 GET /api/path/research HTTP/1.1 200 398 -
[13/Mar/2021:09:59:34 +0700] XNIO-2 task-1 GET /api/path/research HTTP/1.1 200 398 -
[13/Mar/2021:10:40:09 +0700] XNIO-2 task-1 GET /api/path/research HTTP/1.1 200 398 -
[13/Mar/2021:10:40:15 +0700] XNIO-2 task-1 GET /api/path/research HTTP/1.1 200 398 -
[13/Mar/2021:10:42:23 +0700] XNIO-2 task-1 GET /api/path/research HTTP/1.1 200 398 -
[13/Mar/2021:10:42:28 +0700] XNIO-2 task-1 GET /api/path/research HTTP/1.1 200 398 -
[13/Mar/2021:10:42:30 +0700] XNIO-2 task-1 GET /api/path/research HTTP/1.1 200 398 -
[13/Mar/2021:10:42:43 +0700] XNIO-2 task-1 GET /api/path/research HTTP/1.1 200 398 -
[13/Mar/2021:10:42:59 +0700] XNIO-2 task-1 GET /api/path/research HTTP/1.1 200 398 -
[13/Mar/2021:10:43:11 +0700] XNIO-2 task-1 GET /api/path/research HTTP/1.1 200 398 -
[13/Mar/2021:10:43:48 +0700] XNIO-2 task-1 GET /api/path/research HTTP/1.1 200 398 -
[13/Mar/2021:10:44:04 +0700] XNIO-2 task-1 GET /api/path/research HTTP/1.1 200 398 -
[13/Mar/2021:10:46:56 +0700] XNIO-2 task-1 OPTIONS /api/path/research HTTP/1.1 200 - -
[13/Mar/2021:10:46:56 +0700] XNIO-2 task-1 GET /api/path/research HTTP/1.1 200 398 -
[13/Mar/2021:10:47:25 +0700] XNIO-2 task-1 GET /api/path/research HTTP/1.1 200 398 -
[13/Mar/2021:10:47:46 +0700] XNIO-2 task-1 GET /api/path/research HTTP/1.1 200 398 -
[13/Mar/2021:10:48:42 +0700] XNIO-2 task-1 GET /api/path/research HTTP/1.1 200 398 -
[13/Mar/2021:10:48:52 +0700] XNIO-2 task-1 GET /api/path/research HTTP/1.1 200 398 -
[13/Mar/2021:10:49:09 +0700] XNIO-2 task-1 GET /api/path/research HTTP/1.1 200 398 -
[13/Mar/2021:10:49:17 +0700] XNIO-2 task-1 GET /api/path/research HTTP/1.1 200 398 -
[13/Mar/2021:10:49:46 +0700] XNIO-2 task-1 GET /api/path/research HTTP/1.1 200 398 -
[13/Mar/2021:10:49:57 +0700] XNIO-2 task-1 GET /api/path/research HTTP/1.1 200 398 -
[13/Mar/2021:10:50:12 +0700] XNIO-2 task-1 GET /api/path/research HTTP/1.1 200 398 -
[13/Mar/2021:10:50:22 +0700] XNIO-2 task-1 GET /api/path/research HTTP/1.1 200 398 -
[13/Mar/2021:10:50:38 +0700] XNIO-2 task-1 GET /api/path/research HTTP/1.1 200 398 -
[13/Mar/2021:10:50:52 +0700] XNIO-2 task-1 GET /api/path/research HTTP/1.1 200 398 -
[13/Mar/2021:10:51:10 +0700] XNIO-2 task-1 GET /api/path/research HTTP/1.1 200 398 -
[13/Mar/2021:10:51:16 +0700] XNIO-2 task-1 GET /api/path/research HTTP/1.1 200 398 -
[13/Mar/2021:10:53:40 +0700] XNIO-2 task-1 GET /api/path/research HTTP/1.1 200 398 -
[13/Mar/2021:10:53:45 +0700] XNIO-2 task-1 GET /api/path/research HTTP/1.1 200 398 -
[13/Mar/2021:10:53:52 +0700] XNIO-2 task-1 GET /api/path/research HTTP/1.1 200 398 -
[13/Mar/2021:10:53:54 +0700] XNIO-2 task-1 GET /api/path/research HTTP/1.1 200 398 -
[13/Mar/2021:10:53:59 +0700] XNIO-2 task-1 GET /api/path/research HTTP/1.1 200 398 -
[13/Mar/2021:10:55:40 +0700] XNIO-2 task-1 GET /api/path/research HTTP/1.1 200 398 -
[13/Mar/2021:10:55:48 +0700] XNIO-2 task-1 GET /api/path/research HTTP/1.1 200 398 -
[13/Mar/2021:10:55:59 +0700] XNIO-2 task-1 GET /api/path/research HTTP/1.1 200 398 -
[13/Mar/2021:10:56:08 +0700] XNIO-2 task-1 GET /api/path/research HTTP/1.1 200 398 -
[13/Mar/2021:10:56:37 +0700] XNIO-2 task-1 GET /api/path/research HTTP/1.1 200 398 -
[13/Mar/2021:10:56:42 +0700] XNIO-2 task-1 GET /api/path/research HTTP/1.1 200 398 -
[13/Mar/2021:10:56:46 +0700] XNIO-2 task-1 GET /api/path/research HTTP/1.1 200 398 -
[13/Mar/2021:10:57:05 +0700] XNIO-2 task-1 GET /api/path/research HTTP/1.1 200 398 -
[13/Mar/2021:10:57:54 +0700] XNIO-2 task-1 GET /api/path/research HTTP/1.1 200 398 -
[13/Mar/2021:10:58:09 +0700] XNIO-2 task-1 GET /api/path/research HTTP/1.1 200 398 -
[13/Mar/2021:10:58:13 +0700] XNIO-2 task-1 GET /api/path/research HTTP/1.1 200 398 -
[13/Mar/2021:10:58:22 +0700] XNIO-2 task-1 GET /api/path/research HTTP/1.1 200 398 -
[13/Mar/2021:10:59:05 +0700] XNIO-2 task-1 GET /api/path/research HTTP/1.1 200 398 -
[13/Mar/2021:10:59:15 +0700] XNIO-2 task-1 GET /api/path/research HTTP/1.1 200 398 -
[13/Mar/2021:10:59:37 +0700] XNIO-2 task-1 GET /api/path/research HTTP/1.1 200 398 -
[13/Mar/2021:10:59:43 +0700] XNIO-2 task-1 GET /api/path/research HTTP/1.1 200 398 -
[13/Mar/2021:11:00:52 +0700] XNIO-2 task-1 GET /api/path/research HTTP/1.1 200 398 -
[13/Mar/2021:11:02:06 +0700] XNIO-2 task-1 GET /api/path/research HTTP/1.1 200 398 -
[13/Mar/2021:11:02:18 +0700] XNIO-2 task-1 GET /api/path/research HTTP/1.1 200 398 -
[13/Mar/2021:11:02:27 +0700] XNIO-2 task-1 GET /api/path/research HTTP/1.1 200 398 -
[13/Mar/2021:11:02:34 +0700] XNIO-2 task-1 GET /api/path/research HTTP/1.1 200 398 -
[13/Mar/2021:11:03:10 +0700] XNIO-2 task-1 GET /api/path/research HTTP/1.1 200 398 -
[13/Mar/2021:11:07:27 +0700] XNIO-2 task-1 GET /api/path/research HTTP/1.1 200 398 -
[13/Mar/2021:11:07:56 +0700] XNIO-2 task-1 GET /api/path/research HTTP/1.1 200 398 -
[13/Mar/2021:11:08:09 +0700] XNIO-2 task-1 GET /api/path/research HTTP/1.1 200 398 -
[13/Mar/2021:11:08:56 +0700] XNIO-2 task-1 GET /api/path/research HTTP/1.1 200 398 -
[13/Mar/2021:11:09:34 +0700] XNIO-2 task-1 GET /api/path/research HTTP/1.1 200 398 -
[13/Mar/2021:11:09:40 +0700] XNIO-2 task-1 GET /api/path/research HTTP/1.1 200 398 -
[13/Mar/2021:11:11:30 +0700] XNIO-2 task-1 GET /api/path/research HTTP/1.1 200 398 -
[13/Mar/2021:11:11:32 +0700] XNIO-2 task-1 GET /api/path/research HTTP/1.1 200 398 -
[13/Mar/2021:11:12:00 +0700] XNIO-2 task-1 GET /api/path/research HTTP/1.1 200 398 -
[13/Mar/2021:11:12:15 +0700] XNIO-2 task-1 GET /api/path/research HTTP/1.1 200 398 -
[13/Mar/2021:11:12:19 +0700] XNIO-2 task-1 GET /api/path/research HTTP/1.1 200 398 -
[13/Mar/2021:11:12:44 +0700] XNIO-2 task-1 GET /api/path/research HTTP/1.1 200 398 -
[13/Mar/2021:11:14:00 +0700] XNIO-2 task-1 GET /api/path/research HTTP/1.1 200 398 -
[13/Mar/2021:11:14:13 +0700] XNIO-2 task-1 GET /api/path/research HTTP/1.1 200 398 -
[13/Mar/2021:11:14:17 +0700] XNIO-2 task-1 GET /api/path/research HTTP/1.1 200 398 -
[13/Mar/2021:11:14:20 +0700] XNIO-2 task-1 GET /api/path/research HTTP/1.1 200 398 -
[13/Mar/2021:11:14:34 +0700] XNIO-2 task-1 GET /api/path/research HTTP/1.1 200 398 -
[13/Mar/2021:11:14:35 +0700] XNIO-2 task-1 GET /api/path/research HTTP/1.1 200 398 -
[13/Mar/2021:11:14:39 +0700] XNIO-2 task-1 GET /api/path/research HTTP/1.1 200 398 -
[13/Mar/2021:11:14:45 +0700] XNIO-2 task-1 GET /api/path/research HTTP/1.1 200 398 -
[13/Mar/2021:11:15:00 +0700] XNIO-2 task-1 GET /api/path/research HTTP/1.1 200 398 -
[13/Mar/2021:11:15:08 +0700] XNIO-2 task-1 GET /api/path/research HTTP/1.1 200 398 -
[13/Mar/2021:11:15:16 +0700] XNIO-2 task-1 GET /api/path/research HTTP/1.1 200 398 -
[13/Mar/2021:11:15:31 +0700] XNIO-2 task-1 GET /api/path/research HTTP/1.1 200 398 -
[13/Mar/2021:11:15:55 +0700] XNIO-2 task-1 GET /api/path/research HTTP/1.1 200 398 -
[13/Mar/2021:11:16:02 +0700] XNIO-2 task-1 GET /api/path/research HTTP/1.1 200 398 -
[13/Mar/2021:11:16:19 +0700] XNIO-2 task-1 GET /api/path/research HTTP/1.1 200 398 -
[13/Mar/2021:11:16:44 +0700] XNIO-2 task-1 GET /api/path/research HTTP/1.1 200 398 -
[13/Mar/2021:11:18:00 +0700] XNIO-2 task-1 GET /api/path/research HTTP/1.1 200 398 -
[13/Mar/2021:11:18:04 +0700] XNIO-2 task-1 GET /api/path/research HTTP/1.1 200 398 -
[13/Mar/2021:11:18:19 +0700] XNIO-2 task-1 GET /api/path/research HTTP/1.1 200 398 -
[13/Mar/2021:11:18:32 +0700] XNIO-2 task-1 GET /api/path/research HTTP/1.1 200 398 -
[13/Mar/2021:11:19:10 +0700] XNIO-2 task-1 GET /api/path/research HTTP/1.1 200 398 -
[13/Mar/2021:11:19:21 +0700] XNIO-2 task-1 GET /api/path/research HTTP/1.1 200 398 -
[13/Mar/2021:11:19:23 +0700] XNIO-2 task-1 GET /api/path/research HTTP/1.1 200 398 -
[13/Mar/2021:11:19:28 +0700] XNIO-2 task-1 GET /api/path/research HTTP/1.1 200 398 -
[13/Mar/2021:12:46:51 +0700] XNIO-2 task-1 OPTIONS /api/path/research HTTP/1.1 200 - -
[13/Mar/2021:12:46:51 +0700] XNIO-2 task-1 GET /api/path/research HTTP/1.1 200 398 -
[13/Mar/2021:12:47:24 +0700] XNIO-2 task-1 GET /api/path/research HTTP/1.1 200 398 -
[13/Mar/2021:12:47:33 +0700] XNIO-2 task-1 GET /api/path/research HTTP/1.1 200 398 -
[13/Mar/2021:12:47:34 +0700] XNIO-2 task-1 GET /api/path/research HTTP/1.1 200 398 -
[13/Mar/2021:12:47:38 +0700] XNIO-2 task-1 GET /api/path/research HTTP/1.1 200 398 -
[13/Mar/2021:12:47:43 +0700] XNIO-2 task-1 GET /api/path/research HTTP/1.1 200 398 -
[13/Mar/2021:12:47:45 +0700] XNIO-2 task-1 GET /api/path/research HTTP/1.1 200 398 -
[13/Mar/2021:12:47:47 +0700] XNIO-2 task-1 GET /api/path/research HTTP/1.1 200 398 -
[13/Mar/2021:12:47:50 +0700] XNIO-2 task-1 GET /api/path/research HTTP/1.1 200 398 -
[13/Mar/2021:12:47:52 +0700] XNIO-2 task-1 GET /api/path/research HTTP/1.1 200 398 -
[13/Mar/2021:12:47:57 +0700] XNIO-2 task-1 GET /api/path/research HTTP/1.1 200 398 -
[13/Mar/2021:12:48:10 +0700] XNIO-2 task-1 GET /api/path/research HTTP/1.1 200 398 -
[13/Mar/2021:12:48:19 +0700] XNIO-2 task-1 GET /api/path/research HTTP/1.1 200 398 -
[13/Mar/2021:12:48:33 +0700] XNIO-2 task-1 GET /api/path/research HTTP/1.1 200 398 -
[13/Mar/2021:12:48:40 +0700] XNIO-2 task-1 GET /api/path/research HTTP/1.1 200 398 -
[13/Mar/2021:12:48:42 +0700] XNIO-2 task-1 GET /api/path/research HTTP/1.1 200 398 -
[13/Mar/2021:12:49:17 +0700] XNIO-2 task-1 GET /api/path/research HTTP/1.1 200 398 -
[13/Mar/2021:12:49:18 +0700] XNIO-2 task-1 GET /api/path/research HTTP/1.1 200 398 -
[13/Mar/2021:12:49:36 +0700] XNIO-2 task-1 GET /api/path/research HTTP/1.1 200 398 -
[13/Mar/2021:12:49:43 +0700] XNIO-2 task-1 GET /api/path/research HTTP/1.1 200 398 -
[13/Mar/2021:12:49:45 +0700] XNIO-2 task-1 GET /api/path/research HTTP/1.1 200 398 -
[13/Mar/2021:12:49:48 +0700] XNIO-2 task-1 GET /api/path/research HTTP/1.1 200 398 -
[13/Mar/2021:12:49:51 +0700] XNIO-2 task-1 GET /api/path/research HTTP/1.1 200 398 -
[13/Mar/2021:12:50:08 +0700] XNIO-2 task-1 GET /api/path/research HTTP/1.1 200 398 -
[13/Mar/2021:12:50:25 +0700] XNIO-2 task-1 GET /api/path/research HTTP/1.1 200 398 -
[13/Mar/2021:12:50:27 +0700] XNIO-2 task-1 GET /api/path/research HTTP/1.1 200 398 -
[13/Mar/2021:12:50:56 +0700] XNIO-2 task-1 GET /api/path/research HTTP/1.1 200 398 -
[13/Mar/2021:12:50:58 +0700] XNIO-2 task-1 GET /api/path/research HTTP/1.1 200 398 -
[13/Mar/2021:12:50:59 +0700] XNIO-2 task-1 GET /api/path/research HTTP/1.1 200 398 -
[13/Mar/2021:12:51:15 +0700] XNIO-2 task-1 GET /api/path/research HTTP/1.1 200 398 -
[13/Mar/2021:12:51:49 +0700] XNIO-2 task-1 GET /api/path/research HTTP/1.1 200 398 -
[13/Mar/2021:12:51:50 +0700] XNIO-2 task-1 GET /api/path/research HTTP/1.1 200 398 -
[13/Mar/2021:12:51:53 +0700] XNIO-2 task-1 GET /api/path/research HTTP/1.1 200 398 -
[13/Mar/2021:13:18:54 +0700] XNIO-2 task-1 GET /api/path/research HTTP/1.1 200 398 -
[13/Mar/2021:13:18:55 +0700] XNIO-2 task-1 GET /api/path/research HTTP/1.1 200 398 -
[13/Mar/2021:13:19:07 +0700] XNIO-2 task-1 GET /api/path/research HTTP/1.1 200 398 -
[13/Mar/2021:13:19:12 +0700] XNIO-2 task-1 GET /api/path/research HTTP/1.1 200 398 -
[13/Mar/2021:13:19:15 +0700] XNIO-2 task-1 GET /api/path/research HTTP/1.1 200 398 -
[13/Mar/2021:13:19:22 +0700] XNIO-2 task-1 GET /api/path/research HTTP/1.1 200 398 -
[13/Mar/2021:13:21:09 +0700] XNIO-2 task-1 GET /api/path/research HTTP/1.1 200 398 -
[13/Mar/2021:13:21:10 +0700] XNIO-2 task-1 GET /api/path/research HTTP/1.1 200 398 -
[13/Mar/2021:13:21:23 +0700] XNIO-2 task-1 GET /api/path/research HTTP/1.1 200 398 -
[13/Mar/2021:13:21:30 +0700] XNIO-2 task-1 GET /api/path/research HTTP/1.1 200 398 -
[13/Mar/2021:13:21:32 +0700] XNIO-2 task-1 GET /api/path/research HTTP/1.1 200 398 -
[13/Mar/2021:13:21:42 +0700] XNIO-2 task-1 GET /api/path/research HTTP/1.1 200 398 -
[13/Mar/2021:13:21:46 +0700] XNIO-2 task-1 GET /api/path/research HTTP/1.1 200 398 -
[13/Mar/2021:13:21:54 +0700] XNIO-2 task-1 GET /api/path/research HTTP/1.1 200 398 -
[13/Mar/2021:13:25:00 +0700] XNIO-2 task-1 GET /api/path/research HTTP/1.1 200 398 -
[13/Mar/2021:13:25:26 +0700] XNIO-2 task-1 GET /api/path/research HTTP/1.1 200 398 -
[13/Mar/2021:13:25:31 +0700] XNIO-2 task-1 GET /api/path/research HTTP/1.1 200 398 -
[13/Mar/2021:13:25:51 +0700] XNIO-2 task-1 GET /api/path/research HTTP/1.1 200 398 -
[13/Mar/2021:13:25:58 +0700] XNIO-2 task-1 GET /api/path/research HTTP/1.1 200 398 -
[13/Mar/2021:13:26:35 +0700] XNIO-2 task-1 GET /api/path/research HTTP/1.1 200 398 -
[13/Mar/2021:13:26:49 +0700] XNIO-2 task-1 GET /api/path/research HTTP/1.1 200 398 -
[13/Mar/2021:14:07:54 +0700] XNIO-2 task-1 OPTIONS /api/path/research HTTP/1.1 200 - -
[13/Mar/2021:14:07:54 +0700] XNIO-2 task-1 GET /api/path/research HTTP/1.1 200 398 -
[13/Mar/2021:14:08:10 +0700] XNIO-2 task-1 GET /api/path/research HTTP/1.1 200 398 -
[13/Mar/2021:15:23:37 +0700] XNIO-2 task-1 OPTIONS /api/path/research HTTP/1.1 200 - -
[13/Mar/2021:15:23:37 +0700] XNIO-2 task-1 GET /api/path/research HTTP/1.1 200 398 -
[13/Mar/2021:15:24:05 +0700] XNIO-2 task-1 GET /api/path/research HTTP/1.1 200 398 -
[13/Mar/2021:15:24:40 +0700] XNIO-2 task-1 GET /api/path/research HTTP/1.1 200 398 -
[13/Mar/2021:15:24:45 +0700] XNIO-2 task-1 OPTIONS /api/path/research/4 HTTP/1.1 200 - -
[13/Mar/2021:15:24:46 +0700] XNIO-2 task-1 DELETE /api/path/research/4 HTTP/1.1 500 228 -
[13/Mar/2021:15:24:56 +0700] XNIO-2 task-1 DELETE /api/path/research/4 HTTP/1.1 500 228 -
[13/Mar/2021:15:26:45 +0700] XNIO-2 task-1 DELETE /api/path/research/4 HTTP/1.1 500 229 -
[13/Mar/2021:15:27:25 +0700] XNIO-2 task-1 GET /api/path/research HTTP/1.1 200 398 -
[13/Mar/2021:15:27:52 +0700] XNIO-2 task-1 DELETE /api/path/research/4 HTTP/1.1 500 229 -
[13/Mar/2021:15:28:31 +0700] XNIO-2 task-1 DELETE /api/path/research/4 HTTP/1.1 500 228 -
[13/Mar/2021:15:28:38 +0700] XNIO-2 task-1 DELETE /api/path/research/5 HTTP/1.1 500 187 -
[13/Mar/2021:15:29:33 +0700] XNIO-2 task-1 OPTIONS /api/path/research/26 HTTP/1.1 200 - -
[13/Mar/2021:15:29:33 +0700] XNIO-2 task-1 DELETE /api/path/research/26 HTTP/1.1 500 230 -
[13/Mar/2021:15:30:07 +0700] XNIO-2 task-1 DELETE /api/path/research/5 HTTP/1.1 500 188 -
[13/Mar/2021:15:30:40 +0700] XNIO-2 task-1 DELETE /api/path/research/4 HTTP/1.1 500 228 -
[13/Mar/2021:15:32:32 +0700] XNIO-2 task-1 OPTIONS /api/path/research HTTP/1.1 200 - -
[13/Mar/2021:15:32:32 +0700] XNIO-2 task-1 GET /api/path/research HTTP/1.1 200 398 -
[13/Mar/2021:15:32:35 +0700] XNIO-2 task-1 OPTIONS /api/path/research/4 HTTP/1.1 200 - -
[13/Mar/2021:15:32:35 +0700] XNIO-2 task-1 DELETE /api/path/research/4 HTTP/1.1 500 227 -
[13/Mar/2021:15:32:38 +0700] XNIO-2 task-1 GET /api/path/research HTTP/1.1 200 398 -
[13/Mar/2021:15:32:42 +0700] XNIO-2 task-1 OPTIONS /api/path/research/26 HTTP/1.1 200 - -
[13/Mar/2021:15:32:42 +0700] XNIO-2 task-1 DELETE /api/path/research/26 HTTP/1.1 500 229 -
[13/Mar/2021:18:38:34 +0700] XNIO-2 task-1 OPTIONS /api/path/research HTTP/1.1 200 - -
[13/Mar/2021:18:38:35 +0700] XNIO-2 task-2 GET /api/path/research HTTP/1.1 500 211 -
[13/Mar/2021:18:39:30 +0700] XNIO-2 task-2 OPTIONS /api/auth/signing HTTP/1.1 200 - -
[13/Mar/2021:18:39:30 +0700] XNIO-2 task-2 POST /api/auth/signing HTTP/1.1 500 151 -
[13/Mar/2021:18:39:35 +0700] XNIO-2 task-2 POST /api/auth/signing HTTP/1.1 500 151 -
[13/Mar/2021:18:57:49 +0700] XNIO-2 task-2 DELETE /api/auth/signup HTTP/1.1 500 171 -
[13/Mar/2021:18:57:54 +0700] XNIO-2 task-2 POST /api/auth/signup HTTP/1.1 500 210 -
[13/Mar/2021:18:58:40 +0700] XNIO-2 task-2 POST /api/auth/signup HTTP/1.1 200 76 -
[13/Mar/2021:18:59:07 +0700] XNIO-2 task-2 POST /api/auth/signing HTTP/1.1 200 288 -
[13/Mar/2021:18:59:07 +0700] XNIO-2 task-2 OPTIONS /api/path/research HTTP/1.1 200 - -
[13/Mar/2021:18:59:07 +0700] XNIO-2 task-2 GET /api/path/research HTTP/1.1 200 29 -
[13/Mar/2021:18:59:11 +0700] XNIO-2 task-2 GET /api/path/research HTTP/1.1 200 29 -
[13/Mar/2021:18:59:13 +0700] XNIO-2 task-2 GET /api/path/research HTTP/1.1 200 29 -
[13/Mar/2021:18:59:26 +0700] XNIO-2 task-2 GET /api/path/research HTTP/1.1 200 29 -
[13/Mar/2021:18:59:36 +0700] XNIO-2 task-2 GET /api/path/research HTTP/1.1 200 29 -
[13/Mar/2021:18:59:45 +0700] XNIO-2 task-2 GET /api/path/research HTTP/1.1 200 29 -
[13/Mar/2021:20:49:09 +0700] XNIO-2 task-2 OPTIONS /api/auth/signing HTTP/1.1 200 - -
[13/Mar/2021:20:49:09 +0700] XNIO-2 task-2 POST /api/auth/signing HTTP/1.1 200 288 -
[13/Mar/2021:20:49:09 +0700] XNIO-2 task-2 OPTIONS /api/path/research HTTP/1.1 200 - -
[13/Mar/2021:20:49:09 +0700] XNIO-2 task-2 GET /api/path/research HTTP/1.1 200 29 -
[13/Mar/2021:20:49:16 +0700] XNIO-2 task-2 GET /api/path/research HTTP/1.1 200 29 -
[13/Mar/2021:20:49:17 +0700] XNIO-2 task-2 GET /api/path/research HTTP/1.1 200 29 -
[13/Mar/2021:20:49:20 +0700] XNIO-2 task-2 GET /api/path/research HTTP/1.1 200 29 -
[13/Mar/2021:20:49:23 +0700] XNIO-2 task-2 GET /api/path/research HTTP/1.1 200 29 -
[13/Mar/2021:21:08:59 +0700] XNIO-2 task-2 GET /api/path/research HTTP/1.1 200 29 -
[13/Mar/2021:21:09:44 +0700] XNIO-2 task-2 GET /api/path/research HTTP/1.1 200 29 -
[13/Mar/2021:21:10:47 +0700] XNIO-2 task-2 GET /api/path/research HTTP/1.1 200 29 -
[13/Mar/2021:21:11:23 +0700] XNIO-2 task-2 POST /api/auth/signing HTTP/1.1 200 290 -
[13/Mar/2021:21:11:23 +0700] XNIO-2 task-2 GET /api/path/research HTTP/1.1 200 29 -
[13/Mar/2021:21:11:25 +0700] XNIO-2 task-2 GET /api/path/research HTTP/1.1 200 29 -
[13/Mar/2021:21:12:21 +0700] XNIO-2 task-2 GET /api/path/research HTTP/1.1 200 29 -
[13/Mar/2021:21:12:22 +0700] XNIO-2 task-2 GET /api/path/research HTTP/1.1 200 29 -
[13/Mar/2021:21:20:35 +0700] XNIO-2 task-2 OPTIONS /api/auth/signup HTTP/1.1 200 - -
[13/Mar/2021:21:20:35 +0700] XNIO-2 task-2 POST /api/auth/signup HTTP/1.1 200 76 -
[13/Mar/2021:21:27:58 +0700] XNIO-2 task-2 POST /api/auth/signup HTTP/1.1 400 81 -
[13/Mar/2021:21:28:05 +0700] XNIO-2 task-2 POST /api/auth/signup HTTP/1.1 200 76 -
[13/Mar/2021:21:28:40 +0700] XNIO-2 task-2 POST /api/auth/signup HTTP/1.1 400 81 -
[13/Mar/2021:21:29:24 +0700] XNIO-2 task-2 POST /api/auth/signup HTTP/1.1 400 81 -
[13/Mar/2021:21:30:47 +0700] XNIO-2 task-2 POST /api/auth/signup HTTP/1.1 200 76 -
[13/Mar/2021:21:31:32 +0700] XNIO-2 task-2 POST /api/auth/signup HTTP/1.1 200 76 -
[13/Mar/2021:21:33:25 +0700] XNIO-2 task-2 POST /api/auth/signing HTTP/1.1 200 290 -
[13/Mar/2021:21:33:26 +0700] XNIO-2 task-2 GET /api/path/research HTTP/1.1 200 29 -
[13/Mar/2021:21:33:33 +0700] XNIO-2 task-2 GET /api/path/research HTTP/1.1 200 29 -
[13/Mar/2021:21:34:00 +0700] XNIO-2 task-2 GET /api/path/research HTTP/1.1 200 29 -
[13/Mar/2021:21:37:49 +0700] XNIO-2 task-2 GET /api/path/research HTTP/1.1 200 29 -
[13/Mar/2021:21:41:52 +0700] XNIO-2 task-2 GET /api/path/research HTTP/1.1 200 29 -
[13/Mar/2021:22:04:52 +0700] XNIO-2 task-2 OPTIONS /api/path/research HTTP/1.1 200 - -
[13/Mar/2021:22:04:52 +0700] XNIO-2 task-2 GET /api/path/research HTTP/1.1 200 29 -
[13/Mar/2021:22:04:58 +0700] XNIO-2 task-2 OPTIONS /api/auth/signing HTTP/1.1 200 - -
[13/Mar/2021:22:04:59 +0700] XNIO-2 task-2 POST /api/auth/signing HTTP/1.1 200 289 -
[13/Mar/2021:22:04:59 +0700] XNIO-2 task-2 GET /api/path/research HTTP/1.1 200 29 -
[13/Mar/2021:22:05:10 +0700] XNIO-2 task-2 GET /api/path/research HTTP/1.1 200 29 -
[13/Mar/2021:22:05:35 +0700] XNIO-2 task-2 GET /api/path/research HTTP/1.1 200 29 -
[13/Mar/2021:22:07:19 +0700] XNIO-2 task-2 GET /api/path/research HTTP/1.1 200 29 -
[13/Mar/2021:22:07:23 +0700] XNIO-2 task-2 GET /api/path/research HTTP/1.1 200 29 -
[13/Mar/2021:22:08:20 +0700] XNIO-2 task-2 GET /api/path/research HTTP/1.1 200 29 -
[13/Mar/2021:22:08:35 +0700] XNIO-2 task-2 GET /api/path/research HTTP/1.1 200 29 -
[13/Mar/2021:22:08:45 +0700] XNIO-2 task-2 GET /api/path/research HTTP/1.1 200 29 -
[13/Mar/2021:22:08:50 +0700] XNIO-2 task-2 GET /api/path/research HTTP/1.1 200 29 -
[13/Mar/2021:22:08:53 +0700] XNIO-2 task-2 GET /api/path/research HTTP/1.1 200 29 -
[13/Mar/2021:22:08:59 +0700] XNIO-2 task-2 GET /api/path/research HTTP/1.1 200 29 -
[13/Mar/2021:22:09:36 +0700] XNIO-2 task-2 GET /api/path/research HTTP/1.1 200 29 -
[13/Mar/2021:22:10:48 +0700] XNIO-2 task-2 GET /api/path/research HTTP/1.1 200 29 -
[13/Mar/2021:22:11:14 +0700] XNIO-2 task-2 GET /api/path/research HTTP/1.1 200 29 -
[13/Mar/2021:22:18:25 +0700] XNIO-2 task-2 GET /api/path/research HTTP/1.1 200 29 -
[13/Mar/2021:22:22:30 +0700] XNIO-2 task-2 GET /api/path/research HTTP/1.1 200 29 -
[13/Mar/2021:22:32:49 +0700] XNIO-2 task-2 GET /api/path/research HTTP/1.1 200 29 -
[13/Mar/2021:22:32:53 +0700] XNIO-2 task-2 GET /api/path/research HTTP/1.1 200 29 -
