[10/Mar/2021:11:56:04 +0700] XNIO-2 task-1 OPTIONS /api/auth/signing HTTP/1.1 200 - -
[10/Mar/2021:11:56:04 +0700] XNIO-2 task-2 POST /api/auth/signing HTTP/1.1 500 152 -
[10/Mar/2021:11:56:15 +0700] XNIO-2 task-2 POST /api/auth/signing HTTP/1.1 200 344 -
[10/Mar/2021:11:56:15 +0700] XNIO-2 task-2 OPTIONS /api/path/research HTTP/1.1 200 - -
[10/Mar/2021:11:56:15 +0700] XNIO-2 task-2 GET /api/path/research HTTP/1.1 200 398 -
[10/Mar/2021:11:56:18 +0700] XNIO-2 task-2 GET /api/path/research/4 HTTP/1.1 200 315 -
[10/Mar/2021:11:56:18 +0700] XNIO-2 task-1 GET /api/path/file/4 HTTP/1.1 200 687 -
[10/Mar/2021:11:56:26 +0700] XNIO-2 task-1 GET /api/path/research HTTP/1.1 200 398 -
[10/Mar/2021:11:56:32 +0700] XNIO-2 task-2 GET /api/path/research/26 HTTP/1.1 200 320 -
[10/Mar/2021:11:56:32 +0700] XNIO-2 task-1 GET /api/path/file/26 HTTP/1.1 200 518 -
[10/Mar/2021:11:56:33 +0700] XNIO-2 task-1 GET /api/path/research HTTP/1.1 200 398 -
[10/Mar/2021:11:56:38 +0700] XNIO-2 task-2 GET /api/path/research/25 HTTP/1.1 200 319 -
[10/Mar/2021:11:56:38 +0700] XNIO-2 task-1 GET /api/path/file/25 HTTP/1.1 200 384 -
[10/Mar/2021:12:12:31 +0700] XNIO-2 task-1 OPTIONS /api/path/file HTTP/1.1 200 - -
[10/Mar/2021:12:12:33 +0700] XNIO-2 task-1 POST /api/path/file HTTP/1.1 200 10 -
[10/Mar/2021:12:12:34 +0700] XNIO-2 task-1 GET /api/path/research/25 HTTP/1.1 200 319 -
[10/Mar/2021:12:12:34 +0700] XNIO-2 task-2 GET /api/path/file/25 HTTP/1.1 200 440 -
[10/Mar/2021:12:12:44 +0700] XNIO-2 task-2 GET /api/path/research HTTP/1.1 200 398 -
[10/Mar/2021:12:13:15 +0700] XNIO-2 task-2 GET /api/path/research HTTP/1.1 200 398 -
[10/Mar/2021:19:40:31 +0700] XNIO-2 task-2 OPTIONS /api/path/research HTTP/1.1 200 - -
[10/Mar/2021:19:40:32 +0700] XNIO-2 task-1 GET /api/path/research HTTP/1.1 200 398 -
[10/Mar/2021:19:41:04 +0700] XNIO-2 task-1 GET /api/path/research/4 HTTP/1.1 200 315 -
[10/Mar/2021:19:41:04 +0700] XNIO-2 task-2 GET /api/path/file/4 HTTP/1.1 200 687 -
[10/Mar/2021:19:41:28 +0700] XNIO-2 task-2 GET /api/path/research HTTP/1.1 200 398 -
[10/Mar/2021:19:41:31 +0700] XNIO-2 task-2 GET /api/path/research HTTP/1.1 200 398 -
