[17/Mar/2021:09:47:28 +0700] XNIO-2 task-1 OPTIONS /api/auth/signing HTTP/1.1 200 - -
[17/Mar/2021:09:47:29 +0700] XNIO-2 task-2 POST /api/auth/signing HTTP/1.1 200 289 -
[17/Mar/2021:09:47:29 +0700] XNIO-2 task-2 OPTIONS /api/path/research HTTP/1.1 200 - -
[17/Mar/2021:09:47:29 +0700] XNIO-2 task-2 GET /api/path/research HTTP/1.1 200 306 -
[17/Mar/2021:09:47:39 +0700] XNIO-2 task-2 GET /api/path/research HTTP/1.1 200 306 -
[17/Mar/2021:09:47:41 +0700] XNIO-2 task-2 GET /api/path/research HTTP/1.1 200 306 -
[17/Mar/2021:09:48:38 +0700] XNIO-2 task-2 GET /api/path/research HTTP/1.1 200 306 -
[17/Mar/2021:09:54:19 +0700] XNIO-2 task-2 GET /api/path/research HTTP/1.1 200 306 -
[17/Mar/2021:09:56:17 +0700] XNIO-2 task-2 GET /api/path/research HTTP/1.1 200 306 -
[17/Mar/2021:09:56:31 +0700] XNIO-2 task-2 GET /api/path/research HTTP/1.1 200 306 -
[17/Mar/2021:09:56:47 +0700] XNIO-2 task-2 GET /api/path/research HTTP/1.1 200 306 -
[17/Mar/2021:09:56:49 +0700] XNIO-2 task-2 GET /api/path/research HTTP/1.1 200 306 -
[17/Mar/2021:09:57:21 +0700] XNIO-2 task-2 GET /api/path/research HTTP/1.1 200 306 -
[17/Mar/2021:09:58:02 +0700] XNIO-2 task-2 GET /api/path/research HTTP/1.1 200 306 -
[17/Mar/2021:09:58:07 +0700] XNIO-2 task-2 GET /api/path/research HTTP/1.1 200 306 -
[17/Mar/2021:09:58:08 +0700] XNIO-2 task-2 GET /api/path/research HTTP/1.1 200 306 -
[17/Mar/2021:09:58:12 +0700] XNIO-2 task-2 GET /api/path/research HTTP/1.1 200 306 -
[17/Mar/2021:09:58:50 +0700] XNIO-2 task-2 GET /api/path/research HTTP/1.1 200 306 -
[17/Mar/2021:09:58:58 +0700] XNIO-2 task-2 GET /api/path/research HTTP/1.1 200 306 -
[17/Mar/2021:09:59:07 +0700] XNIO-2 task-2 GET /api/path/research HTTP/1.1 200 306 -
[17/Mar/2021:09:59:08 +0700] XNIO-2 task-2 GET /api/path/research HTTP/1.1 200 306 -
[17/Mar/2021:09:59:13 +0700] XNIO-2 task-2 GET /api/path/research HTTP/1.1 200 306 -
[17/Mar/2021:10:01:17 +0700] XNIO-2 task-2 GET /api/path/research HTTP/1.1 200 306 -
[17/Mar/2021:10:01:22 +0700] XNIO-2 task-2 GET /api/path/research HTTP/1.1 200 306 -
[17/Mar/2021:10:01:28 +0700] XNIO-2 task-2 GET /api/path/research HTTP/1.1 200 306 -
[17/Mar/2021:10:01:34 +0700] XNIO-2 task-2 GET /api/path/research HTTP/1.1 200 306 -
[17/Mar/2021:10:01:35 +0700] XNIO-2 task-2 GET /api/path/research HTTP/1.1 200 306 -
[17/Mar/2021:10:04:14 +0700] XNIO-2 task-2 GET /api/path/research HTTP/1.1 200 306 -
[17/Mar/2021:10:04:59 +0700] XNIO-2 task-2 GET /api/path/research HTTP/1.1 200 306 -
[17/Mar/2021:10:05:02 +0700] XNIO-2 task-2 GET /api/path/research HTTP/1.1 200 306 -
[17/Mar/2021:10:05:12 +0700] XNIO-2 task-2 GET /api/path/research HTTP/1.1 200 306 -
[17/Mar/2021:10:05:17 +0700] XNIO-2 task-2 GET /api/path/research HTTP/1.1 200 306 -
[17/Mar/2021:10:05:20 +0700] XNIO-2 task-2 GET /api/path/research HTTP/1.1 200 306 -
[17/Mar/2021:10:05:46 +0700] XNIO-2 task-2 GET /api/path/research HTTP/1.1 200 306 -
[17/Mar/2021:10:07:12 +0700] XNIO-2 task-2 GET /api/path/research HTTP/1.1 200 306 -
[17/Mar/2021:10:08:35 +0700] XNIO-2 task-2 GET /api/path/research HTTP/1.1 200 306 -
[17/Mar/2021:10:09:24 +0700] XNIO-2 task-2 GET /api/path/research HTTP/1.1 200 306 -
[17/Mar/2021:10:09:39 +0700] XNIO-2 task-2 GET /api/path/research HTTP/1.1 200 306 -
[17/Mar/2021:10:10:10 +0700] XNIO-2 task-2 GET /api/path/research HTTP/1.1 200 306 -
[17/Mar/2021:10:10:12 +0700] XNIO-2 task-2 GET /api/path/research HTTP/1.1 200 306 -
[17/Mar/2021:10:10:58 +0700] XNIO-2 task-2 GET /api/path/research HTTP/1.1 200 306 -
[17/Mar/2021:10:11:40 +0700] XNIO-2 task-2 GET /api/path/research HTTP/1.1 200 306 -
[17/Mar/2021:10:12:17 +0700] XNIO-2 task-2 GET /api/path/research HTTP/1.1 200 306 -
[17/Mar/2021:10:12:22 +0700] XNIO-2 task-2 GET /api/path/research HTTP/1.1 200 306 -
[17/Mar/2021:10:12:33 +0700] XNIO-2 task-2 GET /api/path/research HTTP/1.1 200 306 -
[17/Mar/2021:10:13:39 +0700] XNIO-2 task-2 GET /api/path/research HTTP/1.1 200 306 -
[17/Mar/2021:10:13:40 +0700] XNIO-2 task-2 GET /api/path/research HTTP/1.1 200 306 -
[17/Mar/2021:10:14:43 +0700] XNIO-2 task-2 GET /api/path/research HTTP/1.1 200 306 -
[17/Mar/2021:10:15:22 +0700] XNIO-2 task-2 GET /api/path/research HTTP/1.1 200 306 -
[17/Mar/2021:10:15:49 +0700] XNIO-2 task-2 GET /api/path/research HTTP/1.1 200 306 -
[17/Mar/2021:10:15:51 +0700] XNIO-2 task-2 GET /api/path/research HTTP/1.1 200 306 -
[17/Mar/2021:10:15:56 +0700] XNIO-2 task-2 GET /api/path/research HTTP/1.1 200 306 -
[17/Mar/2021:10:16:23 +0700] XNIO-2 task-2 GET /api/path/research HTTP/1.1 200 306 -
[17/Mar/2021:10:16:25 +0700] XNIO-2 task-2 GET /api/path/research HTTP/1.1 200 306 -
[17/Mar/2021:10:16:27 +0700] XNIO-2 task-2 GET /api/path/research HTTP/1.1 200 306 -
[17/Mar/2021:10:16:54 +0700] XNIO-2 task-2 GET /api/path/research HTTP/1.1 200 306 -
[17/Mar/2021:10:17:39 +0700] XNIO-2 task-2 GET /api/path/research HTTP/1.1 200 306 -
[17/Mar/2021:10:17:44 +0700] XNIO-2 task-2 GET /api/path/research HTTP/1.1 200 306 -
[17/Mar/2021:10:17:46 +0700] XNIO-2 task-2 GET /api/path/research HTTP/1.1 200 306 -
[17/Mar/2021:10:17:53 +0700] XNIO-2 task-2 POST /api/path/file HTTP/1.1 500 244 -
[17/Mar/2021:10:18:49 +0700] XNIO-2 task-1 GET /api/path/research HTTP/1.1 200 306 -
[17/Mar/2021:10:19:25 +0700] XNIO-2 task-1 GET /api/path/research HTTP/1.1 200 306 -
[17/Mar/2021:10:19:38 +0700] XNIO-2 task-1 GET /api/path/research HTTP/1.1 200 306 -
[17/Mar/2021:10:19:43 +0700] XNIO-2 task-1 POST /api/path/file HTTP/1.1 500 245 -
[17/Mar/2021:10:20:03 +0700] XNIO-2 task-2 GET /api/path/research HTTP/1.1 200 306 -
[17/Mar/2021:10:20:24 +0700] XNIO-2 task-2 GET /api/path/research HTTP/1.1 200 306 -
[17/Mar/2021:10:20:37 +0700] XNIO-2 task-2 GET /api/path/research HTTP/1.1 200 306 -
[17/Mar/2021:10:20:41 +0700] XNIO-2 task-2 GET /api/path/research HTTP/1.1 200 306 -
[17/Mar/2021:10:20:44 +0700] XNIO-2 task-2 GET /api/path/research HTTP/1.1 200 306 -
[17/Mar/2021:10:21:01 +0700] XNIO-2 task-2 POST /api/path/file HTTP/1.1 500 244 -
[17/Mar/2021:10:21:23 +0700] XNIO-2 task-1 POST /api/path/file HTTP/1.1 500 243 -
[17/Mar/2021:10:21:51 +0700] XNIO-2 task-2 GET /api/path/research HTTP/1.1 200 306 -
[17/Mar/2021:10:21:54 +0700] XNIO-2 task-2 GET /api/path/research HTTP/1.1 200 306 -
[17/Mar/2021:10:22:01 +0700] XNIO-2 task-2 GET /api/path/research HTTP/1.1 200 306 -
[17/Mar/2021:10:22:02 +0700] XNIO-2 task-2 GET /api/path/research HTTP/1.1 200 306 -
[17/Mar/2021:10:23:16 +0700] XNIO-2 task-2 GET /api/path/research HTTP/1.1 200 306 -
[17/Mar/2021:10:23:30 +0700] XNIO-2 task-2 POST /api/path/file HTTP/1.1 500 244 -
[17/Mar/2021:10:24:20 +0700] XNIO-2 task-1 POST /api/path/file HTTP/1.1 500 244 -
[17/Mar/2021:10:24:58 +0700] XNIO-2 task-2 GET /api/path/research HTTP/1.1 200 306 -
[17/Mar/2021:10:25:03 +0700] XNIO-2 task-2 GET /api/path/research HTTP/1.1 200 306 -
[17/Mar/2021:10:25:05 +0700] XNIO-2 task-2 GET /api/path/research HTTP/1.1 200 306 -
[17/Mar/2021:10:25:14 +0700] XNIO-2 task-2 GET /api/path/research HTTP/1.1 200 306 -
[17/Mar/2021:10:25:18 +0700] XNIO-2 task-2 GET /api/path/research HTTP/1.1 200 306 -
[17/Mar/2021:10:25:39 +0700] XNIO-2 task-2 OPTIONS /api/path/file HTTP/1.1 200 - -
[17/Mar/2021:10:25:39 +0700] XNIO-2 task-2 POST /api/path/file HTTP/1.1 500 245 -
[17/Mar/2021:10:27:27 +0700] XNIO-2 task-1 GET /api/path/research HTTP/1.1 200 306 -
[17/Mar/2021:10:27:48 +0700] XNIO-2 task-1 GET /api/path/research HTTP/1.1 200 306 -
[17/Mar/2021:10:27:54 +0700] XNIO-2 task-1 GET /api/path/research HTTP/1.1 200 306 -
[17/Mar/2021:10:28:03 +0700] XNIO-2 task-1 POST /api/path/file HTTP/1.1 500 243 -
[17/Mar/2021:10:28:16 +0700] XNIO-2 task-2 GET /api/path/research HTTP/1.1 200 306 -
[17/Mar/2021:10:28:20 +0700] XNIO-2 task-2 GET /api/path/research HTTP/1.1 200 306 -
[17/Mar/2021:10:28:39 +0700] XNIO-2 task-2 GET /api/path/research HTTP/1.1 200 306 -
[17/Mar/2021:10:28:41 +0700] XNIO-2 task-2 GET /api/path/research HTTP/1.1 200 306 -
[17/Mar/2021:10:28:43 +0700] XNIO-2 task-2 GET /api/path/research HTTP/1.1 200 306 -
[17/Mar/2021:10:28:45 +0700] XNIO-2 task-2 GET /api/path/research HTTP/1.1 200 306 -
[17/Mar/2021:10:29:04 +0700] XNIO-2 task-2 GET /api/path/research HTTP/1.1 200 306 -
[17/Mar/2021:10:29:14 +0700] XNIO-2 task-2 GET /api/path/research HTTP/1.1 200 306 -
[17/Mar/2021:10:29:21 +0700] XNIO-2 task-2 GET /api/path/research HTTP/1.1 200 306 -
[17/Mar/2021:10:29:22 +0700] XNIO-2 task-2 GET /api/path/research HTTP/1.1 200 306 -
[17/Mar/2021:10:29:40 +0700] XNIO-2 task-2 POST /api/path/file HTTP/1.1 200 154 -
[17/Mar/2021:10:29:41 +0700] XNIO-2 task-1 GET /api/path/research HTTP/1.1 200 306 -
[17/Mar/2021:10:31:22 +0700] XNIO-2 task-1 GET /api/path/research HTTP/1.1 200 306 -
[17/Mar/2021:10:31:27 +0700] XNIO-2 task-1 GET /api/path/research HTTP/1.1 200 306 -
[17/Mar/2021:10:31:37 +0700] XNIO-2 task-1 POST /api/path/file HTTP/1.1 200 153 -
[17/Mar/2021:10:32:45 +0700] XNIO-2 task-2 GET /api/path/research HTTP/1.1 200 306 -
[17/Mar/2021:10:32:54 +0700] XNIO-2 task-2 GET /api/path/research HTTP/1.1 200 306 -
[17/Mar/2021:10:33:02 +0700] XNIO-2 task-2 GET /api/path/research HTTP/1.1 200 306 -
[17/Mar/2021:10:33:04 +0700] XNIO-2 task-2 GET /api/path/research HTTP/1.1 200 306 -
[17/Mar/2021:10:33:31 +0700] XNIO-2 task-2 GET /api/path/research HTTP/1.1 200 306 -
[17/Mar/2021:10:33:34 +0700] XNIO-2 task-2 GET /api/path/research HTTP/1.1 200 306 -
[17/Mar/2021:10:33:37 +0700] XNIO-2 task-2 GET /api/path/research HTTP/1.1 200 306 -
[17/Mar/2021:10:34:11 +0700] XNIO-2 task-2 GET /api/path/research HTTP/1.1 200 306 -
[17/Mar/2021:10:34:14 +0700] XNIO-2 task-2 GET /api/path/research HTTP/1.1 200 306 -
[17/Mar/2021:10:34:15 +0700] XNIO-2 task-2 GET /api/path/research HTTP/1.1 200 306 -
[17/Mar/2021:10:34:18 +0700] XNIO-2 task-2 GET /api/path/research HTTP/1.1 200 306 -
[17/Mar/2021:10:37:49 +0700] XNIO-2 task-2 GET /api/path/research HTTP/1.1 200 306 -
[17/Mar/2021:10:37:51 +0700] XNIO-2 task-2 GET /api/path/research HTTP/1.1 200 306 -
[17/Mar/2021:10:37:53 +0700] XNIO-2 task-2 GET /api/path/research HTTP/1.1 200 306 -
[17/Mar/2021:10:37:57 +0700] XNIO-2 task-2 GET /api/path/research HTTP/1.1 200 306 -
[17/Mar/2021:10:38:06 +0700] XNIO-2 task-2 GET /api/path/research HTTP/1.1 200 306 -
[17/Mar/2021:10:38:22 +0700] XNIO-2 task-2 GET /api/path/research HTTP/1.1 200 306 -
[17/Mar/2021:10:38:33 +0700] XNIO-2 task-2 GET /api/path/research HTTP/1.1 200 306 -
[17/Mar/2021:10:38:35 +0700] XNIO-2 task-2 GET /api/path/research HTTP/1.1 200 306 -
[17/Mar/2021:10:38:37 +0700] XNIO-2 task-2 GET /api/path/research HTTP/1.1 200 306 -
[17/Mar/2021:10:38:41 +0700] XNIO-2 task-2 GET /api/path/research HTTP/1.1 200 306 -
[17/Mar/2021:10:38:44 +0700] XNIO-2 task-2 GET /api/path/research HTTP/1.1 200 306 -
[17/Mar/2021:10:38:46 +0700] XNIO-2 task-2 GET /api/path/research HTTP/1.1 200 306 -
[17/Mar/2021:10:38:49 +0700] XNIO-2 task-2 GET /api/path/research HTTP/1.1 200 306 -
[17/Mar/2021:10:38:51 +0700] XNIO-2 task-2 GET /api/path/research HTTP/1.1 200 306 -
[17/Mar/2021:10:39:08 +0700] XNIO-2 task-2 GET /api/path/research HTTP/1.1 200 306 -
[17/Mar/2021:10:39:09 +0700] XNIO-2 task-2 GET /api/path/research HTTP/1.1 200 306 -
[17/Mar/2021:10:39:11 +0700] XNIO-2 task-2 GET /api/path/research HTTP/1.1 200 306 -
[17/Mar/2021:10:39:14 +0700] XNIO-2 task-2 GET /api/path/research HTTP/1.1 200 306 -
[17/Mar/2021:10:40:01 +0700] XNIO-2 task-2 GET /api/path/research HTTP/1.1 200 306 -
[17/Mar/2021:10:40:21 +0700] XNIO-2 task-2 GET /api/path/research HTTP/1.1 200 306 -
[17/Mar/2021:10:40:37 +0700] XNIO-2 task-2 GET /api/path/research HTTP/1.1 200 306 -
[17/Mar/2021:10:43:17 +0700] XNIO-2 task-2 GET /api/path/research HTTP/1.1 200 306 -
[17/Mar/2021:10:44:12 +0700] XNIO-2 task-2 GET /api/path/research HTTP/1.1 200 306 -
[17/Mar/2021:10:44:25 +0700] XNIO-2 task-2 GET /api/path/research HTTP/1.1 200 306 -
[17/Mar/2021:10:44:35 +0700] XNIO-2 task-2 GET /api/path/research HTTP/1.1 200 306 -
[17/Mar/2021:10:44:41 +0700] XNIO-2 task-2 GET /api/path/research HTTP/1.1 200 306 -
[17/Mar/2021:10:44:59 +0700] XNIO-2 task-2 GET /api/path/research HTTP/1.1 200 306 -
[17/Mar/2021:10:45:00 +0700] XNIO-2 task-2 GET /api/path/research HTTP/1.1 200 306 -
[17/Mar/2021:10:45:44 +0700] XNIO-2 task-2 GET /api/path/research HTTP/1.1 200 306 -
[17/Mar/2021:10:46:01 +0700] XNIO-2 task-2 GET /api/path/research HTTP/1.1 200 306 -
[17/Mar/2021:10:46:05 +0700] XNIO-2 task-2 GET /api/path/research HTTP/1.1 200 306 -
[17/Mar/2021:10:46:07 +0700] XNIO-2 task-2 GET /api/path/research HTTP/1.1 200 306 -
[17/Mar/2021:10:46:13 +0700] XNIO-2 task-2 GET /api/path/research HTTP/1.1 200 306 -
[17/Mar/2021:10:46:15 +0700] XNIO-2 task-2 GET /api/path/research HTTP/1.1 200 306 -
[17/Mar/2021:10:46:16 +0700] XNIO-2 task-2 GET /api/path/research HTTP/1.1 200 306 -
[17/Mar/2021:10:46:20 +0700] XNIO-2 task-2 GET /api/path/research HTTP/1.1 200 306 -
[17/Mar/2021:10:46:22 +0700] XNIO-2 task-2 GET /api/path/research HTTP/1.1 200 306 -
[17/Mar/2021:10:46:24 +0700] XNIO-2 task-2 GET /api/path/research HTTP/1.1 200 306 -
[17/Mar/2021:10:46:27 +0700] XNIO-2 task-2 GET /api/path/research HTTP/1.1 200 306 -
[17/Mar/2021:10:58:28 +0700] XNIO-2 task-2 OPTIONS /api/path/research HTTP/1.1 200 - -
[17/Mar/2021:10:58:28 +0700] XNIO-2 task-2 GET /api/path/research HTTP/1.1 200 306 -
[17/Mar/2021:11:00:57 +0700] XNIO-2 task-2 GET /api/path/research HTTP/1.1 200 306 -
[17/Mar/2021:11:01:02 +0700] XNIO-2 task-2 GET /api/path/research HTTP/1.1 200 306 -
[17/Mar/2021:11:01:08 +0700] XNIO-2 task-2 GET /api/path/research HTTP/1.1 200 306 -
[17/Mar/2021:11:01:14 +0700] XNIO-2 task-2 GET /api/path/research HTTP/1.1 200 306 -
[17/Mar/2021:11:01:15 +0700] XNIO-2 task-2 GET /api/path/research HTTP/1.1 200 306 -
[17/Mar/2021:11:01:41 +0700] XNIO-2 task-2 GET /api/path/research HTTP/1.1 200 306 -
[17/Mar/2021:11:04:59 +0700] XNIO-2 task-2 GET /api/path/research HTTP/1.1 200 306 -
[17/Mar/2021:11:08:37 +0700] XNIO-2 task-2 GET /api/path/research HTTP/1.1 200 306 -
[17/Mar/2021:11:09:46 +0700] XNIO-2 task-2 GET /api/path/research HTTP/1.1 200 306 -
[17/Mar/2021:11:10:07 +0700] XNIO-2 task-2 GET /api/path/research HTTP/1.1 200 306 -
[17/Mar/2021:11:10:09 +0700] XNIO-2 task-2 GET /api/path/research HTTP/1.1 200 306 -
[17/Mar/2021:11:10:13 +0700] XNIO-2 task-2 GET /api/path/research HTTP/1.1 200 306 -
[17/Mar/2021:11:10:18 +0700] XNIO-2 task-2 GET /api/path/research HTTP/1.1 200 306 -
[17/Mar/2021:11:10:29 +0700] XNIO-2 task-2 GET /api/path/research HTTP/1.1 200 306 -
[17/Mar/2021:11:33:49 +0700] XNIO-2 task-2 GET /api/path/research HTTP/1.1 200 306 -
[17/Mar/2021:11:38:10 +0700] XNIO-2 task-2 GET /api/path/research HTTP/1.1 200 306 -
[17/Mar/2021:11:45:48 +0700] XNIO-2 task-2 GET /api/path/research HTTP/1.1 200 306 -
[17/Mar/2021:11:46:58 +0700] XNIO-2 task-2 GET /api/path/research HTTP/1.1 200 306 -
[17/Mar/2021:11:46:59 +0700] XNIO-2 task-2 GET /api/path/research HTTP/1.1 200 306 -
[17/Mar/2021:11:48:02 +0700] XNIO-2 task-2 GET /api/path/research HTTP/1.1 200 306 -
[17/Mar/2021:11:48:05 +0700] XNIO-2 task-2 GET /api/path/research HTTP/1.1 200 306 -
[17/Mar/2021:11:48:11 +0700] XNIO-2 task-2 GET /api/path/research HTTP/1.1 200 306 -
[17/Mar/2021:11:49:34 +0700] XNIO-2 task-2 GET /api/path/research HTTP/1.1 200 306 -
[17/Mar/2021:11:50:00 +0700] XNIO-2 task-2 GET /api/path/research HTTP/1.1 200 306 -
[17/Mar/2021:11:50:06 +0700] XNIO-2 task-2 GET /api/path/research HTTP/1.1 200 306 -
[17/Mar/2021:11:50:17 +0700] XNIO-2 task-2 GET /api/path/research HTTP/1.1 200 306 -
[17/Mar/2021:11:50:20 +0700] XNIO-2 task-2 GET /api/path/research HTTP/1.1 200 306 -
[17/Mar/2021:11:50:21 +0700] XNIO-2 task-2 GET /api/path/research HTTP/1.1 200 306 -
[17/Mar/2021:11:50:27 +0700] XNIO-2 task-2 GET /api/path/research HTTP/1.1 200 306 -
[17/Mar/2021:11:50:31 +0700] XNIO-2 task-2 GET /api/path/research HTTP/1.1 200 306 -
[17/Mar/2021:11:50:39 +0700] XNIO-2 task-2 GET /api/path/research HTTP/1.1 200 306 -
[17/Mar/2021:11:51:06 +0700] XNIO-2 task-2 GET /api/path/research HTTP/1.1 200 306 -
[17/Mar/2021:11:51:10 +0700] XNIO-2 task-2 GET /api/path/research HTTP/1.1 200 306 -
[17/Mar/2021:11:51:14 +0700] XNIO-2 task-2 GET /api/path/research HTTP/1.1 200 306 -
[17/Mar/2021:11:51:16 +0700] XNIO-2 task-2 GET /api/path/research HTTP/1.1 200 306 -
[17/Mar/2021:11:51:31 +0700] XNIO-2 task-2 GET /api/path/research HTTP/1.1 200 306 -
[17/Mar/2021:11:51:55 +0700] XNIO-2 task-2 GET /api/path/research HTTP/1.1 200 306 -
[17/Mar/2021:11:53:24 +0700] XNIO-2 task-2 GET /api/path/research HTTP/1.1 200 306 -
[17/Mar/2021:11:53:28 +0700] XNIO-2 task-2 GET /api/path/research HTTP/1.1 200 306 -
[17/Mar/2021:11:54:00 +0700] XNIO-2 task-2 GET /api/path/research HTTP/1.1 200 306 -
[17/Mar/2021:11:54:09 +0700] XNIO-2 task-2 GET /api/path/research HTTP/1.1 200 306 -
[17/Mar/2021:11:54:22 +0700] XNIO-2 task-2 GET /api/path/research HTTP/1.1 200 306 -
[17/Mar/2021:11:54:35 +0700] XNIO-2 task-2 GET /api/path/research HTTP/1.1 200 306 -
[17/Mar/2021:11:54:51 +0700] XNIO-2 task-2 GET /api/path/research HTTP/1.1 200 306 -
[17/Mar/2021:11:55:02 +0700] XNIO-2 task-2 GET /api/path/research HTTP/1.1 200 306 -
[17/Mar/2021:11:55:08 +0700] XNIO-2 task-2 GET /api/path/research HTTP/1.1 200 306 -
[17/Mar/2021:11:56:46 +0700] XNIO-2 task-2 GET /api/path/research HTTP/1.1 200 306 -
[17/Mar/2021:11:57:13 +0700] XNIO-2 task-2 GET /api/path/research HTTP/1.1 200 306 -
[17/Mar/2021:11:57:19 +0700] XNIO-2 task-2 GET /api/path/research HTTP/1.1 200 306 -
[17/Mar/2021:11:58:08 +0700] XNIO-2 task-2 GET /api/path/research HTTP/1.1 200 306 -
[17/Mar/2021:11:59:02 +0700] XNIO-2 task-2 OPTIONS /api/path/research HTTP/1.1 200 - -
[17/Mar/2021:11:59:02 +0700] XNIO-2 task-2 GET /api/path/research HTTP/1.1 200 306 -
[17/Mar/2021:11:59:19 +0700] XNIO-2 task-2 GET /api/path/research HTTP/1.1 200 306 -
[17/Mar/2021:11:59:31 +0700] XNIO-2 task-2 GET /api/path/research HTTP/1.1 200 306 -
[17/Mar/2021:11:59:41 +0700] XNIO-2 task-2 GET /api/path/research HTTP/1.1 200 306 -
[17/Mar/2021:11:59:49 +0700] XNIO-2 task-2 GET /api/path/research HTTP/1.1 200 306 -
[17/Mar/2021:11:59:55 +0700] XNIO-2 task-2 GET /api/path/research HTTP/1.1 200 306 -
[17/Mar/2021:12:00:58 +0700] XNIO-2 task-2 GET /api/path/research HTTP/1.1 200 306 -
[17/Mar/2021:12:01:14 +0700] XNIO-2 task-2 GET /api/path/research HTTP/1.1 200 306 -
[17/Mar/2021:12:01:39 +0700] XNIO-2 task-2 GET /api/path/research HTTP/1.1 200 306 -
[17/Mar/2021:12:02:08 +0700] XNIO-2 task-2 GET /api/path/research HTTP/1.1 200 306 -
[17/Mar/2021:12:02:41 +0700] XNIO-2 task-2 GET /api/path/research HTTP/1.1 200 306 -
[17/Mar/2021:12:02:43 +0700] XNIO-2 task-2 GET /api/path/research HTTP/1.1 200 306 -
[17/Mar/2021:12:04:02 +0700] XNIO-2 task-2 GET /api/path/research HTTP/1.1 500 212 -
[17/Mar/2021:12:04:10 +0700] XNIO-2 task-2 OPTIONS /api/auth/signing HTTP/1.1 200 - -
[17/Mar/2021:12:04:10 +0700] XNIO-2 task-2 POST /api/auth/signing HTTP/1.1 200 289 -
[17/Mar/2021:15:38:39 +0700] XNIO-2 task-2 OPTIONS /api/auth/signing HTTP/1.1 200 - -
[17/Mar/2021:15:38:39 +0700] XNIO-2 task-2 POST /api/auth/signing HTTP/1.1 200 290 -
[17/Mar/2021:15:38:39 +0700] XNIO-2 task-2 OPTIONS /api/path/research HTTP/1.1 200 - -
[17/Mar/2021:15:38:39 +0700] XNIO-2 task-2 GET /api/path/research HTTP/1.1 200 306 -
[17/Mar/2021:15:39:11 +0700] XNIO-2 task-2 GET /api/path/research HTTP/1.1 200 306 -
[17/Mar/2021:15:40:47 +0700] XNIO-2 task-2 GET /api/path/research HTTP/1.1 200 306 -
[17/Mar/2021:15:41:36 +0700] XNIO-2 task-2 GET /api/path/research HTTP/1.1 500 213 -
[17/Mar/2021:15:41:57 +0700] XNIO-2 task-2 POST /api/auth/signing HTTP/1.1 200 287 -
[17/Mar/2021:15:41:57 +0700] XNIO-2 task-2 POST /api/auth/signing HTTP/1.1 200 287 -
[17/Mar/2021:15:46:05 +0700] XNIO-2 task-2 POST /api/auth/signing HTTP/1.1 200 288 -
[17/Mar/2021:15:46:05 +0700] XNIO-2 task-2 GET /api/path/research HTTP/1.1 200 306 -
[17/Mar/2021:15:46:39 +0700] XNIO-2 task-2 GET /api/path/research HTTP/1.1 200 306 -
[17/Mar/2021:15:47:29 +0700] XNIO-2 task-2 GET /api/path/research HTTP/1.1 200 306 -
[17/Mar/2021:15:47:31 +0700] XNIO-2 task-2 GET /api/path/research HTTP/1.1 200 306 -
[17/Mar/2021:15:47:39 +0700] XNIO-2 task-2 GET /api/path/research HTTP/1.1 200 306 -
[17/Mar/2021:15:49:35 +0700] XNIO-2 task-2 GET /api/path/research HTTP/1.1 200 306 -
[17/Mar/2021:15:49:46 +0700] XNIO-2 task-2 GET /api/path/research HTTP/1.1 200 306 -
[17/Mar/2021:15:49:52 +0700] XNIO-2 task-2 GET /api/path/research HTTP/1.1 200 306 -
[17/Mar/2021:15:50:08 +0700] XNIO-2 task-2 GET /api/path/research HTTP/1.1 200 306 -
[17/Mar/2021:15:50:12 +0700] XNIO-2 task-2 GET /api/path/research HTTP/1.1 200 306 -
[17/Mar/2021:15:50:32 +0700] XNIO-2 task-2 GET /api/path/research HTTP/1.1 200 306 -
[17/Mar/2021:15:50:34 +0700] XNIO-2 task-2 GET /api/path/research HTTP/1.1 200 306 -
[17/Mar/2021:15:50:50 +0700] XNIO-2 task-2 GET /api/path/research HTTP/1.1 200 306 -
[17/Mar/2021:15:54:06 +0700] XNIO-2 task-2 GET /api/path/research HTTP/1.1 200 306 -
[17/Mar/2021:15:57:12 +0700] XNIO-2 task-2 GET /api/path/research HTTP/1.1 200 306 -
[17/Mar/2021:15:57:48 +0700] XNIO-2 task-2 GET /api/path/research HTTP/1.1 200 306 -
[17/Mar/2021:15:57:54 +0700] XNIO-2 task-2 GET /api/path/research HTTP/1.1 200 306 -
[17/Mar/2021:15:58:31 +0700] XNIO-2 task-2 GET /api/path/research HTTP/1.1 200 306 -
[17/Mar/2021:15:58:44 +0700] XNIO-2 task-2 GET /api/path/research HTTP/1.1 200 306 -
[17/Mar/2021:15:58:47 +0700] XNIO-2 task-2 GET /api/path/research HTTP/1.1 200 306 -
[17/Mar/2021:15:58:50 +0700] XNIO-2 task-2 GET /api/path/research HTTP/1.1 200 306 -
[17/Mar/2021:16:00:11 +0700] XNIO-2 task-2 GET /api/path/research HTTP/1.1 200 306 -
[17/Mar/2021:16:00:31 +0700] XNIO-2 task-2 GET /api/path/research HTTP/1.1 200 306 -
[17/Mar/2021:16:01:09 +0700] XNIO-2 task-2 GET /api/path/research HTTP/1.1 200 306 -
[17/Mar/2021:16:01:28 +0700] XNIO-2 task-2 GET /api/path/research HTTP/1.1 200 306 -
[17/Mar/2021:16:01:30 +0700] XNIO-2 task-2 GET /api/path/research HTTP/1.1 200 306 -
[17/Mar/2021:16:01:36 +0700] XNIO-2 task-2 GET /api/path/research HTTP/1.1 200 306 -
[17/Mar/2021:16:01:50 +0700] XNIO-2 task-2 GET /api/path/research HTTP/1.1 200 306 -
[17/Mar/2021:16:01:57 +0700] XNIO-2 task-2 GET /api/path/research HTTP/1.1 200 306 -
[17/Mar/2021:16:02:23 +0700] XNIO-2 task-2 GET /api/path/research HTTP/1.1 200 306 -
[17/Mar/2021:16:02:42 +0700] XNIO-2 task-2 GET /api/path/research HTTP/1.1 200 306 -
[17/Mar/2021:16:03:39 +0700] XNIO-2 task-2 GET /api/path/research HTTP/1.1 200 306 -
[17/Mar/2021:16:03:46 +0700] XNIO-2 task-2 GET /api/path/research HTTP/1.1 200 306 -
[17/Mar/2021:16:04:43 +0700] XNIO-2 task-2 GET /api/path/research HTTP/1.1 200 306 -
[17/Mar/2021:16:05:46 +0700] XNIO-2 task-2 GET /api/path/research HTTP/1.1 200 306 -
[17/Mar/2021:16:05:51 +0700] XNIO-2 task-2 GET /api/path/research HTTP/1.1 200 306 -
[17/Mar/2021:16:05:54 +0700] XNIO-2 task-2 GET /api/path/research HTTP/1.1 200 306 -
[17/Mar/2021:16:06:34 +0700] XNIO-2 task-2 GET /api/path/research HTTP/1.1 200 306 -
[17/Mar/2021:16:06:53 +0700] XNIO-2 task-2 GET /api/path/research HTTP/1.1 200 306 -
[17/Mar/2021:16:07:13 +0700] XNIO-2 task-2 GET /api/path/research HTTP/1.1 200 306 -
[17/Mar/2021:16:08:10 +0700] XNIO-2 task-2 GET /api/path/research HTTP/1.1 200 306 -
[17/Mar/2021:16:08:29 +0700] XNIO-2 task-2 GET /api/path/research HTTP/1.1 200 306 -
[17/Mar/2021:16:08:44 +0700] XNIO-2 task-2 GET /api/path/research HTTP/1.1 200 306 -
[17/Mar/2021:16:09:09 +0700] XNIO-2 task-2 GET /api/path/research HTTP/1.1 200 306 -
[17/Mar/2021:16:09:16 +0700] XNIO-2 task-2 GET /api/path/research HTTP/1.1 200 306 -
[17/Mar/2021:16:09:18 +0700] XNIO-2 task-2 GET /api/path/research HTTP/1.1 200 306 -
[17/Mar/2021:16:09:30 +0700] XNIO-2 task-2 GET /api/path/research HTTP/1.1 200 306 -
[17/Mar/2021:16:09:38 +0700] XNIO-2 task-2 GET /api/path/research HTTP/1.1 200 306 -
[17/Mar/2021:16:09:46 +0700] XNIO-2 task-2 GET /api/path/research HTTP/1.1 200 306 -
[17/Mar/2021:16:09:52 +0700] XNIO-2 task-2 GET /api/path/research HTTP/1.1 200 306 -
[17/Mar/2021:16:09:54 +0700] XNIO-2 task-2 GET /api/path/research HTTP/1.1 200 306 -
[17/Mar/2021:16:11:28 +0700] XNIO-2 task-2 GET /api/path/research HTTP/1.1 200 306 -
[17/Mar/2021:16:11:30 +0700] XNIO-2 task-2 GET /api/path/research HTTP/1.1 200 306 -
[17/Mar/2021:16:12:38 +0700] XNIO-2 task-2 GET /api/path/research HTTP/1.1 200 306 -
[17/Mar/2021:16:14:34 +0700] XNIO-2 task-2 GET /api/path/research HTTP/1.1 200 306 -
[17/Mar/2021:16:14:39 +0700] XNIO-2 task-2 GET /api/path/research HTTP/1.1 200 306 -
[17/Mar/2021:16:14:39 +0700] XNIO-2 task-2 GET /api/path/research HTTP/1.1 200 306 -
[17/Mar/2021:16:14:40 +0700] XNIO-2 task-2 GET /api/path/research HTTP/1.1 200 306 -
[17/Mar/2021:16:14:40 +0700] XNIO-2 task-2 GET /api/path/research HTTP/1.1 200 306 -
[17/Mar/2021:16:14:40 +0700] XNIO-2 task-2 GET /api/path/research HTTP/1.1 200 306 -
[17/Mar/2021:16:14:40 +0700] XNIO-2 task-2 GET /api/path/research HTTP/1.1 200 306 -
[17/Mar/2021:16:14:40 +0700] XNIO-2 task-2 GET /api/path/research HTTP/1.1 200 306 -
[17/Mar/2021:16:14:41 +0700] XNIO-2 task-2 GET /api/path/research HTTP/1.1 200 306 -
[17/Mar/2021:16:14:41 +0700] XNIO-2 task-2 GET /api/path/research HTTP/1.1 200 306 -
[17/Mar/2021:16:14:42 +0700] XNIO-2 task-2 GET /api/path/research HTTP/1.1 200 306 -
[17/Mar/2021:16:14:42 +0700] XNIO-2 task-2 GET /api/path/research HTTP/1.1 200 306 -
[17/Mar/2021:16:15:19 +0700] XNIO-2 task-2 GET /api/path/research HTTP/1.1 200 306 -
[17/Mar/2021:16:15:21 +0700] XNIO-2 task-2 GET /api/path/research HTTP/1.1 200 306 -
[17/Mar/2021:16:15:22 +0700] XNIO-2 task-2 GET /api/path/research HTTP/1.1 200 306 -
[17/Mar/2021:16:15:26 +0700] XNIO-2 task-2 GET /api/path/research HTTP/1.1 200 306 -
[17/Mar/2021:16:17:17 +0700] XNIO-2 task-2 OPTIONS /api/auth/signing HTTP/1.1 200 - -
[17/Mar/2021:16:17:17 +0700] XNIO-2 task-2 POST /api/auth/signing HTTP/1.1 200 289 -
[17/Mar/2021:16:17:17 +0700] XNIO-2 task-2 OPTIONS /api/path/research HTTP/1.1 200 - -
[17/Mar/2021:16:17:17 +0700] XNIO-2 task-2 GET /api/path/research HTTP/1.1 200 306 -
[17/Mar/2021:16:17:20 +0700] XNIO-2 task-2 GET /api/path/research HTTP/1.1 200 306 -
[17/Mar/2021:16:17:25 +0700] XNIO-2 task-2 GET /api/path/research HTTP/1.1 200 306 -
[17/Mar/2021:16:17:27 +0700] XNIO-2 task-2 GET /api/path/research/8 HTTP/1.1 200 303 -
[17/Mar/2021:16:17:27 +0700] XNIO-2 task-1 GET /api/path/file/8 HTTP/1.1 200 385 -
[17/Mar/2021:16:18:36 +0700] XNIO-2 task-1 GET /api/path/research HTTP/1.1 200 306 -
[17/Mar/2021:16:21:21 +0700] XNIO-2 task-1 GET /api/path/research HTTP/1.1 200 306 -
[17/Mar/2021:16:21:24 +0700] XNIO-2 task-1 GET /api/path/research HTTP/1.1 200 306 -
[17/Mar/2021:16:21:36 +0700] XNIO-2 task-1 GET /api/path/research HTTP/1.1 200 306 -
[17/Mar/2021:16:21:42 +0700] XNIO-2 task-1 GET /api/path/research HTTP/1.1 200 306 -
[17/Mar/2021:16:21:46 +0700] XNIO-2 task-1 GET /api/path/research HTTP/1.1 200 306 -
[17/Mar/2021:16:21:51 +0700] XNIO-2 task-1 GET /api/path/research HTTP/1.1 200 306 -
[17/Mar/2021:16:21:59 +0700] XNIO-2 task-1 GET /api/path/research HTTP/1.1 200 306 -
[17/Mar/2021:16:22:00 +0700] XNIO-2 task-1 GET /api/path/research HTTP/1.1 200 306 -
[17/Mar/2021:16:22:01 +0700] XNIO-2 task-1 GET /api/path/research HTTP/1.1 200 306 -
[17/Mar/2021:16:22:17 +0700] XNIO-2 task-1 GET /api/path/research HTTP/1.1 200 306 -
[17/Mar/2021:16:22:19 +0700] XNIO-2 task-1 GET /api/path/research HTTP/1.1 200 306 -
[17/Mar/2021:16:22:34 +0700] XNIO-2 task-1 GET /api/path/research HTTP/1.1 200 306 -
[17/Mar/2021:16:24:49 +0700] XNIO-2 task-1 GET /api/path/research HTTP/1.1 200 306 -
[17/Mar/2021:16:25:38 +0700] XNIO-2 task-1 GET /api/path/research HTTP/1.1 200 306 -
[17/Mar/2021:16:25:53 +0700] XNIO-2 task-1 GET /api/path/research HTTP/1.1 200 306 -
[17/Mar/2021:16:26:37 +0700] XNIO-2 task-1 GET /api/path/research HTTP/1.1 200 306 -
[17/Mar/2021:16:26:45 +0700] XNIO-2 task-1 GET /api/path/research HTTP/1.1 200 306 -
[17/Mar/2021:16:26:52 +0700] XNIO-2 task-1 GET /api/path/research HTTP/1.1 200 306 -
[17/Mar/2021:16:26:58 +0700] XNIO-2 task-1 GET /api/path/research HTTP/1.1 200 306 -
[17/Mar/2021:16:29:44 +0700] XNIO-2 task-1 POST /api/auth/signing HTTP/1.1 200 288 -
[17/Mar/2021:16:29:44 +0700] XNIO-2 task-1 GET /api/path/research HTTP/1.1 200 306 -
[17/Mar/2021:16:34:47 +0700] XNIO-2 task-1 GET /api/path/research HTTP/1.1 200 306 -
[17/Mar/2021:16:34:50 +0700] XNIO-2 task-1 GET /api/path/research HTTP/1.1 200 306 -
[17/Mar/2021:16:34:59 +0700] XNIO-2 task-1 GET /api/path/research HTTP/1.1 200 306 -
[17/Mar/2021:16:35:02 +0700] XNIO-2 task-1 GET /api/path/research HTTP/1.1 200 306 -
[17/Mar/2021:16:35:14 +0700] XNIO-2 task-1 GET /api/path/research HTTP/1.1 200 306 -
[17/Mar/2021:16:35:15 +0700] XNIO-2 task-1 GET /api/path/research HTTP/1.1 200 306 -
[17/Mar/2021:16:35:19 +0700] XNIO-2 task-1 GET /api/path/research/8 HTTP/1.1 200 303 -
[17/Mar/2021:16:35:19 +0700] XNIO-2 task-2 GET /api/path/file/8 HTTP/1.1 200 385 -
[17/Mar/2021:16:35:21 +0700] XNIO-2 task-2 GET /api/path/research HTTP/1.1 200 306 -
[17/Mar/2021:16:37:25 +0700] XNIO-2 task-2 GET /api/path/research HTTP/1.1 200 306 -
[17/Mar/2021:16:37:28 +0700] XNIO-2 task-2 GET /api/path/research HTTP/1.1 200 306 -
[17/Mar/2021:16:37:31 +0700] XNIO-2 task-2 GET /api/path/research HTTP/1.1 200 306 -
[17/Mar/2021:16:37:45 +0700] XNIO-2 task-2 GET /api/path/research HTTP/1.1 200 306 -
[17/Mar/2021:16:37:50 +0700] XNIO-2 task-2 GET /api/path/research HTTP/1.1 200 306 -
[17/Mar/2021:16:38:05 +0700] XNIO-2 task-2 GET /api/path/research HTTP/1.1 200 306 -
[17/Mar/2021:16:38:10 +0700] XNIO-2 task-2 GET /api/path/research HTTP/1.1 200 306 -
[17/Mar/2021:16:38:13 +0700] XNIO-2 task-2 GET /api/path/research HTTP/1.1 200 306 -
[17/Mar/2021:16:38:55 +0700] XNIO-2 task-2 OPTIONS /api/path/research HTTP/1.1 200 - -
[17/Mar/2021:16:38:55 +0700] XNIO-2 task-2 GET /api/path/research HTTP/1.1 200 306 -
[17/Mar/2021:16:38:58 +0700] XNIO-2 task-2 GET /api/path/research HTTP/1.1 200 306 -
[17/Mar/2021:16:39:05 +0700] XNIO-2 task-2 GET /api/path/research HTTP/1.1 200 306 -
[17/Mar/2021:16:39:07 +0700] XNIO-2 task-2 GET /api/path/research HTTP/1.1 200 306 -
[17/Mar/2021:16:39:10 +0700] XNIO-2 task-2 GET /api/path/research HTTP/1.1 200 306 -
[17/Mar/2021:16:39:26 +0700] XNIO-2 task-2 GET /api/path/research HTTP/1.1 200 306 -
[17/Mar/2021:16:41:48 +0700] XNIO-2 task-2 GET /api/path/research HTTP/1.1 200 306 -
[17/Mar/2021:16:43:40 +0700] XNIO-2 task-2 GET /api/path/research HTTP/1.1 200 306 -
[17/Mar/2021:16:46:19 +0700] XNIO-2 task-2 GET /api/path/research HTTP/1.1 200 306 -
[17/Mar/2021:16:46:20 +0700] XNIO-2 task-2 GET /api/path/research HTTP/1.1 200 306 -
[17/Mar/2021:16:46:26 +0700] XNIO-2 task-2 GET /api/path/research HTTP/1.1 200 306 -
[17/Mar/2021:16:46:44 +0700] XNIO-2 task-2 GET /api/path/research HTTP/1.1 200 306 -
[17/Mar/2021:16:47:59 +0700] XNIO-2 task-2 GET /api/path/research HTTP/1.1 200 306 -
[17/Mar/2021:16:48:02 +0700] XNIO-2 task-2 GET /api/path/research HTTP/1.1 200 306 -
[17/Mar/2021:16:48:17 +0700] XNIO-2 task-2 GET /api/path/research HTTP/1.1 200 306 -
[17/Mar/2021:16:48:31 +0700] XNIO-2 task-2 GET /api/path/research HTTP/1.1 200 306 -
[17/Mar/2021:16:48:34 +0700] XNIO-2 task-2 GET /api/path/research HTTP/1.1 200 306 -
[17/Mar/2021:16:48:46 +0700] XNIO-2 task-2 GET /api/path/research HTTP/1.1 200 306 -
[17/Mar/2021:16:55:32 +0700] XNIO-2 task-2 GET /api/path/research HTTP/1.1 200 306 -
[17/Mar/2021:16:55:43 +0700] XNIO-2 task-2 GET /api/path/research HTTP/1.1 200 306 -
[17/Mar/2021:16:55:44 +0700] XNIO-2 task-2 GET /api/path/research HTTP/1.1 200 306 -
[17/Mar/2021:16:55:45 +0700] XNIO-2 task-2 GET /api/path/research HTTP/1.1 200 306 -
[17/Mar/2021:16:55:45 +0700] XNIO-2 task-2 GET /api/path/research HTTP/1.1 200 306 -
[17/Mar/2021:16:55:46 +0700] XNIO-2 task-2 GET /api/path/research HTTP/1.1 200 306 -
[17/Mar/2021:16:55:47 +0700] XNIO-2 task-2 GET /api/path/research HTTP/1.1 200 306 -
[17/Mar/2021:16:55:47 +0700] XNIO-2 task-2 GET /api/path/research HTTP/1.1 200 306 -
[17/Mar/2021:16:55:47 +0700] XNIO-2 task-2 GET /api/path/research HTTP/1.1 200 306 -
[17/Mar/2021:16:55:48 +0700] XNIO-2 task-2 GET /api/path/research HTTP/1.1 200 306 -
[17/Mar/2021:16:55:59 +0700] XNIO-2 task-2 GET /api/path/research HTTP/1.1 200 306 -
[17/Mar/2021:16:56:00 +0700] XNIO-2 task-2 GET /api/path/research HTTP/1.1 200 306 -
[17/Mar/2021:16:56:01 +0700] XNIO-2 task-2 GET /api/path/research HTTP/1.1 200 306 -
[17/Mar/2021:16:56:01 +0700] XNIO-2 task-2 GET /api/path/research HTTP/1.1 200 306 -
[17/Mar/2021:16:56:01 +0700] XNIO-2 task-2 GET /api/path/research HTTP/1.1 200 306 -
[17/Mar/2021:16:56:02 +0700] XNIO-2 task-2 GET /api/path/research HTTP/1.1 200 306 -
[17/Mar/2021:16:56:06 +0700] XNIO-2 task-2 GET /api/path/research HTTP/1.1 200 306 -
[17/Mar/2021:16:56:07 +0700] XNIO-2 task-2 GET /api/path/research HTTP/1.1 200 306 -
[17/Mar/2021:16:56:07 +0700] XNIO-2 task-2 GET /api/path/research HTTP/1.1 200 306 -
[17/Mar/2021:16:56:09 +0700] XNIO-2 task-2 GET /api/path/research HTTP/1.1 200 306 -
[17/Mar/2021:16:56:10 +0700] XNIO-2 task-2 GET /api/path/research HTTP/1.1 200 306 -
[17/Mar/2021:16:56:10 +0700] XNIO-2 task-2 GET /api/path/research HTTP/1.1 200 306 -
[17/Mar/2021:16:56:10 +0700] XNIO-2 task-2 GET /api/path/research HTTP/1.1 200 306 -
[17/Mar/2021:16:56:10 +0700] XNIO-2 task-2 GET /api/path/research HTTP/1.1 200 306 -
[17/Mar/2021:16:56:11 +0700] XNIO-2 task-2 GET /api/path/research HTTP/1.1 200 306 -
[17/Mar/2021:16:56:12 +0700] XNIO-2 task-2 GET /api/path/research HTTP/1.1 200 306 -
[17/Mar/2021:16:56:12 +0700] XNIO-2 task-2 GET /api/path/research HTTP/1.1 200 306 -
[17/Mar/2021:16:56:13 +0700] XNIO-2 task-2 GET /api/path/research HTTP/1.1 200 306 -
[17/Mar/2021:16:56:13 +0700] XNIO-2 task-2 GET /api/path/research HTTP/1.1 200 306 -
[17/Mar/2021:16:56:13 +0700] XNIO-2 task-2 GET /api/path/research HTTP/1.1 200 306 -
[17/Mar/2021:16:56:20 +0700] XNIO-2 task-2 GET /api/path/research HTTP/1.1 200 306 -
[17/Mar/2021:16:56:21 +0700] XNIO-2 task-2 GET /api/path/research HTTP/1.1 200 306 -
[17/Mar/2021:16:56:24 +0700] XNIO-2 task-2 GET /api/path/research HTTP/1.1 200 306 -
[17/Mar/2021:16:56:25 +0700] XNIO-2 task-2 GET /api/path/research HTTP/1.1 200 306 -
[17/Mar/2021:16:56:25 +0700] XNIO-2 task-2 GET /api/path/research HTTP/1.1 200 306 -
[17/Mar/2021:16:56:26 +0700] XNIO-2 task-2 GET /api/path/research HTTP/1.1 200 306 -
[17/Mar/2021:16:56:26 +0700] XNIO-2 task-2 GET /api/path/research HTTP/1.1 200 306 -
[17/Mar/2021:16:56:30 +0700] XNIO-2 task-2 GET /api/path/research HTTP/1.1 200 306 -
[17/Mar/2021:16:56:37 +0700] XNIO-2 task-2 GET /api/path/research HTTP/1.1 200 306 -
[17/Mar/2021:16:56:38 +0700] XNIO-2 task-2 GET /api/path/research HTTP/1.1 200 306 -
[17/Mar/2021:16:56:39 +0700] XNIO-2 task-2 GET /api/path/research HTTP/1.1 200 306 -
[17/Mar/2021:16:56:39 +0700] XNIO-2 task-2 GET /api/path/research HTTP/1.1 200 306 -
[17/Mar/2021:16:56:39 +0700] XNIO-2 task-2 GET /api/path/research HTTP/1.1 200 306 -
[17/Mar/2021:16:56:39 +0700] XNIO-2 task-2 GET /api/path/research HTTP/1.1 200 306 -
[17/Mar/2021:16:56:39 +0700] XNIO-2 task-2 GET /api/path/research HTTP/1.1 200 306 -
[17/Mar/2021:16:56:40 +0700] XNIO-2 task-2 GET /api/path/research HTTP/1.1 200 306 -
[17/Mar/2021:16:56:40 +0700] XNIO-2 task-2 GET /api/path/research HTTP/1.1 200 306 -
[17/Mar/2021:16:56:41 +0700] XNIO-2 task-2 GET /api/path/research HTTP/1.1 200 306 -
[17/Mar/2021:16:56:41 +0700] XNIO-2 task-2 GET /api/path/research HTTP/1.1 200 306 -
[17/Mar/2021:16:56:41 +0700] XNIO-2 task-2 GET /api/path/research HTTP/1.1 200 306 -
[17/Mar/2021:16:56:41 +0700] XNIO-2 task-2 GET /api/path/research HTTP/1.1 200 306 -
[17/Mar/2021:16:57:53 +0700] XNIO-2 task-2 GET /api/path/research HTTP/1.1 200 306 -
[17/Mar/2021:16:57:54 +0700] XNIO-2 task-2 GET /api/path/research HTTP/1.1 200 306 -
[17/Mar/2021:16:57:56 +0700] XNIO-2 task-2 GET /api/path/research HTTP/1.1 200 306 -
[17/Mar/2021:16:57:57 +0700] XNIO-2 task-2 GET /api/path/research HTTP/1.1 200 306 -
[17/Mar/2021:16:58:14 +0700] XNIO-2 task-2 GET /api/path/research HTTP/1.1 200 306 -
[17/Mar/2021:16:58:18 +0700] XNIO-2 task-2 GET /api/path/research HTTP/1.1 200 306 -
[17/Mar/2021:16:58:20 +0700] XNIO-2 task-2 GET /api/path/research HTTP/1.1 200 306 -
[17/Mar/2021:16:58:33 +0700] XNIO-2 task-2 GET /api/path/research HTTP/1.1 200 306 -
[17/Mar/2021:17:00:07 +0700] XNIO-2 task-2 GET /api/path/research HTTP/1.1 200 306 -
[17/Mar/2021:17:00:16 +0700] XNIO-2 task-2 GET /api/path/research HTTP/1.1 200 306 -
[17/Mar/2021:17:00:27 +0700] XNIO-2 task-2 GET /api/path/research HTTP/1.1 200 306 -
[17/Mar/2021:17:00:35 +0700] XNIO-2 task-2 GET /api/path/research HTTP/1.1 200 306 -
[17/Mar/2021:17:00:36 +0700] XNIO-2 task-2 GET /api/path/research HTTP/1.1 200 306 -
[17/Mar/2021:17:00:47 +0700] XNIO-2 task-2 GET /api/path/research HTTP/1.1 200 306 -
[17/Mar/2021:17:01:56 +0700] XNIO-2 task-2 GET /api/path/research HTTP/1.1 200 306 -
[17/Mar/2021:17:02:01 +0700] XNIO-2 task-2 GET /api/path/research HTTP/1.1 200 306 -
[17/Mar/2021:17:02:07 +0700] XNIO-2 task-2 GET /api/path/research HTTP/1.1 200 306 -
[17/Mar/2021:17:02:11 +0700] XNIO-2 task-2 GET /api/path/research HTTP/1.1 200 306 -
[17/Mar/2021:17:02:15 +0700] XNIO-2 task-2 GET /api/path/research HTTP/1.1 200 306 -
[17/Mar/2021:17:02:18 +0700] XNIO-2 task-2 GET /api/path/research HTTP/1.1 200 306 -
[17/Mar/2021:17:02:29 +0700] XNIO-2 task-2 GET /api/path/research HTTP/1.1 200 306 -
[17/Mar/2021:17:02:36 +0700] XNIO-2 task-2 GET /api/path/research HTTP/1.1 200 306 -
[17/Mar/2021:17:03:46 +0700] XNIO-2 task-2 GET /api/path/research HTTP/1.1 200 306 -
[17/Mar/2021:17:03:51 +0700] XNIO-2 task-2 GET /api/path/research HTTP/1.1 200 306 -
[17/Mar/2021:17:04:04 +0700] XNIO-2 task-2 GET /api/path/research HTTP/1.1 200 306 -
[17/Mar/2021:17:04:09 +0700] XNIO-2 task-2 GET /api/path/research HTTP/1.1 200 306 -
[17/Mar/2021:17:04:14 +0700] XNIO-2 task-2 GET /api/path/research HTTP/1.1 200 306 -
[17/Mar/2021:17:04:21 +0700] XNIO-2 task-2 GET /api/path/research HTTP/1.1 200 306 -
[17/Mar/2021:17:06:47 +0700] XNIO-2 task-2 GET /api/path/research HTTP/1.1 200 306 -
[17/Mar/2021:17:06:51 +0700] XNIO-2 task-2 GET /api/path/research HTTP/1.1 200 306 -
[17/Mar/2021:17:07:05 +0700] XNIO-2 task-2 GET /api/path/research HTTP/1.1 200 306 -
[17/Mar/2021:17:07:23 +0700] XNIO-2 task-2 GET /api/path/research HTTP/1.1 200 306 -
[17/Mar/2021:17:07:37 +0700] XNIO-2 task-2 GET /api/path/research HTTP/1.1 200 306 -
[17/Mar/2021:17:08:02 +0700] XNIO-2 task-2 GET /api/path/research HTTP/1.1 200 306 -
[17/Mar/2021:17:09:22 +0700] XNIO-2 task-2 GET /api/path/research HTTP/1.1 200 306 -
[17/Mar/2021:17:09:59 +0700] XNIO-2 task-2 GET /api/path/research HTTP/1.1 200 306 -
[17/Mar/2021:17:10:18 +0700] XNIO-2 task-2 GET /api/path/research HTTP/1.1 200 306 -
[17/Mar/2021:17:10:31 +0700] XNIO-2 task-2 GET /api/path/research HTTP/1.1 200 306 -
[17/Mar/2021:17:10:42 +0700] XNIO-2 task-2 GET /api/path/research HTTP/1.1 200 306 -
[17/Mar/2021:17:10:53 +0700] XNIO-2 task-2 GET /api/path/research HTTP/1.1 200 306 -
[17/Mar/2021:17:11:01 +0700] XNIO-2 task-2 GET /api/path/research HTTP/1.1 200 306 -
[17/Mar/2021:17:11:34 +0700] XNIO-2 task-2 GET /api/path/research HTTP/1.1 200 306 -
[17/Mar/2021:17:11:41 +0700] XNIO-2 task-2 GET /api/path/research HTTP/1.1 200 306 -
[17/Mar/2021:17:11:47 +0700] XNIO-2 task-2 GET /api/path/research HTTP/1.1 200 306 -
[17/Mar/2021:17:12:23 +0700] XNIO-2 task-2 GET /api/path/research HTTP/1.1 200 306 -
[17/Mar/2021:17:12:44 +0700] XNIO-2 task-2 GET /api/path/research HTTP/1.1 200 306 -
[17/Mar/2021:17:12:48 +0700] XNIO-2 task-2 GET /api/path/research HTTP/1.1 200 306 -
[17/Mar/2021:17:12:56 +0700] XNIO-2 task-2 GET /api/path/research HTTP/1.1 200 306 -
[17/Mar/2021:17:12:57 +0700] XNIO-2 task-2 GET /api/path/research HTTP/1.1 200 306 -
[17/Mar/2021:17:13:08 +0700] XNIO-2 task-2 GET /api/path/research HTTP/1.1 200 306 -
[17/Mar/2021:17:13:11 +0700] XNIO-2 task-2 GET /api/path/research HTTP/1.1 200 306 -
[17/Mar/2021:17:13:18 +0700] XNIO-2 task-2 GET /api/path/research HTTP/1.1 200 306 -
[17/Mar/2021:17:13:26 +0700] XNIO-2 task-2 GET /api/path/research HTTP/1.1 200 306 -
[17/Mar/2021:17:13:50 +0700] XNIO-2 task-2 GET /api/path/research HTTP/1.1 200 306 -
[17/Mar/2021:17:14:59 +0700] XNIO-2 task-2 GET /api/path/research HTTP/1.1 200 306 -
[17/Mar/2021:17:16:28 +0700] XNIO-2 task-2 GET /api/path/research HTTP/1.1 200 306 -
[17/Mar/2021:17:16:40 +0700] XNIO-2 task-2 GET /api/path/research HTTP/1.1 200 306 -
[17/Mar/2021:17:17:11 +0700] XNIO-2 task-2 GET /api/path/research HTTP/1.1 200 306 -
[17/Mar/2021:17:17:18 +0700] XNIO-2 task-2 GET /api/path/research HTTP/1.1 200 306 -
[17/Mar/2021:17:17:23 +0700] XNIO-2 task-2 GET /api/path/research HTTP/1.1 200 306 -
[17/Mar/2021:17:17:40 +0700] XNIO-2 task-2 GET /api/path/research HTTP/1.1 200 306 -
[17/Mar/2021:17:18:01 +0700] XNIO-2 task-2 GET /api/path/research HTTP/1.1 200 306 -
[17/Mar/2021:18:54:33 +0700] XNIO-2 task-2 OPTIONS /api/path/research HTTP/1.1 200 - -
[17/Mar/2021:18:54:33 +0700] XNIO-2 task-2 GET /api/path/research HTTP/1.1 200 306 -
[17/Mar/2021:18:54:39 +0700] XNIO-2 task-2 GET /api/path/research HTTP/1.1 200 306 -
[17/Mar/2021:18:54:59 +0700] XNIO-2 task-2 GET /api/path/research HTTP/1.1 200 306 -
[17/Mar/2021:18:55:10 +0700] XNIO-2 task-2 GET /api/path/research HTTP/1.1 200 306 -
[17/Mar/2021:18:55:15 +0700] XNIO-2 task-2 GET /api/path/research HTTP/1.1 200 306 -
[17/Mar/2021:18:55:18 +0700] XNIO-2 task-2 GET /api/path/research HTTP/1.1 200 306 -
[17/Mar/2021:18:55:27 +0700] XNIO-2 task-2 GET /api/path/research HTTP/1.1 200 306 -
[17/Mar/2021:18:56:19 +0700] XNIO-2 task-2 GET /api/path/research HTTP/1.1 200 306 -
[17/Mar/2021:18:56:22 +0700] XNIO-2 task-2 GET /api/path/research HTTP/1.1 200 306 -
[17/Mar/2021:18:57:35 +0700] XNIO-2 task-2 GET /api/path/research HTTP/1.1 200 306 -
[17/Mar/2021:18:57:36 +0700] XNIO-2 task-2 GET /api/path/research HTTP/1.1 200 306 -
[17/Mar/2021:18:57:47 +0700] XNIO-2 task-2 GET /api/path/research HTTP/1.1 200 306 -
[17/Mar/2021:18:58:41 +0700] XNIO-2 task-2 GET /api/path/research HTTP/1.1 200 306 -
[17/Mar/2021:19:00:19 +0700] XNIO-2 task-2 GET /api/path/research HTTP/1.1 200 306 -
[17/Mar/2021:19:01:05 +0700] XNIO-2 task-2 GET /api/path/research HTTP/1.1 200 306 -
[17/Mar/2021:19:01:07 +0700] XNIO-2 task-2 GET /api/path/research HTTP/1.1 200 306 -
[17/Mar/2021:19:01:13 +0700] XNIO-2 task-2 GET /api/path/research HTTP/1.1 200 306 -
[17/Mar/2021:19:01:15 +0700] XNIO-2 task-2 GET /api/path/research HTTP/1.1 200 306 -
[17/Mar/2021:19:01:22 +0700] XNIO-2 task-2 GET /api/path/research HTTP/1.1 200 306 -
[17/Mar/2021:19:01:30 +0700] XNIO-2 task-2 GET /api/path/research HTTP/1.1 200 306 -
[17/Mar/2021:19:01:32 +0700] XNIO-2 task-2 GET /api/path/research HTTP/1.1 200 306 -
[17/Mar/2021:19:01:34 +0700] XNIO-2 task-2 GET /api/path/research HTTP/1.1 200 306 -
[17/Mar/2021:19:01:38 +0700] XNIO-2 task-2 GET /api/path/research HTTP/1.1 200 306 -
[17/Mar/2021:19:01:42 +0700] XNIO-2 task-2 GET /api/path/research HTTP/1.1 200 306 -
[17/Mar/2021:19:01:44 +0700] XNIO-2 task-2 GET /api/path/research HTTP/1.1 200 306 -
[17/Mar/2021:19:01:53 +0700] XNIO-2 task-2 GET /api/path/research HTTP/1.1 200 306 -
[17/Mar/2021:19:02:21 +0700] XNIO-2 task-2 GET /api/path/research HTTP/1.1 200 306 -
[17/Mar/2021:19:02:23 +0700] XNIO-2 task-2 GET /api/path/research HTTP/1.1 200 306 -
[17/Mar/2021:22:48:00 +0700] XNIO-2 task-2 OPTIONS /api/path/research HTTP/1.1 200 - -
[17/Mar/2021:22:48:00 +0700] XNIO-2 task-2 GET /api/path/research HTTP/1.1 200 306 -
[17/Mar/2021:22:51:15 +0700] XNIO-2 task-2 GET /api/path/research HTTP/1.1 200 306 -
[17/Mar/2021:22:51:16 +0700] XNIO-2 task-2 GET /api/path/research HTTP/1.1 200 306 -
[17/Mar/2021:22:51:18 +0700] XNIO-2 task-2 GET /api/path/research HTTP/1.1 200 306 -
[17/Mar/2021:22:51:41 +0700] XNIO-2 task-2 GET /api/path/research HTTP/1.1 200 306 -
[17/Mar/2021:22:51:45 +0700] XNIO-2 task-2 GET /api/path/research HTTP/1.1 200 306 -
[17/Mar/2021:22:51:59 +0700] XNIO-2 task-2 GET /api/path/research HTTP/1.1 200 306 -
[17/Mar/2021:22:52:16 +0700] XNIO-2 task-2 GET /api/path/research HTTP/1.1 200 306 -
[17/Mar/2021:22:52:23 +0700] XNIO-2 task-2 GET /api/path/research HTTP/1.1 200 306 -
[17/Mar/2021:22:52:56 +0700] XNIO-2 task-2 GET /api/path/research HTTP/1.1 200 306 -
[17/Mar/2021:22:53:12 +0700] XNIO-2 task-2 GET /api/path/research HTTP/1.1 200 306 -
[17/Mar/2021:22:53:18 +0700] XNIO-2 task-2 GET /api/path/research HTTP/1.1 200 306 -
[17/Mar/2021:22:53:27 +0700] XNIO-2 task-2 GET /api/path/research HTTP/1.1 200 306 -
[17/Mar/2021:22:53:31 +0700] XNIO-2 task-2 GET /api/path/research HTTP/1.1 200 306 -
[17/Mar/2021:22:53:32 +0700] XNIO-2 task-2 GET /api/path/research HTTP/1.1 200 306 -
[17/Mar/2021:22:53:34 +0700] XNIO-2 task-2 GET /api/path/research HTTP/1.1 200 306 -
[17/Mar/2021:22:53:39 +0700] XNIO-2 task-2 GET /api/path/research HTTP/1.1 200 306 -
[17/Mar/2021:22:53:41 +0700] XNIO-2 task-2 GET /api/path/research HTTP/1.1 200 306 -
[17/Mar/2021:22:53:45 +0700] XNIO-2 task-2 GET /api/path/research HTTP/1.1 200 306 -
[17/Mar/2021:22:53:49 +0700] XNIO-2 task-2 GET /api/path/research HTTP/1.1 200 306 -
[17/Mar/2021:22:53:51 +0700] XNIO-2 task-2 GET /api/path/research HTTP/1.1 200 306 -
[17/Mar/2021:22:55:59 +0700] XNIO-2 task-2 GET /api/path/research HTTP/1.1 200 306 -
[17/Mar/2021:22:56:02 +0700] XNIO-2 task-2 GET /api/path/research HTTP/1.1 200 306 -
[17/Mar/2021:22:56:07 +0700] XNIO-2 task-2 GET /api/path/research HTTP/1.1 200 306 -
[17/Mar/2021:22:56:20 +0700] XNIO-2 task-2 GET /api/path/research HTTP/1.1 200 306 -
[17/Mar/2021:22:56:33 +0700] XNIO-2 task-2 GET /api/path/research HTTP/1.1 200 306 -
[17/Mar/2021:22:57:11 +0700] XNIO-2 task-2 GET /api/path/research HTTP/1.1 200 306 -
[17/Mar/2021:22:57:38 +0700] XNIO-2 task-2 GET /api/path/research HTTP/1.1 200 306 -
[17/Mar/2021:23:04:33 +0700] XNIO-2 task-2 GET /api/path/research HTTP/1.1 200 306 -
[17/Mar/2021:23:13:37 +0700] XNIO-2 task-2 GET /api/path/research HTTP/1.1 200 306 -
[17/Mar/2021:23:13:39 +0700] XNIO-2 task-2 GET /api/path/research HTTP/1.1 200 306 -
[17/Mar/2021:23:13:54 +0700] XNIO-2 task-2 GET /api/path/research HTTP/1.1 200 306 -
[17/Mar/2021:23:14:11 +0700] XNIO-2 task-2 GET /api/path/research HTTP/1.1 200 306 -
[17/Mar/2021:23:14:23 +0700] XNIO-2 task-2 GET /api/path/research HTTP/1.1 200 306 -
[17/Mar/2021:23:14:31 +0700] XNIO-2 task-2 GET /api/path/research HTTP/1.1 200 306 -
[17/Mar/2021:23:14:33 +0700] XNIO-2 task-2 GET /api/path/research HTTP/1.1 200 306 -
[17/Mar/2021:23:14:37 +0700] XNIO-2 task-2 GET /api/path/research HTTP/1.1 200 306 -
[17/Mar/2021:23:14:48 +0700] XNIO-2 task-2 GET /api/path/research HTTP/1.1 200 306 -
[17/Mar/2021:23:15:06 +0700] XNIO-2 task-2 GET /api/path/research HTTP/1.1 200 306 -
[17/Mar/2021:23:15:13 +0700] XNIO-2 task-2 GET /api/path/research HTTP/1.1 200 306 -
[17/Mar/2021:23:15:14 +0700] XNIO-2 task-2 GET /api/path/research HTTP/1.1 200 306 -
[17/Mar/2021:23:15:18 +0700] XNIO-2 task-2 GET /api/path/research HTTP/1.1 200 306 -
[17/Mar/2021:23:15:37 +0700] XNIO-2 task-2 GET /api/path/research HTTP/1.1 200 306 -
[17/Mar/2021:23:15:39 +0700] XNIO-2 task-2 GET /api/path/research HTTP/1.1 200 306 -
[17/Mar/2021:23:15:41 +0700] XNIO-2 task-2 GET /api/path/research HTTP/1.1 200 306 -
[17/Mar/2021:23:15:50 +0700] XNIO-2 task-2 GET /api/path/research HTTP/1.1 200 306 -
[17/Mar/2021:23:15:57 +0700] XNIO-2 task-2 GET /api/path/research HTTP/1.1 200 306 -
[17/Mar/2021:23:16:00 +0700] XNIO-2 task-2 GET /api/path/research HTTP/1.1 200 306 -
[17/Mar/2021:23:16:38 +0700] XNIO-2 task-2 GET /api/path/research HTTP/1.1 500 213 -
[17/Mar/2021:23:16:43 +0700] XNIO-2 task-2 OPTIONS /api/auth/signing HTTP/1.1 200 - -
[17/Mar/2021:23:16:43 +0700] XNIO-2 task-2 POST /api/auth/signing HTTP/1.1 200 286 -
[17/Mar/2021:23:16:44 +0700] XNIO-2 task-2 POST /api/auth/signing HTTP/1.1 200 289 -
[17/Mar/2021:23:16:44 +0700] XNIO-2 task-2 POST /api/auth/signing HTTP/1.1 200 289 -
[17/Mar/2021:23:16:46 +0700] XNIO-2 task-2 POST /api/auth/signing HTTP/1.1 200 290 -
[17/Mar/2021:23:16:46 +0700] XNIO-2 task-2 POST /api/auth/signing HTTP/1.1 200 290 -
[17/Mar/2021:23:17:22 +0700] XNIO-2 task-2 POST /api/auth/signing HTTP/1.1 200 287 -
[17/Mar/2021:23:17:23 +0700] XNIO-2 task-2 POST /api/auth/signing HTTP/1.1 200 288 -
[17/Mar/2021:23:17:23 +0700] XNIO-2 task-2 POST /api/auth/signing HTTP/1.1 200 288 -
[17/Mar/2021:23:17:24 +0700] XNIO-2 task-2 POST /api/auth/signing HTTP/1.1 200 287 -
[17/Mar/2021:23:17:25 +0700] XNIO-2 task-2 POST /api/auth/signing HTTP/1.1 200 290 -
[17/Mar/2021:23:19:16 +0700] XNIO-2 task-2 POST /api/auth/signing HTTP/1.1 200 288 -
[17/Mar/2021:23:19:16 +0700] XNIO-2 task-2 GET /api/path/research HTTP/1.1 200 306 -
[17/Mar/2021:23:19:37 +0700] XNIO-2 task-2 POST /api/auth/signing HTTP/1.1 200 289 -
[17/Mar/2021:23:19:37 +0700] XNIO-2 task-2 GET /api/path/research HTTP/1.1 200 306 -
[17/Mar/2021:23:19:54 +0700] XNIO-2 task-2 GET /api/path/research HTTP/1.1 200 306 -
[17/Mar/2021:23:19:57 +0700] XNIO-2 task-2 GET /api/path/research HTTP/1.1 200 306 -
[17/Mar/2021:23:20:00 +0700] XNIO-2 task-2 POST /api/auth/signing HTTP/1.1 200 289 -
[17/Mar/2021:23:20:00 +0700] XNIO-2 task-2 GET /api/path/research HTTP/1.1 200 306 -
[17/Mar/2021:23:20:02 +0700] XNIO-2 task-2 POST /api/auth/signing HTTP/1.1 200 288 -
[17/Mar/2021:23:20:02 +0700] XNIO-2 task-2 GET /api/path/research HTTP/1.1 200 306 -
[17/Mar/2021:23:20:20 +0700] XNIO-2 task-2 GET /api/path/research HTTP/1.1 200 306 -
[17/Mar/2021:23:23:27 +0700] XNIO-2 task-2 GET /api/path/research HTTP/1.1 200 306 -
[17/Mar/2021:23:23:52 +0700] XNIO-2 task-2 GET /api/path/research HTTP/1.1 200 306 -
[17/Mar/2021:23:24:01 +0700] XNIO-2 task-2 GET /api/path/research HTTP/1.1 200 306 -
[17/Mar/2021:23:24:02 +0700] XNIO-2 task-2 GET /api/path/research HTTP/1.1 200 306 -
[17/Mar/2021:23:28:03 +0700] XNIO-2 task-2 GET /api/path/research HTTP/1.1 200 306 -
[17/Mar/2021:23:29:19 +0700] XNIO-2 task-2 GET /api/path/research HTTP/1.1 200 306 -
[17/Mar/2021:23:29:21 +0700] XNIO-2 task-2 GET /api/path/research HTTP/1.1 200 306 -
[17/Mar/2021:23:32:23 +0700] XNIO-2 task-2 GET /api/path/research HTTP/1.1 200 306 -
[17/Mar/2021:23:33:20 +0700] XNIO-2 task-2 GET /api/path/research HTTP/1.1 200 306 -
[17/Mar/2021:23:34:43 +0700] XNIO-2 task-2 GET /api/path/research HTTP/1.1 200 306 -
[17/Mar/2021:23:35:38 +0700] XNIO-2 task-2 GET /api/path/research HTTP/1.1 200 306 -
[17/Mar/2021:23:36:11 +0700] XNIO-2 task-2 GET /api/path/research HTTP/1.1 200 306 -
[17/Mar/2021:23:36:22 +0700] XNIO-2 task-2 GET /api/path/research HTTP/1.1 200 306 -
[17/Mar/2021:23:36:23 +0700] XNIO-2 task-2 GET /api/path/research HTTP/1.1 200 306 -
[17/Mar/2021:23:36:40 +0700] XNIO-2 task-2 GET /api/path/research HTTP/1.1 200 306 -
[17/Mar/2021:23:36:52 +0700] XNIO-2 task-2 GET /api/path/research HTTP/1.1 200 306 -
[17/Mar/2021:23:36:55 +0700] XNIO-2 task-2 GET /api/path/research HTTP/1.1 200 306 -
[17/Mar/2021:23:38:52 +0700] XNIO-2 task-2 GET /api/path/research HTTP/1.1 200 306 -
[17/Mar/2021:23:39:55 +0700] XNIO-2 task-2 OPTIONS /api/path/research HTTP/1.1 200 - -
[17/Mar/2021:23:39:55 +0700] XNIO-2 task-2 POST /api/path/research HTTP/1.1 200 328 -
[17/Mar/2021:23:39:55 +0700] XNIO-2 task-2 GET /api/path/research HTTP/1.1 200 383 -
[17/Mar/2021:23:41:03 +0700] XNIO-2 task-2 GET /api/path/research HTTP/1.1 200 383 -
[17/Mar/2021:23:44:15 +0700] XNIO-2 task-2 GET /api/path/research HTTP/1.1 200 383 -
[17/Mar/2021:23:45:32 +0700] XNIO-2 task-2 POST /api/path/research HTTP/1.1 200 288 -
[17/Mar/2021:23:45:34 +0700] XNIO-2 task-2 GET /api/path/research HTTP/1.1 200 412 -
[17/Mar/2021:23:46:07 +0700] XNIO-2 task-2 GET /api/path/research HTTP/1.1 200 412 -
[17/Mar/2021:23:46:12 +0700] XNIO-2 task-2 GET /api/path/research HTTP/1.1 200 412 -
[17/Mar/2021:23:47:07 +0700] XNIO-2 task-2 GET /api/path/research HTTP/1.1 200 412 -
[17/Mar/2021:23:47:07 +0700] XNIO-2 task-2 GET /api/path/research HTTP/1.1 200 412 -
[17/Mar/2021:23:48:04 +0700] XNIO-2 task-2 GET /api/path/research HTTP/1.1 200 412 -
[17/Mar/2021:23:48:04 +0700] XNIO-2 task-2 GET /api/path/research HTTP/1.1 200 412 -
[17/Mar/2021:23:48:33 +0700] XNIO-2 task-2 GET /api/path/research HTTP/1.1 200 412 -
[17/Mar/2021:23:48:33 +0700] XNIO-2 task-2 GET /api/path/research HTTP/1.1 200 412 -
[17/Mar/2021:23:49:07 +0700] XNIO-2 task-2 GET /api/path/research HTTP/1.1 200 412 -
[17/Mar/2021:23:49:07 +0700] XNIO-2 task-2 GET /api/path/research HTTP/1.1 200 412 -
[17/Mar/2021:23:49:10 +0700] XNIO-2 task-2 GET /api/path/research HTTP/1.1 200 412 -
[17/Mar/2021:23:49:10 +0700] XNIO-2 task-2 GET /api/path/research HTTP/1.1 200 412 -
[17/Mar/2021:23:49:37 +0700] XNIO-2 task-2 GET /api/path/research HTTP/1.1 200 412 -
[17/Mar/2021:23:49:37 +0700] XNIO-2 task-2 GET /api/path/research HTTP/1.1 200 412 -
[17/Mar/2021:23:50:36 +0700] XNIO-2 task-2 GET /api/path/research HTTP/1.1 200 412 -
[17/Mar/2021:23:50:37 +0700] XNIO-2 task-2 GET /api/path/research HTTP/1.1 200 412 -
[17/Mar/2021:23:51:03 +0700] XNIO-2 task-2 GET /api/path/research HTTP/1.1 200 412 -
[17/Mar/2021:23:51:03 +0700] XNIO-2 task-2 GET /api/path/research HTTP/1.1 200 412 -
[17/Mar/2021:23:51:05 +0700] XNIO-2 task-2 GET /api/path/research HTTP/1.1 200 412 -
[17/Mar/2021:23:51:05 +0700] XNIO-2 task-2 GET /api/path/research HTTP/1.1 200 412 -
[17/Mar/2021:23:52:19 +0700] XNIO-2 task-2 GET /api/path/research HTTP/1.1 200 412 -
[17/Mar/2021:23:52:20 +0700] XNIO-2 task-2 GET /api/path/research HTTP/1.1 200 412 -
[17/Mar/2021:23:53:10 +0700] XNIO-2 task-2 GET /api/path/research HTTP/1.1 200 412 -
[17/Mar/2021:23:53:10 +0700] XNIO-2 task-2 GET /api/path/research HTTP/1.1 200 412 -
[17/Mar/2021:23:54:47 +0700] XNIO-2 task-2 GET /api/path/research HTTP/1.1 200 412 -
[17/Mar/2021:23:54:47 +0700] XNIO-2 task-2 GET /api/path/research HTTP/1.1 200 412 -
[17/Mar/2021:23:54:53 +0700] XNIO-2 task-2 GET /api/path/research HTTP/1.1 200 412 -
[17/Mar/2021:23:54:54 +0700] XNIO-2 task-2 GET /api/path/research HTTP/1.1 200 412 -
[17/Mar/2021:23:54:55 +0700] XNIO-2 task-2 GET /api/path/research HTTP/1.1 200 412 -
[17/Mar/2021:23:54:55 +0700] XNIO-2 task-2 GET /api/path/research HTTP/1.1 200 412 -
[17/Mar/2021:23:57:51 +0700] XNIO-2 task-1 GET /api/path/research HTTP/1.1 200 393 -
[17/Mar/2021:23:58:22 +0700] XNIO-2 task-1 GET /api/path/research HTTP/1.1 200 393 -
[17/Mar/2021:23:58:22 +0700] XNIO-2 task-1 GET /api/path/research HTTP/1.1 200 393 -
[17/Mar/2021:23:59:12 +0700] XNIO-2 task-1 GET /api/path/research HTTP/1.1 200 393 -
[17/Mar/2021:23:59:12 +0700] XNIO-2 task-1 GET /api/path/research HTTP/1.1 200 393 -
[17/Mar/2021:23:59:19 +0700] XNIO-2 task-1 GET /api/path/research HTTP/1.1 200 393 -
[17/Mar/2021:23:59:20 +0700] XNIO-2 task-1 GET /api/path/research HTTP/1.1 200 393 -
[17/Mar/2021:23:59:26 +0700] XNIO-2 task-1 GET /api/path/research HTTP/1.1 200 393 -
[17/Mar/2021:23:59:26 +0700] XNIO-2 task-1 GET /api/path/research HTTP/1.1 200 393 -
[17/Mar/2021:23:59:38 +0700] XNIO-2 task-1 GET /api/path/research HTTP/1.1 200 393 -
[17/Mar/2021:23:59:38 +0700] XNIO-2 task-1 GET /api/path/research HTTP/1.1 200 393 -
[17/Mar/2021:23:59:50 +0700] XNIO-2 task-1 GET /api/path/research HTTP/1.1 200 393 -
[17/Mar/2021:23:59:50 +0700] XNIO-2 task-1 GET /api/path/research HTTP/1.1 200 393 -
