[02/Apr/2021:00:00:24 +0700] XNIO-2 task-4 POST /api/auth/signup HTTP/1.1 200 76 -
[02/Apr/2021:00:00:59 +0700] XNIO-2 task-4 POST /api/auth/signup HTTP/1.1 200 76 -
[02/Apr/2021:00:36:51 +0700] XNIO-2 task-4 POST /api/auth/signup HTTP/1.1 200 76 -
[02/Apr/2021:00:49:46 +0700] XNIO-2 task-4 POST /api/auth/signup HTTP/1.1 200 76 -
[02/Apr/2021:01:33:23 +0700] XNIO-2 task-4 POST /api/auth/signup HTTP/1.1 400 2275 -
[02/Apr/2021:01:33:52 +0700] XNIO-2 task-4 POST /api/auth/signup HTTP/1.1 200 76 -
[02/Apr/2021:03:01:56 +0700] XNIO-2 task-4 OPTIONS /api/auth/signup HTTP/1.1 200 - -
[02/Apr/2021:03:01:56 +0700] XNIO-2 task-4 POST /api/auth/signup HTTP/1.1 400 2136 -
[02/Apr/2021:03:20:20 +0700] XNIO-2 task-4 POST /api/auth/signup HTTP/1.1 400 2133 -
[02/Apr/2021:03:30:16 +0700] XNIO-2 task-4 POST /api/auth/signup HTTP/1.1 200 76 -
[02/Apr/2021:03:30:50 +0700] XNIO-2 task-4 POST /api/auth/signup HTTP/1.1 200 76 -
[02/Apr/2021:03:31:36 +0700] XNIO-2 task-4 OPTIONS /api/auth/signing HTTP/1.1 200 - -
[02/Apr/2021:03:31:36 +0700] XNIO-2 task-4 POST /api/auth/signing HTTP/1.1 200 302 -
[02/Apr/2021:03:31:36 +0700] XNIO-2 task-4 GET /api/path/research/all HTTP/1.1 200 323 -
[02/Apr/2021:03:31:39 +0700] XNIO-2 task-4 OPTIONS /api/auth/account HTTP/1.1 200 - -
[02/Apr/2021:03:31:39 +0700] XNIO-2 task-4 GET /api/auth/account HTTP/1.1 200 674 -
[02/Apr/2021:03:31:41 +0700] XNIO-2 task-4 GET /api/path/research/all HTTP/1.1 200 323 -
[02/Apr/2021:03:31:43 +0700] XNIO-2 task-4 OPTIONS /api/path/research HTTP/1.1 200 - -
[02/Apr/2021:03:31:43 +0700] XNIO-2 task-1 OPTIONS /api/auth/account/16 HTTP/1.1 200 - -
[02/Apr/2021:03:31:43 +0700] XNIO-2 task-1 GET /api/auth/account/16 HTTP/1.1 200 207 -
[02/Apr/2021:03:31:43 +0700] XNIO-2 task-4 GET /api/path/research HTTP/1.1 403 1945 -
[02/Apr/2021:03:31:46 +0700] XNIO-2 task-1 GET /api/auth/account/16 HTTP/1.1 200 207 -
[02/Apr/2021:03:31:46 +0700] XNIO-2 task-4 GET /api/path/research HTTP/1.1 403 1945 -
[02/Apr/2021:03:31:55 +0700] XNIO-2 task-1 GET /api/auth/account/16 HTTP/1.1 200 207 -
[02/Apr/2021:03:31:55 +0700] XNIO-2 task-4 GET /api/path/research HTTP/1.1 403 1945 -
[02/Apr/2021:03:31:59 +0700] XNIO-2 task-4 GET /api/auth/account HTTP/1.1 200 674 -
[02/Apr/2021:03:32:02 +0700] XNIO-2 task-1 OPTIONS /api/path/research/all/1 HTTP/1.1 200 - -
[02/Apr/2021:03:32:02 +0700] XNIO-2 task-4 OPTIONS /api/auth/account/1 HTTP/1.1 200 - -
[02/Apr/2021:03:32:02 +0700] XNIO-2 task-1 GET /api/auth/account/1 HTTP/1.1 200 243 -
[02/Apr/2021:03:32:02 +0700] XNIO-2 task-4 GET /api/path/research/all/1 HTTP/1.1 200 323 -
[02/Apr/2021:03:32:04 +0700] XNIO-2 task-4 OPTIONS /api/path/file/id/2/1 HTTP/1.1 200 - -
[02/Apr/2021:03:32:04 +0700] XNIO-2 task-1 OPTIONS /api/path/file/id/2/2 HTTP/1.1 200 - -
[02/Apr/2021:03:32:04 +0700] XNIO-2 task-2 OPTIONS /api/path/file/id/2/3 HTTP/1.1 200 - -
[02/Apr/2021:03:32:04 +0700] XNIO-2 task-1 OPTIONS /api/path/file/id/2/5 HTTP/1.1 200 - -
[02/Apr/2021:03:32:04 +0700] XNIO-2 task-2 OPTIONS /api/path/file/id/2/4 HTTP/1.1 200 - -
[02/Apr/2021:03:32:04 +0700] XNIO-2 task-4 GET /api/path/file/id/2/3 HTTP/1.1 403 1950 -
[02/Apr/2021:03:32:04 +0700] XNIO-2 task-1 GET /api/path/file/id/2/2 HTTP/1.1 403 1950 -
[02/Apr/2021:03:32:04 +0700] XNIO-2 task-2 GET /api/path/file/id/2/1 HTTP/1.1 403 1949 -
[02/Apr/2021:03:32:04 +0700] XNIO-2 task-5 GET /api/path/file/id/2/5 HTTP/1.1 403 1950 -
[02/Apr/2021:03:32:04 +0700] XNIO-2 task-3 GET /api/path/file/id/2/4 HTTP/1.1 403 1950 -
[02/Apr/2021:03:32:06 +0700] XNIO-2 task-3 GET /api/path/research/all HTTP/1.1 200 323 -
[02/Apr/2021:03:32:07 +0700] XNIO-2 task-3 GET /api/auth/account HTTP/1.1 200 674 -
[02/Apr/2021:04:14:15 +0700] XNIO-2 task-1 OPTIONS /api/auth/signup HTTP/1.1 200 - -
[02/Apr/2021:04:14:15 +0700] XNIO-2 task-2 POST /api/auth/signup HTTP/1.1 400 2313 -
[02/Apr/2021:04:14:58 +0700] XNIO-2 task-2 POST /api/auth/signup HTTP/1.1 400 2135 -
[02/Apr/2021:04:16:04 +0700] XNIO-2 task-1 POST /api/auth/signup HTTP/1.1 400 79 -
[02/Apr/2021:04:16:19 +0700] XNIO-2 task-1 POST /api/auth/signup HTTP/1.1 500 2860 -
[02/Apr/2021:04:17:29 +0700] XNIO-2 task-1 POST /api/auth/signup HTTP/1.1 500 2860 -
[02/Apr/2021:04:19:10 +0700] XNIO-2 task-1 POST /api/auth/signup HTTP/1.1 400 81 -
[02/Apr/2021:04:19:17 +0700] XNIO-2 task-1 POST /api/auth/signup HTTP/1.1 400 79 -
[02/Apr/2021:04:19:24 +0700] XNIO-2 task-1 POST /api/auth/signup HTTP/1.1 500 2860 -
[02/Apr/2021:04:23:43 +0700] XNIO-2 task-1 POST /api/auth/signup HTTP/1.1 200 76 -
[02/Apr/2021:04:23:51 +0700] XNIO-2 task-1 POST /api/auth/signup HTTP/1.1 200 76 -
[02/Apr/2021:04:25:41 +0700] XNIO-2 task-1 POST /api/auth/signing HTTP/1.1 400 2181 -
[02/Apr/2021:04:25:55 +0700] XNIO-2 task-1 POST /api/auth/signing HTTP/1.1 200 305 -
[02/Apr/2021:04:25:55 +0700] XNIO-2 task-1 GET /api/path/research/all HTTP/1.1 200 323 -
[02/Apr/2021:04:26:01 +0700] XNIO-2 task-2 GET /api/auth/account/16 HTTP/1.1 200 207 -
[02/Apr/2021:04:26:01 +0700] XNIO-2 task-1 GET /api/path/research HTTP/1.1 403 1941 -
[02/Apr/2021:04:26:05 +0700] XNIO-2 task-1 GET /api/path/research/all HTTP/1.1 200 323 -
[02/Apr/2021:04:26:07 +0700] XNIO-2 task-1 GET /api/auth/account HTTP/1.1 200 867 -
[02/Apr/2021:04:26:08 +0700] XNIO-2 task-1 GET /api/path/research/all HTTP/1.1 200 323 -
[02/Apr/2021:04:26:09 +0700] XNIO-2 task-1 GET /api/auth/account HTTP/1.1 200 867 -
[02/Apr/2021:04:26:14 +0700] XNIO-2 task-2 GET /api/path/research HTTP/1.1 403 1940 -
[02/Apr/2021:04:26:14 +0700] XNIO-2 task-1 GET /api/auth/account/16 HTTP/1.1 200 207 -
[02/Apr/2021:04:26:15 +0700] XNIO-2 task-1 GET /api/auth/account HTTP/1.1 200 867 -
[02/Apr/2021:04:27:33 +0700] XNIO-2 task-1 GET /api/path/research/all HTTP/1.1 200 323 -
[02/Apr/2021:04:27:34 +0700] XNIO-2 task-1 GET /api/auth/account HTTP/1.1 200 867 -
[02/Apr/2021:04:28:35 +0700] XNIO-2 task-1 POST /api/auth/signup HTTP/1.1 400 81 -
[02/Apr/2021:04:28:44 +0700] XNIO-2 task-1 POST /api/auth/signup HTTP/1.1 200 76 -
[02/Apr/2021:04:28:55 +0700] XNIO-2 task-1 POST /api/auth/signing HTTP/1.1 200 354 -
[02/Apr/2021:04:28:55 +0700] XNIO-2 task-1 GET /api/path/research HTTP/1.1 200 29 -
[02/Apr/2021:04:28:57 +0700] XNIO-2 task-1 GET /api/path/research HTTP/1.1 200 29 -
[02/Apr/2021:04:29:06 +0700] XNIO-2 task-1 OPTIONS /api/path/research HTTP/1.1 200 - -
[02/Apr/2021:04:29:06 +0700] XNIO-2 task-1 POST /api/path/research HTTP/1.1 200 317 -
[02/Apr/2021:04:29:06 +0700] XNIO-2 task-1 GET /api/path/research HTTP/1.1 200 319 -
[02/Apr/2021:04:29:08 +0700] XNIO-2 task-1 OPTIONS /api/path/file/id/24/1 HTTP/1.1 200 - -
[02/Apr/2021:04:29:08 +0700] XNIO-2 task-2 OPTIONS /api/path/file/id/24/2 HTTP/1.1 200 - -
[02/Apr/2021:04:29:08 +0700] XNIO-2 task-3 OPTIONS /api/path/file/id/24/3 HTTP/1.1 200 - -
[02/Apr/2021:04:29:08 +0700] XNIO-2 task-5 OPTIONS /api/path/file/id/24/5 HTTP/1.1 200 - -
[02/Apr/2021:04:29:08 +0700] XNIO-2 task-4 OPTIONS /api/path/file/id/24/4 HTTP/1.1 200 - -
[02/Apr/2021:04:29:08 +0700] XNIO-2 task-5 GET /api/path/file/id/24/1 HTTP/1.1 200 29 -
[02/Apr/2021:04:29:08 +0700] XNIO-2 task-1 GET /api/path/file/id/24/3 HTTP/1.1 200 29 -
[02/Apr/2021:04:29:08 +0700] XNIO-2 task-2 GET /api/path/file/id/24/4 HTTP/1.1 200 29 -
[02/Apr/2021:04:29:08 +0700] XNIO-2 task-3 GET /api/path/file/id/24/2 HTTP/1.1 200 29 -
[02/Apr/2021:04:29:08 +0700] XNIO-2 task-4 GET /api/path/file/id/24/5 HTTP/1.1 200 29 -
[02/Apr/2021:04:31:16 +0700] XNIO-2 task-3 GET /api/path/file/id/24/3 HTTP/1.1 200 29 -
[02/Apr/2021:04:31:16 +0700] XNIO-2 task-4 GET /api/path/file/id/24/2 HTTP/1.1 200 29 -
[02/Apr/2021:04:31:16 +0700] XNIO-2 task-2 GET /api/path/file/id/24/4 HTTP/1.1 200 29 -
[02/Apr/2021:04:31:16 +0700] XNIO-2 task-5 GET /api/path/file/id/24/1 HTTP/1.1 200 29 -
[02/Apr/2021:04:31:16 +0700] XNIO-2 task-1 GET /api/path/file/id/24/5 HTTP/1.1 200 29 -
[02/Apr/2021:04:31:37 +0700] XNIO-2 task-4 GET /api/path/file/id/24/4 HTTP/1.1 200 29 -
[02/Apr/2021:04:31:37 +0700] XNIO-2 task-1 GET /api/path/file/id/24/1 HTTP/1.1 200 29 -
[02/Apr/2021:04:31:37 +0700] XNIO-2 task-5 GET /api/path/file/id/24/2 HTTP/1.1 200 29 -
[02/Apr/2021:04:31:37 +0700] XNIO-2 task-3 GET /api/path/file/id/24/5 HTTP/1.1 200 29 -
[02/Apr/2021:04:31:37 +0700] XNIO-2 task-2 GET /api/path/file/id/24/3 HTTP/1.1 200 29 -
[02/Apr/2021:04:31:43 +0700] XNIO-2 task-1 GET /api/path/file/id/24/4 HTTP/1.1 200 29 -
[02/Apr/2021:04:31:43 +0700] XNIO-2 task-3 GET /api/path/file/id/24/2 HTTP/1.1 200 29 -
[02/Apr/2021:04:31:43 +0700] XNIO-2 task-2 GET /api/path/file/id/24/1 HTTP/1.1 200 29 -
[02/Apr/2021:04:31:43 +0700] XNIO-2 task-4 GET /api/path/file/id/24/5 HTTP/1.1 200 29 -
[02/Apr/2021:04:31:43 +0700] XNIO-2 task-5 GET /api/path/file/id/24/3 HTTP/1.1 200 29 -
[02/Apr/2021:04:31:59 +0700] XNIO-2 task-4 GET /api/path/file/id/24/2 HTTP/1.1 200 29 -
[02/Apr/2021:04:31:59 +0700] XNIO-2 task-5 GET /api/path/file/id/24/1 HTTP/1.1 200 29 -
[02/Apr/2021:04:31:59 +0700] XNIO-2 task-1 GET /api/path/file/id/24/5 HTTP/1.1 200 29 -
[02/Apr/2021:04:31:59 +0700] XNIO-2 task-2 GET /api/path/file/id/24/3 HTTP/1.1 200 29 -
[02/Apr/2021:04:31:59 +0700] XNIO-2 task-3 GET /api/path/file/id/24/4 HTTP/1.1 200 29 -
[02/Apr/2021:04:32:04 +0700] XNIO-2 task-3 GET /api/path/file/id/24/1 HTTP/1.1 200 29 -
[02/Apr/2021:04:32:04 +0700] XNIO-2 task-1 GET /api/path/file/id/24/3 HTTP/1.1 200 29 -
[02/Apr/2021:04:32:04 +0700] XNIO-2 task-5 GET /api/path/file/id/24/4 HTTP/1.1 200 29 -
[02/Apr/2021:04:32:04 +0700] XNIO-2 task-4 GET /api/path/file/id/24/5 HTTP/1.1 200 29 -
[02/Apr/2021:04:32:04 +0700] XNIO-2 task-2 GET /api/path/file/id/24/2 HTTP/1.1 200 29 -
[02/Apr/2021:04:32:07 +0700] XNIO-2 task-4 GET /api/path/file/id/24/1 HTTP/1.1 200 29 -
[02/Apr/2021:04:32:07 +0700] XNIO-2 task-2 GET /api/path/file/id/24/2 HTTP/1.1 200 29 -
[02/Apr/2021:04:32:07 +0700] XNIO-2 task-5 GET /api/path/file/id/24/3 HTTP/1.1 200 29 -
[02/Apr/2021:04:32:07 +0700] XNIO-2 task-3 GET /api/path/file/id/24/4 HTTP/1.1 200 29 -
[02/Apr/2021:04:32:07 +0700] XNIO-2 task-1 GET /api/path/file/id/24/5 HTTP/1.1 200 29 -
[02/Apr/2021:04:32:09 +0700] XNIO-2 task-3 GET /api/path/file/id/24/2 HTTP/1.1 200 29 -
[02/Apr/2021:04:32:09 +0700] XNIO-2 task-5 GET /api/path/file/id/24/3 HTTP/1.1 200 29 -
[02/Apr/2021:04:32:09 +0700] XNIO-2 task-1 GET /api/path/file/id/24/1 HTTP/1.1 200 29 -
[02/Apr/2021:04:32:09 +0700] XNIO-2 task-4 GET /api/path/file/id/24/4 HTTP/1.1 200 29 -
[02/Apr/2021:04:32:09 +0700] XNIO-2 task-2 GET /api/path/file/id/24/5 HTTP/1.1 200 29 -
[02/Apr/2021:04:32:13 +0700] XNIO-2 task-3 GET /api/path/file/id/24/4 HTTP/1.1 200 29 -
[02/Apr/2021:04:32:13 +0700] XNIO-2 task-4 GET /api/path/file/id/24/2 HTTP/1.1 200 29 -
[02/Apr/2021:04:32:13 +0700] XNIO-2 task-2 GET /api/path/file/id/24/1 HTTP/1.1 200 29 -
[02/Apr/2021:04:32:13 +0700] XNIO-2 task-5 GET /api/path/file/id/24/5 HTTP/1.1 200 29 -
[02/Apr/2021:04:32:13 +0700] XNIO-2 task-1 GET /api/path/file/id/24/3 HTTP/1.1 200 29 -
[02/Apr/2021:04:32:13 +0700] XNIO-2 task-5 GET /api/path/file/id/24/5 HTTP/1.1 200 29 -
[02/Apr/2021:04:32:17 +0700] XNIO-2 task-4 OPTIONS /api/path/file/id/24/6 HTTP/1.1 200 - -
[02/Apr/2021:04:32:17 +0700] XNIO-2 task-4 GET /api/path/file/id/24/6 HTTP/1.1 200 29 -
[02/Apr/2021:04:32:17 +0700] XNIO-2 task-2 GET /api/path/file/id/24/3 HTTP/1.1 200 29 -
[02/Apr/2021:04:32:17 +0700] XNIO-2 task-1 GET /api/path/file/id/24/2 HTTP/1.1 200 29 -
[02/Apr/2021:04:32:17 +0700] XNIO-2 task-5 GET /api/path/file/id/24/1 HTTP/1.1 200 29 -
[02/Apr/2021:04:32:17 +0700] XNIO-2 task-3 GET /api/path/file/id/24/4 HTTP/1.1 200 29 -
[02/Apr/2021:04:32:17 +0700] XNIO-2 task-6 GET /api/path/file/id/24/5 HTTP/1.1 200 29 -
[02/Apr/2021:04:32:24 +0700] XNIO-2 task-6 GET /api/path/file/id/24/1 HTTP/1.1 200 29 -
[02/Apr/2021:04:32:24 +0700] XNIO-2 task-3 GET /api/path/file/id/24/3 HTTP/1.1 200 29 -
[02/Apr/2021:04:32:24 +0700] XNIO-2 task-4 GET /api/path/file/id/24/6 HTTP/1.1 200 29 -
[02/Apr/2021:04:32:24 +0700] XNIO-2 task-2 GET /api/path/file/id/24/5 HTTP/1.1 200 29 -
[02/Apr/2021:04:32:24 +0700] XNIO-2 task-5 GET /api/path/file/id/24/2 HTTP/1.1 200 29 -
[02/Apr/2021:04:32:24 +0700] XNIO-2 task-1 GET /api/path/file/id/24/4 HTTP/1.1 200 29 -
[02/Apr/2021:04:32:38 +0700] XNIO-2 task-1 GET /api/path/file/id/24/1 HTTP/1.1 200 29 -
[02/Apr/2021:04:32:38 +0700] XNIO-2 task-2 GET /api/path/file/id/24/3 HTTP/1.1 200 29 -
[02/Apr/2021:04:32:38 +0700] XNIO-2 task-5 GET /api/path/file/id/24/2 HTTP/1.1 200 29 -
[02/Apr/2021:04:32:38 +0700] XNIO-2 task-4 GET /api/path/file/id/24/6 HTTP/1.1 200 29 -
[02/Apr/2021:04:32:38 +0700] XNIO-2 task-3 GET /api/path/file/id/24/4 HTTP/1.1 200 29 -
[02/Apr/2021:04:32:38 +0700] XNIO-2 task-6 GET /api/path/file/id/24/5 HTTP/1.1 200 29 -
[02/Apr/2021:04:32:38 +0700] XNIO-2 task-3 GET /api/path/file/id/24/6 HTTP/1.1 200 29 -
[02/Apr/2021:04:32:44 +0700] XNIO-2 task-4 OPTIONS /api/path/file/id/24/7 HTTP/1.1 200 - -
[02/Apr/2021:04:32:44 +0700] XNIO-2 task-3 GET /api/path/file/id/24/1 HTTP/1.1 200 29 -
[02/Apr/2021:04:32:44 +0700] XNIO-2 task-2 GET /api/path/file/id/24/4 HTTP/1.1 200 29 -
[02/Apr/2021:04:32:44 +0700] XNIO-2 task-1 GET /api/path/file/id/24/3 HTTP/1.1 200 29 -
[02/Apr/2021:04:32:44 +0700] XNIO-2 task-5 GET /api/path/file/id/24/5 HTTP/1.1 200 29 -
[02/Apr/2021:04:32:44 +0700] XNIO-2 task-6 GET /api/path/file/id/24/2 HTTP/1.1 200 29 -
[02/Apr/2021:04:32:44 +0700] XNIO-2 task-4 GET /api/path/file/id/24/6 HTTP/1.1 200 29 -
[02/Apr/2021:04:32:44 +0700] XNIO-2 task-3 GET /api/path/file/id/24/7 HTTP/1.1 200 29 -
[02/Apr/2021:04:32:46 +0700] XNIO-2 task-4 GET /api/path/file/id/24/3 HTTP/1.1 200 29 -
[02/Apr/2021:04:32:46 +0700] XNIO-2 task-1 GET /api/path/file/id/24/4 HTTP/1.1 200 29 -
[02/Apr/2021:04:32:46 +0700] XNIO-2 task-3 GET /api/path/file/id/24/1 HTTP/1.1 200 29 -
[02/Apr/2021:04:32:46 +0700] XNIO-2 task-6 GET /api/path/file/id/24/2 HTTP/1.1 200 29 -
[02/Apr/2021:04:32:46 +0700] XNIO-2 task-5 GET /api/path/file/id/24/5 HTTP/1.1 200 29 -
[02/Apr/2021:04:32:46 +0700] XNIO-2 task-2 GET /api/path/file/id/24/6 HTTP/1.1 200 29 -
[02/Apr/2021:04:32:46 +0700] XNIO-2 task-3 GET /api/path/file/id/24/7 HTTP/1.1 200 29 -
[02/Apr/2021:04:33:12 +0700] XNIO-2 task-2 GET /api/path/file/id/24/3 HTTP/1.1 200 29 -
[02/Apr/2021:04:33:12 +0700] XNIO-2 task-4 GET /api/path/file/id/24/5 HTTP/1.1 200 29 -
[02/Apr/2021:04:33:12 +0700] XNIO-2 task-5 GET /api/path/file/id/24/2 HTTP/1.1 200 29 -
[02/Apr/2021:04:33:12 +0700] XNIO-2 task-6 GET /api/path/file/id/24/4 HTTP/1.1 200 29 -
[02/Apr/2021:04:33:12 +0700] XNIO-2 task-1 GET /api/path/file/id/24/6 HTTP/1.1 200 29 -
[02/Apr/2021:04:33:12 +0700] XNIO-2 task-3 GET /api/path/file/id/24/1 HTTP/1.1 200 29 -
[02/Apr/2021:04:33:12 +0700] XNIO-2 task-2 GET /api/path/file/id/24/7 HTTP/1.1 200 29 -
[02/Apr/2021:04:33:15 +0700] XNIO-2 task-2 GET /api/path/file/id/24/1 HTTP/1.1 200 29 -
[02/Apr/2021:04:33:15 +0700] XNIO-2 task-1 GET /api/path/file/id/24/3 HTTP/1.1 200 29 -
[02/Apr/2021:04:33:15 +0700] XNIO-2 task-3 GET /api/path/file/id/24/2 HTTP/1.1 200 29 -
[02/Apr/2021:04:33:15 +0700] XNIO-2 task-4 GET /api/path/file/id/24/6 HTTP/1.1 200 29 -
[02/Apr/2021:04:33:15 +0700] XNIO-2 task-6 GET /api/path/file/id/24/4 HTTP/1.1 200 29 -
[02/Apr/2021:04:33:15 +0700] XNIO-2 task-5 GET /api/path/file/id/24/5 HTTP/1.1 200 29 -
[02/Apr/2021:04:33:15 +0700] XNIO-2 task-3 GET /api/path/file/id/24/7 HTTP/1.1 200 29 -
[02/Apr/2021:04:33:36 +0700] XNIO-2 task-3 GET /api/path/file/id/24/1 HTTP/1.1 200 29 -
[02/Apr/2021:04:33:36 +0700] XNIO-2 task-5 GET /api/path/file/id/24/2 HTTP/1.1 200 29 -
[02/Apr/2021:04:33:36 +0700] XNIO-2 task-4 GET /api/path/file/id/24/4 HTTP/1.1 200 29 -
[02/Apr/2021:04:33:36 +0700] XNIO-2 task-6 GET /api/path/file/id/24/3 HTTP/1.1 200 29 -
[02/Apr/2021:04:33:36 +0700] XNIO-2 task-2 GET /api/path/file/id/24/6 HTTP/1.1 200 29 -
[02/Apr/2021:04:33:36 +0700] XNIO-2 task-1 GET /api/path/file/id/24/5 HTTP/1.1 200 29 -
[02/Apr/2021:04:33:36 +0700] XNIO-2 task-4 GET /api/path/file/id/24/7 HTTP/1.1 200 29 -
[02/Apr/2021:04:34:06 +0700] XNIO-2 task-2 GET /api/path/file/id/24/3 HTTP/1.1 200 29 -
[02/Apr/2021:04:34:06 +0700] XNIO-2 task-1 GET /api/path/file/id/24/2 HTTP/1.1 200 29 -
[02/Apr/2021:04:34:06 +0700] XNIO-2 task-5 GET /api/path/file/id/24/5 HTTP/1.1 200 29 -
[02/Apr/2021:04:34:06 +0700] XNIO-2 task-4 GET /api/path/file/id/24/1 HTTP/1.1 200 29 -
[02/Apr/2021:04:34:06 +0700] XNIO-2 task-3 GET /api/path/file/id/24/6 HTTP/1.1 200 29 -
[02/Apr/2021:04:34:06 +0700] XNIO-2 task-6 GET /api/path/file/id/24/4 HTTP/1.1 200 29 -
[02/Apr/2021:04:34:06 +0700] XNIO-2 task-5 GET /api/path/file/id/24/7 HTTP/1.1 200 29 -
[02/Apr/2021:04:34:15 +0700] XNIO-2 task-3 GET /api/path/file/id/24/3 HTTP/1.1 200 29 -
[02/Apr/2021:04:34:15 +0700] XNIO-2 task-5 GET /api/path/file/id/24/2 HTTP/1.1 200 29 -
[02/Apr/2021:04:34:15 +0700] XNIO-2 task-4 GET /api/path/file/id/24/4 HTTP/1.1 200 29 -
[02/Apr/2021:04:34:15 +0700] XNIO-2 task-6 GET /api/path/file/id/24/1 HTTP/1.1 200 29 -
[02/Apr/2021:04:34:15 +0700] XNIO-2 task-1 GET /api/path/file/id/24/6 HTTP/1.1 200 29 -
[02/Apr/2021:04:34:15 +0700] XNIO-2 task-2 GET /api/path/file/id/24/5 HTTP/1.1 200 29 -
[02/Apr/2021:04:34:15 +0700] XNIO-2 task-3 GET /api/path/file/id/24/7 HTTP/1.1 200 29 -
[02/Apr/2021:04:34:17 +0700] XNIO-2 task-6 GET /api/path/file/id/24/4 HTTP/1.1 200 29 -
[02/Apr/2021:04:34:17 +0700] XNIO-2 task-5 GET /api/path/file/id/24/6 HTTP/1.1 200 29 -
[02/Apr/2021:04:34:17 +0700] XNIO-2 task-1 GET /api/path/file/id/24/3 HTTP/1.1 200 29 -
[02/Apr/2021:04:34:17 +0700] XNIO-2 task-2 GET /api/path/file/id/24/2 HTTP/1.1 200 29 -
[02/Apr/2021:04:34:17 +0700] XNIO-2 task-3 GET /api/path/file/id/24/1 HTTP/1.1 200 29 -
[02/Apr/2021:04:34:17 +0700] XNIO-2 task-4 GET /api/path/file/id/24/5 HTTP/1.1 200 29 -
[02/Apr/2021:04:34:17 +0700] XNIO-2 task-1 GET /api/path/file/id/24/7 HTTP/1.1 200 29 -
[02/Apr/2021:04:34:18 +0700] XNIO-2 task-4 GET /api/path/file/id/24/1 HTTP/1.1 200 29 -
[02/Apr/2021:04:34:18 +0700] XNIO-2 task-1 GET /api/path/file/id/24/2 HTTP/1.1 200 29 -
[02/Apr/2021:04:34:18 +0700] XNIO-2 task-5 GET /api/path/file/id/24/6 HTTP/1.1 200 29 -
[02/Apr/2021:04:34:18 +0700] XNIO-2 task-3 GET /api/path/file/id/24/3 HTTP/1.1 200 29 -
[02/Apr/2021:04:34:18 +0700] XNIO-2 task-6 GET /api/path/file/id/24/5 HTTP/1.1 200 29 -
[02/Apr/2021:04:34:18 +0700] XNIO-2 task-2 GET /api/path/file/id/24/4 HTTP/1.1 200 29 -
[02/Apr/2021:04:34:18 +0700] XNIO-2 task-6 GET /api/path/file/id/24/7 HTTP/1.1 200 29 -
[02/Apr/2021:04:35:15 +0700] XNIO-2 task-2 GET /api/path/file/id/24/2 HTTP/1.1 200 29 -
[02/Apr/2021:04:35:15 +0700] XNIO-2 task-6 GET /api/path/file/id/24/1 HTTP/1.1 200 29 -
[02/Apr/2021:04:35:15 +0700] XNIO-2 task-4 GET /api/path/file/id/24/4 HTTP/1.1 200 29 -
[02/Apr/2021:04:35:15 +0700] XNIO-2 task-3 GET /api/path/file/id/24/3 HTTP/1.1 200 29 -
[02/Apr/2021:04:35:15 +0700] XNIO-2 task-5 GET /api/path/file/id/24/5 HTTP/1.1 200 29 -
[02/Apr/2021:04:35:15 +0700] XNIO-2 task-1 GET /api/path/file/id/24/6 HTTP/1.1 200 29 -
[02/Apr/2021:04:35:15 +0700] XNIO-2 task-5 GET /api/path/file/id/24/7 HTTP/1.1 200 29 -
[02/Apr/2021:04:35:46 +0700] XNIO-2 task-1 GET /api/path/file/id/24/1 HTTP/1.1 200 29 -
[02/Apr/2021:04:35:46 +0700] XNIO-2 task-2 GET /api/path/file/id/24/5 HTTP/1.1 200 29 -
[02/Apr/2021:04:35:46 +0700] XNIO-2 task-6 GET /api/path/file/id/24/4 HTTP/1.1 200 29 -
[02/Apr/2021:04:35:46 +0700] XNIO-2 task-4 GET /api/path/file/id/24/6 HTTP/1.1 200 29 -
[02/Apr/2021:04:35:46 +0700] XNIO-2 task-5 GET /api/path/file/id/24/2 HTTP/1.1 200 29 -
[02/Apr/2021:04:35:46 +0700] XNIO-2 task-3 GET /api/path/file/id/24/3 HTTP/1.1 200 29 -
[02/Apr/2021:04:35:46 +0700] XNIO-2 task-3 GET /api/path/file/id/24/7 HTTP/1.1 200 29 -
[02/Apr/2021:04:35:55 +0700] XNIO-2 task-1 GET /api/path/file/id/24/6 HTTP/1.1 200 29 -
[02/Apr/2021:04:35:55 +0700] XNIO-2 task-3 GET /api/path/file/id/24/1 HTTP/1.1 200 29 -
[02/Apr/2021:04:35:55 +0700] XNIO-2 task-5 GET /api/path/file/id/24/2 HTTP/1.1 200 29 -
[02/Apr/2021:04:35:55 +0700] XNIO-2 task-4 GET /api/path/file/id/24/3 HTTP/1.1 200 29 -
[02/Apr/2021:04:35:55 +0700] XNIO-2 task-2 GET /api/path/file/id/24/5 HTTP/1.1 200 29 -
[02/Apr/2021:04:35:55 +0700] XNIO-2 task-6 GET /api/path/file/id/24/4 HTTP/1.1 200 29 -
[02/Apr/2021:04:35:56 +0700] XNIO-2 task-1 GET /api/path/file/id/24/7 HTTP/1.1 200 29 -
[02/Apr/2021:04:36:01 +0700] XNIO-2 task-4 GET /api/path/file/id/24/4 HTTP/1.1 200 29 -
[02/Apr/2021:04:36:01 +0700] XNIO-2 task-6 GET /api/path/file/id/24/2 HTTP/1.1 200 29 -
[02/Apr/2021:04:36:01 +0700] XNIO-2 task-5 GET /api/path/file/id/24/5 HTTP/1.1 200 29 -
[02/Apr/2021:04:36:01 +0700] XNIO-2 task-2 GET /api/path/file/id/24/3 HTTP/1.1 200 29 -
[02/Apr/2021:04:36:01 +0700] XNIO-2 task-3 GET /api/path/file/id/24/6 HTTP/1.1 200 29 -
[02/Apr/2021:04:36:01 +0700] XNIO-2 task-1 GET /api/path/file/id/24/1 HTTP/1.1 200 29 -
[02/Apr/2021:04:36:01 +0700] XNIO-2 task-6 GET /api/path/file/id/24/7 HTTP/1.1 200 29 -
[02/Apr/2021:04:36:08 +0700] XNIO-2 task-5 GET /api/path/file/id/24/4 HTTP/1.1 200 29 -
[02/Apr/2021:04:36:08 +0700] XNIO-2 task-3 GET /api/path/file/id/24/3 HTTP/1.1 200 29 -
[02/Apr/2021:04:36:08 +0700] XNIO-2 task-2 GET /api/path/file/id/24/5 HTTP/1.1 200 29 -
[02/Apr/2021:04:36:08 +0700] XNIO-2 task-1 GET /api/path/file/id/24/2 HTTP/1.1 200 29 -
[02/Apr/2021:04:36:08 +0700] XNIO-2 task-6 GET /api/path/file/id/24/1 HTTP/1.1 200 29 -
[02/Apr/2021:04:36:08 +0700] XNIO-2 task-4 GET /api/path/file/id/24/6 HTTP/1.1 200 29 -
[02/Apr/2021:04:36:08 +0700] XNIO-2 task-5 GET /api/path/file/id/24/7 HTTP/1.1 200 29 -
[02/Apr/2021:04:36:12 +0700] XNIO-2 task-4 GET /api/path/file/id/24/2 HTTP/1.1 200 29 -
[02/Apr/2021:04:36:12 +0700] XNIO-2 task-1 GET /api/path/file/id/24/4 HTTP/1.1 200 29 -
[02/Apr/2021:04:36:12 +0700] XNIO-2 task-5 GET /api/path/file/id/24/1 HTTP/1.1 200 29 -
[02/Apr/2021:04:36:12 +0700] XNIO-2 task-6 GET /api/path/file/id/24/3 HTTP/1.1 200 29 -
[02/Apr/2021:04:36:12 +0700] XNIO-2 task-3 GET /api/path/file/id/24/6 HTTP/1.1 200 29 -
[02/Apr/2021:04:36:12 +0700] XNIO-2 task-2 GET /api/path/file/id/24/5 HTTP/1.1 200 29 -
[02/Apr/2021:04:36:12 +0700] XNIO-2 task-4 GET /api/path/file/id/24/7 HTTP/1.1 200 29 -
[02/Apr/2021:04:36:44 +0700] XNIO-2 task-2 GET /api/path/file/id/24/2 HTTP/1.1 200 29 -
[02/Apr/2021:04:36:44 +0700] XNIO-2 task-3 GET /api/path/file/id/24/3 HTTP/1.1 200 29 -
[02/Apr/2021:04:36:44 +0700] XNIO-2 task-4 GET /api/path/file/id/24/1 HTTP/1.1 200 29 -
[02/Apr/2021:04:36:44 +0700] XNIO-2 task-6 GET /api/path/file/id/24/4 HTTP/1.1 200 29 -
[02/Apr/2021:04:36:44 +0700] XNIO-2 task-5 GET /api/path/file/id/24/5 HTTP/1.1 200 29 -
[02/Apr/2021:04:36:44 +0700] XNIO-2 task-1 GET /api/path/file/id/24/6 HTTP/1.1 200 29 -
[02/Apr/2021:04:36:44 +0700] XNIO-2 task-4 GET /api/path/file/id/24/7 HTTP/1.1 200 29 -
[02/Apr/2021:04:36:46 +0700] XNIO-2 task-1 GET /api/path/file/id/24/2 HTTP/1.1 200 29 -
[02/Apr/2021:04:36:46 +0700] XNIO-2 task-4 GET /api/path/file/id/24/1 HTTP/1.1 200 29 -
[02/Apr/2021:04:36:46 +0700] XNIO-2 task-5 GET /api/path/file/id/24/3 HTTP/1.1 200 29 -
[02/Apr/2021:04:36:46 +0700] XNIO-2 task-6 GET /api/path/file/id/24/4 HTTP/1.1 200 29 -
[02/Apr/2021:04:36:46 +0700] XNIO-2 task-3 GET /api/path/file/id/24/5 HTTP/1.1 200 29 -
[02/Apr/2021:04:36:46 +0700] XNIO-2 task-2 GET /api/path/file/id/24/6 HTTP/1.1 200 29 -
[02/Apr/2021:04:36:46 +0700] XNIO-2 task-5 GET /api/path/file/id/24/7 HTTP/1.1 200 29 -
[02/Apr/2021:04:36:54 +0700] XNIO-2 task-2 GET /api/path/file/id/24/2 HTTP/1.1 200 29 -
[02/Apr/2021:04:36:54 +0700] XNIO-2 task-6 GET /api/path/file/id/24/4 HTTP/1.1 200 29 -
[02/Apr/2021:04:36:54 +0700] XNIO-2 task-1 GET /api/path/file/id/24/5 HTTP/1.1 200 29 -
[02/Apr/2021:04:36:54 +0700] XNIO-2 task-5 GET /api/path/file/id/24/1 HTTP/1.1 200 29 -
[02/Apr/2021:04:36:54 +0700] XNIO-2 task-4 GET /api/path/file/id/24/6 HTTP/1.1 200 29 -
[02/Apr/2021:04:36:54 +0700] XNIO-2 task-3 GET /api/path/file/id/24/3 HTTP/1.1 200 29 -
[02/Apr/2021:04:36:54 +0700] XNIO-2 task-1 GET /api/path/file/id/24/7 HTTP/1.1 200 29 -
[02/Apr/2021:04:36:58 +0700] XNIO-2 task-2 GET /api/path/file/id/24/6 HTTP/1.1 200 29 -
[02/Apr/2021:04:36:58 +0700] XNIO-2 task-5 GET /api/path/file/id/24/4 HTTP/1.1 200 29 -
[02/Apr/2021:04:36:58 +0700] XNIO-2 task-4 GET /api/path/file/id/24/2 HTTP/1.1 200 29 -
[02/Apr/2021:04:36:58 +0700] XNIO-2 task-3 GET /api/path/file/id/24/3 HTTP/1.1 200 29 -
[02/Apr/2021:04:36:58 +0700] XNIO-2 task-1 GET /api/path/file/id/24/1 HTTP/1.1 200 29 -
[02/Apr/2021:04:36:58 +0700] XNIO-2 task-6 GET /api/path/file/id/24/5 HTTP/1.1 200 29 -
[02/Apr/2021:04:36:58 +0700] XNIO-2 task-1 GET /api/path/file/id/24/7 HTTP/1.1 200 29 -
[02/Apr/2021:04:37:00 +0700] XNIO-2 task-3 GET /api/path/file/id/24/3 HTTP/1.1 200 29 -
[02/Apr/2021:04:37:00 +0700] XNIO-2 task-6 GET /api/path/file/id/24/2 HTTP/1.1 200 29 -
[02/Apr/2021:04:37:00 +0700] XNIO-2 task-4 GET /api/path/file/id/24/4 HTTP/1.1 200 29 -
[02/Apr/2021:04:37:00 +0700] XNIO-2 task-2 GET /api/path/file/id/24/6 HTTP/1.1 200 29 -
[02/Apr/2021:04:37:00 +0700] XNIO-2 task-5 GET /api/path/file/id/24/5 HTTP/1.1 200 29 -
[02/Apr/2021:04:37:00 +0700] XNIO-2 task-1 GET /api/path/file/id/24/1 HTTP/1.1 200 29 -
[02/Apr/2021:04:37:00 +0700] XNIO-2 task-5 GET /api/path/file/id/24/7 HTTP/1.1 200 29 -
[02/Apr/2021:04:37:12 +0700] XNIO-2 task-5 GET /api/path/file/id/24/1 HTTP/1.1 200 29 -
[02/Apr/2021:04:37:12 +0700] XNIO-2 task-1 GET /api/path/file/id/24/2 HTTP/1.1 200 29 -
[02/Apr/2021:04:37:12 +0700] XNIO-2 task-3 GET /api/path/file/id/24/5 HTTP/1.1 200 29 -
[02/Apr/2021:04:37:12 +0700] XNIO-2 task-4 GET /api/path/file/id/24/4 HTTP/1.1 200 29 -
[02/Apr/2021:04:37:12 +0700] XNIO-2 task-2 GET /api/path/file/id/24/3 HTTP/1.1 200 29 -
[02/Apr/2021:04:37:12 +0700] XNIO-2 task-6 GET /api/path/file/id/24/6 HTTP/1.1 200 29 -
[02/Apr/2021:04:37:12 +0700] XNIO-2 task-5 GET /api/path/file/id/24/7 HTTP/1.1 200 29 -
[02/Apr/2021:04:37:15 +0700] XNIO-2 task-4 GET /api/path/file/id/24/4 HTTP/1.1 200 29 -
[02/Apr/2021:04:37:15 +0700] XNIO-2 task-5 GET /api/path/file/id/24/1 HTTP/1.1 200 29 -
[02/Apr/2021:04:37:15 +0700] XNIO-2 task-6 GET /api/path/file/id/24/2 HTTP/1.1 200 29 -
[02/Apr/2021:04:37:15 +0700] XNIO-2 task-2 GET /api/path/file/id/24/3 HTTP/1.1 200 29 -
[02/Apr/2021:04:37:15 +0700] XNIO-2 task-1 GET /api/path/file/id/24/6 HTTP/1.1 200 29 -
[02/Apr/2021:04:37:15 +0700] XNIO-2 task-3 GET /api/path/file/id/24/5 HTTP/1.1 200 29 -
[02/Apr/2021:04:37:15 +0700] XNIO-2 task-2 GET /api/path/file/id/24/7 HTTP/1.1 200 29 -
[02/Apr/2021:04:37:38 +0700] XNIO-2 task-1 GET /api/path/file/id/24/3 HTTP/1.1 200 29 -
[02/Apr/2021:04:37:38 +0700] XNIO-2 task-5 GET /api/path/file/id/24/6 HTTP/1.1 200 29 -
[02/Apr/2021:04:37:38 +0700] XNIO-2 task-2 GET /api/path/file/id/24/1 HTTP/1.1 200 29 -
[02/Apr/2021:04:37:38 +0700] XNIO-2 task-3 GET /api/path/file/id/24/2 HTTP/1.1 200 29 -
[02/Apr/2021:04:37:38 +0700] XNIO-2 task-4 GET /api/path/file/id/24/5 HTTP/1.1 200 29 -
[02/Apr/2021:04:37:38 +0700] XNIO-2 task-6 GET /api/path/file/id/24/4 HTTP/1.1 200 29 -
[02/Apr/2021:04:37:38 +0700] XNIO-2 task-2 GET /api/path/file/id/24/7 HTTP/1.1 200 29 -
[02/Apr/2021:04:37:43 +0700] XNIO-2 task-4 GET /api/path/file/id/24/1 HTTP/1.1 200 29 -
[02/Apr/2021:04:37:43 +0700] XNIO-2 task-2 GET /api/path/file/id/24/2 HTTP/1.1 200 29 -
[02/Apr/2021:04:37:43 +0700] XNIO-2 task-3 GET /api/path/file/id/24/4 HTTP/1.1 200 29 -
[02/Apr/2021:04:37:43 +0700] XNIO-2 task-6 GET /api/path/file/id/24/3 HTTP/1.1 200 29 -
[02/Apr/2021:04:37:43 +0700] XNIO-2 task-5 GET /api/path/file/id/24/6 HTTP/1.1 200 29 -
[02/Apr/2021:04:37:43 +0700] XNIO-2 task-1 GET /api/path/file/id/24/5 HTTP/1.1 200 29 -
[02/Apr/2021:04:37:43 +0700] XNIO-2 task-2 GET /api/path/file/id/24/7 HTTP/1.1 200 29 -
[02/Apr/2021:04:37:44 +0700] XNIO-2 task-2 GET /api/path/file/id/24/1 HTTP/1.1 200 29 -
[02/Apr/2021:04:37:44 +0700] XNIO-2 task-5 GET /api/path/file/id/24/3 HTTP/1.1 200 29 -
[02/Apr/2021:04:37:44 +0700] XNIO-2 task-4 GET /api/path/file/id/24/6 HTTP/1.1 200 29 -
[02/Apr/2021:04:37:44 +0700] XNIO-2 task-6 GET /api/path/file/id/24/5 HTTP/1.1 200 29 -
[02/Apr/2021:04:37:44 +0700] XNIO-2 task-1 GET /api/path/file/id/24/2 HTTP/1.1 200 29 -
[02/Apr/2021:04:37:44 +0700] XNIO-2 task-3 GET /api/path/file/id/24/4 HTTP/1.1 200 29 -
[02/Apr/2021:04:37:44 +0700] XNIO-2 task-2 GET /api/path/file/id/24/7 HTTP/1.1 200 29 -
[02/Apr/2021:04:37:50 +0700] XNIO-2 task-2 GET /api/path/research HTTP/1.1 200 319 -
[02/Apr/2021:04:37:54 +0700] XNIO-2 task-2 GET /api/path/file/id/24/1 HTTP/1.1 200 29 -
[02/Apr/2021:04:37:54 +0700] XNIO-2 task-1 GET /api/path/file/id/24/3 HTTP/1.1 200 29 -
[02/Apr/2021:04:37:54 +0700] XNIO-2 task-6 GET /api/path/file/id/24/4 HTTP/1.1 200 29 -
[02/Apr/2021:04:37:54 +0700] XNIO-2 task-3 GET /api/path/file/id/24/2 HTTP/1.1 200 29 -
[02/Apr/2021:04:37:54 +0700] XNIO-2 task-4 GET /api/path/file/id/24/6 HTTP/1.1 200 29 -
[02/Apr/2021:04:37:54 +0700] XNIO-2 task-5 GET /api/path/file/id/24/5 HTTP/1.1 200 29 -
[02/Apr/2021:04:37:54 +0700] XNIO-2 task-5 GET /api/path/file/id/24/7 HTTP/1.1 200 29 -
[02/Apr/2021:04:37:55 +0700] XNIO-2 task-5 GET /api/path/research HTTP/1.1 200 319 -
[02/Apr/2021:04:37:57 +0700] XNIO-2 task-5 OPTIONS /api/path/file/24 HTTP/1.1 200 - -
[02/Apr/2021:04:37:57 +0700] XNIO-2 task-3 GET /api/path/file/id/24/2 HTTP/1.1 200 29 -
[02/Apr/2021:04:37:57 +0700] XNIO-2 task-4 GET /api/path/file/id/24/1 HTTP/1.1 200 29 -
[02/Apr/2021:04:37:57 +0700] XNIO-2 task-6 GET /api/path/file/id/24/6 HTTP/1.1 200 29 -
[02/Apr/2021:04:37:57 +0700] XNIO-2 task-5 GET /api/path/file/id/24/3 HTTP/1.1 200 29 -
[02/Apr/2021:04:37:57 +0700] XNIO-2 task-1 GET /api/path/file/id/24/5 HTTP/1.1 200 29 -
[02/Apr/2021:04:37:57 +0700] XNIO-2 task-2 GET /api/path/file/id/24/4 HTTP/1.1 200 29 -
[02/Apr/2021:04:37:57 +0700] XNIO-2 task-4 GET /api/path/file/id/24/7 HTTP/1.1 200 29 -
[02/Apr/2021:04:37:57 +0700] XNIO-2 task-3 GET /api/path/file/24 HTTP/1.1 200 29 -
[02/Apr/2021:04:38:02 +0700] XNIO-2 task-3 OPTIONS /api/path/file HTTP/1.1 200 - -
[02/Apr/2021:04:38:04 +0700] XNIO-2 task-3 POST /api/path/file HTTP/1.1 200 145 -
[02/Apr/2021:04:38:04 +0700] XNIO-2 task-4 OPTIONS /api/path/file/pr/24 HTTP/1.1 200 - -
[02/Apr/2021:04:38:04 +0700] XNIO-2 task-3 GET /api/path/file/24 HTTP/1.1 200 369 -
[02/Apr/2021:04:38:04 +0700] XNIO-2 task-2 GET /api/path/file/id/24/1 HTTP/1.1 200 369 -
[02/Apr/2021:04:38:04 +0700] XNIO-2 task-5 GET /api/path/file/id/24/4 HTTP/1.1 200 29 -
[02/Apr/2021:04:38:04 +0700] XNIO-2 task-1 GET /api/path/file/id/24/3 HTTP/1.1 200 29 -
[02/Apr/2021:04:38:04 +0700] XNIO-2 task-2 OPTIONS /api/path/research/weight/24 HTTP/1.1 200 - -
[02/Apr/2021:04:38:04 +0700] XNIO-2 task-4 GET /api/path/file/id/24/2 HTTP/1.1 200 29 -
[02/Apr/2021:04:38:04 +0700] XNIO-2 task-3 GET /api/path/file/id/24/5 HTTP/1.1 200 29 -
[02/Apr/2021:04:38:04 +0700] XNIO-2 task-1 GET /api/path/file/id/24/6 HTTP/1.1 200 29 -
[02/Apr/2021:04:38:04 +0700] XNIO-2 task-2 PUT /api/path/research/weight/24 HTTP/1.1 200 318 -
[02/Apr/2021:04:38:04 +0700] XNIO-2 task-5 GET /api/path/file/id/24/7 HTTP/1.1 200 29 -
[02/Apr/2021:04:38:04 +0700] XNIO-2 task-6 GET /api/path/file/pr/24 HTTP/1.1 200 318 -
[02/Apr/2021:04:38:12 +0700] XNIO-2 task-6 POST /api/path/file HTTP/1.1 200 137 -
[02/Apr/2021:04:38:12 +0700] XNIO-2 task-5 GET /api/path/file/24 HTTP/1.1 200 394 -
[02/Apr/2021:04:38:12 +0700] XNIO-2 task-1 GET /api/path/file/id/24/3 HTTP/1.1 200 29 -
[02/Apr/2021:04:38:12 +0700] XNIO-2 task-4 GET /api/path/file/id/24/4 HTTP/1.1 200 29 -
[02/Apr/2021:04:38:12 +0700] XNIO-2 task-6 GET /api/path/file/pr/24 HTTP/1.1 200 318 -
[02/Apr/2021:04:38:12 +0700] XNIO-2 task-2 GET /api/path/file/id/24/1 HTTP/1.1 200 369 -
[02/Apr/2021:04:38:12 +0700] XNIO-2 task-3 GET /api/path/file/id/24/2 HTTP/1.1 200 360 -
[02/Apr/2021:04:38:12 +0700] XNIO-2 task-6 PUT /api/path/research/weight/24 HTTP/1.1 200 318 -
[02/Apr/2021:04:38:12 +0700] XNIO-2 task-5 GET /api/path/file/id/24/5 HTTP/1.1 200 29 -
[02/Apr/2021:04:38:12 +0700] XNIO-2 task-1 GET /api/path/file/id/24/6 HTTP/1.1 200 29 -
[02/Apr/2021:04:38:12 +0700] XNIO-2 task-4 GET /api/path/file/id/24/7 HTTP/1.1 200 29 -
[02/Apr/2021:04:38:18 +0700] XNIO-2 task-4 POST /api/path/file HTTP/1.1 200 137 -
[02/Apr/2021:04:38:18 +0700] XNIO-2 task-5 GET /api/path/file/id/24/2 HTTP/1.1 200 360 -
[02/Apr/2021:04:38:18 +0700] XNIO-2 task-2 GET /api/path/file/id/24/4 HTTP/1.1 200 29 -
[02/Apr/2021:04:38:18 +0700] XNIO-2 task-3 GET /api/path/file/id/24/3 HTTP/1.1 200 362 -
[02/Apr/2021:04:38:18 +0700] XNIO-2 task-6 GET /api/path/file/id/24/1 HTTP/1.1 200 369 -
[02/Apr/2021:04:38:18 +0700] XNIO-2 task-4 GET /api/path/file/24 HTTP/1.1 200 411 -
[02/Apr/2021:04:38:18 +0700] XNIO-2 task-1 GET /api/path/file/pr/24 HTTP/1.1 200 318 -
[02/Apr/2021:04:38:18 +0700] XNIO-2 task-5 GET /api/path/file/id/24/6 HTTP/1.1 200 29 -
[02/Apr/2021:04:38:18 +0700] XNIO-2 task-2 GET /api/path/file/id/24/5 HTTP/1.1 200 29 -
[02/Apr/2021:04:38:18 +0700] XNIO-2 task-3 PUT /api/path/research/weight/24 HTTP/1.1 200 318 -
[02/Apr/2021:04:38:18 +0700] XNIO-2 task-4 GET /api/path/file/id/24/7 HTTP/1.1 200 29 -
[02/Apr/2021:04:38:25 +0700] XNIO-2 task-4 POST /api/path/file HTTP/1.1 200 225 -
[02/Apr/2021:04:38:25 +0700] XNIO-2 task-4 GET /api/path/file/24 HTTP/1.1 200 524 -
[02/Apr/2021:04:38:25 +0700] XNIO-2 task-2 GET /api/path/file/id/24/2 HTTP/1.1 200 360 -
[02/Apr/2021:04:38:25 +0700] XNIO-2 task-5 GET /api/path/file/id/24/1 HTTP/1.1 200 369 -
[02/Apr/2021:04:38:25 +0700] XNIO-2 task-1 GET /api/path/file/id/24/3 HTTP/1.1 200 362 -
[02/Apr/2021:04:38:25 +0700] XNIO-2 task-3 GET /api/path/file/pr/24 HTTP/1.1 200 318 -
[02/Apr/2021:04:38:25 +0700] XNIO-2 task-6 GET /api/path/file/id/24/4 HTTP/1.1 200 448 -
[02/Apr/2021:04:38:25 +0700] XNIO-2 task-2 GET /api/path/file/id/24/6 HTTP/1.1 200 29 -
[02/Apr/2021:04:38:25 +0700] XNIO-2 task-4 GET /api/path/file/id/24/5 HTTP/1.1 200 29 -
[02/Apr/2021:04:38:25 +0700] XNIO-2 task-5 GET /api/path/file/id/24/7 HTTP/1.1 200 29 -
[02/Apr/2021:04:38:25 +0700] XNIO-2 task-1 PUT /api/path/research/weight/24 HTTP/1.1 200 318 -
[02/Apr/2021:04:38:34 +0700] XNIO-2 task-1 POST /api/path/file HTTP/1.1 200 145 -
[02/Apr/2021:04:38:34 +0700] XNIO-2 task-1 GET /api/path/file/24 HTTP/1.1 200 546 -
[02/Apr/2021:04:38:34 +0700] XNIO-2 task-6 GET /api/path/file/id/24/3 HTTP/1.1 200 362 -
[02/Apr/2021:04:38:34 +0700] XNIO-2 task-3 GET /api/path/file/id/24/4 HTTP/1.1 200 448 -
[02/Apr/2021:04:38:34 +0700] XNIO-2 task-2 GET /api/path/file/id/24/1 HTTP/1.1 200 369 -
[02/Apr/2021:04:38:34 +0700] XNIO-2 task-4 GET /api/path/file/id/24/2 HTTP/1.1 200 360 -
[02/Apr/2021:04:38:34 +0700] XNIO-2 task-5 GET /api/path/file/pr/24 HTTP/1.1 200 318 -
[02/Apr/2021:04:38:34 +0700] XNIO-2 task-1 PUT /api/path/research/weight/24 HTTP/1.1 200 318 -
[02/Apr/2021:04:38:34 +0700] XNIO-2 task-6 GET /api/path/file/id/24/7 HTTP/1.1 200 29 -
[02/Apr/2021:04:38:34 +0700] XNIO-2 task-2 GET /api/path/file/id/24/6 HTTP/1.1 200 29 -
[02/Apr/2021:04:38:34 +0700] XNIO-2 task-3 GET /api/path/file/id/24/5 HTTP/1.1 200 367 -
[02/Apr/2021:04:38:45 +0700] XNIO-2 task-3 POST /api/path/file HTTP/1.1 200 208 -
[02/Apr/2021:04:38:45 +0700] XNIO-2 task-3 GET /api/path/file/24 HTTP/1.1 200 604 -
[02/Apr/2021:04:38:45 +0700] XNIO-2 task-6 GET /api/path/file/id/24/1 HTTP/1.1 200 369 -
[02/Apr/2021:04:38:45 +0700] XNIO-2 task-1 GET /api/path/file/id/24/2 HTTP/1.1 200 360 -
[02/Apr/2021:04:38:45 +0700] XNIO-2 task-5 GET /api/path/file/id/24/3 HTTP/1.1 200 362 -
[02/Apr/2021:04:38:45 +0700] XNIO-2 task-4 GET /api/path/file/id/24/4 HTTP/1.1 200 448 -
[02/Apr/2021:04:38:45 +0700] XNIO-2 task-2 GET /api/path/file/pr/24 HTTP/1.1 200 318 -
[02/Apr/2021:04:38:45 +0700] XNIO-2 task-3 GET /api/path/file/id/24/5 HTTP/1.1 200 368 -
[02/Apr/2021:04:38:45 +0700] XNIO-2 task-1 GET /api/path/file/id/24/7 HTTP/1.1 200 29 -
[02/Apr/2021:04:38:45 +0700] XNIO-2 task-6 GET /api/path/file/id/24/6 HTTP/1.1 200 433 -
[02/Apr/2021:04:38:45 +0700] XNIO-2 task-5 PUT /api/path/research/weight/24 HTTP/1.1 200 327 -
[02/Apr/2021:04:38:56 +0700] XNIO-2 task-5 POST /api/path/file HTTP/1.1 500 1992 -
[02/Apr/2021:04:39:02 +0700] XNIO-2 task-6 GET /api/path/file/24 HTTP/1.1 200 615 -
[02/Apr/2021:04:39:02 +0700] XNIO-2 task-5 GET /api/path/file/id/24/1 HTTP/1.1 200 378 -
[02/Apr/2021:04:39:02 +0700] XNIO-2 task-1 GET /api/path/file/id/24/2 HTTP/1.1 200 368 -
[02/Apr/2021:04:39:02 +0700] XNIO-2 task-2 GET /api/path/file/id/24/4 HTTP/1.1 200 458 -
[02/Apr/2021:04:39:02 +0700] XNIO-2 task-3 GET /api/path/file/id/24/3 HTTP/1.1 200 370 -
[02/Apr/2021:04:39:02 +0700] XNIO-2 task-4 GET /api/path/file/id/24/5 HTTP/1.1 200 376 -
[02/Apr/2021:04:39:02 +0700] XNIO-2 task-5 GET /api/path/file/id/24/7 HTTP/1.1 200 29 -
[02/Apr/2021:04:39:02 +0700] XNIO-2 task-6 GET /api/path/file/id/24/6 HTTP/1.1 200 447 -
[02/Apr/2021:04:39:10 +0700] XNIO-2 task-6 POST /api/path/file HTTP/1.1 200 150 -
[02/Apr/2021:04:39:11 +0700] XNIO-2 task-4 GET /api/path/file/id/24/1 HTTP/1.1 200 378 -
[02/Apr/2021:04:39:11 +0700] XNIO-2 task-5 GET /api/path/file/24 HTTP/1.1 200 634 -
[02/Apr/2021:04:39:11 +0700] XNIO-2 task-1 GET /api/path/file/id/24/4 HTTP/1.1 200 457 -
[02/Apr/2021:04:39:11 +0700] XNIO-2 task-2 GET /api/path/file/id/24/3 HTTP/1.1 200 369 -
[02/Apr/2021:04:39:11 +0700] XNIO-2 task-3 GET /api/path/file/id/24/2 HTTP/1.1 200 368 -
[02/Apr/2021:04:39:11 +0700] XNIO-2 task-4 GET /api/path/file/id/24/6 HTTP/1.1 200 447 -
[02/Apr/2021:04:39:11 +0700] XNIO-2 task-6 GET /api/path/file/pr/24 HTTP/1.1 200 327 -
[02/Apr/2021:04:39:11 +0700] XNIO-2 task-5 GET /api/path/file/id/24/5 HTTP/1.1 200 377 -
[02/Apr/2021:04:39:11 +0700] XNIO-2 task-3 GET /api/path/file/id/24/7 HTTP/1.1 200 384 -
[02/Apr/2021:04:39:11 +0700] XNIO-2 task-2 PUT /api/path/research/weight/24 HTTP/1.1 200 319 -
[02/Apr/2021:04:39:27 +0700] XNIO-2 task-2 GET /api/path/research HTTP/1.1 200 320 -
[02/Apr/2021:04:39:28 +0700] XNIO-2 task-2 GET /api/path/file/id/24/1 HTTP/1.1 200 370 -
[02/Apr/2021:04:39:28 +0700] XNIO-2 task-5 GET /api/path/file/id/24/3 HTTP/1.1 200 362 -
[02/Apr/2021:04:39:28 +0700] XNIO-2 task-3 GET /api/path/file/id/24/2 HTTP/1.1 200 360 -
[02/Apr/2021:04:39:28 +0700] XNIO-2 task-1 GET /api/path/file/id/24/6 HTTP/1.1 200 434 -
[02/Apr/2021:04:39:28 +0700] XNIO-2 task-6 GET /api/path/file/id/24/5 HTTP/1.1 200 368 -
[02/Apr/2021:04:39:28 +0700] XNIO-2 task-4 GET /api/path/file/id/24/4 HTTP/1.1 200 449 -
[02/Apr/2021:04:39:28 +0700] XNIO-2 task-4 OPTIONS /api/path/url/all-diagram-edit.pdf HTTP/1.1 200 - -
[02/Apr/2021:04:39:28 +0700] XNIO-2 task-1 OPTIONS /api/path/url/sssss.pdf HTTP/1.1 200 - -
[02/Apr/2021:04:39:28 +0700] XNIO-2 task-6 OPTIONS /api/path/url/ER.pdf HTTP/1.1 200 - -
[02/Apr/2021:04:39:28 +0700] XNIO-2 task-5 OPTIONS /api/path/url/Drawing-edit.pdf HTTP/1.1 200 - -
[02/Apr/2021:04:39:28 +0700] XNIO-2 task-3 GET /api/path/file/id/24/7 HTTP/1.1 200 375 -
[02/Apr/2021:04:39:28 +0700] XNIO-2 task-1 GET /api/path/url/all-diagram-edit.pdf HTTP/1.1 200 77 -
[02/Apr/2021:04:39:28 +0700] XNIO-2 task-4 GET /api/path/url/sssss.pdf HTTP/1.1 200 66 -
[02/Apr/2021:04:39:28 +0700] XNIO-2 task-3 OPTIONS /api/path/url/%E0%B9%81%E0%B8%9A%E0%B8%9A%E0%B9%80%E0%B8%AA%E0%B8%99%E0%B8%AD%E0%B9%82%E0%B8%84%E0%B8%A3%E0%B8%87%E0%B8%A3%E0%B9%88%E0%B8%B2%E0%B8%87%E0%B8%9B%E0%B8%A3%E0%B8%B4%E0%B8%8D%E0%B8%8D%E0%B8%B2%E0%B8%99%E0%B8%B4%E0%B8%9E%E0%B8%99%E0%B8%98%E0%B9%8C.pdf HTTP/1.1 200 - -
[02/Apr/2021:04:39:28 +0700] XNIO-2 task-6 GET /api/path/url/ER.pdf HTTP/1.1 200 63 -
[02/Apr/2021:04:39:28 +0700] XNIO-2 task-3 OPTIONS /api/path/url/%E0%B9%83%E0%B8%9A%E0%B8%AD%E0%B8%99%E0%B8%B8%E0%B8%A1%E0%B8%B1%E0%B8%95%E0%B8%B4%E0%B8%AA%E0%B8%AD%E0%B8%9A%E0%B8%A3%E0%B8%B2%E0%B8%A2%E0%B8%A7%E0%B8%B4%E0%B8%8A%E0%B8%B2%E0%B9%82%E0%B8%84%E0%B8%A3%E0%B8%87%E0%B8%87%E0%B8%B2%E0%B8%99%E0%B8%97%E0%B8%B2%E0%B8%87%E0%B8%A7%E0%B8%B4%E0%B8%A8%E0%B8%A7%E0%B8%81%E0%B8%A3%E0%B8%A3%E0%B8%A1%E0%B8%8B%E0%B8%AD.pdf HTTP/1.1 200 - -
[02/Apr/2021:04:39:28 +0700] XNIO-2 task-4 OPTIONS /api/path/url/%E0%B8%9A%E0%B8%97%E0%B8%972.pdf HTTP/1.1 200 - -
[02/Apr/2021:04:39:28 +0700] XNIO-2 task-1 GET /api/path/url/Drawing-edit.pdf HTTP/1.1 200 73 -
[02/Apr/2021:04:39:28 +0700] XNIO-2 task-3 GET /api/path/url/%E0%B9%83%E0%B8%9A%E0%B8%AD%E0%B8%99%E0%B8%B8%E0%B8%A1%E0%B8%B1%E0%B8%95%E0%B8%B4%E0%B8%AA%E0%B8%AD%E0%B8%9A%E0%B8%A3%E0%B8%B2%E0%B8%A2%E0%B8%A7%E0%B8%B4%E0%B8%8A%E0%B8%B2%E0%B9%82%E0%B8%84%E0%B8%A3%E0%B8%87%E0%B8%87%E0%B8%B2%E0%B8%99%E0%B8%97%E0%B8%B2%E0%B8%87%E0%B8%A7%E0%B8%B4%E0%B8%A8%E0%B8%A7%E0%B8%81%E0%B8%A3%E0%B8%A3%E0%B8%A1%E0%B8%8B%E0%B8%AD.pdf HTTP/1.1 200 412 -
[02/Apr/2021:04:39:28 +0700] XNIO-2 task-6 GET /api/path/url/%E0%B9%81%E0%B8%9A%E0%B8%9A%E0%B9%80%E0%B8%AA%E0%B8%99%E0%B8%AD%E0%B9%82%E0%B8%84%E0%B8%A3%E0%B8%87%E0%B8%A3%E0%B9%88%E0%B8%B2%E0%B8%87%E0%B8%9B%E0%B8%A3%E0%B8%B4%E0%B8%8D%E0%B8%8D%E0%B8%B2%E0%B8%99%E0%B8%B4%E0%B8%9E%E0%B8%99%E0%B8%98%E0%B9%8C.pdf HTTP/1.1 200 304 -
[02/Apr/2021:04:39:28 +0700] XNIO-2 task-1 GET /api/path/url/%E0%B8%9A%E0%B8%97%E0%B8%972.pdf HTTP/1.1 200 89 -
[02/Apr/2021:04:39:47 +0700] XNIO-2 task-1 GET /api/path/research HTTP/1.1 200 320 -
[02/Apr/2021:04:39:48 +0700] XNIO-2 task-3 OPTIONS /api/auth/account/23 HTTP/1.1 200 - -
[02/Apr/2021:04:39:48 +0700] XNIO-2 task-1 GET /api/path/research HTTP/1.1 200 320 -
[02/Apr/2021:04:39:48 +0700] XNIO-2 task-1 GET /api/auth/account/23 HTTP/1.1 200 253 -
[02/Apr/2021:04:39:51 +0700] XNIO-2 task-1 GET /api/path/research HTTP/1.1 200 320 -
[02/Apr/2021:04:39:51 +0700] XNIO-2 task-3 GET /api/auth/account/23 HTTP/1.1 200 253 -
[02/Apr/2021:04:39:54 +0700] XNIO-2 task-1 GET /api/path/research HTTP/1.1 200 320 -
[02/Apr/2021:04:44:27 +0700] XNIO-2 task-1 GET /api/path/file/id/24/1 HTTP/1.1 200 370 -
[02/Apr/2021:04:44:27 +0700] XNIO-2 task-3 GET /api/path/file/id/24/2 HTTP/1.1 200 360 -
[02/Apr/2021:04:44:27 +0700] XNIO-2 task-6 GET /api/path/file/id/24/3 HTTP/1.1 200 362 -
[02/Apr/2021:04:44:27 +0700] XNIO-2 task-4 GET /api/path/file/id/24/4 HTTP/1.1 200 449 -
[02/Apr/2021:04:44:27 +0700] XNIO-2 task-5 GET /api/path/file/id/24/5 HTTP/1.1 200 368 -
[02/Apr/2021:04:44:27 +0700] XNIO-2 task-2 GET /api/path/file/id/24/6 HTTP/1.1 200 434 -
[02/Apr/2021:04:44:27 +0700] XNIO-2 task-6 GET /api/path/url/all-diagram-edit.pdf HTTP/1.1 200 77 -
[02/Apr/2021:04:44:27 +0700] XNIO-2 task-1 GET /api/path/file/id/24/7 HTTP/1.1 200 375 -
[02/Apr/2021:04:44:27 +0700] XNIO-2 task-2 GET /api/path/url/ER.pdf HTTP/1.1 200 63 -
[02/Apr/2021:04:44:27 +0700] XNIO-2 task-5 GET /api/path/url/Drawing-edit.pdf HTTP/1.1 200 73 -
[02/Apr/2021:04:44:27 +0700] XNIO-2 task-1 GET /api/path/url/sssss.pdf HTTP/1.1 200 66 -
[02/Apr/2021:04:44:27 +0700] XNIO-2 task-2 GET /api/path/url/%E0%B9%83%E0%B8%9A%E0%B8%AD%E0%B8%99%E0%B8%B8%E0%B8%A1%E0%B8%B1%E0%B8%95%E0%B8%B4%E0%B8%AA%E0%B8%AD%E0%B8%9A%E0%B8%A3%E0%B8%B2%E0%B8%A2%E0%B8%A7%E0%B8%B4%E0%B8%8A%E0%B8%B2%E0%B9%82%E0%B8%84%E0%B8%A3%E0%B8%87%E0%B8%87%E0%B8%B2%E0%B8%99%E0%B8%97%E0%B8%B2%E0%B8%87%E0%B8%A7%E0%B8%B4%E0%B8%A8%E0%B8%A7%E0%B8%81%E0%B8%A3%E0%B8%A3%E0%B8%A1%E0%B8%8B%E0%B8%AD.pdf HTTP/1.1 200 412 -
[02/Apr/2021:04:44:27 +0700] XNIO-2 task-5 GET /api/path/url/%E0%B9%81%E0%B8%9A%E0%B8%9A%E0%B9%80%E0%B8%AA%E0%B8%99%E0%B8%AD%E0%B9%82%E0%B8%84%E0%B8%A3%E0%B8%87%E0%B8%A3%E0%B9%88%E0%B8%B2%E0%B8%87%E0%B8%9B%E0%B8%A3%E0%B8%B4%E0%B8%8D%E0%B8%8D%E0%B8%B2%E0%B8%99%E0%B8%B4%E0%B8%9E%E0%B8%99%E0%B8%98%E0%B9%8C.pdf HTTP/1.1 200 304 -
[02/Apr/2021:04:44:27 +0700] XNIO-2 task-5 GET /api/path/url/%E0%B8%9A%E0%B8%97%E0%B8%972.pdf HTTP/1.1 200 89 -
[02/Apr/2021:04:44:29 +0700] XNIO-2 task-5 GET /api/path/research HTTP/1.1 200 320 -
[02/Apr/2021:04:44:30 +0700] XNIO-2 task-3 GET /api/path/file/id/24/5 HTTP/1.1 200 368 -
[02/Apr/2021:04:44:30 +0700] XNIO-2 task-4 GET /api/path/file/id/24/4 HTTP/1.1 200 449 -
[02/Apr/2021:04:44:30 +0700] XNIO-2 task-5 GET /api/path/file/24 HTTP/1.1 200 625 -
[02/Apr/2021:04:44:30 +0700] XNIO-2 task-6 GET /api/path/file/id/24/3 HTTP/1.1 200 362 -
[02/Apr/2021:04:44:30 +0700] XNIO-2 task-1 GET /api/path/file/id/24/2 HTTP/1.1 200 360 -
[02/Apr/2021:04:44:30 +0700] XNIO-2 task-2 GET /api/path/file/id/24/1 HTTP/1.1 200 370 -
[02/Apr/2021:04:44:30 +0700] XNIO-2 task-5 GET /api/path/file/id/24/6 HTTP/1.1 200 434 -
[02/Apr/2021:04:44:30 +0700] XNIO-2 task-4 GET /api/path/file/id/24/7 HTTP/1.1 200 375 -
[02/Apr/2021:04:44:34 +0700] XNIO-2 task-5 OPTIONS /api/path/file/delete/31/7 HTTP/1.1 200 - -
[02/Apr/2021:04:44:34 +0700] XNIO-2 task-5 DELETE /api/path/file/delete/31/7 HTTP/1.1 200 - -
[02/Apr/2021:04:44:35 +0700] XNIO-2 task-4 GET /api/path/file/24 HTTP/1.1 200 605 -
[02/Apr/2021:04:44:35 +0700] XNIO-2 task-3 GET /api/path/file/id/24/4 HTTP/1.1 200 449 -
[02/Apr/2021:04:44:35 +0700] XNIO-2 task-6 GET /api/path/file/id/24/3 HTTP/1.1 200 362 -
[02/Apr/2021:04:44:35 +0700] XNIO-2 task-5 GET /api/path/file/pr/24 HTTP/1.1 200 318 -
[02/Apr/2021:04:44:35 +0700] XNIO-2 task-2 GET /api/path/file/id/24/1 HTTP/1.1 200 370 -
[02/Apr/2021:04:44:35 +0700] XNIO-2 task-1 GET /api/path/file/id/24/2 HTTP/1.1 200 359 -
[02/Apr/2021:04:44:35 +0700] XNIO-2 task-6 GET /api/path/file/id/24/5 HTTP/1.1 200 368 -
[02/Apr/2021:04:44:35 +0700] XNIO-2 task-4 GET /api/path/file/id/24/6 HTTP/1.1 200 433 -
[02/Apr/2021:04:44:35 +0700] XNIO-2 task-3 GET /api/path/file/id/24/7 HTTP/1.1 200 29 -
[02/Apr/2021:04:44:36 +0700] XNIO-2 task-3 OPTIONS /api/path/file/delete/30/6 HTTP/1.1 200 - -
[02/Apr/2021:04:44:37 +0700] XNIO-2 task-3 DELETE /api/path/file/delete/30/6 HTTP/1.1 200 - -
[02/Apr/2021:04:44:37 +0700] XNIO-2 task-4 GET /api/path/file/24 HTTP/1.1 200 546 -
[02/Apr/2021:04:44:37 +0700] XNIO-2 task-1 GET /api/path/file/id/24/2 HTTP/1.1 200 359 -
[02/Apr/2021:04:44:37 +0700] XNIO-2 task-6 GET /api/path/file/id/24/1 HTTP/1.1 200 370 -
[02/Apr/2021:04:44:37 +0700] XNIO-2 task-5 GET /api/path/file/id/24/4 HTTP/1.1 200 450 -
[02/Apr/2021:04:44:37 +0700] XNIO-2 task-2 GET /api/path/file/id/24/3 HTTP/1.1 200 363 -
[02/Apr/2021:04:44:37 +0700] XNIO-2 task-3 GET /api/path/file/pr/24 HTTP/1.1 200 318 -
[02/Apr/2021:04:44:37 +0700] XNIO-2 task-4 GET /api/path/file/id/24/5 HTTP/1.1 200 367 -
[02/Apr/2021:04:44:37 +0700] XNIO-2 task-1 GET /api/path/file/id/24/7 HTTP/1.1 200 29 -
[02/Apr/2021:04:44:37 +0700] XNIO-2 task-6 GET /api/path/file/id/24/6 HTTP/1.1 200 29 -
[02/Apr/2021:04:44:49 +0700] XNIO-2 task-1 POST /api/path/file HTTP/1.1 200 150 -
[02/Apr/2021:04:44:49 +0700] XNIO-2 task-1 GET /api/path/file/24 HTTP/1.1 200 568 -
[02/Apr/2021:04:44:49 +0700] XNIO-2 task-2 GET /api/path/file/id/24/3 HTTP/1.1 200 362 -
[02/Apr/2021:04:44:49 +0700] XNIO-2 task-4 GET /api/path/file/id/24/1 HTTP/1.1 200 369 -
[02/Apr/2021:04:44:49 +0700] XNIO-2 task-5 GET /api/path/file/id/24/4 HTTP/1.1 200 448 -
[02/Apr/2021:04:44:49 +0700] XNIO-2 task-3 GET /api/path/file/id/24/2 HTTP/1.1 200 360 -
[02/Apr/2021:04:44:49 +0700] XNIO-2 task-6 GET /api/path/file/pr/24 HTTP/1.1 200 318 -
[02/Apr/2021:04:44:49 +0700] XNIO-2 task-2 GET /api/path/file/id/24/7 HTTP/1.1 200 29 -
[02/Apr/2021:04:44:49 +0700] XNIO-2 task-5 GET /api/path/file/id/24/6 HTTP/1.1 200 376 -
[02/Apr/2021:04:44:49 +0700] XNIO-2 task-1 GET /api/path/file/id/24/5 HTTP/1.1 200 368 -
[02/Apr/2021:04:44:52 +0700] XNIO-2 task-5 GET /api/path/research HTTP/1.1 200 321 -
[02/Apr/2021:04:44:54 +0700] XNIO-2 task-5 GET /api/path/research HTTP/1.1 200 321 -
[02/Apr/2021:04:45:44 +0700] XNIO-2 task-5 GET /api/path/file/24 HTTP/1.1 200 569 -
[02/Apr/2021:04:45:44 +0700] XNIO-2 task-1 GET /api/path/file/id/24/2 HTTP/1.1 200 359 -
[02/Apr/2021:04:45:44 +0700] XNIO-2 task-5 GET /api/path/file/id/24/1 HTTP/1.1 200 370 -
[02/Apr/2021:04:45:44 +0700] XNIO-2 task-6 GET /api/path/file/id/24/4 HTTP/1.1 200 450 -
[02/Apr/2021:04:45:44 +0700] XNIO-2 task-2 GET /api/path/file/id/24/3 HTTP/1.1 200 363 -
[02/Apr/2021:04:45:44 +0700] XNIO-2 task-3 GET /api/path/file/id/24/5 HTTP/1.1 200 368 -
[02/Apr/2021:04:45:44 +0700] XNIO-2 task-4 GET /api/path/file/id/24/6 HTTP/1.1 200 376 -
[02/Apr/2021:04:45:44 +0700] XNIO-2 task-6 GET /api/path/file/id/24/7 HTTP/1.1 200 29 -
[02/Apr/2021:04:45:49 +0700] XNIO-2 task-6 OPTIONS /api/path/file/delete/32/6 HTTP/1.1 200 - -
[02/Apr/2021:04:45:49 +0700] XNIO-2 task-6 DELETE /api/path/file/delete/32/6 HTTP/1.1 200 - -
[02/Apr/2021:04:45:49 +0700] XNIO-2 task-3 GET /api/path/file/24 HTTP/1.1 200 546 -
[02/Apr/2021:04:45:49 +0700] XNIO-2 task-4 GET /api/path/file/id/24/1 HTTP/1.1 200 370 -
[02/Apr/2021:04:45:49 +0700] XNIO-2 task-6 GET /api/path/file/pr/24 HTTP/1.1 200 318 -
[02/Apr/2021:04:45:49 +0700] XNIO-2 task-3 GET /api/path/file/id/24/5 HTTP/1.1 200 367 -
[02/Apr/2021:04:45:49 +0700] XNIO-2 task-2 GET /api/path/file/id/24/2 HTTP/1.1 200 360 -
[02/Apr/2021:04:45:49 +0700] XNIO-2 task-1 GET /api/path/file/id/24/4 HTTP/1.1 200 448 -
[02/Apr/2021:04:45:49 +0700] XNIO-2 task-6 GET /api/path/file/id/24/7 HTTP/1.1 200 29 -
[02/Apr/2021:04:45:49 +0700] XNIO-2 task-5 GET /api/path/file/id/24/3 HTTP/1.1 200 362 -
[02/Apr/2021:04:45:49 +0700] XNIO-2 task-4 GET /api/path/file/id/24/6 HTTP/1.1 200 29 -
[02/Apr/2021:04:46:01 +0700] XNIO-2 task-4 GET /api/path/file/24 HTTP/1.1 200 546 -
[02/Apr/2021:04:46:01 +0700] XNIO-2 task-6 GET /api/path/file/id/24/2 HTTP/1.1 200 360 -
[02/Apr/2021:04:46:01 +0700] XNIO-2 task-5 GET /api/path/file/id/24/1 HTTP/1.1 200 370 -
[02/Apr/2021:04:46:01 +0700] XNIO-2 task-2 GET /api/path/file/id/24/3 HTTP/1.1 200 362 -
[02/Apr/2021:04:46:01 +0700] XNIO-2 task-1 GET /api/path/file/id/24/4 HTTP/1.1 200 448 -
[02/Apr/2021:04:46:01 +0700] XNIO-2 task-3 GET /api/path/file/id/24/5 HTTP/1.1 200 367 -
[02/Apr/2021:04:46:01 +0700] XNIO-2 task-6 GET /api/path/file/id/24/6 HTTP/1.1 200 29 -
[02/Apr/2021:04:46:01 +0700] XNIO-2 task-4 GET /api/path/file/id/24/7 HTTP/1.1 200 29 -
[02/Apr/2021:04:46:15 +0700] XNIO-2 task-4 POST /api/path/file HTTP/1.1 200 150 -
[02/Apr/2021:04:46:15 +0700] XNIO-2 task-4 GET /api/path/file/24 HTTP/1.1 200 568 -
[02/Apr/2021:04:46:15 +0700] XNIO-2 task-3 GET /api/path/file/id/24/1 HTTP/1.1 200 369 -
[02/Apr/2021:04:46:15 +0700] XNIO-2 task-1 GET /api/path/file/id/24/2 HTTP/1.1 200 360 -
[02/Apr/2021:04:46:15 +0700] XNIO-2 task-6 GET /api/path/file/pr/24 HTTP/1.1 200 318 -
[02/Apr/2021:04:46:15 +0700] XNIO-2 task-5 GET /api/path/file/id/24/4 HTTP/1.1 200 450 -
[02/Apr/2021:04:46:15 +0700] XNIO-2 task-2 GET /api/path/file/id/24/3 HTTP/1.1 200 363 -
[02/Apr/2021:04:46:15 +0700] XNIO-2 task-6 GET /api/path/file/id/24/7 HTTP/1.1 200 29 -
[02/Apr/2021:04:46:15 +0700] XNIO-2 task-4 GET /api/path/file/id/24/5 HTTP/1.1 200 368 -
[02/Apr/2021:04:46:15 +0700] XNIO-2 task-3 GET /api/path/file/id/24/6 HTTP/1.1 200 376 -
[02/Apr/2021:04:47:17 +0700] XNIO-2 task-3 GET /api/path/research HTTP/1.1 200 321 -
[02/Apr/2021:04:47:20 +0700] XNIO-2 task-3 GET /api/path/research HTTP/1.1 200 321 -
[02/Apr/2021:04:48:35 +0700] XNIO-2 task-3 GET /api/path/file/id/24/1 HTTP/1.1 200 370 -
[02/Apr/2021:04:48:35 +0700] XNIO-2 task-6 GET /api/path/file/id/24/3 HTTP/1.1 200 363 -
[02/Apr/2021:04:48:35 +0700] XNIO-2 task-5 GET /api/path/file/id/24/5 HTTP/1.1 200 368 -
[02/Apr/2021:04:48:35 +0700] XNIO-2 task-1 GET /api/path/file/id/24/6 HTTP/1.1 200 376 -
[02/Apr/2021:04:48:35 +0700] XNIO-2 task-4 GET /api/path/file/id/24/2 HTTP/1.1 200 359 -
[02/Apr/2021:04:48:35 +0700] XNIO-2 task-2 GET /api/path/file/id/24/4 HTTP/1.1 200 450 -
[02/Apr/2021:04:48:35 +0700] XNIO-2 task-2 GET /api/path/file/id/24/7 HTTP/1.1 200 29 -
[02/Apr/2021:04:48:35 +0700] XNIO-2 task-4 GET /api/path/url/ER.pdf HTTP/1.1 200 63 -
[02/Apr/2021:04:48:35 +0700] XNIO-2 task-1 GET /api/path/url/%E0%B8%9A%E0%B8%97%E0%B8%972.pdf HTTP/1.1 200 89 -
[02/Apr/2021:04:48:35 +0700] XNIO-2 task-4 GET /api/path/url/sssss.pdf HTTP/1.1 200 66 -
[02/Apr/2021:04:48:35 +0700] XNIO-2 task-1 GET /api/path/url/Drawing-edit.pdf HTTP/1.1 200 73 -
[02/Apr/2021:04:48:35 +0700] XNIO-2 task-4 GET /api/path/url/all-diagram-edit.pdf HTTP/1.1 200 77 -
[02/Apr/2021:04:48:35 +0700] XNIO-2 task-1 GET /api/path/url/%E0%B9%83%E0%B8%9A%E0%B8%AD%E0%B8%99%E0%B8%B8%E0%B8%A1%E0%B8%B1%E0%B8%95%E0%B8%B4%E0%B8%AA%E0%B8%AD%E0%B8%9A%E0%B8%A3%E0%B8%B2%E0%B8%A2%E0%B8%A7%E0%B8%B4%E0%B8%8A%E0%B8%B2%E0%B9%82%E0%B8%84%E0%B8%A3%E0%B8%87%E0%B8%87%E0%B8%B2%E0%B8%99%E0%B8%97%E0%B8%B2%E0%B8%87%E0%B8%A7%E0%B8%B4%E0%B8%A8%E0%B8%A7%E0%B8%81%E0%B8%A3%E0%B8%A3%E0%B8%A1%E0%B8%8B%E0%B8%AD.pdf HTTP/1.1 200 412 -
[02/Apr/2021:04:48:37 +0700] XNIO-2 task-1 GET /api/path/research HTTP/1.1 200 321 -
[02/Apr/2021:04:48:38 +0700] XNIO-2 task-1 GET /api/path/file/24 HTTP/1.1 200 569 -
[02/Apr/2021:04:48:38 +0700] XNIO-2 task-4 GET /api/path/file/id/24/1 HTTP/1.1 200 370 -
[02/Apr/2021:04:48:38 +0700] XNIO-2 task-2 GET /api/path/file/id/24/2 HTTP/1.1 200 359 -
[02/Apr/2021:04:48:38 +0700] XNIO-2 task-3 GET /api/path/file/id/24/3 HTTP/1.1 200 363 -
[02/Apr/2021:04:48:38 +0700] XNIO-2 task-6 GET /api/path/file/id/24/5 HTTP/1.1 200 368 -
[02/Apr/2021:04:48:38 +0700] XNIO-2 task-5 GET /api/path/file/id/24/4 HTTP/1.1 200 450 -
[02/Apr/2021:04:48:38 +0700] XNIO-2 task-2 GET /api/path/file/id/24/7 HTTP/1.1 200 29 -
[02/Apr/2021:04:48:38 +0700] XNIO-2 task-4 GET /api/path/file/id/24/6 HTTP/1.1 200 376 -
[02/Apr/2021:04:48:49 +0700] XNIO-2 task-4 OPTIONS /api/path/file/delete/33/6 HTTP/1.1 200 - -
[02/Apr/2021:04:48:50 +0700] XNIO-2 task-4 DELETE /api/path/file/delete/33/6 HTTP/1.1 200 - -
[02/Apr/2021:04:48:50 +0700] XNIO-2 task-2 GET /api/path/file/24 HTTP/1.1 200 546 -
[02/Apr/2021:04:48:50 +0700] XNIO-2 task-5 GET /api/path/file/id/24/1 HTTP/1.1 200 370 -
[02/Apr/2021:04:48:50 +0700] XNIO-2 task-3 GET /api/path/file/id/24/3 HTTP/1.1 200 363 -
[02/Apr/2021:04:48:50 +0700] XNIO-2 task-6 GET /api/path/file/id/24/2 HTTP/1.1 200 359 -
[02/Apr/2021:04:48:50 +0700] XNIO-2 task-4 GET /api/path/file/pr/24 HTTP/1.1 200 318 -
[02/Apr/2021:04:48:50 +0700] XNIO-2 task-2 GET /api/path/file/id/24/5 HTTP/1.1 200 367 -
[02/Apr/2021:04:48:50 +0700] XNIO-2 task-1 GET /api/path/file/id/24/4 HTTP/1.1 200 450 -
[02/Apr/2021:04:48:50 +0700] XNIO-2 task-5 GET /api/path/file/id/24/6 HTTP/1.1 200 29 -
[02/Apr/2021:04:48:50 +0700] XNIO-2 task-5 GET /api/path/file/id/24/7 HTTP/1.1 200 29 -
[02/Apr/2021:04:48:57 +0700] XNIO-2 task-5 GET /api/path/file/24 HTTP/1.1 200 546 -
[02/Apr/2021:04:48:57 +0700] XNIO-2 task-2 GET /api/path/file/id/24/2 HTTP/1.1 200 360 -
[02/Apr/2021:04:48:57 +0700] XNIO-2 task-1 GET /api/path/file/id/24/1 HTTP/1.1 200 370 -
[02/Apr/2021:04:48:57 +0700] XNIO-2 task-6 GET /api/path/file/id/24/4 HTTP/1.1 200 448 -
[02/Apr/2021:04:48:57 +0700] XNIO-2 task-3 GET /api/path/file/id/24/5 HTTP/1.1 200 367 -
[02/Apr/2021:04:48:57 +0700] XNIO-2 task-4 GET /api/path/file/id/24/3 HTTP/1.1 200 362 -
[02/Apr/2021:04:48:57 +0700] XNIO-2 task-3 GET /api/path/file/id/24/7 HTTP/1.1 200 29 -
[02/Apr/2021:04:48:57 +0700] XNIO-2 task-6 GET /api/path/file/id/24/6 HTTP/1.1 200 29 -
[02/Apr/2021:04:49:09 +0700] XNIO-2 task-3 POST /api/path/file HTTP/1.1 200 150 -
[02/Apr/2021:04:49:09 +0700] XNIO-2 task-3 GET /api/path/file/24 HTTP/1.1 200 568 -
[02/Apr/2021:04:49:09 +0700] XNIO-2 task-5 GET /api/path/file/id/24/3 HTTP/1.1 200 362 -
[02/Apr/2021:04:49:09 +0700] XNIO-2 task-4 GET /api/path/file/id/24/1 HTTP/1.1 200 369 -
[02/Apr/2021:04:49:09 +0700] XNIO-2 task-1 GET /api/path/file/id/24/2 HTTP/1.1 200 360 -
[02/Apr/2021:04:49:09 +0700] XNIO-2 task-6 GET /api/path/file/pr/24 HTTP/1.1 200 318 -
[02/Apr/2021:04:49:09 +0700] XNIO-2 task-2 GET /api/path/file/id/24/4 HTTP/1.1 200 448 -
[02/Apr/2021:04:49:09 +0700] XNIO-2 task-4 GET /api/path/file/id/24/7 HTTP/1.1 200 29 -
[02/Apr/2021:04:49:09 +0700] XNIO-2 task-3 GET /api/path/file/id/24/5 HTTP/1.1 200 368 -
[02/Apr/2021:04:49:09 +0700] XNIO-2 task-5 GET /api/path/file/id/24/6 HTTP/1.1 200 376 -
[02/Apr/2021:04:49:18 +0700] XNIO-2 task-4 GET /api/path/file/id/24/2 HTTP/1.1 200 359 -
[02/Apr/2021:04:49:18 +0700] XNIO-2 task-5 GET /api/path/file/24 HTTP/1.1 200 569 -
[02/Apr/2021:04:49:18 +0700] XNIO-2 task-1 GET /api/path/file/id/24/5 HTTP/1.1 200 368 -
[02/Apr/2021:04:49:18 +0700] XNIO-2 task-3 GET /api/path/file/id/24/1 HTTP/1.1 200 370 -
[02/Apr/2021:04:49:18 +0700] XNIO-2 task-6 GET /api/path/file/id/24/4 HTTP/1.1 200 450 -
[02/Apr/2021:04:49:18 +0700] XNIO-2 task-2 GET /api/path/file/id/24/3 HTTP/1.1 200 363 -
[02/Apr/2021:04:49:18 +0700] XNIO-2 task-5 GET /api/path/file/id/24/7 HTTP/1.1 200 29 -
[02/Apr/2021:04:49:18 +0700] XNIO-2 task-1 GET /api/path/file/id/24/6 HTTP/1.1 200 376 -
[02/Apr/2021:04:49:19 +0700] XNIO-2 task-1 GET /api/path/file/24 HTTP/1.1 200 569 -
[02/Apr/2021:04:49:19 +0700] XNIO-2 task-2 GET /api/path/file/id/24/2 HTTP/1.1 200 359 -
[02/Apr/2021:04:49:19 +0700] XNIO-2 task-5 GET /api/path/file/id/24/1 HTTP/1.1 200 370 -
[02/Apr/2021:04:49:19 +0700] XNIO-2 task-6 GET /api/path/file/id/24/3 HTTP/1.1 200 363 -
[02/Apr/2021:04:49:19 +0700] XNIO-2 task-3 GET /api/path/file/id/24/4 HTTP/1.1 200 450 -
[02/Apr/2021:04:49:19 +0700] XNIO-2 task-4 GET /api/path/file/id/24/5 HTTP/1.1 200 368 -
[02/Apr/2021:04:49:19 +0700] XNIO-2 task-1 GET /api/path/file/id/24/6 HTTP/1.1 200 376 -
[02/Apr/2021:04:49:19 +0700] XNIO-2 task-2 GET /api/path/file/id/24/7 HTTP/1.1 200 29 -
[02/Apr/2021:04:49:22 +0700] XNIO-2 task-2 OPTIONS /api/path/file/delete/34/6 HTTP/1.1 200 - -
[02/Apr/2021:04:49:22 +0700] XNIO-2 task-2 DELETE /api/path/file/delete/34/6 HTTP/1.1 200 - -
[02/Apr/2021:04:49:23 +0700] XNIO-2 task-4 GET /api/path/file/id/24/1 HTTP/1.1 200 370 -
[02/Apr/2021:04:49:23 +0700] XNIO-2 task-3 GET /api/path/file/id/24/2 HTTP/1.1 200 359 -
[02/Apr/2021:04:49:23 +0700] XNIO-2 task-1 GET /api/path/file/24 HTTP/1.1 200 546 -
[02/Apr/2021:04:49:23 +0700] XNIO-2 task-6 GET /api/path/file/id/24/3 HTTP/1.1 200 363 -
[02/Apr/2021:04:49:23 +0700] XNIO-2 task-2 GET /api/path/file/pr/24 HTTP/1.1 200 318 -
[02/Apr/2021:04:49:23 +0700] XNIO-2 task-5 GET /api/path/file/id/24/4 HTTP/1.1 200 450 -
[02/Apr/2021:04:49:23 +0700] XNIO-2 task-4 GET /api/path/file/id/24/6 HTTP/1.1 200 29 -
[02/Apr/2021:04:49:23 +0700] XNIO-2 task-3 GET /api/path/file/id/24/7 HTTP/1.1 200 29 -
[02/Apr/2021:04:49:23 +0700] XNIO-2 task-1 GET /api/path/file/id/24/5 HTTP/1.1 200 367 -
[02/Apr/2021:04:50:20 +0700] XNIO-2 task-1 GET /api/path/file/24 HTTP/1.1 200 546 -
[02/Apr/2021:04:50:20 +0700] XNIO-2 task-4 GET /api/path/file/id/24/1 HTTP/1.1 200 370 -
[02/Apr/2021:04:50:20 +0700] XNIO-2 task-3 GET /api/path/file/id/24/2 HTTP/1.1 200 360 -
[02/Apr/2021:04:50:20 +0700] XNIO-2 task-5 GET /api/path/file/id/24/3 HTTP/1.1 200 362 -
[02/Apr/2021:04:50:20 +0700] XNIO-2 task-2 GET /api/path/file/id/24/5 HTTP/1.1 200 367 -
[02/Apr/2021:04:50:20 +0700] XNIO-2 task-6 GET /api/path/file/id/24/4 HTTP/1.1 200 448 -
[02/Apr/2021:04:50:20 +0700] XNIO-2 task-4 GET /api/path/file/id/24/7 HTTP/1.1 200 29 -
[02/Apr/2021:04:50:20 +0700] XNIO-2 task-3 GET /api/path/file/id/24/6 HTTP/1.1 200 29 -
[02/Apr/2021:04:50:29 +0700] XNIO-2 task-4 POST /api/path/file HTTP/1.1 200 150 -
[02/Apr/2021:04:50:30 +0700] XNIO-2 task-4 GET /api/path/file/24 HTTP/1.1 200 568 -
[02/Apr/2021:04:50:30 +0700] XNIO-2 task-6 GET /api/path/file/id/24/1 HTTP/1.1 200 369 -
[02/Apr/2021:04:50:30 +0700] XNIO-2 task-2 GET /api/path/file/id/24/2 HTTP/1.1 200 360 -
[02/Apr/2021:04:50:30 +0700] XNIO-2 task-5 GET /api/path/file/id/24/3 HTTP/1.1 200 362 -
[02/Apr/2021:04:50:30 +0700] XNIO-2 task-1 GET /api/path/file/id/24/4 HTTP/1.1 200 450 -
[02/Apr/2021:04:50:30 +0700] XNIO-2 task-3 GET /api/path/file/pr/24 HTTP/1.1 200 318 -
[02/Apr/2021:04:50:30 +0700] XNIO-2 task-4 GET /api/path/file/id/24/5 HTTP/1.1 200 368 -
[02/Apr/2021:04:50:30 +0700] XNIO-2 task-6 GET /api/path/file/id/24/6 HTTP/1.1 200 376 -
[02/Apr/2021:04:50:30 +0700] XNIO-2 task-2 GET /api/path/file/id/24/7 HTTP/1.1 200 29 -
[02/Apr/2021:04:50:30 +0700] XNIO-2 task-5 PUT /api/path/research/weight/24 HTTP/1.1 200 327 -
[02/Apr/2021:04:50:31 +0700] XNIO-2 task-5 GET /api/path/research HTTP/1.1 200 330 -
[02/Apr/2021:04:50:35 +0700] XNIO-2 task-5 GET /api/path/file/id/24/1 HTTP/1.1 200 378 -
[02/Apr/2021:04:50:35 +0700] XNIO-2 task-2 GET /api/path/file/id/24/2 HTTP/1.1 200 369 -
[02/Apr/2021:04:50:35 +0700] XNIO-2 task-6 GET /api/path/file/id/24/3 HTTP/1.1 200 370 -
[02/Apr/2021:04:50:35 +0700] XNIO-2 task-4 GET /api/path/file/id/24/4 HTTP/1.1 200 458 -
[02/Apr/2021:04:50:35 +0700] XNIO-2 task-1 GET /api/path/file/id/24/5 HTTP/1.1 200 376 -
[02/Apr/2021:04:50:35 +0700] XNIO-2 task-3 GET /api/path/file/id/24/6 HTTP/1.1 200 384 -
[02/Apr/2021:04:50:35 +0700] XNIO-2 task-2 GET /api/path/file/id/24/7 HTTP/1.1 200 29 -
[02/Apr/2021:04:50:35 +0700] XNIO-2 task-3 GET /api/path/url/ER.pdf HTTP/1.1 200 63 -
[02/Apr/2021:04:50:35 +0700] XNIO-2 task-2 GET /api/path/url/all-diagram-edit.pdf HTTP/1.1 200 77 -
[02/Apr/2021:04:50:35 +0700] XNIO-2 task-1 GET /api/path/url/sssss.pdf HTTP/1.1 200 66 -
[02/Apr/2021:04:50:35 +0700] XNIO-2 task-1 GET /api/path/url/%E0%B9%83%E0%B8%9A%E0%B8%AD%E0%B8%99%E0%B8%B8%E0%B8%A1%E0%B8%B1%E0%B8%95%E0%B8%B4%E0%B8%AA%E0%B8%AD%E0%B8%9A%E0%B8%A3%E0%B8%B2%E0%B8%A2%E0%B8%A7%E0%B8%B4%E0%B8%8A%E0%B8%B2%E0%B9%82%E0%B8%84%E0%B8%A3%E0%B8%87%E0%B8%87%E0%B8%B2%E0%B8%99%E0%B8%97%E0%B8%B2%E0%B8%87%E0%B8%A7%E0%B8%B4%E0%B8%A8%E0%B8%A7%E0%B8%81%E0%B8%A3%E0%B8%A3%E0%B8%A1%E0%B8%8B%E0%B8%AD.pdf HTTP/1.1 200 412 -
[02/Apr/2021:04:50:35 +0700] XNIO-2 task-2 GET /api/path/url/Drawing-edit.pdf HTTP/1.1 200 73 -
[02/Apr/2021:04:50:35 +0700] XNIO-2 task-1 GET /api/path/url/%E0%B8%9A%E0%B8%97%E0%B8%972.pdf HTTP/1.1 200 89 -
[02/Apr/2021:04:50:36 +0700] XNIO-2 task-1 GET /api/path/research HTTP/1.1 200 330 -
[02/Apr/2021:04:50:37 +0700] XNIO-2 task-1 GET /api/path/file/24 HTTP/1.1 200 578 -
[02/Apr/2021:04:50:37 +0700] XNIO-2 task-3 GET /api/path/file/id/24/2 HTTP/1.1 200 369 -
[02/Apr/2021:04:50:37 +0700] XNIO-2 task-2 GET /api/path/file/id/24/1 HTTP/1.1 200 378 -
[02/Apr/2021:04:50:37 +0700] XNIO-2 task-4 GET /api/path/file/id/24/3 HTTP/1.1 200 370 -
[02/Apr/2021:04:50:37 +0700] XNIO-2 task-5 GET /api/path/file/id/24/5 HTTP/1.1 200 376 -
[02/Apr/2021:04:50:37 +0700] XNIO-2 task-6 GET /api/path/file/id/24/4 HTTP/1.1 200 458 -
[02/Apr/2021:04:50:37 +0700] XNIO-2 task-3 GET /api/path/file/id/24/7 HTTP/1.1 200 29 -
[02/Apr/2021:04:50:37 +0700] XNIO-2 task-1 GET /api/path/file/id/24/6 HTTP/1.1 200 384 -
[02/Apr/2021:04:53:39 +0700] XNIO-2 task-1 OPTIONS /api/path/file/delete/35/6 HTTP/1.1 200 - -
[02/Apr/2021:04:53:40 +0700] XNIO-2 task-1 DELETE /api/path/file/delete/35/6 HTTP/1.1 200 - -
[02/Apr/2021:04:53:40 +0700] XNIO-2 task-3 GET /api/path/file/24 HTTP/1.1 200 555 -
[02/Apr/2021:04:53:40 +0700] XNIO-2 task-6 GET /api/path/file/id/24/1 HTTP/1.1 200 378 -
[02/Apr/2021:04:53:40 +0700] XNIO-2 task-4 GET /api/path/file/id/24/3 HTTP/1.1 200 370 -
[02/Apr/2021:04:53:40 +0700] XNIO-2 task-5 GET /api/path/file/id/24/2 HTTP/1.1 200 369 -
[02/Apr/2021:04:53:40 +0700] XNIO-2 task-2 GET /api/path/file/id/24/4 HTTP/1.1 200 458 -
[02/Apr/2021:04:53:40 +0700] XNIO-2 task-1 GET /api/path/file/pr/24 HTTP/1.1 200 327 -
[02/Apr/2021:04:53:40 +0700] XNIO-2 task-6 GET /api/path/file/id/24/6 HTTP/1.1 200 29 -
[02/Apr/2021:04:53:40 +0700] XNIO-2 task-3 GET /api/path/file/id/24/5 HTTP/1.1 200 376 -
[02/Apr/2021:04:53:40 +0700] XNIO-2 task-2 GET /api/path/file/id/24/7 HTTP/1.1 200 29 -
[02/Apr/2021:04:53:47 +0700] XNIO-2 task-2 GET /api/path/research HTTP/1.1 200 330 -
[02/Apr/2021:04:53:49 +0700] XNIO-2 task-2 GET /api/path/research HTTP/1.1 200 330 -
[02/Apr/2021:04:53:54 +0700] XNIO-2 task-2 GET /api/path/file/24 HTTP/1.1 200 555 -
[02/Apr/2021:04:53:54 +0700] XNIO-2 task-3 GET /api/path/file/id/24/1 HTTP/1.1 200 378 -
[02/Apr/2021:04:53:54 +0700] XNIO-2 task-1 GET /api/path/file/id/24/3 HTTP/1.1 200 370 -
[02/Apr/2021:04:53:54 +0700] XNIO-2 task-6 GET /api/path/file/id/24/2 HTTP/1.1 200 369 -
[02/Apr/2021:04:53:54 +0700] XNIO-2 task-5 GET /api/path/file/id/24/4 HTTP/1.1 200 458 -
[02/Apr/2021:04:53:54 +0700] XNIO-2 task-4 GET /api/path/file/id/24/5 HTTP/1.1 200 376 -
[02/Apr/2021:04:53:54 +0700] XNIO-2 task-2 GET /api/path/file/id/24/6 HTTP/1.1 200 29 -
[02/Apr/2021:04:53:54 +0700] XNIO-2 task-3 GET /api/path/file/id/24/7 HTTP/1.1 200 29 -
[02/Apr/2021:04:54:11 +0700] XNIO-2 task-3 GET /api/path/file/24 HTTP/1.1 200 555 -
[02/Apr/2021:04:54:11 +0700] XNIO-2 task-2 GET /api/path/file/id/24/1 HTTP/1.1 200 378 -
[02/Apr/2021:04:54:11 +0700] XNIO-2 task-5 GET /api/path/file/id/24/3 HTTP/1.1 200 370 -
[02/Apr/2021:04:54:11 +0700] XNIO-2 task-4 GET /api/path/file/id/24/2 HTTP/1.1 200 369 -
[02/Apr/2021:04:54:11 +0700] XNIO-2 task-6 GET /api/path/file/id/24/4 HTTP/1.1 200 458 -
[02/Apr/2021:04:54:11 +0700] XNIO-2 task-1 GET /api/path/file/id/24/5 HTTP/1.1 200 376 -
[02/Apr/2021:04:54:11 +0700] XNIO-2 task-3 GET /api/path/file/id/24/6 HTTP/1.1 200 29 -
[02/Apr/2021:04:54:11 +0700] XNIO-2 task-2 GET /api/path/file/id/24/7 HTTP/1.1 200 29 -
[02/Apr/2021:04:54:25 +0700] XNIO-2 task-2 GET /api/path/file/24 HTTP/1.1 200 555 -
[02/Apr/2021:04:54:25 +0700] XNIO-2 task-2 GET /api/path/file/id/24/6 HTTP/1.1 200 29 -
[02/Apr/2021:04:54:25 +0700] XNIO-2 task-3 GET /api/path/file/id/24/1 HTTP/1.1 200 378 -
[02/Apr/2021:04:54:25 +0700] XNIO-2 task-5 GET /api/path/file/id/24/4 HTTP/1.1 200 458 -
[02/Apr/2021:04:54:25 +0700] XNIO-2 task-4 GET /api/path/file/id/24/5 HTTP/1.1 200 376 -
[02/Apr/2021:04:54:25 +0700] XNIO-2 task-6 GET /api/path/file/id/24/3 HTTP/1.1 200 370 -
[02/Apr/2021:04:54:25 +0700] XNIO-2 task-2 GET /api/path/file/id/24/7 HTTP/1.1 200 29 -
[02/Apr/2021:04:54:25 +0700] XNIO-2 task-1 GET /api/path/file/id/24/2 HTTP/1.1 200 369 -
[02/Apr/2021:04:54:27 +0700] XNIO-2 task-1 GET /api/path/file/24 HTTP/1.1 200 555 -
[02/Apr/2021:04:54:27 +0700] XNIO-2 task-6 GET /api/path/file/id/24/2 HTTP/1.1 200 369 -
[02/Apr/2021:04:54:27 +0700] XNIO-2 task-5 GET /api/path/file/id/24/4 HTTP/1.1 200 458 -
[02/Apr/2021:04:54:27 +0700] XNIO-2 task-2 GET /api/path/file/id/24/1 HTTP/1.1 200 378 -
[02/Apr/2021:04:54:27 +0700] XNIO-2 task-4 GET /api/path/file/id/24/3 HTTP/1.1 200 370 -
[02/Apr/2021:04:54:27 +0700] XNIO-2 task-3 GET /api/path/file/id/24/5 HTTP/1.1 200 376 -
[02/Apr/2021:04:54:27 +0700] XNIO-2 task-1 GET /api/path/file/id/24/6 HTTP/1.1 200 29 -
[02/Apr/2021:04:54:27 +0700] XNIO-2 task-6 GET /api/path/file/id/24/7 HTTP/1.1 200 29 -
[02/Apr/2021:04:54:29 +0700] XNIO-2 task-4 GET /api/path/file/id/24/3 HTTP/1.1 200 370 -
[02/Apr/2021:04:54:29 +0700] XNIO-2 task-6 GET /api/path/file/24 HTTP/1.1 200 555 -
[02/Apr/2021:04:54:29 +0700] XNIO-2 task-1 GET /api/path/file/id/24/2 HTTP/1.1 200 369 -
[02/Apr/2021:04:54:29 +0700] XNIO-2 task-3 GET /api/path/file/id/24/1 HTTP/1.1 200 378 -
[02/Apr/2021:04:54:29 +0700] XNIO-2 task-5 GET /api/path/file/id/24/4 HTTP/1.1 200 458 -
[02/Apr/2021:04:54:29 +0700] XNIO-2 task-2 GET /api/path/file/id/24/5 HTTP/1.1 200 376 -
[02/Apr/2021:04:54:29 +0700] XNIO-2 task-1 GET /api/path/file/id/24/6 HTTP/1.1 200 29 -
[02/Apr/2021:04:54:29 +0700] XNIO-2 task-4 GET /api/path/file/id/24/7 HTTP/1.1 200 29 -
[02/Apr/2021:04:54:34 +0700] XNIO-2 task-1 GET /api/path/research HTTP/1.1 200 330 -
[02/Apr/2021:04:54:35 +0700] XNIO-2 task-1 GET /api/path/research HTTP/1.1 200 330 -
[02/Apr/2021:04:56:54 +0700] XNIO-2 task-1 GET /api/path/file/24 HTTP/1.1 200 555 -
[02/Apr/2021:04:56:54 +0700] XNIO-2 task-4 GET /api/path/file/id/24/1 HTTP/1.1 200 378 -
[02/Apr/2021:04:56:54 +0700] XNIO-2 task-2 GET /api/path/file/id/24/2 HTTP/1.1 200 369 -
[02/Apr/2021:04:56:54 +0700] XNIO-2 task-5 GET /api/path/file/id/24/3 HTTP/1.1 200 370 -
[02/Apr/2021:04:56:54 +0700] XNIO-2 task-3 GET /api/path/file/id/24/4 HTTP/1.1 200 458 -
[02/Apr/2021:04:56:54 +0700] XNIO-2 task-6 GET /api/path/file/id/24/5 HTTP/1.1 200 376 -
[02/Apr/2021:04:56:54 +0700] XNIO-2 task-1 GET /api/path/file/id/24/6 HTTP/1.1 200 29 -
[02/Apr/2021:04:56:54 +0700] XNIO-2 task-5 GET /api/path/file/id/24/7 HTTP/1.1 200 29 -
[02/Apr/2021:04:56:57 +0700] XNIO-2 task-5 OPTIONS /api/path/file/delete/29/5 HTTP/1.1 200 - -
[02/Apr/2021:04:56:57 +0700] XNIO-2 task-5 DELETE /api/path/file/delete/29/5 HTTP/1.1 200 - -
[02/Apr/2021:04:56:57 +0700] XNIO-2 task-6 GET /api/path/file/id/24/1 HTTP/1.1 200 378 -
[02/Apr/2021:04:56:57 +0700] XNIO-2 task-1 GET /api/path/file/24 HTTP/1.1 200 532 -
[02/Apr/2021:04:56:57 +0700] XNIO-2 task-2 GET /api/path/file/id/24/3 HTTP/1.1 200 370 -
[02/Apr/2021:04:56:57 +0700] XNIO-2 task-3 GET /api/path/file/id/24/2 HTTP/1.1 200 369 -
[02/Apr/2021:04:56:57 +0700] XNIO-2 task-4 GET /api/path/file/id/24/4 HTTP/1.1 200 458 -
[02/Apr/2021:04:56:57 +0700] XNIO-2 task-5 GET /api/path/file/pr/24 HTTP/1.1 200 327 -
[02/Apr/2021:04:56:57 +0700] XNIO-2 task-1 GET /api/path/file/id/24/7 HTTP/1.1 200 29 -
[02/Apr/2021:04:56:57 +0700] XNIO-2 task-3 GET /api/path/file/id/24/6 HTTP/1.1 200 29 -
[02/Apr/2021:04:56:57 +0700] XNIO-2 task-2 GET /api/path/file/id/24/5 HTTP/1.1 200 29 -
[02/Apr/2021:04:56:57 +0700] XNIO-2 task-6 PUT /api/path/research/weight/24 HTTP/1.1 200 318 -
[02/Apr/2021:04:56:59 +0700] XNIO-2 task-6 GET /api/path/research HTTP/1.1 200 320 -
[02/Apr/2021:04:57:27 +0700] XNIO-2 task-6 GET /api/path/file/24 HTTP/1.1 200 525 -
[02/Apr/2021:04:57:27 +0700] XNIO-2 task-2 GET /api/path/file/id/24/1 HTTP/1.1 200 370 -
[02/Apr/2021:04:57:27 +0700] XNIO-2 task-3 GET /api/path/file/id/24/2 HTTP/1.1 200 359 -
[02/Apr/2021:04:57:27 +0700] XNIO-2 task-4 GET /api/path/file/id/24/5 HTTP/1.1 200 29 -
[02/Apr/2021:04:57:27 +0700] XNIO-2 task-5 GET /api/path/file/id/24/3 HTTP/1.1 200 362 -
[02/Apr/2021:04:57:27 +0700] XNIO-2 task-1 GET /api/path/file/id/24/4 HTTP/1.1 200 449 -
[02/Apr/2021:04:57:27 +0700] XNIO-2 task-6 GET /api/path/file/id/24/6 HTTP/1.1 200 29 -
[02/Apr/2021:04:57:27 +0700] XNIO-2 task-3 GET /api/path/file/id/24/7 HTTP/1.1 200 29 -
[02/Apr/2021:04:57:36 +0700] XNIO-2 task-3 POST /api/path/file HTTP/1.1 200 150 -
[02/Apr/2021:04:57:36 +0700] XNIO-2 task-3 GET /api/path/file/24 HTTP/1.1 200 546 -
[02/Apr/2021:04:57:36 +0700] XNIO-2 task-1 GET /api/path/file/id/24/1 HTTP/1.1 200 369 -
[02/Apr/2021:04:57:36 +0700] XNIO-2 task-5 GET /api/path/file/id/24/2 HTTP/1.1 200 360 -
[02/Apr/2021:04:57:36 +0700] XNIO-2 task-4 GET /api/path/file/id/24/3 HTTP/1.1 200 362 -
[02/Apr/2021:04:57:36 +0700] XNIO-2 task-6 GET /api/path/file/pr/24 HTTP/1.1 200 318 -
[02/Apr/2021:04:57:36 +0700] XNIO-2 task-2 GET /api/path/file/id/24/4 HTTP/1.1 200 448 -
[02/Apr/2021:04:57:36 +0700] XNIO-2 task-1 GET /api/path/file/id/24/6 HTTP/1.1 200 29 -
[02/Apr/2021:04:57:36 +0700] XNIO-2 task-3 GET /api/path/file/id/24/5 HTTP/1.1 200 376 -
[02/Apr/2021:04:57:36 +0700] XNIO-2 task-4 PUT /api/path/research/weight/24 HTTP/1.1 200 318 -
[02/Apr/2021:04:57:36 +0700] XNIO-2 task-5 GET /api/path/file/id/24/7 HTTP/1.1 200 29 -
[02/Apr/2021:04:57:46 +0700] XNIO-2 task-5 POST /api/path/file HTTP/1.1 500 1992 -
[02/Apr/2021:04:57:52 +0700] XNIO-2 task-4 GET /api/path/file/24 HTTP/1.1 200 547 -
[02/Apr/2021:04:57:52 +0700] XNIO-2 task-3 GET /api/path/file/id/24/2 HTTP/1.1 200 360 -
[02/Apr/2021:04:57:52 +0700] XNIO-2 task-5 GET /api/path/file/id/24/1 HTTP/1.1 200 370 -
[02/Apr/2021:04:57:52 +0700] XNIO-2 task-1 GET /api/path/file/id/24/3 HTTP/1.1 200 362 -
[02/Apr/2021:04:57:52 +0700] XNIO-2 task-2 GET /api/path/file/id/24/4 HTTP/1.1 200 448 -
[02/Apr/2021:04:57:52 +0700] XNIO-2 task-6 GET /api/path/file/id/24/5 HTTP/1.1 200 376 -
[02/Apr/2021:04:57:52 +0700] XNIO-2 task-4 GET /api/path/file/id/24/6 HTTP/1.1 200 29 -
[02/Apr/2021:04:57:52 +0700] XNIO-2 task-1 GET /api/path/file/id/24/7 HTTP/1.1 200 29 -
[02/Apr/2021:04:58:03 +0700] XNIO-2 task-4 POST /api/path/file HTTP/1.1 200 208 -
[02/Apr/2021:04:58:03 +0700] XNIO-2 task-6 GET /api/path/file/id/24/1 HTTP/1.1 200 369 -
[02/Apr/2021:04:58:03 +0700] XNIO-2 task-5 GET /api/path/file/id/24/3 HTTP/1.1 200 362 -
[02/Apr/2021:04:58:03 +0700] XNIO-2 task-4 GET /api/path/file/24 HTTP/1.1 200 604 -
[02/Apr/2021:04:58:03 +0700] XNIO-2 task-2 GET /api/path/file/id/24/2 HTTP/1.1 200 360 -
[02/Apr/2021:04:58:03 +0700] XNIO-2 task-3 GET /api/path/file/id/24/4 HTTP/1.1 200 448 -
[02/Apr/2021:04:58:03 +0700] XNIO-2 task-1 GET /api/path/file/pr/24 HTTP/1.1 200 318 -
[02/Apr/2021:04:58:03 +0700] XNIO-2 task-5 PUT /api/path/research/weight/24 HTTP/1.1 200 318 -
[02/Apr/2021:04:58:03 +0700] XNIO-2 task-4 GET /api/path/file/id/24/6 HTTP/1.1 200 29 -
[02/Apr/2021:04:58:03 +0700] XNIO-2 task-6 GET /api/path/file/id/24/7 HTTP/1.1 200 435 -
[02/Apr/2021:04:58:03 +0700] XNIO-2 task-2 GET /api/path/file/id/24/5 HTTP/1.1 200 376 -
[02/Apr/2021:04:58:14 +0700] XNIO-2 task-6 POST /api/path/file HTTP/1.1 500 1992 -
[02/Apr/2021:04:58:19 +0700] XNIO-2 task-4 GET /api/path/file/id/24/2 HTTP/1.1 200 359 -
[02/Apr/2021:04:58:19 +0700] XNIO-2 task-2 GET /api/path/file/24 HTTP/1.1 200 604 -
[02/Apr/2021:04:58:19 +0700] XNIO-2 task-3 GET /api/path/file/id/24/5 HTTP/1.1 200 376 -
[02/Apr/2021:04:58:19 +0700] XNIO-2 task-1 GET /api/path/file/id/24/4 HTTP/1.1 200 450 -
[02/Apr/2021:04:58:19 +0700] XNIO-2 task-6 GET /api/path/file/id/24/1 HTTP/1.1 200 370 -
[02/Apr/2021:04:58:19 +0700] XNIO-2 task-5 GET /api/path/file/id/24/3 HTTP/1.1 200 363 -
[02/Apr/2021:04:58:19 +0700] XNIO-2 task-4 GET /api/path/file/id/24/6 HTTP/1.1 200 29 -
[02/Apr/2021:04:58:19 +0700] XNIO-2 task-1 GET /api/path/file/id/24/7 HTTP/1.1 200 435 -
[02/Apr/2021:04:58:48 +0700] XNIO-2 task-1 POST /api/path/file HTTP/1.1 200 145 -
[02/Apr/2021:04:58:49 +0700] XNIO-2 task-1 GET /api/path/file/24 HTTP/1.1 200 626 -
[02/Apr/2021:04:58:49 +0700] XNIO-2 task-5 GET /api/path/file/id/24/1 HTTP/1.1 200 369 -
[02/Apr/2021:04:58:49 +0700] XNIO-2 task-6 GET /api/path/file/id/24/2 HTTP/1.1 200 360 -
[02/Apr/2021:04:58:49 +0700] XNIO-2 task-2 GET /api/path/file/id/24/4 HTTP/1.1 200 449 -
[02/Apr/2021:04:58:49 +0700] XNIO-2 task-3 GET /api/path/file/id/24/3 HTTP/1.1 200 362 -
[02/Apr/2021:04:58:49 +0700] XNIO-2 task-4 GET /api/path/file/pr/24 HTTP/1.1 200 319 -
[02/Apr/2021:04:58:49 +0700] XNIO-2 task-1 GET /api/path/file/id/24/5 HTTP/1.1 200 377 -
[02/Apr/2021:04:58:49 +0700] XNIO-2 task-5 GET /api/path/file/id/24/7 HTTP/1.1 200 435 -
[02/Apr/2021:04:58:49 +0700] XNIO-2 task-6 GET /api/path/file/id/24/6 HTTP/1.1 200 370 -
[02/Apr/2021:04:58:49 +0700] XNIO-2 task-4 PUT /api/path/research/weight/24 HTTP/1.1 200 328 -
[02/Apr/2021:04:58:50 +0700] XNIO-2 task-4 GET /api/path/research HTTP/1.1 200 330 -
[02/Apr/2021:04:58:53 +0700] XNIO-2 task-4 GET /api/path/file/24 HTTP/1.1 200 639 -
[02/Apr/2021:04:58:53 +0700] XNIO-2 task-6 GET /api/path/file/id/24/1 HTTP/1.1 200 379 -
[02/Apr/2021:04:58:53 +0700] XNIO-2 task-5 GET /api/path/file/id/24/2 HTTP/1.1 200 370 -
[02/Apr/2021:04:58:53 +0700] XNIO-2 task-3 GET /api/path/file/id/24/4 HTTP/1.1 200 458 -
[02/Apr/2021:04:58:53 +0700] XNIO-2 task-1 GET /api/path/file/id/24/3 HTTP/1.1 200 370 -
[02/Apr/2021:04:58:53 +0700] XNIO-2 task-2 GET /api/path/file/id/24/5 HTTP/1.1 200 385 -
[02/Apr/2021:04:58:53 +0700] XNIO-2 task-6 GET /api/path/file/id/24/6 HTTP/1.1 200 379 -
[02/Apr/2021:04:58:53 +0700] XNIO-2 task-4 GET /api/path/file/id/24/7 HTTP/1.1 200 449 -
[02/Apr/2021:04:59:01 +0700] XNIO-2 task-4 OPTIONS /api/path/file/delete/38/6 HTTP/1.1 200 - -
[02/Apr/2021:04:59:02 +0700] XNIO-2 task-4 DELETE /api/path/file/delete/38/6 HTTP/1.1 200 - -
[02/Apr/2021:04:59:02 +0700] XNIO-2 task-6 GET /api/path/file/24 HTTP/1.1 200 615 -
[02/Apr/2021:04:59:02 +0700] XNIO-2 task-2 GET /api/path/file/id/24/1 HTTP/1.1 200 379 -
[02/Apr/2021:04:59:02 +0700] XNIO-2 task-3 GET /api/path/file/id/24/3 HTTP/1.1 200 370 -
[02/Apr/2021:04:59:02 +0700] XNIO-2 task-1 GET /api/path/file/id/24/2 HTTP/1.1 200 370 -
[02/Apr/2021:04:59:02 +0700] XNIO-2 task-4 GET /api/path/file/pr/24 HTTP/1.1 200 328 -
[02/Apr/2021:04:59:02 +0700] XNIO-2 task-3 GET /api/path/file/id/24/7 HTTP/1.1 200 447 -
[02/Apr/2021:04:59:02 +0700] XNIO-2 task-6 GET /api/path/file/id/24/5 HTTP/1.1 200 384 -
[02/Apr/2021:04:59:02 +0700] XNIO-2 task-5 GET /api/path/file/id/24/4 HTTP/1.1 200 458 -
[02/Apr/2021:04:59:02 +0700] XNIO-2 task-2 GET /api/path/file/id/24/6 HTTP/1.1 200 29 -
[02/Apr/2021:04:59:02 +0700] XNIO-2 task-1 PUT /api/path/research/weight/24 HTTP/1.1 200 318 -
[02/Apr/2021:04:59:05 +0700] XNIO-2 task-1 GET /api/path/research HTTP/1.1 200 321 -
[02/Apr/2021:04:59:07 +0700] XNIO-2 task-2 GET /api/path/file/24 HTTP/1.1 200 604 -
[02/Apr/2021:04:59:07 +0700] XNIO-2 task-1 GET /api/path/file/id/24/1 HTTP/1.1 200 370 -
[02/Apr/2021:04:59:07 +0700] XNIO-2 task-3 GET /api/path/file/id/24/3 HTTP/1.1 200 363 -
[02/Apr/2021:04:59:07 +0700] XNIO-2 task-5 GET /api/path/file/id/24/2 HTTP/1.1 200 359 -
[02/Apr/2021:04:59:07 +0700] XNIO-2 task-6 GET /api/path/file/id/24/4 HTTP/1.1 200 450 -
[02/Apr/2021:04:59:07 +0700] XNIO-2 task-4 GET /api/path/file/id/24/5 HTTP/1.1 200 376 -
[02/Apr/2021:04:59:07 +0700] XNIO-2 task-2 GET /api/path/file/id/24/6 HTTP/1.1 200 29 -
[02/Apr/2021:04:59:07 +0700] XNIO-2 task-1 GET /api/path/file/id/24/7 HTTP/1.1 200 435 -
[02/Apr/2021:04:59:16 +0700] XNIO-2 task-1 POST /api/path/file HTTP/1.1 200 208 -
[02/Apr/2021:04:59:16 +0700] XNIO-2 task-1 GET /api/path/file/24 HTTP/1.1 200 614 -
[02/Apr/2021:04:59:16 +0700] XNIO-2 task-5 GET /api/path/file/id/24/3 HTTP/1.1 200 362 -
[02/Apr/2021:04:59:16 +0700] XNIO-2 task-4 GET /api/path/file/id/24/1 HTTP/1.1 200 369 -
[02/Apr/2021:04:59:16 +0700] XNIO-2 task-6 GET /api/path/file/id/24/2 HTTP/1.1 200 360 -
[02/Apr/2021:04:59:16 +0700] XNIO-2 task-2 GET /api/path/file/pr/24 HTTP/1.1 200 319 -
[02/Apr/2021:04:59:16 +0700] XNIO-2 task-3 GET /api/path/file/id/24/4 HTTP/1.1 200 448 -
[02/Apr/2021:04:59:16 +0700] XNIO-2 task-6 GET /api/path/file/id/24/6 HTTP/1.1 200 435 -
[02/Apr/2021:04:59:16 +0700] XNIO-2 task-1 GET /api/path/file/id/24/5 HTTP/1.1 200 377 -
[02/Apr/2021:04:59:16 +0700] XNIO-2 task-4 GET /api/path/file/id/24/7 HTTP/1.1 200 435 -
[02/Apr/2021:04:59:16 +0700] XNIO-2 task-5 PUT /api/path/research/weight/24 HTTP/1.1 200 327 -
[02/Apr/2021:04:59:28 +0700] XNIO-2 task-5 OPTIONS /api/auth/signing HTTP/1.1 200 - -
[02/Apr/2021:04:59:28 +0700] XNIO-2 task-5 POST /api/auth/signing HTTP/1.1 200 354 -
[02/Apr/2021:04:59:29 +0700] XNIO-2 task-5 GET /api/path/research HTTP/1.1 200 330 -
[02/Apr/2021:04:59:38 +0700] XNIO-2 task-5 GET /api/path/research HTTP/1.1 200 330 -
