[19/Mar/2021:04:00:48 +0700] XNIO-2 task-1 OPTIONS /api/path/research HTTP/1.1 200 - -
[19/Mar/2021:04:00:49 +0700] XNIO-2 task-1 GET /api/path/research HTTP/1.1 200 443 -
[19/Mar/2021:04:00:50 +0700] XNIO-2 task-1 GET /api/path/research HTTP/1.1 200 443 -
[19/Mar/2021:04:01:14 +0700] XNIO-2 task-1 GET /api/path/file/15 HTTP/1.1 200 462 -
[19/Mar/2021:04:01:19 +0700] XNIO-2 task-1 GET /api/path/file/6 HTTP/1.1 200 500 -
[19/Mar/2021:04:01:21 +0700] XNIO-2 task-1 GET /api/path/file/4 HTTP/1.1 200 356 -
[19/Mar/2021:09:06:24 +0700] XNIO-2 task-1 OPTIONS /api/auth/signing HTTP/1.1 200 - -
[19/Mar/2021:09:06:25 +0700] XNIO-2 task-2 POST /api/auth/signing HTTP/1.1 200 287 -
[19/Mar/2021:09:06:25 +0700] XNIO-2 task-2 OPTIONS /api/path/research HTTP/1.1 200 - -
[19/Mar/2021:09:06:25 +0700] XNIO-2 task-2 GET /api/path/research HTTP/1.1 200 439 -
[19/Mar/2021:09:06:33 +0700] XNIO-2 task-2 GET /api/path/research HTTP/1.1 200 439 -
[19/Mar/2021:09:06:41 +0700] XNIO-2 task-2 GET /api/path/research HTTP/1.1 200 439 -
[19/Mar/2021:09:06:45 +0700] XNIO-2 task-2 GET /api/path/file/2 HTTP/1.1 200 399 -
[19/Mar/2021:09:07:23 +0700] XNIO-2 task-2 GET /api/path/research HTTP/1.1 200 439 -
[19/Mar/2021:09:07:25 +0700] XNIO-2 task-2 GET /api/path/file/2 HTTP/1.1 200 399 -
[19/Mar/2021:09:07:58 +0700] XNIO-2 task-2 OPTIONS /api/path/research/15 HTTP/1.1 200 - -
[19/Mar/2021:09:07:58 +0700] XNIO-2 task-2 DELETE /api/path/research/15 HTTP/1.1 500 229 -
[19/Mar/2021:09:08:04 +0700] XNIO-2 task-2 GET /api/path/research HTTP/1.1 200 439 -
[19/Mar/2021:09:08:08 +0700] XNIO-2 task-2 DELETE /api/path/research/15 HTTP/1.1 500 230 -
[19/Mar/2021:09:08:59 +0700] XNIO-2 task-2 DELETE /api/path/research/15 HTTP/1.1 500 229 -
[19/Mar/2021:09:09:03 +0700] XNIO-2 task-2 GET /api/path/research HTTP/1.1 200 439 -
[19/Mar/2021:09:09:21 +0700] XNIO-2 task-2 DELETE /api/path/research/15 HTTP/1.1 500 228 -
[19/Mar/2021:09:09:43 +0700] XNIO-2 task-2 OPTIONS /api/path/research/2 HTTP/1.1 200 - -
[19/Mar/2021:09:09:43 +0700] XNIO-2 task-2 DELETE /api/path/research/2 HTTP/1.1 500 229 -
[19/Mar/2021:09:10:41 +0700] XNIO-2 task-1 GET /api/path/file/15 HTTP/1.1 200 459 -
[19/Mar/2021:09:10:47 +0700] XNIO-2 task-1 GET /api/path/research HTTP/1.1 200 439 -
[19/Mar/2021:09:10:50 +0700] XNIO-2 task-1 DELETE /api/path/research/15 HTTP/1.1 500 229 -
[19/Mar/2021:09:13:15 +0700] XNIO-2 task-1 GET /api/path/research HTTP/1.1 500 213 -
[19/Mar/2021:09:13:19 +0700] XNIO-2 task-1 POST /api/auth/signing HTTP/1.1 500 152 -
[19/Mar/2021:09:13:39 +0700] XNIO-2 task-1 OPTIONS /api/auth/signup HTTP/1.1 200 - -
[19/Mar/2021:09:13:39 +0700] XNIO-2 task-1 POST /api/auth/signup HTTP/1.1 200 76 -
[19/Mar/2021:09:13:45 +0700] XNIO-2 task-1 POST /api/auth/signing HTTP/1.1 500 152 -
[19/Mar/2021:09:13:54 +0700] XNIO-2 task-1 POST /api/auth/signing HTTP/1.1 200 291 -
[19/Mar/2021:09:13:54 +0700] XNIO-2 task-1 GET /api/path/research HTTP/1.1 200 29 -
[19/Mar/2021:09:14:05 +0700] XNIO-2 task-1 OPTIONS /api/path/research HTTP/1.1 200 - -
[19/Mar/2021:09:14:05 +0700] XNIO-2 task-1 POST /api/path/research HTTP/1.1 200 305 -
[19/Mar/2021:09:14:05 +0700] XNIO-2 task-1 GET /api/path/research HTTP/1.1 200 307 -
[19/Mar/2021:09:14:07 +0700] XNIO-2 task-1 DELETE /api/path/research/2 HTTP/1.1 200 - -
[19/Mar/2021:09:14:07 +0700] XNIO-2 task-1 GET /api/path/research HTTP/1.1 200 29 -
[19/Mar/2021:09:14:10 +0700] XNIO-2 task-1 GET /api/path/research HTTP/1.1 200 29 -
[19/Mar/2021:09:14:19 +0700] XNIO-2 task-1 POST /api/path/research HTTP/1.1 200 259 -
[19/Mar/2021:09:14:19 +0700] XNIO-2 task-1 GET /api/path/research HTTP/1.1 200 261 -
[19/Mar/2021:09:14:35 +0700] XNIO-2 task-1 GET /api/path/research HTTP/1.1 200 261 -
[19/Mar/2021:09:14:38 +0700] XNIO-2 task-1 GET /api/path/file/3 HTTP/1.1 200 29 -
[19/Mar/2021:09:15:21 +0700] XNIO-2 task-1 GET /api/path/file/3 HTTP/1.1 200 29 -
[19/Mar/2021:09:15:45 +0700] XNIO-2 task-1 GET /api/path/research HTTP/1.1 200 261 -
[19/Mar/2021:09:16:53 +0700] XNIO-2 task-1 POST /api/auth/signing HTTP/1.1 500 153 -
[19/Mar/2021:09:17:01 +0700] XNIO-2 task-1 POST /api/auth/signing HTTP/1.1 200 291 -
[19/Mar/2021:09:17:01 +0700] XNIO-2 task-1 GET /api/path/research HTTP/1.1 200 261 -
[19/Mar/2021:09:17:12 +0700] XNIO-2 task-1 OPTIONS /api/path/research/3 HTTP/1.1 200 - -
[19/Mar/2021:09:17:12 +0700] XNIO-2 task-1 DELETE /api/path/research/3 HTTP/1.1 200 - -
[19/Mar/2021:09:17:12 +0700] XNIO-2 task-1 GET /api/path/research HTTP/1.1 200 29 -
[19/Mar/2021:09:17:36 +0700] XNIO-2 task-1 POST /api/path/research HTTP/1.1 200 333 -
[19/Mar/2021:09:17:36 +0700] XNIO-2 task-1 GET /api/path/research HTTP/1.1 200 336 -
[19/Mar/2021:09:18:00 +0700] XNIO-2 task-1 GET /api/path/file/4 HTTP/1.1 200 29 -
[19/Mar/2021:09:18:13 +0700] XNIO-2 task-1 GET /api/path/research HTTP/1.1 200 336 -
[19/Mar/2021:09:19:10 +0700] XNIO-2 task-1 GET /api/path/research HTTP/1.1 200 336 -
[19/Mar/2021:09:19:15 +0700] XNIO-2 task-1 GET /api/path/research HTTP/1.1 200 336 -
[19/Mar/2021:09:19:17 +0700] XNIO-2 task-1 GET /api/path/research HTTP/1.1 200 336 -
[19/Mar/2021:09:26:31 +0700] XNIO-2 task-1 GET /api/path/research HTTP/1.1 200 336 -
[19/Mar/2021:09:28:28 +0700] XNIO-2 task-1 GET /api/path/research HTTP/1.1 200 336 -
[19/Mar/2021:09:28:30 +0700] XNIO-2 task-1 GET /api/path/research HTTP/1.1 200 336 -
[19/Mar/2021:09:33:10 +0700] XNIO-2 task-1 GET /api/path/research HTTP/1.1 200 336 -
[19/Mar/2021:09:46:09 +0700] XNIO-2 task-1 POST /api/auth/signing HTTP/1.1 500 152 -
[19/Mar/2021:09:46:18 +0700] XNIO-2 task-1 POST /api/auth/signing HTTP/1.1 200 291 -
[19/Mar/2021:09:46:18 +0700] XNIO-2 task-1 GET /api/path/research HTTP/1.1 200 336 -
[19/Mar/2021:10:22:10 +0700] XNIO-2 task-1 OPTIONS /api/auth/signing HTTP/1.1 200 - -
[19/Mar/2021:10:22:10 +0700] XNIO-2 task-1 POST /api/auth/signing HTTP/1.1 500 151 -
[19/Mar/2021:10:22:15 +0700] XNIO-2 task-1 POST /api/auth/signing HTTP/1.1 200 289 -
[19/Mar/2021:10:22:15 +0700] XNIO-2 task-1 OPTIONS /api/path/research HTTP/1.1 200 - -
[19/Mar/2021:10:22:15 +0700] XNIO-2 task-1 GET /api/path/research HTTP/1.1 200 336 -
[19/Mar/2021:10:22:43 +0700] XNIO-2 task-1 GET /api/path/research HTTP/1.1 200 336 -
[19/Mar/2021:10:23:18 +0700] XNIO-2 task-1 GET /api/path/research HTTP/1.1 200 336 -
[19/Mar/2021:10:23:26 +0700] XNIO-2 task-1 GET /api/path/research HTTP/1.1 200 336 -
[19/Mar/2021:10:23:51 +0700] XNIO-2 task-1 GET /api/path/research HTTP/1.1 200 336 -
[19/Mar/2021:10:24:27 +0700] XNIO-2 task-1 GET /api/path/research HTTP/1.1 200 336 -
[19/Mar/2021:10:25:18 +0700] XNIO-2 task-1 GET /api/path/research HTTP/1.1 200 336 -
[19/Mar/2021:10:25:21 +0700] XNIO-2 task-1 GET /api/path/research HTTP/1.1 200 336 -
[19/Mar/2021:10:25:28 +0700] XNIO-2 task-1 GET /api/path/research HTTP/1.1 200 336 -
[19/Mar/2021:10:25:30 +0700] XNIO-2 task-1 GET /api/path/research HTTP/1.1 200 336 -
[19/Mar/2021:10:25:47 +0700] XNIO-2 task-1 GET /api/path/research HTTP/1.1 200 336 -
[19/Mar/2021:10:25:49 +0700] XNIO-2 task-1 GET /api/path/research HTTP/1.1 200 336 -
[19/Mar/2021:10:25:59 +0700] XNIO-2 task-1 GET /api/path/research HTTP/1.1 200 336 -
[19/Mar/2021:10:26:54 +0700] XNIO-2 task-1 GET /api/path/research HTTP/1.1 200 336 -
[19/Mar/2021:10:27:20 +0700] XNIO-2 task-1 GET /api/path/research HTTP/1.1 200 336 -
[19/Mar/2021:10:27:23 +0700] XNIO-2 task-1 GET /api/path/research HTTP/1.1 200 336 -
[19/Mar/2021:10:27:32 +0700] XNIO-2 task-1 GET /api/path/research HTTP/1.1 200 336 -
[19/Mar/2021:10:27:59 +0700] XNIO-2 task-1 GET /api/path/research HTTP/1.1 200 336 -
[19/Mar/2021:10:28:04 +0700] XNIO-2 task-1 GET /api/path/research HTTP/1.1 200 336 -
[19/Mar/2021:10:28:07 +0700] XNIO-2 task-1 GET /api/path/research HTTP/1.1 200 336 -
[19/Mar/2021:10:28:09 +0700] XNIO-2 task-1 GET /api/path/research HTTP/1.1 200 336 -
[19/Mar/2021:10:28:18 +0700] XNIO-2 task-1 GET /api/path/research HTTP/1.1 200 336 -
[19/Mar/2021:10:28:47 +0700] XNIO-2 task-1 GET /api/path/research HTTP/1.1 200 336 -
[19/Mar/2021:10:29:41 +0700] XNIO-2 task-1 GET /api/path/research HTTP/1.1 200 336 -
[19/Mar/2021:10:29:42 +0700] XNIO-2 task-1 GET /api/path/research HTTP/1.1 200 336 -
[19/Mar/2021:10:29:50 +0700] XNIO-2 task-1 GET /api/path/research HTTP/1.1 200 336 -
[19/Mar/2021:10:32:54 +0700] XNIO-2 task-1 GET /api/path/research HTTP/1.1 200 336 -
[19/Mar/2021:10:33:10 +0700] XNIO-2 task-1 GET /api/path/research HTTP/1.1 200 336 -
[19/Mar/2021:10:33:11 +0700] XNIO-2 task-1 GET /api/path/research HTTP/1.1 200 336 -
[19/Mar/2021:10:33:16 +0700] XNIO-2 task-1 GET /api/path/research HTTP/1.1 200 336 -
[19/Mar/2021:10:34:11 +0700] XNIO-2 task-1 GET /api/path/research HTTP/1.1 200 336 -
[19/Mar/2021:10:34:27 +0700] XNIO-2 task-1 GET /api/path/research HTTP/1.1 200 336 -
[19/Mar/2021:10:34:35 +0700] XNIO-2 task-1 GET /api/path/research HTTP/1.1 200 336 -
[19/Mar/2021:10:34:38 +0700] XNIO-2 task-1 GET /api/path/research HTTP/1.1 200 336 -
[19/Mar/2021:10:34:40 +0700] XNIO-2 task-1 GET /api/path/research HTTP/1.1 200 336 -
[19/Mar/2021:10:34:42 +0700] XNIO-2 task-1 GET /api/path/research HTTP/1.1 200 336 -
[19/Mar/2021:10:34:44 +0700] XNIO-2 task-1 GET /api/path/research HTTP/1.1 200 336 -
[19/Mar/2021:10:35:11 +0700] XNIO-2 task-1 GET /api/path/research HTTP/1.1 200 336 -
[19/Mar/2021:10:35:55 +0700] XNIO-2 task-1 GET /api/path/research HTTP/1.1 200 336 -
[19/Mar/2021:10:36:02 +0700] XNIO-2 task-1 GET /api/path/research HTTP/1.1 200 336 -
[19/Mar/2021:10:36:35 +0700] XNIO-2 task-1 GET /api/path/research HTTP/1.1 200 336 -
[19/Mar/2021:10:36:36 +0700] XNIO-2 task-1 GET /api/path/research HTTP/1.1 200 336 -
[19/Mar/2021:10:36:48 +0700] XNIO-2 task-1 GET /api/path/research HTTP/1.1 200 336 -
[19/Mar/2021:10:36:51 +0700] XNIO-2 task-1 GET /api/path/research HTTP/1.1 200 336 -
[19/Mar/2021:10:39:12 +0700] XNIO-2 task-1 GET /api/path/research HTTP/1.1 200 336 -
[19/Mar/2021:10:39:23 +0700] XNIO-2 task-1 GET /api/path/research HTTP/1.1 200 336 -
[19/Mar/2021:10:39:28 +0700] XNIO-2 task-1 GET /api/path/research HTTP/1.1 200 336 -
[19/Mar/2021:10:41:39 +0700] XNIO-2 task-1 GET /api/path/research HTTP/1.1 200 336 -
[19/Mar/2021:10:41:50 +0700] XNIO-2 task-1 GET /api/path/research HTTP/1.1 200 336 -
[19/Mar/2021:10:42:16 +0700] XNIO-2 task-1 GET /api/path/research HTTP/1.1 200 336 -
[19/Mar/2021:10:42:18 +0700] XNIO-2 task-1 GET /api/path/research HTTP/1.1 200 336 -
[19/Mar/2021:10:42:26 +0700] XNIO-2 task-1 GET /api/path/research HTTP/1.1 200 336 -
[19/Mar/2021:10:42:38 +0700] XNIO-2 task-1 GET /api/path/research HTTP/1.1 200 336 -
[19/Mar/2021:10:43:00 +0700] XNIO-2 task-1 GET /api/path/research HTTP/1.1 200 336 -
[19/Mar/2021:10:43:03 +0700] XNIO-2 task-1 GET /api/path/research HTTP/1.1 200 336 -
[19/Mar/2021:10:43:08 +0700] XNIO-2 task-1 GET /api/path/research HTTP/1.1 200 336 -
[19/Mar/2021:10:43:13 +0700] XNIO-2 task-1 GET /api/path/research HTTP/1.1 200 336 -
[19/Mar/2021:10:43:15 +0700] XNIO-2 task-1 GET /api/path/research HTTP/1.1 200 336 -
[19/Mar/2021:10:43:17 +0700] XNIO-2 task-1 GET /api/path/research HTTP/1.1 200 336 -
[19/Mar/2021:10:43:30 +0700] XNIO-2 task-1 GET /api/path/research HTTP/1.1 200 336 -
[19/Mar/2021:10:43:32 +0700] XNIO-2 task-1 GET /api/path/research HTTP/1.1 200 336 -
[19/Mar/2021:10:43:43 +0700] XNIO-2 task-1 GET /api/path/research HTTP/1.1 200 336 -
[19/Mar/2021:10:43:48 +0700] XNIO-2 task-1 GET /api/path/research HTTP/1.1 200 336 -
[19/Mar/2021:10:43:52 +0700] XNIO-2 task-1 GET /api/path/research HTTP/1.1 200 336 -
[19/Mar/2021:10:48:40 +0700] XNIO-2 task-1 POST /api/auth/signing HTTP/1.1 500 153 -
[19/Mar/2021:10:51:57 +0700] XNIO-2 task-1 POST /api/auth/signing HTTP/1.1 200 288 -
[19/Mar/2021:10:51:57 +0700] XNIO-2 task-1 GET /api/path/research HTTP/1.1 200 336 -
[19/Mar/2021:10:52:08 +0700] XNIO-2 task-1 GET /api/path/research HTTP/1.1 200 336 -
[19/Mar/2021:10:52:31 +0700] XNIO-2 task-1 GET /api/path/research HTTP/1.1 200 336 -
[19/Mar/2021:10:52:38 +0700] XNIO-2 task-1 GET /api/path/research HTTP/1.1 200 336 -
[19/Mar/2021:10:52:41 +0700] XNIO-2 task-1 GET /api/path/research HTTP/1.1 200 336 -
[19/Mar/2021:10:52:43 +0700] XNIO-2 task-1 GET /api/path/file/4 HTTP/1.1 200 29 -
[19/Mar/2021:10:52:53 +0700] XNIO-2 task-1 GET /api/path/research HTTP/1.1 200 336 -
[19/Mar/2021:11:13:18 +0700] XNIO-2 task-1 POST /api/auth/signing HTTP/1.1 200 290 -
[19/Mar/2021:11:13:18 +0700] XNIO-2 task-1 GET /api/path/research HTTP/1.1 200 336 -
[19/Mar/2021:11:14:54 +0700] XNIO-2 task-1 OPTIONS /api/auth/signup HTTP/1.1 200 - -
[19/Mar/2021:11:14:54 +0700] XNIO-2 task-1 POST /api/auth/signup HTTP/1.1 500 437 -
[19/Mar/2021:11:15:26 +0700] XNIO-2 task-1 POST /api/auth/signup HTTP/1.1 200 76 -
[19/Mar/2021:11:15:44 +0700] XNIO-2 task-1 POST /api/auth/signing HTTP/1.1 500 152 -
[19/Mar/2021:11:15:49 +0700] XNIO-2 task-1 POST /api/auth/signing HTTP/1.1 500 153 -
[19/Mar/2021:11:16:05 +0700] XNIO-2 task-1 POST /api/auth/signing HTTP/1.1 200 300 -
[19/Mar/2021:11:16:05 +0700] XNIO-2 task-1 GET /api/path/research HTTP/1.1 200 29 -
[19/Mar/2021:11:16:30 +0700] XNIO-2 task-1 GET /api/path/research HTTP/1.1 200 29 -
[19/Mar/2021:11:18:56 +0700] XNIO-2 task-1 OPTIONS /api/path/research HTTP/1.1 200 - -
[19/Mar/2021:11:18:56 +0700] XNIO-2 task-1 POST /api/path/research HTTP/1.1 200 346 -
[19/Mar/2021:11:18:57 +0700] XNIO-2 task-1 GET /api/path/research HTTP/1.1 200 347 -
[19/Mar/2021:11:19:06 +0700] XNIO-2 task-1 GET /api/path/file/6 HTTP/1.1 200 29 -
[19/Mar/2021:11:20:01 +0700] XNIO-2 task-1 OPTIONS /api/path/file HTTP/1.1 200 - -
[19/Mar/2021:11:20:03 +0700] XNIO-2 task-1 POST /api/path/file HTTP/1.1 200 184 -
[19/Mar/2021:11:20:05 +0700] XNIO-2 task-2 GET /api/path/file/6 HTTP/1.1 200 405 -
[19/Mar/2021:11:20:20 +0700] XNIO-2 task-2 POST /api/path/file HTTP/1.1 200 143 -
[19/Mar/2021:11:20:21 +0700] XNIO-2 task-1 GET /api/path/file/6 HTTP/1.1 200 435 -
[19/Mar/2021:11:21:16 +0700] XNIO-2 task-1 POST /api/path/file HTTP/1.1 200 184 -
[19/Mar/2021:11:21:19 +0700] XNIO-2 task-2 GET /api/path/file/6 HTTP/1.1 200 459 -
[19/Mar/2021:11:21:40 +0700] XNIO-2 task-2 POST /api/path/file HTTP/1.1 200 148 -
[19/Mar/2021:11:21:42 +0700] XNIO-2 task-1 GET /api/path/file/6 HTTP/1.1 200 488 -
[19/Mar/2021:11:21:51 +0700] XNIO-2 task-1 POST /api/path/file HTTP/1.1 500 303 -
[19/Mar/2021:11:22:05 +0700] XNIO-2 task-2 POST /api/path/file HTTP/1.1 200 139 -
[19/Mar/2021:11:22:07 +0700] XNIO-2 task-1 GET /api/path/file/6 HTTP/1.1 200 502 -
[19/Mar/2021:11:24:37 +0700] XNIO-2 task-1 GET /api/path/research HTTP/1.1 200 348 -
[19/Mar/2021:11:24:54 +0700] XNIO-2 task-1 GET /api/path/file/6 HTTP/1.1 200 502 -
[19/Mar/2021:11:25:52 +0700] XNIO-2 task-1 GET /api/path/research HTTP/1.1 200 348 -
[19/Mar/2021:11:26:28 +0700] XNIO-2 task-1 GET /api/path/file/6 HTTP/1.1 200 502 -
[19/Mar/2021:11:27:00 +0700] XNIO-2 task-1 GET /api/path/file/6 HTTP/1.1 200 502 -
[19/Mar/2021:11:29:38 +0700] XNIO-2 task-1 GET /api/path/research HTTP/1.1 200 348 -
[19/Mar/2021:11:29:39 +0700] XNIO-2 task-1 GET /api/path/file/6 HTTP/1.1 200 502 -
[19/Mar/2021:11:29:46 +0700] XNIO-2 task-1 GET /api/path/research HTTP/1.1 200 348 -
[19/Mar/2021:11:30:47 +0700] XNIO-2 task-1 GET /api/path/file/6 HTTP/1.1 200 502 -
[19/Mar/2021:11:33:35 +0700] XNIO-2 task-1 GET /api/path/research HTTP/1.1 200 348 -
[19/Mar/2021:13:15:41 +0700] XNIO-2 task-1 OPTIONS /api/path/research HTTP/1.1 200 - -
[19/Mar/2021:13:15:41 +0700] XNIO-2 task-1 GET /api/path/research HTTP/1.1 200 348 -
[19/Mar/2021:13:16:09 +0700] XNIO-2 task-1 OPTIONS /api/path/research HTTP/1.1 200 - -
[19/Mar/2021:13:16:09 +0700] XNIO-2 task-1 POST /api/path/research HTTP/1.1 200 269 -
[19/Mar/2021:13:16:09 +0700] XNIO-2 task-1 GET /api/path/research HTTP/1.1 200 381 -
[19/Mar/2021:13:19:36 +0700] XNIO-2 task-1 GET /api/path/research HTTP/1.1 200 381 -
[19/Mar/2021:15:56:58 +0700] XNIO-2 task-1 GET /api/path/file/pr/6 HTTP/1.1 500 156 -
[19/Mar/2021:15:57:17 +0700] XNIO-2 task-1 GET /api/path/file/6 HTTP/1.1 200 502 -
[19/Mar/2021:15:57:22 +0700] XNIO-2 task-2 GET /api/path/file/pr/6 HTTP/1.1 500 156 -
[19/Mar/2021:15:58:22 +0700] XNIO-2 task-1 GET /api/path/file/pr/6 HTTP/1.1 500 155 -
[19/Mar/2021:15:59:49 +0700] XNIO-2 task-1 GET /api/path/file/pr/6 HTTP/1.1 500 156 -
[19/Mar/2021:16:00:05 +0700] XNIO-2 task-1 GET /api/path/file/pr/6 HTTP/1.1 500 154 -
[19/Mar/2021:16:00:23 +0700] XNIO-2 task-1 GET /api/path/file/pr/6 HTTP/1.1 500 156 -
[19/Mar/2021:16:00:45 +0700] XNIO-2 task-1 GET /api/path/file/pr/1 HTTP/1.1 500 156 -
[19/Mar/2021:16:00:50 +0700] XNIO-2 task-2 GET /api/path/file/pr/6 HTTP/1.1 500 156 -
[19/Mar/2021:16:00:56 +0700] XNIO-2 task-2 GET /api/path/file/1 HTTP/1.1 500 154 -
[19/Mar/2021:16:01:00 +0700] XNIO-2 task-1 GET /api/path/file/6 HTTP/1.1 200 502 -
[19/Mar/2021:16:01:44 +0700] XNIO-2 task-1 GET /api/path/file/pr/6 HTTP/1.1 500 156 -
[19/Mar/2021:16:01:47 +0700] XNIO-2 task-1 GET /api/path/file/pr/6 HTTP/1.1 500 156 -
[19/Mar/2021:16:03:13 +0700] XNIO-2 task-1 GET /api/path/file/pr/6 HTTP/1.1 200 28 -
[19/Mar/2021:16:05:12 +0700] XNIO-2 task-1 GET /api/path/file/pr/6 HTTP/1.1 200 28 -
[19/Mar/2021:16:06:28 +0700] XNIO-2 task-1 GET /api/path/file/pr/6 HTTP/1.1 200 29 -
[19/Mar/2021:16:07:02 +0700] XNIO-2 task-1 OPTIONS /api/path/research HTTP/1.1 200 - -
[19/Mar/2021:16:07:03 +0700] XNIO-2 task-1 GET /api/path/research HTTP/1.1 200 381 -
[19/Mar/2021:16:07:08 +0700] XNIO-2 task-1 GET /api/path/research HTTP/1.1 200 381 -
[19/Mar/2021:16:07:45 +0700] XNIO-2 task-1 GET /api/path/research HTTP/1.1 200 381 -
[19/Mar/2021:16:07:59 +0700] XNIO-2 task-1 GET /api/path/research HTTP/1.1 200 381 -
[19/Mar/2021:16:08:14 +0700] XNIO-2 task-1 GET /api/path/research HTTP/1.1 200 381 -
[19/Mar/2021:16:08:17 +0700] XNIO-2 task-1 GET /api/path/research HTTP/1.1 200 381 -
[19/Mar/2021:16:08:19 +0700] XNIO-2 task-1 GET /api/path/research HTTP/1.1 200 381 -
[19/Mar/2021:16:08:21 +0700] XNIO-2 task-1 GET /api/path/research HTTP/1.1 200 381 -
[19/Mar/2021:16:08:23 +0700] XNIO-2 task-1 GET /api/path/research HTTP/1.1 200 381 -
[19/Mar/2021:16:08:26 +0700] XNIO-2 task-1 GET /api/path/research HTTP/1.1 200 381 -
[19/Mar/2021:16:08:54 +0700] XNIO-2 task-1 GET /api/path/research HTTP/1.1 200 381 -
[19/Mar/2021:16:09:54 +0700] XNIO-2 task-1 GET /api/path/research HTTP/1.1 200 381 -
[19/Mar/2021:16:10:17 +0700] XNIO-2 task-1 GET /api/path/research HTTP/1.1 200 381 -
[19/Mar/2021:16:12:39 +0700] XNIO-2 task-1 GET /api/path/research HTTP/1.1 200 381 -
[19/Mar/2021:16:12:45 +0700] XNIO-2 task-1 GET /api/path/research HTTP/1.1 200 381 -
[19/Mar/2021:16:14:04 +0700] XNIO-2 task-1 GET /api/path/research HTTP/1.1 200 381 -
[19/Mar/2021:16:14:09 +0700] XNIO-2 task-1 GET /api/path/research HTTP/1.1 200 381 -
[19/Mar/2021:16:14:22 +0700] XNIO-2 task-1 GET /api/path/research HTTP/1.1 200 381 -
[19/Mar/2021:16:14:33 +0700] XNIO-2 task-1 GET /api/path/research HTTP/1.1 200 381 -
[19/Mar/2021:16:15:10 +0700] XNIO-2 task-1 GET /api/path/research HTTP/1.1 200 381 -
[19/Mar/2021:16:15:49 +0700] XNIO-2 task-1 GET /api/path/research HTTP/1.1 200 381 -
[19/Mar/2021:16:15:53 +0700] XNIO-2 task-1 GET /api/path/research HTTP/1.1 200 381 -
[19/Mar/2021:16:16:07 +0700] XNIO-2 task-1 GET /api/path/research HTTP/1.1 200 381 -
[19/Mar/2021:16:16:13 +0700] XNIO-2 task-1 GET /api/path/research HTTP/1.1 200 381 -
[19/Mar/2021:16:16:28 +0700] XNIO-2 task-1 GET /api/path/research HTTP/1.1 200 381 -
[19/Mar/2021:16:16:32 +0700] XNIO-2 task-1 GET /api/path/research HTTP/1.1 200 381 -
[19/Mar/2021:18:32:13 +0700] XNIO-2 task-1 OPTIONS /api/auth/signing HTTP/1.1 200 - -
[19/Mar/2021:18:32:13 +0700] XNIO-2 task-1 POST /api/auth/signing HTTP/1.1 500 469 -
[19/Mar/2021:18:32:32 +0700] XNIO-2 task-1 POST /api/auth/signing HTTP/1.1 500 152 -
[19/Mar/2021:18:34:31 +0700] XNIO-2 task-1 POST /api/auth/signing HTTP/1.1 500 152 -
[19/Mar/2021:18:41:17 +0700] XNIO-2 task-1 POST /api/auth/signing HTTP/1.1 401 1901 -
[19/Mar/2021:18:41:44 +0700] XNIO-2 task-1 POST /api/auth/signing HTTP/1.1 401 1871 -
[19/Mar/2021:18:45:41 +0700] XNIO-2 task-1 POST /api/auth/signing HTTP/1.1 400 2181 -
[19/Mar/2021:18:47:38 +0700] XNIO-2 task-1 OPTIONS /api/auth/signup HTTP/1.1 200 - -
[19/Mar/2021:18:47:38 +0700] XNIO-2 task-1 POST /api/auth/signup HTTP/1.1 400 2381 -
[19/Mar/2021:18:48:12 +0700] XNIO-2 task-1 POST /api/auth/signup HTTP/1.1 400 2136 -
[19/Mar/2021:18:48:32 +0700] XNIO-2 task-1 POST /api/auth/signing HTTP/1.1 200 284 -
[19/Mar/2021:18:48:32 +0700] XNIO-2 task-1 OPTIONS /api/path/research HTTP/1.1 200 - -
[19/Mar/2021:18:48:33 +0700] XNIO-2 task-1 GET /api/path/research HTTP/1.1 200 336 -
