[20/Mar/2021:07:02:52 +0700] XNIO-2 task-1 POST /api/path/file/pr/6 HTTP/1.1 405 1671 -
[20/Mar/2021:07:02:57 +0700] XNIO-2 task-1 GET /api/path/file/pr/6 HTTP/1.1 200 347 -
[20/Mar/2021:07:04:47 +0700] XNIO-2 task-1 GET /api/path/file/pr/4 HTTP/1.1 200 333 -
[20/Mar/2021:07:05:05 +0700] XNIO-2 task-1 OPTIONS /api/path/research HTTP/1.1 200 - -
[20/Mar/2021:07:05:06 +0700] XNIO-2 task-1 GET /api/path/research HTTP/1.1 200 336 -
[20/Mar/2021:07:05:36 +0700] XNIO-2 task-1 OPTIONS /api/path/research HTTP/1.1 200 - -
[20/Mar/2021:07:05:36 +0700] XNIO-2 task-1 POST /api/path/research HTTP/1.1 200 254 -
[20/Mar/2021:07:05:36 +0700] XNIO-2 task-1 GET /api/path/research HTTP/1.1 200 366 -
[20/Mar/2021:07:05:39 +0700] XNIO-2 task-1 GET /api/path/file/13 HTTP/1.1 200 29 -
[20/Mar/2021:07:05:44 +0700] XNIO-2 task-1 OPTIONS /api/path/file HTTP/1.1 200 - -
[20/Mar/2021:07:05:45 +0700] XNIO-2 task-1 POST /api/path/file HTTP/1.1 200 145 -
[20/Mar/2021:07:05:47 +0700] XNIO-2 task-2 GET /api/path/file/13 HTTP/1.1 200 295 -
[20/Mar/2021:07:05:51 +0700] XNIO-2 task-2 POST /api/path/file HTTP/1.1 200 137 -
[20/Mar/2021:07:06:13 +0700] XNIO-2 task-1 GET /api/path/file/13 HTTP/1.1 200 317 -
[20/Mar/2021:07:06:26 +0700] XNIO-2 task-1 GET /api/path/file/pr/13 HTTP/1.1 200 255 -
[20/Mar/2021:07:07:57 +0700] XNIO-2 task-1 GET /api/path/file/13 HTTP/1.1 200 317 -
[20/Mar/2021:07:08:03 +0700] XNIO-2 task-1 POST /api/path/file HTTP/1.1 200 137 -
[20/Mar/2021:07:08:16 +0700] XNIO-2 task-2 GET /api/path/file/pr/13 HTTP/1.1 200 255 -
[20/Mar/2021:09:31:20 +0700] XNIO-2 task-1 GET /api/path/file/pr/13 HTTP/1.1 405 1668 -
[20/Mar/2021:09:31:33 +0700] XNIO-2 task-1 PUT /api/path/file/pr/13 HTTP/1.1 200 255 -
[20/Mar/2021:09:32:11 +0700] XNIO-2 task-1 PUT /api/path/file/pr/6 HTTP/1.1 200 347 -
[20/Mar/2021:09:33:41 +0700] XNIO-2 task-1 OPTIONS /api/path/research HTTP/1.1 200 - -
[20/Mar/2021:09:33:41 +0700] XNIO-2 task-1 GET /api/path/research HTTP/1.1 200 370 -
[20/Mar/2021:09:33:44 +0700] XNIO-2 task-1 GET /api/path/research HTTP/1.1 200 370 -
[20/Mar/2021:09:33:48 +0700] XNIO-2 task-1 GET /api/path/research HTTP/1.1 200 370 -
[20/Mar/2021:10:14:26 +0700] XNIO-2 task-1 PUT /api/path/file/pr/6 HTTP/1.1 200 347 -
[20/Mar/2021:10:20:06 +0700] XNIO-2 task-1 GET /api/path/research HTTP/1.1 200 370 -
[20/Mar/2021:10:20:08 +0700] XNIO-2 task-1 GET /api/path/research HTTP/1.1 200 370 -
[20/Mar/2021:10:20:16 +0700] XNIO-2 task-1 GET /api/path/file/4 HTTP/1.1 200 29 -
[20/Mar/2021:10:20:18 +0700] XNIO-2 task-1 GET /api/path/file/13 HTTP/1.1 200 333 -
[20/Mar/2021:10:20:30 +0700] XNIO-2 task-1 PUT /api/path/file/pr/13 HTTP/1.1 200 255 -
[20/Mar/2021:10:20:49 +0700] XNIO-2 task-1 GET /api/path/research HTTP/1.1 200 370 -
[20/Mar/2021:10:22:49 +0700] XNIO-2 task-1 GET /api/path/research HTTP/1.1 200 370 -
[20/Mar/2021:10:23:34 +0700] XNIO-2 task-1 GET /api/path/research HTTP/1.1 200 370 -
[20/Mar/2021:10:29:19 +0700] XNIO-2 task-1 GET /api/path/research HTTP/1.1 200 370 -
[20/Mar/2021:10:29:35 +0700] XNIO-2 task-1 GET /api/path/research HTTP/1.1 200 370 -
[20/Mar/2021:10:29:38 +0700] XNIO-2 task-1 GET /api/path/research HTTP/1.1 200 370 -
[20/Mar/2021:10:30:26 +0700] XNIO-2 task-1 OPTIONS /api/path/research/13 HTTP/1.1 200 - -
[20/Mar/2021:10:30:26 +0700] XNIO-2 task-1 DELETE /api/path/research/13 HTTP/1.1 500 3107 -
[20/Mar/2021:10:30:44 +0700] XNIO-2 task-1 OPTIONS /api/path/research/4 HTTP/1.1 200 - -
[20/Mar/2021:10:30:44 +0700] XNIO-2 task-1 DELETE /api/path/research/4 HTTP/1.1 200 - -
[20/Mar/2021:10:30:44 +0700] XNIO-2 task-1 GET /api/path/research HTTP/1.1 200 257 -
[20/Mar/2021:13:24:29 +0700] XNIO-2 task-1 DELETE /api/path/research/6 HTTP/1.1 500 3197 -
[20/Mar/2021:13:29:41 +0700] XNIO-2 task-1 DELETE /api/path/research/6 HTTP/1.1 500 3593 -
[20/Mar/2021:13:37:57 +0700] XNIO-2 task-1 DELETE /api/path/research/6 HTTP/1.1 500 3597 -
[20/Mar/2021:13:38:46 +0700] XNIO-2 task-1 DELETE /api/path/research/6 HTTP/1.1 500 2646 -
[20/Mar/2021:13:39:22 +0700] XNIO-2 task-1 DELETE /api/path/research/6 HTTP/1.1 500 2646 -
[20/Mar/2021:13:40:39 +0700] XNIO-2 task-1 DELETE /api/path/research/6 HTTP/1.1 500 2718 -
[20/Mar/2021:13:45:50 +0700] XNIO-2 task-1 DELETE /api/path/research/6 HTTP/1.1 500 2514 -
[20/Mar/2021:13:54:11 +0700] XNIO-2 task-1 DELETE /api/path/research/6 HTTP/1.1 500 2790 -
[20/Mar/2021:14:28:53 +0700] XNIO-2 task-1 DELETE /api/path/research/6 HTTP/1.1 200 - -
[20/Mar/2021:14:30:13 +0700] XNIO-2 task-1 DELETE /api/path/research/13 HTTP/1.1 200 - -
[20/Mar/2021:14:30:39 +0700] XNIO-2 task-1 OPTIONS /api/path/research HTTP/1.1 200 - -
[20/Mar/2021:14:30:39 +0700] XNIO-2 task-1 GET /api/path/research HTTP/1.1 200 29 -
[20/Mar/2021:14:30:45 +0700] XNIO-2 task-1 OPTIONS /api/path/research HTTP/1.1 200 - -
[20/Mar/2021:14:30:45 +0700] XNIO-2 task-1 POST /api/path/research HTTP/1.1 200 255 -
[20/Mar/2021:14:30:45 +0700] XNIO-2 task-1 GET /api/path/research HTTP/1.1 200 257 -
[20/Mar/2021:14:30:48 +0700] XNIO-2 task-1 GET /api/path/file/17 HTTP/1.1 200 29 -
[20/Mar/2021:14:30:54 +0700] XNIO-2 task-1 OPTIONS /api/path/file HTTP/1.1 200 - -
[20/Mar/2021:14:30:55 +0700] XNIO-2 task-1 POST /api/path/file HTTP/1.1 200 145 -
[20/Mar/2021:14:30:55 +0700] XNIO-2 task-2 GET /api/path/file/pr//17 HTTP/1.1 500 1143 -
[20/Mar/2021:14:30:59 +0700] XNIO-2 task-2 GET /api/path/file/17 HTTP/1.1 200 298 -
[20/Mar/2021:14:31:03 +0700] XNIO-2 task-2 GET /api/path/research HTTP/1.1 200 258 -
[20/Mar/2021:14:31:17 +0700] XNIO-2 task-2 GET /api/path/file/17 HTTP/1.1 200 298 -
[20/Mar/2021:14:31:23 +0700] XNIO-2 task-2 POST /api/path/file HTTP/1.1 200 137 -
[20/Mar/2021:14:31:23 +0700] XNIO-2 task-1 GET /api/path/file/pr//17 HTTP/1.1 500 1143 -
[20/Mar/2021:14:31:25 +0700] XNIO-2 task-1 GET /api/path/research HTTP/1.1 200 258 -
[20/Mar/2021:14:31:27 +0700] XNIO-2 task-1 GET /api/path/research HTTP/1.1 200 258 -
[20/Mar/2021:14:31:28 +0700] XNIO-2 task-1 GET /api/path/research HTTP/1.1 200 258 -
[20/Mar/2021:14:31:28 +0700] XNIO-2 task-1 GET /api/path/research HTTP/1.1 200 258 -
[20/Mar/2021:14:31:29 +0700] XNIO-2 task-1 GET /api/path/file/17 HTTP/1.1 200 317 -
[20/Mar/2021:14:32:13 +0700] XNIO-2 task-1 GET /api/path/file/17 HTTP/1.1 200 317 -
[20/Mar/2021:14:32:21 +0700] XNIO-2 task-1 POST /api/path/file HTTP/1.1 200 137 -
[20/Mar/2021:14:32:21 +0700] XNIO-2 task-2 GET /api/path/file/pr//17 HTTP/1.1 500 1143 -
[20/Mar/2021:14:32:24 +0700] XNIO-2 task-2 GET /api/path/research HTTP/1.1 200 258 -
[20/Mar/2021:14:32:26 +0700] XNIO-2 task-2 GET /api/path/file/17 HTTP/1.1 200 334 -
[20/Mar/2021:14:32:56 +0700] XNIO-2 task-2 POST /api/path/research HTTP/1.1 200 256 -
[20/Mar/2021:14:32:57 +0700] XNIO-2 task-2 GET /api/path/research HTTP/1.1 200 284 -
[20/Mar/2021:14:33:00 +0700] XNIO-2 task-2 GET /api/path/research HTTP/1.1 200 284 -
[20/Mar/2021:14:33:01 +0700] XNIO-2 task-2 GET /api/path/file/21 HTTP/1.1 200 29 -
[20/Mar/2021:14:33:06 +0700] XNIO-2 task-2 POST /api/path/file HTTP/1.1 200 145 -
[20/Mar/2021:14:33:06 +0700] XNIO-2 task-1 GET /api/path/file/pr//21 HTTP/1.1 500 1143 -
[20/Mar/2021:14:33:09 +0700] XNIO-2 task-1 GET /api/path/research HTTP/1.1 200 282 -
[20/Mar/2021:14:33:10 +0700] XNIO-2 task-1 GET /api/path/file/21 HTTP/1.1 200 296 -
[20/Mar/2021:14:33:15 +0700] XNIO-2 task-1 POST /api/path/file HTTP/1.1 500 1992 -
[20/Mar/2021:14:33:35 +0700] XNIO-2 task-2 POST /api/path/file HTTP/1.1 500 1992 -
[20/Mar/2021:14:33:42 +0700] XNIO-2 task-1 GET /api/path/file/21 HTTP/1.1 200 296 -
[20/Mar/2021:14:33:49 +0700] XNIO-2 task-1 POST /api/path/file HTTP/1.1 500 1992 -
[20/Mar/2021:14:34:00 +0700] XNIO-2 task-2 GET /api/path/file/17 HTTP/1.1 200 334 -
[20/Mar/2021:14:34:06 +0700] XNIO-2 task-2 GET /api/path/file/17 HTTP/1.1 200 334 -
[20/Mar/2021:14:34:11 +0700] XNIO-2 task-2 GET /api/path/file/17 HTTP/1.1 200 334 -
[20/Mar/2021:14:34:17 +0700] XNIO-2 task-2 POST /api/path/file HTTP/1.1 200 145 -
[20/Mar/2021:14:34:17 +0700] XNIO-2 task-1 GET /api/path/file/pr//17 HTTP/1.1 500 1143 -
[20/Mar/2021:14:35:40 +0700] XNIO-2 task-1 GET /api/path/research HTTP/1.1 200 282 -
[20/Mar/2021:14:35:42 +0700] XNIO-2 task-1 GET /api/path/research HTTP/1.1 200 282 -
[20/Mar/2021:14:35:56 +0700] XNIO-2 task-1 GET /api/path/research HTTP/1.1 200 282 -
[20/Mar/2021:14:36:14 +0700] XNIO-2 task-1 GET /api/path/file/17 HTTP/1.1 200 345 -
[20/Mar/2021:14:36:24 +0700] XNIO-2 task-1 POST /api/path/file HTTP/1.1 200 225 -
[20/Mar/2021:14:36:24 +0700] XNIO-2 task-2 GET /api/path/file/pr//17 HTTP/1.1 500 1142 -
[20/Mar/2021:14:36:27 +0700] XNIO-2 task-2 GET /api/path/file/17 HTTP/1.1 200 448 -
[20/Mar/2021:14:36:33 +0700] XNIO-2 task-2 GET /api/path/file/17 HTTP/1.1 200 448 -
[20/Mar/2021:14:36:47 +0700] XNIO-2 task-2 GET /api/path/file/17 HTTP/1.1 200 448 -
[20/Mar/2021:14:36:52 +0700] XNIO-2 task-2 GET /api/path/file/21 HTTP/1.1 200 296 -
[20/Mar/2021:14:36:59 +0700] XNIO-2 task-2 POST /api/path/file HTTP/1.1 200 137 -
[20/Mar/2021:14:36:59 +0700] XNIO-2 task-1 GET /api/path/file/pr//21 HTTP/1.1 500 1142 -
[20/Mar/2021:14:38:11 +0700] XNIO-2 task-1 GET /api/path/research HTTP/1.1 200 282 -
[20/Mar/2021:14:38:16 +0700] XNIO-2 task-1 OPTIONS /api/path/research/17 HTTP/1.1 200 - -
[20/Mar/2021:14:38:16 +0700] XNIO-2 task-1 DELETE /api/path/research/17 HTTP/1.1 200 - -
[20/Mar/2021:14:38:16 +0700] XNIO-2 task-1 GET /api/path/research HTTP/1.1 200 257 -
[20/Mar/2021:14:38:18 +0700] XNIO-2 task-1 OPTIONS /api/path/research/21 HTTP/1.1 200 - -
[20/Mar/2021:14:38:18 +0700] XNIO-2 task-1 DELETE /api/path/research/21 HTTP/1.1 200 - -
[20/Mar/2021:14:38:18 +0700] XNIO-2 task-1 GET /api/path/research HTTP/1.1 200 29 -
[20/Mar/2021:14:38:32 +0700] XNIO-2 task-1 POST /api/path/research HTTP/1.1 200 255 -
[20/Mar/2021:14:38:32 +0700] XNIO-2 task-1 GET /api/path/research HTTP/1.1 200 257 -
[20/Mar/2021:14:38:35 +0700] XNIO-2 task-1 GET /api/path/file/26 HTTP/1.1 200 29 -
[20/Mar/2021:14:38:41 +0700] XNIO-2 task-1 POST /api/path/file HTTP/1.1 200 145 -
[20/Mar/2021:14:38:41 +0700] XNIO-2 task-2 OPTIONS /api/path/file/pr//26 HTTP/1.1 500 - -
[20/Mar/2021:14:39:00 +0700] XNIO-2 task-2 GET /api/path/research HTTP/1.1 200 258 -
[20/Mar/2021:14:39:56 +0700] XNIO-2 task-2 GET /api/path/research HTTP/1.1 200 258 -
[20/Mar/2021:14:41:58 +0700] XNIO-2 task-1 OPTIONS /api/path/research/26 HTTP/1.1 200 - -
[20/Mar/2021:14:41:58 +0700] XNIO-2 task-2 DELETE /api/path/research/26 HTTP/1.1 200 - -
[20/Mar/2021:14:41:59 +0700] XNIO-2 task-2 GET /api/path/research HTTP/1.1 200 29 -
[20/Mar/2021:14:42:05 +0700] XNIO-2 task-2 POST /api/path/research HTTP/1.1 200 255 -
[20/Mar/2021:14:42:05 +0700] XNIO-2 task-2 GET /api/path/research HTTP/1.1 200 258 -
[20/Mar/2021:14:42:08 +0700] XNIO-2 task-2 GET /api/path/file/28 HTTP/1.1 200 29 -
[20/Mar/2021:14:42:22 +0700] XNIO-2 task-2 GET /api/path/research HTTP/1.1 200 258 -
[20/Mar/2021:14:42:24 +0700] XNIO-2 task-2 GET /api/path/file/28 HTTP/1.1 200 29 -
[20/Mar/2021:14:42:30 +0700] XNIO-2 task-2 POST /api/path/file HTTP/1.1 200 139 -
[20/Mar/2021:14:42:30 +0700] XNIO-2 task-1 GET /api/path/file/pr/28 HTTP/1.1 200 255 -
[20/Mar/2021:14:42:34 +0700] XNIO-2 task-1 GET /api/path/research HTTP/1.1 200 258 -
[20/Mar/2021:14:42:36 +0700] XNIO-2 task-1 GET /api/path/file/28 HTTP/1.1 200 288 -
[20/Mar/2021:14:42:43 +0700] XNIO-2 task-1 POST /api/path/file HTTP/1.1 200 140 -
[20/Mar/2021:14:42:43 +0700] XNIO-2 task-2 GET /api/path/file/pr/28 HTTP/1.1 200 256 -
[20/Mar/2021:14:42:45 +0700] XNIO-2 task-2 GET /api/path/research HTTP/1.1 200 258 -
[20/Mar/2021:16:35:57 +0700] XNIO-2 task-1 OPTIONS /api/auth/signing HTTP/1.1 200 - -
[20/Mar/2021:16:35:57 +0700] XNIO-2 task-2 POST /api/auth/signing HTTP/1.1 401 1870 -
[20/Mar/2021:16:36:03 +0700] XNIO-2 task-2 POST /api/auth/signing HTTP/1.1 401 1870 -
[20/Mar/2021:16:36:05 +0700] XNIO-2 task-2 POST /api/auth/signing HTTP/1.1 401 1870 -
[20/Mar/2021:16:36:16 +0700] XNIO-2 task-2 POST /api/auth/signing HTTP/1.1 200 286 -
[20/Mar/2021:16:36:16 +0700] XNIO-2 task-2 OPTIONS /api/path/research HTTP/1.1 200 - -
[20/Mar/2021:16:36:16 +0700] XNIO-2 task-2 GET /api/path/research HTTP/1.1 200 258 -
[20/Mar/2021:16:39:08 +0700] XNIO-2 task-2 GET /api/path/research HTTP/1.1 200 258 -
[20/Mar/2021:16:39:26 +0700] XNIO-2 task-2 GET /api/path/research HTTP/1.1 200 258 -
[20/Mar/2021:16:39:29 +0700] XNIO-2 task-2 GET /api/path/file/28 HTTP/1.1 200 311 -
[20/Mar/2021:16:39:36 +0700] XNIO-2 task-2 OPTIONS /api/path/file HTTP/1.1 200 - -
[20/Mar/2021:16:39:37 +0700] XNIO-2 task-2 POST /api/path/file HTTP/1.1 200 148 -
[20/Mar/2021:16:39:37 +0700] XNIO-2 task-1 GET /api/path/file/pr/28 HTTP/1.1 200 256 -
[20/Mar/2021:16:39:40 +0700] XNIO-2 task-1 GET /api/path/research HTTP/1.1 200 258 -
[20/Mar/2021:16:40:51 +0700] XNIO-2 task-1 GET /api/path/research HTTP/1.1 200 258 -
[20/Mar/2021:16:41:15 +0700] XNIO-2 task-1 GET /api/path/research HTTP/1.1 200 258 -
[20/Mar/2021:16:41:15 +0700] XNIO-2 task-1 GET /api/path/file/pr/[object%20Object] HTTP/1.1 400 2044 -
[20/Mar/2021:16:41:15 +0700] XNIO-2 task-1 GET /api/path/file/pr/[object%20Object] HTTP/1.1 400 2047 -
[20/Mar/2021:16:41:21 +0700] XNIO-2 task-1 GET /api/path/research HTTP/1.1 200 258 -
[20/Mar/2021:16:41:21 +0700] XNIO-2 task-1 GET /api/path/file/pr/undefined HTTP/1.1 400 2033 -
[20/Mar/2021:16:41:21 +0700] XNIO-2 task-1 GET /api/path/file/pr/undefined HTTP/1.1 400 2033 -
[20/Mar/2021:16:41:24 +0700] XNIO-2 task-1 GET /api/path/research HTTP/1.1 200 258 -
[20/Mar/2021:16:41:25 +0700] XNIO-2 task-1 GET /api/path/file/pr/undefined HTTP/1.1 400 2036 -
[20/Mar/2021:16:41:25 +0700] XNIO-2 task-1 GET /api/path/file/pr/undefined HTTP/1.1 400 2035 -
[20/Mar/2021:16:41:30 +0700] XNIO-2 task-1 GET /api/path/research HTTP/1.1 200 258 -
[20/Mar/2021:16:41:31 +0700] XNIO-2 task-1 GET /api/path/file/pr/undefined HTTP/1.1 400 2032 -
[20/Mar/2021:16:41:31 +0700] XNIO-2 task-1 GET /api/path/file/pr/undefined HTTP/1.1 400 2032 -
[20/Mar/2021:16:41:46 +0700] XNIO-2 task-1 GET /api/path/research HTTP/1.1 200 258 -
[20/Mar/2021:16:43:05 +0700] XNIO-2 task-1 GET /api/path/research HTTP/1.1 200 258 -
[20/Mar/2021:16:43:09 +0700] XNIO-2 task-1 GET /api/path/research HTTP/1.1 200 258 -
[20/Mar/2021:16:43:12 +0700] XNIO-2 task-1 GET /api/path/research HTTP/1.1 200 258 -
[20/Mar/2021:16:43:30 +0700] XNIO-2 task-1 GET /api/path/file/28 HTTP/1.1 200 334 -
[20/Mar/2021:16:43:35 +0700] XNIO-2 task-1 POST /api/path/file HTTP/1.1 500 1992 -
[20/Mar/2021:16:43:54 +0700] XNIO-2 task-2 POST /api/path/file HTTP/1.1 200 140 -
[20/Mar/2021:16:43:55 +0700] XNIO-2 task-1 GET /api/path/file/pr/28 HTTP/1.1 200 256 -
[20/Mar/2021:16:43:55 +0700] XNIO-2 task-1 GET /api/path/research HTTP/1.1 200 258 -
[20/Mar/2021:16:44:18 +0700] XNIO-2 task-1 GET /api/path/file/28 HTTP/1.1 200 346 -
[20/Mar/2021:16:44:33 +0700] XNIO-2 task-1 POST /api/path/file HTTP/1.1 500 1992 -
[20/Mar/2021:16:44:42 +0700] XNIO-2 task-2 POST /api/path/file HTTP/1.1 500 1992 -
[20/Mar/2021:16:44:56 +0700] XNIO-2 task-1 POST /api/path/file HTTP/1.1 200 152 -
[20/Mar/2021:16:44:56 +0700] XNIO-2 task-2 GET /api/path/file/pr/28 HTTP/1.1 200 256 -
[20/Mar/2021:16:44:57 +0700] XNIO-2 task-2 GET /api/path/research HTTP/1.1 200 259 -
[20/Mar/2021:16:45:36 +0700] XNIO-2 task-2 GET /api/path/research HTTP/1.1 200 259 -
[20/Mar/2021:16:45:38 +0700] XNIO-2 task-2 GET /api/path/file/28 HTTP/1.1 200 372 -
[20/Mar/2021:16:46:06 +0700] XNIO-2 task-2 GET /api/path/research HTTP/1.1 200 259 -
[20/Mar/2021:16:46:07 +0700] XNIO-2 task-2 GET /api/path/research HTTP/1.1 200 259 -
[20/Mar/2021:16:47:28 +0700] XNIO-2 task-2 GET /api/path/research HTTP/1.1 200 259 -
[20/Mar/2021:16:47:29 +0700] XNIO-2 task-2 GET /api/path/file/28 HTTP/1.1 200 372 -
[20/Mar/2021:16:47:50 +0700] XNIO-2 task-2 GET /api/path/research HTTP/1.1 200 259 -
[20/Mar/2021:16:47:54 +0700] XNIO-2 task-2 GET /api/path/file/28 HTTP/1.1 200 372 -
[20/Mar/2021:16:47:55 +0700] XNIO-2 task-2 GET /api/path/research HTTP/1.1 200 259 -
[20/Mar/2021:16:47:57 +0700] XNIO-2 task-2 GET /api/path/file/28 HTTP/1.1 200 372 -
[20/Mar/2021:16:48:00 +0700] XNIO-2 task-2 GET /api/path/file/28 HTTP/1.1 200 372 -
[20/Mar/2021:16:48:09 +0700] XNIO-2 task-2 GET /api/path/research HTTP/1.1 200 259 -
[20/Mar/2021:16:48:11 +0700] XNIO-2 task-2 GET /api/path/research HTTP/1.1 200 259 -
[20/Mar/2021:16:48:12 +0700] XNIO-2 task-2 GET /api/path/file/28 HTTP/1.1 200 372 -
[20/Mar/2021:16:49:36 +0700] XNIO-2 task-2 GET /api/path/research HTTP/1.1 200 259 -
[20/Mar/2021:16:49:38 +0700] XNIO-2 task-2 GET /api/path/file/28 HTTP/1.1 200 372 -
[20/Mar/2021:16:49:45 +0700] XNIO-2 task-2 OPTIONS /api/path/research HTTP/1.1 200 - -
[20/Mar/2021:16:49:45 +0700] XNIO-2 task-2 POST /api/path/research HTTP/1.1 200 256 -
[20/Mar/2021:16:49:45 +0700] XNIO-2 task-2 GET /api/path/research HTTP/1.1 200 286 -
[20/Mar/2021:16:49:47 +0700] XNIO-2 task-2 GET /api/path/file/34 HTTP/1.1 200 29 -
[20/Mar/2021:16:49:54 +0700] XNIO-2 task-2 POST /api/path/file HTTP/1.1 200 152 -
[20/Mar/2021:16:49:54 +0700] XNIO-2 task-1 GET /api/path/file/pr/34 HTTP/1.1 200 257 -
[20/Mar/2021:16:49:54 +0700] XNIO-2 task-1 GET /api/path/research HTTP/1.1 200 286 -
[20/Mar/2021:16:49:55 +0700] XNIO-2 task-1 GET /api/path/file/34 HTTP/1.1 200 303 -
[20/Mar/2021:16:50:02 +0700] XNIO-2 task-1 POST /api/path/file HTTP/1.1 500 1991 -
[20/Mar/2021:16:50:59 +0700] XNIO-2 task-2 GET /api/path/research HTTP/1.1 200 286 -
[20/Mar/2021:16:51:00 +0700] XNIO-2 task-2 GET /api/path/research HTTP/1.1 200 286 -
[20/Mar/2021:16:51:01 +0700] XNIO-2 task-2 GET /api/path/research HTTP/1.1 200 286 -
[20/Mar/2021:16:51:08 +0700] XNIO-2 task-2 GET /api/path/research HTTP/1.1 200 286 -
[20/Mar/2021:16:51:15 +0700] XNIO-2 task-2 GET /api/path/research HTTP/1.1 200 286 -
[20/Mar/2021:16:51:25 +0700] XNIO-2 task-2 GET /api/path/research HTTP/1.1 200 286 -
[20/Mar/2021:16:51:32 +0700] XNIO-2 task-2 GET /api/path/research HTTP/1.1 200 286 -
[20/Mar/2021:16:51:39 +0700] XNIO-2 task-2 GET /api/path/research HTTP/1.1 200 286 -
[20/Mar/2021:16:51:42 +0700] XNIO-2 task-2 GET /api/path/research HTTP/1.1 200 286 -
[20/Mar/2021:16:51:51 +0700] XNIO-2 task-2 GET /api/path/research HTTP/1.1 200 286 -
[20/Mar/2021:16:51:54 +0700] XNIO-2 task-2 GET /api/path/research HTTP/1.1 200 286 -
[20/Mar/2021:16:52:01 +0700] XNIO-2 task-2 GET /api/path/file/34 HTTP/1.1 200 303 -
[20/Mar/2021:16:52:12 +0700] XNIO-2 task-2 POST /api/path/file HTTP/1.1 500 1992 -
[20/Mar/2021:16:53:51 +0700] XNIO-2 task-1 GET /api/path/research HTTP/1.1 200 286 -
[20/Mar/2021:16:53:52 +0700] XNIO-2 task-1 GET /api/path/file/34 HTTP/1.1 200 303 -
[20/Mar/2021:16:54:11 +0700] XNIO-2 task-1 POST /api/path/file HTTP/1.1 200 140 -
[20/Mar/2021:16:54:12 +0700] XNIO-2 task-2 GET /api/path/file/pr/34 HTTP/1.1 200 257 -
[20/Mar/2021:16:54:12 +0700] XNIO-2 task-2 GET /api/path/research HTTP/1.1 200 286 -
[20/Mar/2021:16:54:14 +0700] XNIO-2 task-2 GET /api/path/file/34 HTTP/1.1 200 324 -
[20/Mar/2021:17:02:07 +0700] XNIO-2 task-1 GET /api/path/research HTTP/1.1 200 286 -
[20/Mar/2021:17:02:08 +0700] XNIO-2 task-1 GET /api/path/research HTTP/1.1 200 286 -
[20/Mar/2021:17:02:13 +0700] XNIO-2 task-1 GET /api/path/research HTTP/1.1 200 286 -
[20/Mar/2021:17:02:25 +0700] XNIO-2 task-1 GET /api/path/research HTTP/1.1 200 286 -
[20/Mar/2021:17:02:27 +0700] XNIO-2 task-1 GET /api/path/research HTTP/1.1 200 286 -
[20/Mar/2021:17:03:05 +0700] XNIO-2 task-1 GET /api/path/research HTTP/1.1 200 286 -
[20/Mar/2021:17:03:15 +0700] XNIO-2 task-1 GET /api/path/research HTTP/1.1 200 286 -
[20/Mar/2021:17:03:23 +0700] XNIO-2 task-1 GET /api/path/research HTTP/1.1 200 286 -
[20/Mar/2021:17:03:33 +0700] XNIO-2 task-1 GET /api/path/research HTTP/1.1 200 286 -
[20/Mar/2021:17:03:36 +0700] XNIO-2 task-1 GET /api/path/research HTTP/1.1 200 286 -
[20/Mar/2021:17:03:49 +0700] XNIO-2 task-1 GET /api/path/research HTTP/1.1 200 286 -
[20/Mar/2021:17:03:50 +0700] XNIO-2 task-1 GET /api/path/research HTTP/1.1 200 286 -
[20/Mar/2021:17:03:52 +0700] XNIO-2 task-1 GET /api/path/research HTTP/1.1 200 286 -
[20/Mar/2021:17:03:54 +0700] XNIO-2 task-1 GET /api/path/research HTTP/1.1 200 286 -
[20/Mar/2021:17:04:09 +0700] XNIO-2 task-1 GET /api/path/research HTTP/1.1 200 286 -
[20/Mar/2021:17:04:28 +0700] XNIO-2 task-1 GET /api/path/research HTTP/1.1 200 286 -
[20/Mar/2021:17:04:44 +0700] XNIO-2 task-1 GET /api/path/research HTTP/1.1 200 286 -
[20/Mar/2021:17:04:51 +0700] XNIO-2 task-1 GET /api/path/research HTTP/1.1 200 286 -
[20/Mar/2021:17:06:07 +0700] XNIO-2 task-1 POST /api/path/research HTTP/1.1 200 262 -
[20/Mar/2021:17:06:07 +0700] XNIO-2 task-1 GET /api/path/research HTTP/1.1 200 308 -
[20/Mar/2021:17:07:15 +0700] XNIO-2 task-1 GET /api/path/research HTTP/1.1 200 308 -
[20/Mar/2021:17:07:23 +0700] XNIO-2 task-1 GET /api/path/research HTTP/1.1 200 308 -
[20/Mar/2021:17:07:30 +0700] XNIO-2 task-1 GET /api/path/research HTTP/1.1 200 308 -
[20/Mar/2021:17:07:34 +0700] XNIO-2 task-1 GET /api/path/research HTTP/1.1 200 308 -
[20/Mar/2021:17:07:35 +0700] XNIO-2 task-1 GET /api/path/research HTTP/1.1 200 308 -
[20/Mar/2021:17:07:38 +0700] XNIO-2 task-1 GET /api/path/research HTTP/1.1 200 308 -
[20/Mar/2021:17:07:41 +0700] XNIO-2 task-1 GET /api/path/research HTTP/1.1 200 308 -
[20/Mar/2021:17:07:43 +0700] XNIO-2 task-1 GET /api/path/research HTTP/1.1 200 308 -
[20/Mar/2021:17:07:49 +0700] XNIO-2 task-1 GET /api/path/file/37 HTTP/1.1 200 29 -
[20/Mar/2021:17:08:47 +0700] XNIO-2 task-1 GET /api/path/research HTTP/1.1 200 308 -
[20/Mar/2021:17:11:16 +0700] XNIO-2 task-1 POST /api/path/research HTTP/1.1 200 303 -
[20/Mar/2021:17:11:16 +0700] XNIO-2 task-1 GET /api/path/research HTTP/1.1 200 369 -
[20/Mar/2021:17:11:29 +0700] XNIO-2 task-1 OPTIONS /api/path/research/38 HTTP/1.1 200 - -
[20/Mar/2021:17:11:29 +0700] XNIO-2 task-1 DELETE /api/path/research/38 HTTP/1.1 200 - -
[20/Mar/2021:17:11:29 +0700] XNIO-2 task-1 GET /api/path/research HTTP/1.1 200 308 -
[20/Mar/2021:17:12:55 +0700] XNIO-2 task-1 POST /api/path/research HTTP/1.1 200 274 -
[20/Mar/2021:17:12:55 +0700] XNIO-2 task-1 GET /api/path/research HTTP/1.1 200 342 -
[20/Mar/2021:17:16:05 +0700] XNIO-2 task-1 GET /api/path/research HTTP/1.1 200 342 -
[20/Mar/2021:17:16:09 +0700] XNIO-2 task-1 GET /api/path/research HTTP/1.1 200 342 -
[20/Mar/2021:17:16:19 +0700] XNIO-2 task-1 GET /api/path/research HTTP/1.1 200 342 -
[20/Mar/2021:17:16:21 +0700] XNIO-2 task-1 GET /api/path/research HTTP/1.1 200 342 -
[20/Mar/2021:17:25:37 +0700] XNIO-2 task-1 OPTIONS /api/path/research/39 HTTP/1.1 200 - -
[20/Mar/2021:17:25:37 +0700] XNIO-2 task-1 DELETE /api/path/research/39 HTTP/1.1 200 - -
[20/Mar/2021:17:25:37 +0700] XNIO-2 task-1 GET /api/path/research HTTP/1.1 200 308 -
[20/Mar/2021:17:28:18 +0700] XNIO-2 task-1 GET /api/path/research HTTP/1.1 200 308 -
[20/Mar/2021:17:28:29 +0700] XNIO-2 task-1 POST /api/path/research HTTP/1.1 200 264 -
[20/Mar/2021:17:28:29 +0700] XNIO-2 task-1 GET /api/path/research HTTP/1.1 200 330 -
[20/Mar/2021:17:28:43 +0700] XNIO-2 task-1 GET /api/path/research HTTP/1.1 200 330 -
[20/Mar/2021:17:29:08 +0700] XNIO-2 task-1 GET /api/path/research HTTP/1.1 200 330 -
[20/Mar/2021:17:29:17 +0700] XNIO-2 task-1 GET /api/path/research HTTP/1.1 200 330 -
[20/Mar/2021:17:29:25 +0700] XNIO-2 task-1 GET /api/path/research HTTP/1.1 200 330 -
[20/Mar/2021:17:29:35 +0700] XNIO-2 task-1 GET /api/path/research HTTP/1.1 200 330 -
[20/Mar/2021:17:29:53 +0700] XNIO-2 task-1 GET /api/path/research HTTP/1.1 200 330 -
[20/Mar/2021:17:31:06 +0700] XNIO-2 task-1 GET /api/path/research HTTP/1.1 200 330 -
[20/Mar/2021:17:31:07 +0700] XNIO-2 task-1 GET /api/path/research HTTP/1.1 200 330 -
[20/Mar/2021:17:31:16 +0700] XNIO-2 task-1 GET /api/path/research HTTP/1.1 200 330 -
[20/Mar/2021:17:31:20 +0700] XNIO-2 task-1 GET /api/path/research HTTP/1.1 200 330 -
[20/Mar/2021:17:31:41 +0700] XNIO-2 task-1 GET /api/path/research HTTP/1.1 200 330 -
[20/Mar/2021:17:32:18 +0700] XNIO-2 task-1 GET /api/path/research HTTP/1.1 200 330 -
[20/Mar/2021:17:32:28 +0700] XNIO-2 task-1 GET /api/path/research HTTP/1.1 200 330 -
[20/Mar/2021:17:36:34 +0700] XNIO-2 task-1 GET /api/path/research HTTP/1.1 200 330 -
[20/Mar/2021:17:36:36 +0700] XNIO-2 task-1 GET /api/path/research HTTP/1.1 200 330 -
[20/Mar/2021:17:36:50 +0700] XNIO-2 task-1 GET /api/path/research HTTP/1.1 200 330 -
[20/Mar/2021:17:36:52 +0700] XNIO-2 task-1 GET /api/path/research HTTP/1.1 200 330 -
[20/Mar/2021:17:36:59 +0700] XNIO-2 task-1 GET /api/path/research HTTP/1.1 200 330 -
[20/Mar/2021:17:37:05 +0700] XNIO-2 task-1 GET /api/path/research HTTP/1.1 200 330 -
[20/Mar/2021:17:37:09 +0700] XNIO-2 task-1 GET /api/path/research HTTP/1.1 200 330 -
[20/Mar/2021:17:37:09 +0700] XNIO-2 task-1 GET /api/path/research HTTP/1.1 200 330 -
[20/Mar/2021:17:37:19 +0700] XNIO-2 task-1 GET /api/path/research HTTP/1.1 200 330 -
[20/Mar/2021:17:42:57 +0700] XNIO-2 task-1 OPTIONS /api/path/research/40 HTTP/1.1 200 - -
[20/Mar/2021:17:42:57 +0700] XNIO-2 task-1 DELETE /api/path/research/40 HTTP/1.1 200 - -
[20/Mar/2021:17:42:57 +0700] XNIO-2 task-1 GET /api/path/research HTTP/1.1 200 308 -
[20/Mar/2021:17:48:22 +0700] XNIO-2 task-1 GET /api/path/research HTTP/1.1 200 308 -
[20/Mar/2021:17:48:27 +0700] XNIO-2 task-1 GET /api/path/research HTTP/1.1 200 308 -
[20/Mar/2021:17:48:30 +0700] XNIO-2 task-1 GET /api/path/research HTTP/1.1 200 308 -
[20/Mar/2021:17:49:01 +0700] XNIO-2 task-1 GET /api/path/research HTTP/1.1 200 308 -
[20/Mar/2021:17:49:03 +0700] XNIO-2 task-1 GET /api/path/research HTTP/1.1 200 308 -
[20/Mar/2021:17:49:05 +0700] XNIO-2 task-1 GET /api/path/research HTTP/1.1 200 308 -
[20/Mar/2021:17:49:09 +0700] XNIO-2 task-1 GET /api/path/research HTTP/1.1 200 308 -
[20/Mar/2021:17:49:13 +0700] XNIO-2 task-1 GET /api/path/research HTTP/1.1 200 308 -
[20/Mar/2021:17:52:25 +0700] XNIO-2 task-1 OPTIONS /api/path/research HTTP/1.1 200 - -
[20/Mar/2021:17:52:25 +0700] XNIO-2 task-1 GET /api/path/research HTTP/1.1 200 308 -
[20/Mar/2021:17:54:16 +0700] XNIO-2 task-1 GET /api/path/research HTTP/1.1 200 308 -
[20/Mar/2021:17:54:19 +0700] XNIO-2 task-1 GET /api/path/research HTTP/1.1 200 308 -
[20/Mar/2021:17:54:22 +0700] XNIO-2 task-1 GET /api/path/research HTTP/1.1 200 308 -
[20/Mar/2021:17:54:31 +0700] XNIO-2 task-1 GET /api/path/research HTTP/1.1 200 308 -
[20/Mar/2021:17:54:32 +0700] XNIO-2 task-1 GET /api/path/file/28 HTTP/1.1 200 372 -
[20/Mar/2021:18:08:29 +0700] XNIO-2 task-1 GET /api/path/research HTTP/1.1 200 308 -
[20/Mar/2021:18:08:42 +0700] XNIO-2 task-1 OPTIONS /api/path/research HTTP/1.1 200 - -
[20/Mar/2021:18:08:42 +0700] XNIO-2 task-1 POST /api/path/research HTTP/1.1 200 264 -
[20/Mar/2021:18:08:42 +0700] XNIO-2 task-1 GET /api/path/research HTTP/1.1 200 330 -
[20/Mar/2021:18:09:09 +0700] XNIO-2 task-1 POST /api/path/research HTTP/1.1 200 269 -
[20/Mar/2021:18:09:09 +0700] XNIO-2 task-1 GET /api/path/research HTTP/1.1 200 353 -
[20/Mar/2021:18:09:39 +0700] XNIO-2 task-1 GET /api/path/research HTTP/1.1 200 353 -
[20/Mar/2021:18:10:26 +0700] XNIO-2 task-1 GET /api/path/research HTTP/1.1 200 353 -
[20/Mar/2021:18:10:56 +0700] XNIO-2 task-1 GET /api/path/research HTTP/1.1 200 353 -
[20/Mar/2021:18:11:09 +0700] XNIO-2 task-1 OPTIONS /api/path/research/42 HTTP/1.1 200 - -
[20/Mar/2021:18:11:09 +0700] XNIO-2 task-1 DELETE /api/path/research/42 HTTP/1.1 200 - -
[20/Mar/2021:18:11:09 +0700] XNIO-2 task-1 GET /api/path/research HTTP/1.1 200 330 -
[20/Mar/2021:18:11:26 +0700] XNIO-2 task-1 GET /api/path/research HTTP/1.1 200 330 -
[20/Mar/2021:18:11:29 +0700] XNIO-2 task-1 GET /api/path/research HTTP/1.1 200 330 -
[20/Mar/2021:18:11:43 +0700] XNIO-2 task-1 GET /api/path/research HTTP/1.1 200 330 -
[20/Mar/2021:18:12:37 +0700] XNIO-2 task-1 GET /api/path/research HTTP/1.1 200 330 -
[20/Mar/2021:18:12:53 +0700] XNIO-2 task-1 GET /api/path/research HTTP/1.1 200 330 -
[20/Mar/2021:18:12:57 +0700] XNIO-2 task-1 GET /api/path/research HTTP/1.1 200 330 -
[20/Mar/2021:18:12:59 +0700] XNIO-2 task-1 GET /api/path/research HTTP/1.1 200 330 -
[20/Mar/2021:18:13:21 +0700] XNIO-2 task-1 GET /api/path/research HTTP/1.1 200 330 -
[20/Mar/2021:18:13:27 +0700] XNIO-2 task-1 GET /api/path/research HTTP/1.1 200 330 -
[20/Mar/2021:18:13:33 +0700] XNIO-2 task-1 GET /api/path/research HTTP/1.1 200 330 -
[20/Mar/2021:18:14:05 +0700] XNIO-2 task-1 GET /api/path/research HTTP/1.1 200 330 -
[20/Mar/2021:18:14:22 +0700] XNIO-2 task-1 GET /api/path/research HTTP/1.1 200 330 -
[20/Mar/2021:18:14:30 +0700] XNIO-2 task-1 GET /api/path/research HTTP/1.1 200 330 -
[20/Mar/2021:18:14:31 +0700] XNIO-2 task-1 GET /api/path/research HTTP/1.1 200 330 -
[20/Mar/2021:18:14:36 +0700] XNIO-2 task-1 GET /api/path/research HTTP/1.1 200 330 -
[20/Mar/2021:18:14:51 +0700] XNIO-2 task-1 GET /api/path/research HTTP/1.1 200 330 -
[20/Mar/2021:18:14:53 +0700] XNIO-2 task-1 GET /api/path/research HTTP/1.1 200 330 -
[20/Mar/2021:18:14:54 +0700] XNIO-2 task-1 GET /api/path/research HTTP/1.1 200 330 -
[20/Mar/2021:18:15:09 +0700] XNIO-2 task-1 GET /api/path/research HTTP/1.1 200 330 -
[20/Mar/2021:18:15:33 +0700] XNIO-2 task-1 GET /api/path/research HTTP/1.1 200 330 -
[20/Mar/2021:18:17:17 +0700] XNIO-2 task-1 GET /api/path/research HTTP/1.1 200 330 -
[20/Mar/2021:18:17:55 +0700] XNIO-2 task-1 GET /api/path/research HTTP/1.1 200 330 -
[20/Mar/2021:18:18:06 +0700] XNIO-2 task-1 GET /api/path/research HTTP/1.1 200 330 -
[20/Mar/2021:18:18:12 +0700] XNIO-2 task-1 GET /api/path/research HTTP/1.1 200 330 -
[20/Mar/2021:18:18:17 +0700] XNIO-2 task-1 GET /api/path/research HTTP/1.1 200 330 -
[20/Mar/2021:18:18:24 +0700] XNIO-2 task-1 GET /api/path/research HTTP/1.1 200 330 -
[20/Mar/2021:18:18:35 +0700] XNIO-2 task-1 GET /api/path/research HTTP/1.1 200 330 -
[20/Mar/2021:18:18:59 +0700] XNIO-2 task-1 GET /api/path/research HTTP/1.1 200 330 -
[20/Mar/2021:18:19:06 +0700] XNIO-2 task-1 GET /api/path/research HTTP/1.1 200 330 -
[20/Mar/2021:18:19:09 +0700] XNIO-2 task-1 GET /api/path/research HTTP/1.1 200 330 -
[20/Mar/2021:18:19:43 +0700] XNIO-2 task-1 GET /api/path/research HTTP/1.1 200 330 -
[20/Mar/2021:18:19:46 +0700] XNIO-2 task-1 GET /api/path/research HTTP/1.1 200 330 -
[20/Mar/2021:18:19:49 +0700] XNIO-2 task-1 GET /api/path/research HTTP/1.1 200 330 -
[20/Mar/2021:18:19:50 +0700] XNIO-2 task-1 GET /api/path/research HTTP/1.1 200 330 -
[20/Mar/2021:18:20:00 +0700] XNIO-2 task-1 GET /api/path/research HTTP/1.1 200 330 -
[20/Mar/2021:18:20:03 +0700] XNIO-2 task-1 GET /api/path/research HTTP/1.1 200 330 -
[20/Mar/2021:18:20:11 +0700] XNIO-2 task-1 GET /api/path/research HTTP/1.1 200 330 -
[20/Mar/2021:18:20:19 +0700] XNIO-2 task-1 GET /api/path/research HTTP/1.1 200 330 -
[20/Mar/2021:18:20:23 +0700] XNIO-2 task-1 GET /api/path/research HTTP/1.1 200 330 -
[20/Mar/2021:18:20:25 +0700] XNIO-2 task-1 GET /api/path/research HTTP/1.1 200 330 -
[20/Mar/2021:18:20:29 +0700] XNIO-2 task-1 GET /api/path/research HTTP/1.1 200 330 -
[20/Mar/2021:18:21:51 +0700] XNIO-2 task-1 GET /api/path/research HTTP/1.1 200 330 -
[20/Mar/2021:18:21:56 +0700] XNIO-2 task-1 GET /api/path/research HTTP/1.1 200 330 -
[20/Mar/2021:18:21:59 +0700] XNIO-2 task-1 GET /api/path/research HTTP/1.1 200 330 -
[20/Mar/2021:18:22:03 +0700] XNIO-2 task-1 GET /api/path/research HTTP/1.1 200 330 -
[20/Mar/2021:18:22:14 +0700] XNIO-2 task-1 GET /api/path/research HTTP/1.1 200 330 -
[20/Mar/2021:18:22:16 +0700] XNIO-2 task-1 GET /api/path/research HTTP/1.1 200 330 -
[20/Mar/2021:18:22:24 +0700] XNIO-2 task-1 GET /api/path/research HTTP/1.1 200 330 -
[20/Mar/2021:18:23:47 +0700] XNIO-2 task-1 GET /api/path/research HTTP/1.1 200 330 -
[20/Mar/2021:18:23:51 +0700] XNIO-2 task-1 GET /api/path/research HTTP/1.1 200 330 -
[20/Mar/2021:18:23:55 +0700] XNIO-2 task-1 GET /api/path/research HTTP/1.1 200 330 -
[20/Mar/2021:18:24:00 +0700] XNIO-2 task-1 GET /api/path/research HTTP/1.1 200 330 -
[20/Mar/2021:18:24:11 +0700] XNIO-2 task-1 GET /api/path/file/41 HTTP/1.1 200 29 -
[20/Mar/2021:18:24:20 +0700] XNIO-2 task-1 OPTIONS /api/path/research/41 HTTP/1.1 200 - -
[20/Mar/2021:18:24:20 +0700] XNIO-2 task-1 DELETE /api/path/research/41 HTTP/1.1 200 - -
[20/Mar/2021:18:24:20 +0700] XNIO-2 task-1 GET /api/path/research HTTP/1.1 200 308 -
[20/Mar/2021:18:27:56 +0700] XNIO-2 task-1 GET /api/path/research HTTP/1.1 200 308 -
[20/Mar/2021:18:28:58 +0700] XNIO-2 task-1 GET /api/path/research HTTP/1.1 200 308 -
[20/Mar/2021:18:31:27 +0700] XNIO-2 task-1 GET /api/path/research HTTP/1.1 200 308 -
[20/Mar/2021:18:33:15 +0700] XNIO-2 task-1 GET /api/path/research HTTP/1.1 200 308 -
[20/Mar/2021:18:33:17 +0700] XNIO-2 task-1 GET /api/path/research HTTP/1.1 200 308 -
[20/Mar/2021:18:34:46 +0700] XNIO-2 task-1 GET /api/path/research HTTP/1.1 200 308 -
[20/Mar/2021:18:35:05 +0700] XNIO-2 task-1 GET /api/path/research HTTP/1.1 200 308 -
[20/Mar/2021:18:35:30 +0700] XNIO-2 task-1 GET /api/path/research HTTP/1.1 200 308 -
[20/Mar/2021:18:36:15 +0700] XNIO-2 task-1 GET /api/path/research HTTP/1.1 200 308 -
[20/Mar/2021:18:36:22 +0700] XNIO-2 task-1 GET /api/path/research HTTP/1.1 200 308 -
[20/Mar/2021:18:36:25 +0700] XNIO-2 task-1 GET /api/path/research HTTP/1.1 200 308 -
[20/Mar/2021:18:37:16 +0700] XNIO-2 task-1 GET /api/path/research HTTP/1.1 200 308 -
[20/Mar/2021:18:37:24 +0700] XNIO-2 task-1 GET /api/path/research HTTP/1.1 200 308 -
[20/Mar/2021:18:37:27 +0700] XNIO-2 task-1 GET /api/path/research HTTP/1.1 200 308 -
[20/Mar/2021:18:38:04 +0700] XNIO-2 task-1 GET /api/path/research HTTP/1.1 200 308 -
[20/Mar/2021:18:38:09 +0700] XNIO-2 task-1 OPTIONS /api/path/research/undefined HTTP/1.1 200 - -
[20/Mar/2021:18:38:09 +0700] XNIO-2 task-1 DELETE /api/path/research/undefined HTTP/1.1 400 2035 -
[20/Mar/2021:18:38:14 +0700] XNIO-2 task-1 GET /api/path/research HTTP/1.1 200 308 -
[20/Mar/2021:18:38:48 +0700] XNIO-2 task-1 GET /api/path/research HTTP/1.1 200 308 -
[20/Mar/2021:18:39:39 +0700] XNIO-2 task-1 GET /api/path/research HTTP/1.1 200 308 -
[20/Mar/2021:18:39:48 +0700] XNIO-2 task-1 OPTIONS /api/path/research/34 HTTP/1.1 200 - -
[20/Mar/2021:18:39:48 +0700] XNIO-2 task-1 DELETE /api/path/research/34 HTTP/1.1 200 - -
[20/Mar/2021:18:39:48 +0700] XNIO-2 task-1 GET /api/path/research HTTP/1.1 200 291 -
[20/Mar/2021:18:39:54 +0700] XNIO-2 task-1 GET /api/path/file/37 HTTP/1.1 200 29 -
[20/Mar/2021:18:39:59 +0700] XNIO-2 task-1 OPTIONS /api/path/file HTTP/1.1 200 - -
[20/Mar/2021:18:40:01 +0700] XNIO-2 task-1 POST /api/path/file HTTP/1.1 200 145 -
[20/Mar/2021:18:40:01 +0700] XNIO-2 task-2 GET /api/path/file/pr/37 HTTP/1.1 200 263 -
[20/Mar/2021:18:40:02 +0700] XNIO-2 task-2 GET /api/path/research HTTP/1.1 200 291 -
[20/Mar/2021:18:40:04 +0700] XNIO-2 task-2 GET /api/path/file/28 HTTP/1.1 200 372 -
[20/Mar/2021:18:40:08 +0700] XNIO-2 task-2 OPTIONS /api/path/research/28 HTTP/1.1 200 - -
[20/Mar/2021:18:40:08 +0700] XNIO-2 task-2 DELETE /api/path/research/28 HTTP/1.1 200 - -
[20/Mar/2021:18:40:08 +0700] XNIO-2 task-2 GET /api/path/research HTTP/1.1 200 265 -
[20/Mar/2021:18:40:54 +0700] XNIO-2 task-2 GET /api/path/research HTTP/1.1 200 265 -
[20/Mar/2021:18:41:02 +0700] XNIO-2 task-2 GET /api/path/research HTTP/1.1 200 265 -
[20/Mar/2021:21:53:30 +0700] XNIO-2 task-2 OPTIONS /api/path/research HTTP/1.1 200 - -
[20/Mar/2021:21:53:30 +0700] XNIO-2 task-2 GET /api/path/research HTTP/1.1 200 265 -
[20/Mar/2021:21:53:39 +0700] XNIO-2 task-2 GET /api/path/research HTTP/1.1 200 265 -
[20/Mar/2021:21:53:42 +0700] XNIO-2 task-2 GET /api/path/research HTTP/1.1 200 265 -
[20/Mar/2021:21:53:49 +0700] XNIO-2 task-2 GET /api/path/research HTTP/1.1 200 265 -
[20/Mar/2021:21:54:10 +0700] XNIO-2 task-2 GET /api/path/file/37 HTTP/1.1 200 307 -
[20/Mar/2021:22:04:38 +0700] XNIO-2 task-2 GET /api/path/research HTTP/1.1 200 265 -
[20/Mar/2021:22:54:25 +0700] XNIO-2 task-1 GET /api/file/pdf/37 HTTP/1.1 404 143 -
[20/Mar/2021:22:54:27 +0700] XNIO-2 task-1 GET /api/file/pdf/37 HTTP/1.1 404 143 -
[20/Mar/2021:22:56:11 +0700] XNIO-2 task-1 GET /api/file/pdf/37 HTTP/1.1 404 143 -
[20/Mar/2021:22:56:33 +0700] XNIO-2 task-1 GET /api/file/pdf/37 HTTP/1.1 404 143 -
[20/Mar/2021:22:56:36 +0700] XNIO-2 task-1 GET /api/file/pdf/37 HTTP/1.1 404 143 -
[20/Mar/2021:22:56:48 +0700] XNIO-2 task-1 GET /api/file/pdf/37 HTTP/1.1 404 143 -
[20/Mar/2021:22:58:31 +0700] XNIO-2 task-1 GET /api/file/pdf/37 HTTP/1.1 404 143 -
[20/Mar/2021:22:58:40 +0700] XNIO-2 task-1 GET /api/file/pdf/37 HTTP/1.1 404 143 -
[20/Mar/2021:22:59:07 +0700] XNIO-2 task-1 GET /api/file/pdf/37 HTTP/1.1 404 143 -
[20/Mar/2021:22:59:10 +0700] XNIO-2 task-1 GET /api/file/pdf/37 HTTP/1.1 404 143 -
[20/Mar/2021:22:59:20 +0700] XNIO-2 task-1 GET /api/file/pdf/37 HTTP/1.1 404 143 -
[20/Mar/2021:22:59:31 +0700] XNIO-2 task-1 GET /api/file/pdf/37 HTTP/1.1 404 143 -
[20/Mar/2021:22:59:37 +0700] XNIO-2 task-1 GET /api/file/pdf/37 HTTP/1.1 404 143 -
[20/Mar/2021:23:00:06 +0700] XNIO-2 task-1 GET /api/file/pdf/37 HTTP/1.1 404 141 -
[20/Mar/2021:23:00:13 +0700] XNIO-2 task-1 GET /api/file/pdf/37 HTTP/1.1 404 142 -
[20/Mar/2021:23:00:14 +0700] XNIO-2 task-1 GET /api/file/pdf/37 HTTP/1.1 404 142 -
[20/Mar/2021:23:01:28 +0700] XNIO-2 task-1 GET /api/file/pdf/37 HTTP/1.1 404 143 -
[20/Mar/2021:23:01:29 +0700] XNIO-2 task-1 GET /api/file/pdf/37 HTTP/1.1 404 143 -
[20/Mar/2021:23:01:31 +0700] XNIO-2 task-1 GET /api/file/pdf/37 HTTP/1.1 404 143 -
[20/Mar/2021:23:01:35 +0700] XNIO-2 task-1 GET /api/file/pdf/37 HTTP/1.1 404 143 -
[20/Mar/2021:23:01:41 +0700] XNIO-2 task-1 GET /api/file/pdf/37 HTTP/1.1 404 143 -
[20/Mar/2021:23:01:43 +0700] XNIO-2 task-1 GET /api/file/pdf/37 HTTP/1.1 404 143 -
[20/Mar/2021:23:02:00 +0700] XNIO-2 task-1 GET /api/file/pdf/37 HTTP/1.1 404 142 -
[20/Mar/2021:23:02:06 +0700] XNIO-2 task-1 GET /api/file/pdf/37 HTTP/1.1 404 143 -
[20/Mar/2021:23:02:29 +0700] XNIO-2 task-1 GET /api/file/pdf/37 HTTP/1.1 404 295 -
[20/Mar/2021:23:02:29 +0700] XNIO-2 task-1 GET /favicon.ico HTTP/1.1 404 138 -
[20/Mar/2021:23:03:15 +0700] XNIO-2 task-1 GET /api/path/file/pdff/37 HTTP/1.1 404 147 -
[20/Mar/2021:23:03:18 +0700] XNIO-2 task-1 GET /api/path/file/pdf/37 HTTP/1.1 200 307 -
[20/Mar/2021:23:03:22 +0700] XNIO-2 task-1 GET /api/path/file/pdf/37 HTTP/1.1 200 307 -
[20/Mar/2021:23:03:34 +0700] XNIO-2 task-1 GET /api/path/file/pdf/37 HTTP/1.1 200 307 -
[20/Mar/2021:23:04:04 +0700] XNIO-2 task-1 GET /api/path/file/pdf/37 HTTP/1.1 200 307 -
[20/Mar/2021:23:05:32 +0700] XNIO-2 task-1 GET /api/path/file/pdf/37%0A HTTP/1.1 200 307 -
[20/Mar/2021:23:06:15 +0700] XNIO-2 task-1 GET /api/path/file/pdf/37 HTTP/1.1 200 307 -
[20/Mar/2021:23:06:17 +0700] XNIO-2 task-1 GET /api/path/file/pdf/37 HTTP/1.1 200 307 -
[20/Mar/2021:23:06:21 +0700] XNIO-2 task-1 GET /api/path/file/pdf/37 HTTP/1.1 200 307 -
[20/Mar/2021:23:06:41 +0700] XNIO-2 task-1 GET /api/path/file/pdf/37 HTTP/1.1 200 307 -
[20/Mar/2021:23:06:45 +0700] XNIO-2 task-1 GET /api/path/file/pdf/37 HTTP/1.1 200 307 -
[20/Mar/2021:23:06:47 +0700] XNIO-2 task-1 GET /api/path/file/pdf/37 HTTP/1.1 200 307 -
[20/Mar/2021:23:07:09 +0700] XNIO-2 task-1 OPTIONS /api/path/research HTTP/1.1 200 - -
[20/Mar/2021:23:07:10 +0700] XNIO-2 task-1 GET /api/path/research HTTP/1.1 200 265 -
[20/Mar/2021:23:07:11 +0700] XNIO-2 task-1 GET /api/path/file/pdf/37 HTTP/1.1 200 307 -
[20/Mar/2021:23:07:20 +0700] XNIO-2 task-1 GET /api/path/research HTTP/1.1 200 265 -
[20/Mar/2021:23:07:22 +0700] XNIO-2 task-1 GET /api/path/file/pdf/37 HTTP/1.1 200 307 -
[20/Mar/2021:23:07:24 +0700] XNIO-2 task-1 GET /api/path/file/pdf/37 HTTP/1.1 200 307 -
[20/Mar/2021:23:08:06 +0700] XNIO-2 task-1 GET /api/path/research HTTP/1.1 200 265 -
[20/Mar/2021:23:08:07 +0700] XNIO-2 task-1 GET /api/path/file/pdf/37 HTTP/1.1 200 307 -
[20/Mar/2021:23:13:57 +0700] XNIO-2 task-1 GET /api/path/file/pdf/37 HTTP/1.1 200 307 -
[20/Mar/2021:23:14:23 +0700] XNIO-2 task-1 GET /api/path/file/pdf/37 HTTP/1.1 200 307 -
[20/Mar/2021:23:14:55 +0700] XNIO-2 task-1 GET /api/path/file/pdf/37 HTTP/1.1 200 307 -
[20/Mar/2021:23:15:01 +0700] XNIO-2 task-1 GET /api/path/file/pdf/37 HTTP/1.1 200 307 -
[20/Mar/2021:23:16:16 +0700] XNIO-2 task-1 GET /api/path/file/pdf/37 HTTP/1.1 200 307 -
[20/Mar/2021:23:16:23 +0700] XNIO-2 task-1 GET /api/path/file/pdf/37 HTTP/1.1 200 307 -
[20/Mar/2021:23:16:24 +0700] XNIO-2 task-1 GET /api/path/file/pdf/37 HTTP/1.1 200 307 -
[20/Mar/2021:23:16:26 +0700] XNIO-2 task-1 GET /api/path/file/pdf/37 HTTP/1.1 200 307 -
[20/Mar/2021:23:16:28 +0700] XNIO-2 task-1 GET /api/path/file/pdf/37 HTTP/1.1 200 307 -
[20/Mar/2021:23:16:30 +0700] XNIO-2 task-1 GET /api/path/file/pdf/37 HTTP/1.1 200 307 -
[20/Mar/2021:23:16:32 +0700] XNIO-2 task-1 GET /api/path/file/pdf/37 HTTP/1.1 200 307 -
[20/Mar/2021:23:16:33 +0700] XNIO-2 task-1 GET /api/path/file/pdf/37 HTTP/1.1 200 307 -
[20/Mar/2021:23:16:37 +0700] XNIO-2 task-1 GET /api/path/file/pdf/37 HTTP/1.1 200 307 -
[20/Mar/2021:23:17:23 +0700] XNIO-2 task-1 GET /api/path/file/pdf/37 HTTP/1.1 200 307 -
[20/Mar/2021:23:17:26 +0700] XNIO-2 task-1 GET /api/path/file/pdf/37 HTTP/1.1 200 307 -
[20/Mar/2021:23:17:34 +0700] XNIO-2 task-1 GET /api/path/file/pdf/37 HTTP/1.1 200 307 -
[20/Mar/2021:23:17:54 +0700] XNIO-2 task-1 GET /api/path/file/pdf/37 HTTP/1.1 200 307 -
[20/Mar/2021:23:18:30 +0700] XNIO-2 task-1 GET /api/path/file/pdf/37 HTTP/1.1 200 307 -
[20/Mar/2021:23:18:50 +0700] XNIO-2 task-1 GET /api/path/file/pdf/37 HTTP/1.1 200 307 -
[20/Mar/2021:23:19:23 +0700] XNIO-2 task-1 GET /api/path/file/pdf/37 HTTP/1.1 200 307 -
[20/Mar/2021:23:21:55 +0700] XNIO-2 task-1 GET /api/path/research HTTP/1.1 200 265 -
[20/Mar/2021:23:22:01 +0700] XNIO-2 task-1 GET /api/path/file/37 HTTP/1.1 200 307 -
[20/Mar/2021:23:22:05 +0700] XNIO-2 task-1 GET /api/path/research HTTP/1.1 200 265 -
[20/Mar/2021:23:22:17 +0700] XNIO-2 task-1 GET /api/path/research HTTP/1.1 200 265 -
[20/Mar/2021:23:26:03 +0700] XNIO-2 task-1 GET /api/path/research HTTP/1.1 200 265 -
[20/Mar/2021:23:26:09 +0700] XNIO-2 task-1 GET /api/path/research HTTP/1.1 200 265 -
[20/Mar/2021:23:26:20 +0700] XNIO-2 task-1 GET /api/path/research HTTP/1.1 200 265 -
[20/Mar/2021:23:27:10 +0700] XNIO-2 task-1 OPTIONS /api/path/research HTTP/1.1 200 - -
[20/Mar/2021:23:27:10 +0700] XNIO-2 task-1 GET /api/path/research HTTP/1.1 500 1838 -
[20/Mar/2021:23:34:25 +0700] XNIO-2 task-1 GET /api/path/research HTTP/1.1 500 1838 -
[20/Mar/2021:23:34:27 +0700] XNIO-2 task-1 GET /api/path/research HTTP/1.1 500 1838 -
[20/Mar/2021:23:34:56 +0700] XNIO-2 task-1 GET /api/path/research HTTP/1.1 500 1838 -
[20/Mar/2021:23:35:32 +0700] XNIO-2 task-1 GET /api/path/research HTTP/1.1 500 1838 -
[20/Mar/2021:23:35:53 +0700] XNIO-2 task-1 GET /api/path/research HTTP/1.1 500 1838 -
[20/Mar/2021:23:35:54 +0700] XNIO-2 task-1 GET /api/path/research HTTP/1.1 500 1838 -
[20/Mar/2021:23:36:01 +0700] XNIO-2 task-1 GET /api/path/research HTTP/1.1 500 1847 -
[20/Mar/2021:23:36:14 +0700] XNIO-2 task-1 OPTIONS /api/auth/signing HTTP/1.1 200 - -
[20/Mar/2021:23:36:14 +0700] XNIO-2 task-1 POST /api/auth/signing HTTP/1.1 200 289 -
[20/Mar/2021:23:36:14 +0700] XNIO-2 task-1 GET /api/path/research HTTP/1.1 200 265 -
[20/Mar/2021:23:40:52 +0700] XNIO-2 task-1 GET /api/path/research HTTP/1.1 200 265 -
[20/Mar/2021:23:40:59 +0700] XNIO-2 task-2 GET /api/path/file/37 HTTP/1.1 200 307 -
[20/Mar/2021:23:40:59 +0700] XNIO-2 task-1 GET /api/path/research/37 HTTP/1.1 200 263 -
[20/Mar/2021:23:41:52 +0700] XNIO-2 task-1 GET /api/path/research HTTP/1.1 200 265 -
[20/Mar/2021:23:43:50 +0700] XNIO-2 task-1 GET /api/path/research HTTP/1.1 200 265 -
[20/Mar/2021:23:44:22 +0700] XNIO-2 task-1 GET /api/path/research HTTP/1.1 200 265 -
[20/Mar/2021:23:44:26 +0700] XNIO-2 task-1 GET /api/path/research HTTP/1.1 200 265 -
[20/Mar/2021:23:44:37 +0700] XNIO-2 task-1 GET /api/path/research/37 HTTP/1.1 200 263 -
[20/Mar/2021:23:44:37 +0700] XNIO-2 task-2 GET /api/path/file/37 HTTP/1.1 200 307 -
[20/Mar/2021:23:50:37 +0700] XNIO-2 task-2 GET /api/path/research HTTP/1.1 200 265 -
[20/Mar/2021:23:50:38 +0700] XNIO-2 task-2 GET /api/path/research HTTP/1.1 200 265 -
[20/Mar/2021:23:50:40 +0700] XNIO-2 task-2 GET /api/path/research HTTP/1.1 200 265 -
[20/Mar/2021:23:50:45 +0700] XNIO-2 task-2 GET /api/path/research HTTP/1.1 200 265 -
[20/Mar/2021:23:51:03 +0700] XNIO-2 task-2 GET /api/path/research HTTP/1.1 200 265 -
[20/Mar/2021:23:51:04 +0700] XNIO-2 task-2 GET /api/path/research HTTP/1.1 200 265 -
[20/Mar/2021:23:51:06 +0700] XNIO-2 task-2 GET /api/path/research HTTP/1.1 200 265 -
[20/Mar/2021:23:51:18 +0700] XNIO-2 task-2 GET /api/path/research HTTP/1.1 200 265 -
[20/Mar/2021:23:51:22 +0700] XNIO-2 task-2 GET /api/path/research HTTP/1.1 200 265 -
[20/Mar/2021:23:51:23 +0700] XNIO-2 task-2 GET /api/path/research HTTP/1.1 200 265 -
[20/Mar/2021:23:51:26 +0700] XNIO-2 task-2 GET /api/path/research HTTP/1.1 200 265 -
[20/Mar/2021:23:51:49 +0700] XNIO-2 task-2 GET /api/path/research HTTP/1.1 200 265 -
[20/Mar/2021:23:51:51 +0700] XNIO-2 task-2 GET /api/path/research HTTP/1.1 200 265 -
[20/Mar/2021:23:52:07 +0700] XNIO-2 task-2 GET /api/path/research HTTP/1.1 200 265 -
[20/Mar/2021:23:52:21 +0700] XNIO-2 task-2 GET /api/path/research HTTP/1.1 200 265 -
[20/Mar/2021:23:52:29 +0700] XNIO-2 task-2 GET /api/path/research HTTP/1.1 200 265 -
[20/Mar/2021:23:52:33 +0700] XNIO-2 task-2 GET /api/path/research HTTP/1.1 200 265 -
[20/Mar/2021:23:52:37 +0700] XNIO-2 task-2 GET /api/path/research HTTP/1.1 200 265 -
[20/Mar/2021:23:52:47 +0700] XNIO-2 task-2 GET /api/path/research HTTP/1.1 200 265 -
[20/Mar/2021:23:53:12 +0700] XNIO-2 task-2 GET /api/path/research HTTP/1.1 200 265 -
[20/Mar/2021:23:53:24 +0700] XNIO-2 task-2 GET /api/path/research HTTP/1.1 200 265 -
[20/Mar/2021:23:53:48 +0700] XNIO-2 task-2 GET /api/path/research HTTP/1.1 200 265 -
[20/Mar/2021:23:55:55 +0700] XNIO-2 task-2 GET /api/path/research HTTP/1.1 200 265 -
[20/Mar/2021:23:56:48 +0700] XNIO-2 task-2 GET /api/path/research HTTP/1.1 200 265 -
[20/Mar/2021:23:57:12 +0700] XNIO-2 task-2 GET /api/path/research HTTP/1.1 200 265 -
[20/Mar/2021:23:57:52 +0700] XNIO-2 task-2 GET /api/path/research HTTP/1.1 200 265 -
[20/Mar/2021:23:58:06 +0700] XNIO-2 task-2 GET /api/path/research HTTP/1.1 200 265 -
[20/Mar/2021:23:58:08 +0700] XNIO-2 task-2 GET /api/path/research HTTP/1.1 200 265 -
[20/Mar/2021:23:58:09 +0700] XNIO-2 task-2 GET /api/path/research HTTP/1.1 200 265 -
[20/Mar/2021:23:58:14 +0700] XNIO-2 task-2 GET /api/path/research HTTP/1.1 200 265 -
[20/Mar/2021:23:58:16 +0700] XNIO-2 task-2 GET /api/path/research HTTP/1.1 200 265 -
