[31/Mar/2021:13:50:04 +0700] XNIO-2 task-4 OPTIONS /api/path/research HTTP/1.1 200 - -
[31/Mar/2021:13:50:05 +0700] XNIO-2 task-4 GET /api/path/research HTTP/1.1 401 1951 -
[31/Mar/2021:13:50:23 +0700] XNIO-2 task-4 GET /api/path/research HTTP/1.1 401 1951 -
[31/Mar/2021:13:50:31 +0700] XNIO-2 task-4 OPTIONS /api/auth/signing HTTP/1.1 200 - -
[31/Mar/2021:13:50:31 +0700] XNIO-2 task-4 POST /api/auth/signing HTTP/1.1 200 491 -
[31/Mar/2021:13:50:31 +0700] XNIO-2 task-4 GET /api/path/research HTTP/1.1 200 485 -
[31/Mar/2021:13:54:48 +0700] XNIO-2 task-4 GET /api/path/research HTTP/1.1 200 485 -
[31/Mar/2021:14:02:45 +0700] XNIO-2 task-4 GET /api/path/research HTTP/1.1 200 485 -
[31/Mar/2021:14:02:57 +0700] XNIO-2 task-4 GET /api/path/research HTTP/1.1 200 485 -
[31/Mar/2021:14:02:59 +0700] XNIO-2 task-4 GET /api/path/research HTTP/1.1 200 485 -
[31/Mar/2021:14:08:31 +0700] XNIO-2 task-4 GET /api/path/research HTTP/1.1 200 485 -
[31/Mar/2021:14:11:24 +0700] XNIO-2 task-4 OPTIONS /api/path/research HTTP/1.1 200 - -
[31/Mar/2021:14:11:24 +0700] XNIO-2 task-4 POST /api/path/research HTTP/1.1 400 2233 -
[31/Mar/2021:14:14:03 +0700] XNIO-2 task-1 GET /api/path/research HTTP/1.1 200 479 -
[31/Mar/2021:14:14:10 +0700] XNIO-2 task-1 POST /api/path/research HTTP/1.1 500 3045 -
[31/Mar/2021:14:15:53 +0700] XNIO-2 task-1 GET /api/path/research HTTP/1.1 200 479 -
[31/Mar/2021:14:16:22 +0700] XNIO-2 task-1 POST /api/path/research HTTP/1.1 500 3045 -
[31/Mar/2021:14:16:57 +0700] XNIO-2 task-1 POST /api/path/research HTTP/1.1 500 3045 -
[31/Mar/2021:14:16:59 +0700] XNIO-2 task-1 POST /api/path/research HTTP/1.1 500 3045 -
[31/Mar/2021:14:19:41 +0700] XNIO-2 task-1 GET /api/path/research HTTP/1.1 200 479 -
[31/Mar/2021:14:20:21 +0700] XNIO-2 task-1 GET /api/path/research HTTP/1.1 200 479 -
[31/Mar/2021:14:20:38 +0700] XNIO-2 task-1 POST /api/path/research HTTP/1.1 400 2368 -
[31/Mar/2021:14:21:03 +0700] XNIO-2 task-1 POST /api/path/research HTTP/1.1 400 2370 -
[31/Mar/2021:14:27:01 +0700] XNIO-2 task-1 POST /api/path/research HTTP/1.1 400 2376 -
[31/Mar/2021:14:36:52 +0700] XNIO-2 task-1 POST /api/path/research HTTP/1.1 400 2376 -
[31/Mar/2021:14:41:23 +0700] XNIO-2 task-1 POST /api/path/research HTTP/1.1 500 3044 -
[31/Mar/2021:14:44:05 +0700] XNIO-2 task-1 POST /api/path/research HTTP/1.1 500 3045 -
[31/Mar/2021:14:44:14 +0700] XNIO-2 task-1 POST /api/path/research HTTP/1.1 500 3045 -
[31/Mar/2021:14:45:18 +0700] XNIO-2 task-1 POST /api/path/research HTTP/1.1 500 3045 -
[31/Mar/2021:14:46:10 +0700] XNIO-2 task-1 POST /api/path/research HTTP/1.1 500 3045 -
[31/Mar/2021:14:46:14 +0700] XNIO-2 task-1 GET /api/path/research HTTP/1.1 200 479 -
[31/Mar/2021:14:48:16 +0700] XNIO-2 task-1 POST /api/path/research HTTP/1.1 500 3042 -
[31/Mar/2021:14:48:20 +0700] XNIO-2 task-1 GET /api/path/research HTTP/1.1 200 479 -
[31/Mar/2021:14:48:28 +0700] XNIO-2 task-1 POST /api/path/research HTTP/1.1 500 3045 -
[31/Mar/2021:14:52:04 +0700] XNIO-2 task-1 OPTIONS /api/auth/signup HTTP/1.1 200 - -
[31/Mar/2021:14:52:04 +0700] XNIO-2 task-2 POST /api/auth/signup HTTP/1.1 200 76 -
[31/Mar/2021:14:52:14 +0700] XNIO-2 task-2 OPTIONS /api/auth/signing HTTP/1.1 200 - -
[31/Mar/2021:14:52:14 +0700] XNIO-2 task-2 POST /api/auth/signing HTTP/1.1 200 299 -
[31/Mar/2021:14:52:15 +0700] XNIO-2 task-2 GET /api/path/research HTTP/1.1 200 29 -
[31/Mar/2021:14:52:22 +0700] XNIO-2 task-2 POST /api/path/research HTTP/1.1 200 276 -
[31/Mar/2021:14:52:22 +0700] XNIO-2 task-2 GET /api/path/research HTTP/1.1 200 277 -
[31/Mar/2021:14:53:11 +0700] XNIO-2 task-2 POST /api/path/research HTTP/1.1 200 273 -
[31/Mar/2021:14:53:11 +0700] XNIO-2 task-2 GET /api/path/research HTTP/1.1 200 300 -
[31/Mar/2021:14:53:25 +0700] XNIO-2 task-2 POST /api/path/research HTTP/1.1 200 270 -
[31/Mar/2021:14:53:25 +0700] XNIO-2 task-2 GET /api/path/research HTTP/1.1 200 308 -
[31/Mar/2021:14:57:48 +0700] XNIO-2 task-1 POST /api/path/research HTTP/1.1 200 269 -
[31/Mar/2021:14:57:49 +0700] XNIO-2 task-1 GET /api/path/research HTTP/1.1 200 317 -
[31/Mar/2021:15:00:21 +0700] XNIO-2 task-1 POST /api/path/research HTTP/1.1 200 270 -
[31/Mar/2021:15:00:21 +0700] XNIO-2 task-1 GET /api/path/research HTTP/1.1 200 326 -
[31/Mar/2021:15:00:24 +0700] XNIO-2 task-1 OPTIONS /api/path/research/6 HTTP/1.1 200 - -
[31/Mar/2021:15:00:24 +0700] XNIO-2 task-1 DELETE /api/path/research/6 HTTP/1.1 200 - -
[31/Mar/2021:15:00:24 +0700] XNIO-2 task-1 GET /api/path/research HTTP/1.1 200 317 -
[31/Mar/2021:15:00:26 +0700] XNIO-2 task-1 OPTIONS /api/path/research/5 HTTP/1.1 200 - -
[31/Mar/2021:15:00:26 +0700] XNIO-2 task-1 DELETE /api/path/research/5 HTTP/1.1 200 - -
[31/Mar/2021:15:00:26 +0700] XNIO-2 task-1 GET /api/path/research HTTP/1.1 200 308 -
[31/Mar/2021:15:00:28 +0700] XNIO-2 task-1 OPTIONS /api/path/research/4 HTTP/1.1 200 - -
[31/Mar/2021:15:00:28 +0700] XNIO-2 task-1 DELETE /api/path/research/4 HTTP/1.1 200 - -
[31/Mar/2021:15:00:28 +0700] XNIO-2 task-1 GET /api/path/research HTTP/1.1 200 300 -
[31/Mar/2021:15:00:35 +0700] XNIO-2 task-1 POST /api/path/research HTTP/1.1 200 270 -
[31/Mar/2021:15:00:35 +0700] XNIO-2 task-1 GET /api/path/research HTTP/1.1 200 312 -
[31/Mar/2021:15:02:03 +0700] XNIO-2 task-1 POST /api/path/research HTTP/1.1 200 269 -
[31/Mar/2021:15:02:03 +0700] XNIO-2 task-1 GET /api/path/research HTTP/1.1 200 321 -
[31/Mar/2021:15:07:13 +0700] XNIO-2 task-1 POST /api/path/research HTTP/1.1 200 277 -
[31/Mar/2021:15:07:13 +0700] XNIO-2 task-1 GET /api/path/research HTTP/1.1 200 342 -
[31/Mar/2021:15:11:15 +0700] XNIO-2 task-1 POST /api/path/research HTTP/1.1 200 277 -
[31/Mar/2021:15:11:16 +0700] XNIO-2 task-1 GET /api/path/research HTTP/1.1 200 349 -
[31/Mar/2021:15:11:31 +0700] XNIO-2 task-1 OPTIONS /api/path/research HTTP/1.1 200 - -
[31/Mar/2021:15:11:31 +0700] XNIO-2 task-1 POST /api/path/research HTTP/1.1 200 272 -
[31/Mar/2021:15:11:31 +0700] XNIO-2 task-1 GET /api/path/research HTTP/1.1 200 363 -
[31/Mar/2021:15:12:52 +0700] XNIO-2 task-1 POST /api/path/research HTTP/1.1 200 271 -
[31/Mar/2021:15:12:52 +0700] XNIO-2 task-1 GET /api/path/research HTTP/1.1 200 375 -
[31/Mar/2021:15:13:44 +0700] XNIO-2 task-1 POST /api/path/research HTTP/1.1 200 272 -
[31/Mar/2021:15:13:44 +0700] XNIO-2 task-1 GET /api/path/research HTTP/1.1 200 385 -
[31/Mar/2021:15:16:47 +0700] XNIO-2 task-1 POST /api/path/research HTTP/1.1 200 295 -
[31/Mar/2021:15:16:47 +0700] XNIO-2 task-1 GET /api/path/research HTTP/1.1 200 414 -
[31/Mar/2021:15:17:55 +0700] XNIO-2 task-1 POST /api/path/research HTTP/1.1 200 293 -
[31/Mar/2021:15:17:55 +0700] XNIO-2 task-1 GET /api/path/research HTTP/1.1 200 435 -
[31/Mar/2021:15:19:02 +0700] XNIO-2 task-1 GET /api/path/research HTTP/1.1 200 435 -
[31/Mar/2021:15:20:11 +0700] XNIO-2 task-1 GET /api/path/research HTTP/1.1 200 435 -
[31/Mar/2021:15:20:11 +0700] XNIO-2 task-1 GET /api/path/research HTTP/1.1 200 435 -
[31/Mar/2021:15:20:14 +0700] XNIO-2 task-1 GET /api/path/research HTTP/1.1 200 435 -
