[29/Mar/2021:03:04:33 +0700] XNIO-2 task-1 OPTIONS /api/auth/signing HTTP/1.1 200 - -
[29/Mar/2021:03:04:34 +0700] XNIO-2 task-2 POST /api/auth/signing HTTP/1.1 200 494 -
[29/Mar/2021:03:04:34 +0700] XNIO-2 task-2 OPTIONS /api/path/research HTTP/1.1 200 - -
[29/Mar/2021:03:04:34 +0700] XNIO-2 task-2 GET /api/path/research HTTP/1.1 200 457 -
[29/Mar/2021:03:04:37 +0700] XNIO-2 task-2 OPTIONS /api/auth/account HTTP/1.1 200 - -
[29/Mar/2021:03:04:37 +0700] XNIO-2 task-2 GET /api/auth/account HTTP/1.1 200 558 -
[29/Mar/2021:03:06:10 +0700] XNIO-2 task-2 GET /api/auth/account HTTP/1.1 200 558 -
[29/Mar/2021:03:06:21 +0700] XNIO-2 task-2 GET /api/auth/account HTTP/1.1 200 558 -
[29/Mar/2021:03:06:25 +0700] XNIO-2 task-2 GET /api/auth/account HTTP/1.1 200 558 -
[29/Mar/2021:03:06:41 +0700] XNIO-2 task-2 GET /api/auth/account HTTP/1.1 200 558 -
[29/Mar/2021:03:06:47 +0700] XNIO-2 task-2 GET /api/auth/account HTTP/1.1 200 558 -
[29/Mar/2021:03:06:49 +0700] XNIO-2 task-2 GET /api/auth/account HTTP/1.1 200 558 -
[29/Mar/2021:03:06:51 +0700] XNIO-2 task-2 GET /api/auth/account HTTP/1.1 200 558 -
[29/Mar/2021:03:06:54 +0700] XNIO-2 task-2 GET /api/auth/account HTTP/1.1 200 558 -
[29/Mar/2021:03:07:01 +0700] XNIO-2 task-2 GET /api/auth/account HTTP/1.1 200 558 -
[29/Mar/2021:03:07:02 +0700] XNIO-2 task-2 GET /api/auth/account HTTP/1.1 200 558 -
[29/Mar/2021:03:07:04 +0700] XNIO-2 task-2 GET /api/auth/account HTTP/1.1 200 558 -
[29/Mar/2021:03:07:31 +0700] XNIO-2 task-2 GET /api/auth/account HTTP/1.1 200 558 -
[29/Mar/2021:03:07:34 +0700] XNIO-2 task-2 GET /api/auth/account HTTP/1.1 200 558 -
[29/Mar/2021:03:08:37 +0700] XNIO-2 task-2 POST /api/auth/signing HTTP/1.1 200 291 -
[29/Mar/2021:03:08:37 +0700] XNIO-2 task-2 GET /api/auth/account HTTP/1.1 200 558 -
[29/Mar/2021:03:08:48 +0700] XNIO-2 task-2 GET /api/auth/account HTTP/1.1 200 558 -
[29/Mar/2021:03:09:55 +0700] XNIO-2 task-2 GET /api/auth/account HTTP/1.1 200 560 -
[29/Mar/2021:03:10:14 +0700] XNIO-2 task-2 GET /api/auth/account HTTP/1.1 200 567 -
[29/Mar/2021:03:10:39 +0700] XNIO-2 task-2 GET /api/path/research HTTP/1.1 403 1941 -
[29/Mar/2021:03:10:41 +0700] XNIO-2 task-2 GET /api/auth/account HTTP/1.1 200 567 -
[29/Mar/2021:03:10:41 +0700] XNIO-2 task-2 GET /api/path/research HTTP/1.1 403 1941 -
[29/Mar/2021:03:10:42 +0700] XNIO-2 task-2 GET /api/auth/account HTTP/1.1 200 567 -
[29/Mar/2021:03:10:44 +0700] XNIO-2 task-2 GET /api/path/research HTTP/1.1 403 1941 -
[29/Mar/2021:03:10:45 +0700] XNIO-2 task-2 GET /api/auth/account HTTP/1.1 200 567 -
[29/Mar/2021:03:10:48 +0700] XNIO-2 task-2 GET /api/path/research HTTP/1.1 403 1941 -
[29/Mar/2021:03:10:49 +0700] XNIO-2 task-2 GET /api/auth/account HTTP/1.1 200 567 -
[29/Mar/2021:03:16:07 +0700] XNIO-2 task-2 GET /api/auth/account HTTP/1.1 200 567 -
[29/Mar/2021:03:16:09 +0700] XNIO-2 task-2 GET /api/auth/account HTTP/1.1 200 567 -
[29/Mar/2021:03:16:24 +0700] XNIO-2 task-2 GET /api/auth/account HTTP/1.1 200 567 -
[29/Mar/2021:03:17:15 +0700] XNIO-2 task-2 GET /api/auth/account HTTP/1.1 200 567 -
[29/Mar/2021:03:17:16 +0700] XNIO-2 task-2 GET /api/auth/account HTTP/1.1 200 567 -
[29/Mar/2021:03:17:54 +0700] XNIO-2 task-2 GET /api/auth/account HTTP/1.1 200 567 -
[29/Mar/2021:03:18:03 +0700] XNIO-2 task-2 GET /api/auth/account HTTP/1.1 200 567 -
[29/Mar/2021:03:18:11 +0700] XNIO-2 task-2 GET /api/auth/account HTTP/1.1 200 567 -
[29/Mar/2021:03:18:14 +0700] XNIO-2 task-2 GET /api/auth/account HTTP/1.1 200 567 -
[29/Mar/2021:03:18:16 +0700] XNIO-2 task-2 GET /api/auth/account HTTP/1.1 200 567 -
[29/Mar/2021:03:18:18 +0700] XNIO-2 task-2 GET /api/auth/account HTTP/1.1 200 567 -
[29/Mar/2021:03:18:31 +0700] XNIO-2 task-2 GET /api/auth/account HTTP/1.1 200 567 -
[29/Mar/2021:03:18:36 +0700] XNIO-2 task-2 GET /api/auth/account HTTP/1.1 200 567 -
[29/Mar/2021:03:18:38 +0700] XNIO-2 task-2 GET /api/auth/account HTTP/1.1 200 567 -
[29/Mar/2021:03:18:44 +0700] XNIO-2 task-2 GET /api/auth/account HTTP/1.1 200 567 -
[29/Mar/2021:03:19:00 +0700] XNIO-2 task-2 GET /api/auth/account HTTP/1.1 200 567 -
[29/Mar/2021:03:19:12 +0700] XNIO-2 task-2 GET /api/auth/account HTTP/1.1 200 567 -
[29/Mar/2021:03:19:13 +0700] XNIO-2 task-2 GET /api/auth/account HTTP/1.1 200 567 -
[29/Mar/2021:03:19:15 +0700] XNIO-2 task-2 GET /api/auth/account HTTP/1.1 200 567 -
[29/Mar/2021:03:19:16 +0700] XNIO-2 task-2 GET /api/auth/account HTTP/1.1 200 567 -
[29/Mar/2021:03:32:33 +0700] XNIO-2 task-2 GET /api/auth/account HTTP/1.1 200 567 -
[29/Mar/2021:03:33:02 +0700] XNIO-2 task-2 GET /api/auth/account HTTP/1.1 200 567 -
[29/Mar/2021:03:33:05 +0700] XNIO-2 task-2 GET /api/auth/account HTTP/1.1 200 567 -
[29/Mar/2021:03:33:24 +0700] XNIO-2 task-2 GET /api/auth/account HTTP/1.1 200 567 -
[29/Mar/2021:03:33:28 +0700] XNIO-2 task-2 GET /api/auth/account HTTP/1.1 200 567 -
[29/Mar/2021:03:33:58 +0700] XNIO-2 task-2 GET /api/auth/account HTTP/1.1 200 567 -
[29/Mar/2021:03:33:59 +0700] XNIO-2 task-2 GET /api/auth/account HTTP/1.1 200 567 -
[29/Mar/2021:03:34:01 +0700] XNIO-2 task-2 GET /api/auth/account HTTP/1.1 200 567 -
[29/Mar/2021:03:34:08 +0700] XNIO-2 task-2 GET /api/auth/account HTTP/1.1 200 567 -
[29/Mar/2021:03:37:13 +0700] XNIO-2 task-2 OPTIONS /api/path/research/all/1 HTTP/1.1 200 - -
[29/Mar/2021:03:37:13 +0700] XNIO-2 task-2 GET /api/path/research/all/1 HTTP/1.1 200 457 -
[29/Mar/2021:03:37:33 +0700] XNIO-2 task-2 GET /api/auth/account HTTP/1.1 200 567 -
[29/Mar/2021:03:37:34 +0700] XNIO-2 task-2 OPTIONS /api/path/research/all/5 HTTP/1.1 200 - -
[29/Mar/2021:03:37:34 +0700] XNIO-2 task-2 GET /api/path/research/all/5 HTTP/1.1 200 29 -
[29/Mar/2021:03:37:36 +0700] XNIO-2 task-2 GET /api/auth/account HTTP/1.1 200 567 -
[29/Mar/2021:03:37:38 +0700] XNIO-2 task-2 OPTIONS /api/path/research/all/60 HTTP/1.1 200 - -
[29/Mar/2021:03:37:38 +0700] XNIO-2 task-2 GET /api/path/research/all/60 HTTP/1.1 200 273 -
[29/Mar/2021:03:37:39 +0700] XNIO-2 task-2 GET /api/auth/account HTTP/1.1 200 567 -
[29/Mar/2021:03:37:52 +0700] XNIO-2 task-2 GET /api/path/research/all/1 HTTP/1.1 200 457 -
[29/Mar/2021:03:39:06 +0700] XNIO-2 task-2 GET /api/path/research/all/1 HTTP/1.1 200 457 -
[29/Mar/2021:03:39:36 +0700] XNIO-2 task-1 OPTIONS /api/path/file/id/104/3 HTTP/1.1 200 - -
[29/Mar/2021:03:39:36 +0700] XNIO-2 task-2 OPTIONS /api/path/file/id/104/1 HTTP/1.1 200 - -
[29/Mar/2021:03:39:36 +0700] XNIO-2 task-5 OPTIONS /api/path/file/id/104/5 HTTP/1.1 200 - -
[29/Mar/2021:03:39:36 +0700] XNIO-2 task-3 OPTIONS /api/path/file/id/104/2 HTTP/1.1 200 - -
[29/Mar/2021:03:39:36 +0700] XNIO-2 task-4 OPTIONS /api/path/file/id/104/4 HTTP/1.1 200 - -
[29/Mar/2021:03:39:36 +0700] XNIO-2 task-4 GET /api/path/file/id/104/3 HTTP/1.1 403 1945 -
[29/Mar/2021:03:39:36 +0700] XNIO-2 task-2 GET /api/path/file/id/104/4 HTTP/1.1 403 1945 -
[29/Mar/2021:03:39:36 +0700] XNIO-2 task-3 GET /api/path/file/id/104/5 HTTP/1.1 403 1945 -
[29/Mar/2021:03:39:36 +0700] XNIO-2 task-1 GET /api/path/file/id/104/2 HTTP/1.1 403 1945 -
[29/Mar/2021:03:39:36 +0700] XNIO-2 task-5 GET /api/path/file/id/104/1 HTTP/1.1 403 1945 -
[29/Mar/2021:03:39:39 +0700] XNIO-2 task-5 GET /api/path/research/all/1 HTTP/1.1 200 457 -
[29/Mar/2021:03:39:49 +0700] XNIO-2 task-5 GET /api/path/file/id/104/2 HTTP/1.1 403 1945 -
[29/Mar/2021:03:39:49 +0700] XNIO-2 task-3 GET /api/path/file/id/104/4 HTTP/1.1 403 1945 -
[29/Mar/2021:03:39:49 +0700] XNIO-2 task-2 GET /api/path/file/id/104/3 HTTP/1.1 403 1945 -
[29/Mar/2021:03:39:49 +0700] XNIO-2 task-1 GET /api/path/file/id/104/1 HTTP/1.1 403 1945 -
[29/Mar/2021:03:39:49 +0700] XNIO-2 task-4 GET /api/path/file/id/104/5 HTTP/1.1 403 1946 -
[29/Mar/2021:03:40:02 +0700] XNIO-2 task-4 GET /api/auth/account HTTP/1.1 200 567 -
[29/Mar/2021:03:40:04 +0700] XNIO-2 task-4 GET /api/path/research/all/60 HTTP/1.1 200 273 -
[29/Mar/2021:03:40:07 +0700] XNIO-2 task-2 OPTIONS /api/path/file/id/99/2 HTTP/1.1 200 - -
[29/Mar/2021:03:40:07 +0700] XNIO-2 task-1 OPTIONS /api/path/file/id/99/3 HTTP/1.1 200 - -
[29/Mar/2021:03:40:07 +0700] XNIO-2 task-4 OPTIONS /api/path/file/id/99/1 HTTP/1.1 200 - -
[29/Mar/2021:03:40:07 +0700] XNIO-2 task-3 OPTIONS /api/path/file/id/99/4 HTTP/1.1 200 - -
[29/Mar/2021:03:40:07 +0700] XNIO-2 task-1 OPTIONS /api/path/file/id/99/5 HTTP/1.1 200 - -
[29/Mar/2021:03:40:07 +0700] XNIO-2 task-2 GET /api/path/file/id/99/5 HTTP/1.1 403 1945 -
[29/Mar/2021:03:40:07 +0700] XNIO-2 task-4 GET /api/path/file/id/99/3 HTTP/1.1 403 1945 -
[29/Mar/2021:03:40:07 +0700] XNIO-2 task-5 GET /api/path/file/id/99/4 HTTP/1.1 403 1945 -
[29/Mar/2021:03:40:07 +0700] XNIO-2 task-1 GET /api/path/file/id/99/2 HTTP/1.1 403 1945 -
[29/Mar/2021:03:40:07 +0700] XNIO-2 task-3 GET /api/path/file/id/99/1 HTTP/1.1 403 1945 -
[29/Mar/2021:03:40:10 +0700] XNIO-2 task-3 GET /api/path/research/all/60 HTTP/1.1 200 273 -
[29/Mar/2021:03:40:40 +0700] XNIO-2 task-3 GET /api/auth/account HTTP/1.1 200 567 -
[29/Mar/2021:03:40:42 +0700] XNIO-2 task-3 GET /api/path/research/all/1 HTTP/1.1 200 457 -
[29/Mar/2021:03:40:45 +0700] XNIO-2 task-3 GET /api/path/file/id/104/1 HTTP/1.1 403 1952 -
[29/Mar/2021:03:40:45 +0700] XNIO-2 task-5 GET /api/path/file/id/104/3 HTTP/1.1 403 1947 -
[29/Mar/2021:03:40:45 +0700] XNIO-2 task-4 GET /api/path/file/id/104/4 HTTP/1.1 403 1947 -
[29/Mar/2021:03:40:45 +0700] XNIO-2 task-1 GET /api/path/file/id/104/2 HTTP/1.1 403 1947 -
[29/Mar/2021:03:40:45 +0700] XNIO-2 task-2 GET /api/path/file/id/104/5 HTTP/1.1 403 1952 -
[29/Mar/2021:03:41:12 +0700] XNIO-2 task-2 POST /api/auth/signing HTTP/1.1 200 494 -
[29/Mar/2021:03:41:12 +0700] XNIO-2 task-2 GET /api/path/research HTTP/1.1 200 457 -
[29/Mar/2021:03:41:16 +0700] XNIO-2 task-1 GET /api/path/file/id/104/4 HTTP/1.1 200 29 -
[29/Mar/2021:03:41:16 +0700] XNIO-2 task-5 GET /api/path/file/id/104/5 HTTP/1.1 200 29 -
[29/Mar/2021:03:41:16 +0700] XNIO-2 task-3 GET /api/path/file/id/104/3 HTTP/1.1 200 29 -
[29/Mar/2021:03:41:16 +0700] XNIO-2 task-2 GET /api/path/file/id/104/1 HTTP/1.1 200 489 -
[29/Mar/2021:03:41:16 +0700] XNIO-2 task-4 GET /api/path/file/id/104/2 HTTP/1.1 200 488 -
[29/Mar/2021:03:41:16 +0700] XNIO-2 task-2 OPTIONS /api/path/url/ER.pdf HTTP/1.1 200 - -
[29/Mar/2021:03:41:16 +0700] XNIO-2 task-2 OPTIONS /api/path/url/sssss.pdf HTTP/1.1 200 - -
[29/Mar/2021:03:41:16 +0700] XNIO-2 task-2 GET /api/path/url/sssss.pdf HTTP/1.1 200 66 -
[29/Mar/2021:03:41:16 +0700] XNIO-2 task-4 GET /api/path/url/ER.pdf HTTP/1.1 200 63 -
[29/Mar/2021:03:41:23 +0700] XNIO-2 task-4 GET /api/path/research HTTP/1.1 200 457 -
[29/Mar/2021:03:41:26 +0700] XNIO-2 task-4 OPTIONS /api/path/file/104 HTTP/1.1 200 - -
[29/Mar/2021:03:41:26 +0700] XNIO-2 task-5 GET /api/path/file/id/104/3 HTTP/1.1 200 29 -
[29/Mar/2021:03:41:26 +0700] XNIO-2 task-4 GET /api/path/file/id/104/4 HTTP/1.1 200 29 -
[29/Mar/2021:03:41:26 +0700] XNIO-2 task-2 GET /api/path/file/id/104/1 HTTP/1.1 200 489 -
[29/Mar/2021:03:41:26 +0700] XNIO-2 task-3 GET /api/path/file/id/104/2 HTTP/1.1 200 488 -
[29/Mar/2021:03:41:26 +0700] XNIO-2 task-1 GET /api/path/file/id/104/5 HTTP/1.1 200 29 -
[29/Mar/2021:03:41:26 +0700] XNIO-2 task-6 GET /api/path/file/104 HTTP/1.1 200 514 -
[29/Mar/2021:03:42:42 +0700] XNIO-2 task-6 POST /api/auth/signing HTTP/1.1 200 296 -
[29/Mar/2021:03:42:42 +0700] XNIO-2 task-6 GET /api/auth/account HTTP/1.1 200 567 -
[29/Mar/2021:03:43:19 +0700] XNIO-2 task-6 GET /api/path/research/all/1 HTTP/1.1 200 457 -
[29/Mar/2021:03:43:24 +0700] XNIO-2 task-1 GET /api/path/file/id/104/2 HTTP/1.1 403 1951 -
[29/Mar/2021:03:43:24 +0700] XNIO-2 task-3 GET /api/path/file/id/104/4 HTTP/1.1 403 1951 -
[29/Mar/2021:03:43:24 +0700] XNIO-2 task-2 GET /api/path/file/id/104/3 HTTP/1.1 403 1951 -
[29/Mar/2021:03:43:24 +0700] XNIO-2 task-6 GET /api/path/file/id/104/1 HTTP/1.1 403 1951 -
[29/Mar/2021:03:43:24 +0700] XNIO-2 task-4 GET /api/path/file/id/104/5 HTTP/1.1 403 1951 -
[29/Mar/2021:03:43:26 +0700] XNIO-2 task-4 GET /api/path/research/all/1 HTTP/1.1 200 457 -
[29/Mar/2021:03:43:42 +0700] XNIO-2 task-6 GET /api/path/file/id/104/5 HTTP/1.1 403 1951 -
[29/Mar/2021:03:43:42 +0700] XNIO-2 task-1 GET /api/path/file/id/104/3 HTTP/1.1 403 1951 -
[29/Mar/2021:03:43:42 +0700] XNIO-2 task-3 GET /api/path/file/id/104/1 HTTP/1.1 403 1951 -
[29/Mar/2021:03:43:42 +0700] XNIO-2 task-4 GET /api/path/file/id/104/2 HTTP/1.1 403 1951 -
[29/Mar/2021:03:43:42 +0700] XNIO-2 task-2 GET /api/path/file/id/104/4 HTTP/1.1 403 1951 -
[29/Mar/2021:03:46:34 +0700] XNIO-2 task-1 GET /api/path/file/id/104/4 HTTP/1.1 403 1943 -
[29/Mar/2021:03:46:34 +0700] XNIO-2 task-2 GET /api/path/file/id/104/2 HTTP/1.1 403 1943 -
[29/Mar/2021:03:46:34 +0700] XNIO-2 task-4 GET /api/path/file/id/104/1 HTTP/1.1 403 1943 -
[29/Mar/2021:03:46:34 +0700] XNIO-2 task-3 GET /api/path/file/id/104/3 HTTP/1.1 403 1943 -
[29/Mar/2021:03:46:34 +0700] XNIO-2 task-5 GET /api/path/file/id/104/5 HTTP/1.1 403 1944 -
[29/Mar/2021:03:46:36 +0700] XNIO-2 task-4 GET /api/auth/account HTTP/1.1 200 567 -
[29/Mar/2021:03:46:38 +0700] XNIO-2 task-4 GET /api/path/research/all/1 HTTP/1.1 200 457 -
[29/Mar/2021:03:46:43 +0700] XNIO-2 task-3 GET /api/path/file/id/104/2 HTTP/1.1 403 1945 -
[29/Mar/2021:03:46:43 +0700] XNIO-2 task-4 GET /api/path/file/id/104/1 HTTP/1.1 403 1945 -
[29/Mar/2021:03:46:43 +0700] XNIO-2 task-5 GET /api/path/file/id/104/3 HTTP/1.1 403 1945 -
[29/Mar/2021:03:46:43 +0700] XNIO-2 task-2 GET /api/path/file/id/104/4 HTTP/1.1 403 1945 -
[29/Mar/2021:03:46:43 +0700] XNIO-2 task-1 GET /api/path/file/id/104/5 HTTP/1.1 403 1945 -
[29/Mar/2021:03:48:04 +0700] XNIO-2 task-4 GET /api/path/file/id/104/2 HTTP/1.1 200 488 -
[29/Mar/2021:03:48:04 +0700] XNIO-2 task-2 GET /api/path/file/id/104/1 HTTP/1.1 200 489 -
[29/Mar/2021:03:48:04 +0700] XNIO-2 task-3 GET /api/path/file/id/104/4 HTTP/1.1 200 29 -
[29/Mar/2021:03:48:04 +0700] XNIO-2 task-5 GET /api/path/file/id/104/5 HTTP/1.1 200 29 -
[29/Mar/2021:03:48:04 +0700] XNIO-2 task-1 GET /api/path/file/id/104/3 HTTP/1.1 200 29 -
[29/Mar/2021:03:48:04 +0700] XNIO-2 task-1 GET /api/path/url/ER.pdf HTTP/1.1 200 63 -
[29/Mar/2021:03:48:04 +0700] XNIO-2 task-5 GET /api/path/url/sssss.pdf HTTP/1.1 200 66 -
[29/Mar/2021:03:48:09 +0700] XNIO-2 task-1 GET /api/auth/account HTTP/1.1 200 567 -
[29/Mar/2021:03:48:10 +0700] XNIO-2 task-1 GET /api/path/research/all/1 HTTP/1.1 200 457 -
[29/Mar/2021:03:48:20 +0700] XNIO-2 task-1 GET /api/path/file/id/104/3 HTTP/1.1 200 29 -
[29/Mar/2021:03:48:20 +0700] XNIO-2 task-4 GET /api/path/file/id/104/4 HTTP/1.1 200 29 -
[29/Mar/2021:03:48:20 +0700] XNIO-2 task-5 GET /api/path/file/id/104/2 HTTP/1.1 200 488 -
[29/Mar/2021:03:48:20 +0700] XNIO-2 task-2 GET /api/path/file/id/104/1 HTTP/1.1 200 489 -
[29/Mar/2021:03:48:20 +0700] XNIO-2 task-3 GET /api/path/file/id/104/5 HTTP/1.1 200 29 -
[29/Mar/2021:03:48:20 +0700] XNIO-2 task-3 GET /api/path/url/ER.pdf HTTP/1.1 200 63 -
[29/Mar/2021:03:48:20 +0700] XNIO-2 task-5 GET /api/path/url/sssss.pdf HTTP/1.1 200 66 -
[29/Mar/2021:03:48:29 +0700] XNIO-2 task-2 GET /api/path/file/id/104/2 HTTP/1.1 200 488 -
[29/Mar/2021:03:48:29 +0700] XNIO-2 task-4 GET /api/path/file/id/104/3 HTTP/1.1 200 29 -
[29/Mar/2021:03:48:29 +0700] XNIO-2 task-1 GET /api/path/file/id/104/4 HTTP/1.1 200 29 -
[29/Mar/2021:03:48:29 +0700] XNIO-2 task-3 GET /api/path/file/id/104/1 HTTP/1.1 200 489 -
[29/Mar/2021:03:48:29 +0700] XNIO-2 task-6 GET /api/path/file/id/104/5 HTTP/1.1 200 29 -
[29/Mar/2021:03:48:29 +0700] XNIO-2 task-5 GET /api/path/file/104 HTTP/1.1 403 1946 -
[29/Mar/2021:03:48:45 +0700] XNIO-2 task-5 GET /api/auth/account HTTP/1.1 200 567 -
[29/Mar/2021:03:50:08 +0700] XNIO-2 task-5 GET /api/path/research HTTP/1.1 403 1940 -
[29/Mar/2021:03:50:16 +0700] XNIO-2 task-5 GET /api/auth/account HTTP/1.1 200 567 -
[29/Mar/2021:03:50:18 +0700] XNIO-2 task-5 GET /api/path/research HTTP/1.1 403 1942 -
[29/Mar/2021:03:50:19 +0700] XNIO-2 task-5 GET /api/path/research HTTP/1.1 403 1942 -
[29/Mar/2021:03:50:20 +0700] XNIO-2 task-5 GET /api/path/research HTTP/1.1 403 1942 -
[29/Mar/2021:03:50:20 +0700] XNIO-2 task-5 GET /api/auth/account HTTP/1.1 200 567 -
[29/Mar/2021:03:50:59 +0700] XNIO-2 task-5 GET /api/path/research/all/1 HTTP/1.1 200 457 -
[29/Mar/2021:03:51:06 +0700] XNIO-2 task-5 GET /api/auth/account HTTP/1.1 200 567 -
[29/Mar/2021:03:51:09 +0700] XNIO-2 task-5 GET /api/path/research/all/5 HTTP/1.1 200 29 -
[29/Mar/2021:03:51:11 +0700] XNIO-2 task-5 GET /api/auth/account HTTP/1.1 200 567 -
[29/Mar/2021:03:51:12 +0700] XNIO-2 task-5 GET /api/path/research/all/60 HTTP/1.1 200 273 -
[29/Mar/2021:03:51:13 +0700] XNIO-2 task-5 GET /api/auth/account HTTP/1.1 200 567 -
[29/Mar/2021:04:43:57 +0700] XNIO-2 task-5 OPTIONS /api/path/research/all/1 HTTP/1.1 200 - -
[29/Mar/2021:04:43:57 +0700] XNIO-2 task-5 GET /api/path/research/all/1 HTTP/1.1 200 457 -
[29/Mar/2021:04:44:19 +0700] XNIO-2 task-5 OPTIONS /api/path/file/id/104/1 HTTP/1.1 200 - -
[29/Mar/2021:04:44:19 +0700] XNIO-2 task-6 OPTIONS /api/path/file/id/104/2 HTTP/1.1 200 - -
[29/Mar/2021:04:44:19 +0700] XNIO-2 task-5 OPTIONS /api/path/file/id/104/3 HTTP/1.1 200 - -
[29/Mar/2021:04:44:19 +0700] XNIO-2 task-4 OPTIONS /api/path/file/id/104/5 HTTP/1.1 200 - -
[29/Mar/2021:04:44:19 +0700] XNIO-2 task-3 OPTIONS /api/path/file/id/104/4 HTTP/1.1 200 - -
[29/Mar/2021:04:44:19 +0700] XNIO-2 task-5 GET /api/path/file/id/104/3 HTTP/1.1 200 29 -
[29/Mar/2021:04:44:19 +0700] XNIO-2 task-6 GET /api/path/file/id/104/1 HTTP/1.1 200 489 -
[29/Mar/2021:04:44:19 +0700] XNIO-2 task-6 OPTIONS /api/path/url/sssss.pdf HTTP/1.1 200 - -
[29/Mar/2021:04:44:19 +0700] XNIO-2 task-3 GET /api/path/file/id/104/5 HTTP/1.1 200 29 -
[29/Mar/2021:04:44:19 +0700] XNIO-2 task-4 GET /api/path/file/id/104/4 HTTP/1.1 200 29 -
[29/Mar/2021:04:44:19 +0700] XNIO-2 task-1 GET /api/path/file/id/104/2 HTTP/1.1 200 488 -
[29/Mar/2021:04:44:19 +0700] XNIO-2 task-1 OPTIONS /api/path/url/ER.pdf HTTP/1.1 200 - -
[29/Mar/2021:04:44:19 +0700] XNIO-2 task-6 GET /api/path/url/sssss.pdf HTTP/1.1 200 66 -
[29/Mar/2021:04:44:19 +0700] XNIO-2 task-1 GET /api/path/url/ER.pdf HTTP/1.1 200 63 -
[29/Mar/2021:04:44:50 +0700] XNIO-2 task-1 OPTIONS /api/path/file/104 HTTP/1.1 200 - -
[29/Mar/2021:04:44:50 +0700] XNIO-2 task-5 GET /api/path/file/104 HTTP/1.1 403 1946 -
[29/Mar/2021:04:44:50 +0700] XNIO-2 task-3 GET /api/path/file/id/104/2 HTTP/1.1 200 488 -
[29/Mar/2021:04:44:50 +0700] XNIO-2 task-6 GET /api/path/file/id/104/1 HTTP/1.1 200 489 -
[29/Mar/2021:04:44:50 +0700] XNIO-2 task-4 GET /api/path/file/id/104/4 HTTP/1.1 200 29 -
[29/Mar/2021:04:44:50 +0700] XNIO-2 task-1 GET /api/path/file/id/104/3 HTTP/1.1 200 29 -
[29/Mar/2021:04:44:50 +0700] XNIO-2 task-2 GET /api/path/file/id/104/5 HTTP/1.1 200 29 -
[29/Mar/2021:04:44:54 +0700] XNIO-2 task-2 OPTIONS /api/auth/account HTTP/1.1 200 - -
[29/Mar/2021:04:44:54 +0700] XNIO-2 task-2 GET /api/auth/account HTTP/1.1 200 567 -
[29/Mar/2021:04:46:27 +0700] XNIO-2 task-2 OPTIONS /api/path/research HTTP/1.1 200 - -
[29/Mar/2021:04:46:27 +0700] XNIO-2 task-2 GET /api/path/research HTTP/1.1 403 1942 -
[29/Mar/2021:04:46:31 +0700] XNIO-2 task-2 GET /api/auth/account HTTP/1.1 200 567 -
[29/Mar/2021:04:46:34 +0700] XNIO-2 task-2 GET /api/path/research HTTP/1.1 403 1941 -
[29/Mar/2021:11:52:43 +0700] XNIO-2 task-2 OPTIONS /api/auth/account HTTP/1.1 200 - -
[29/Mar/2021:11:52:43 +0700] XNIO-2 task-2 GET /api/auth/account HTTP/1.1 200 567 -
[29/Mar/2021:11:52:51 +0700] XNIO-2 task-2 OPTIONS /api/path/research/all/1 HTTP/1.1 200 - -
[29/Mar/2021:11:52:51 +0700] XNIO-2 task-2 GET /api/path/research/all/1 HTTP/1.1 200 457 -
[29/Mar/2021:11:58:40 +0700] XNIO-2 task-2 GET /api/auth/account HTTP/1.1 200 567 -
[29/Mar/2021:12:04:22 +0700] XNIO-2 task-2 GET /api/auth/account HTTP/1.1 200 567 -
[29/Mar/2021:12:04:28 +0700] XNIO-2 task-2 GET /api/auth/account HTTP/1.1 200 567 -
[29/Mar/2021:12:04:30 +0700] XNIO-2 task-2 GET /api/auth/account HTTP/1.1 200 567 -
[29/Mar/2021:12:05:30 +0700] XNIO-2 task-2 OPTIONS /api/path/research HTTP/1.1 200 - -
[29/Mar/2021:12:05:30 +0700] XNIO-2 task-2 GET /api/path/research HTTP/1.1 403 1941 -
[29/Mar/2021:12:05:34 +0700] XNIO-2 task-2 GET /api/auth/account HTTP/1.1 200 567 -
[29/Mar/2021:12:05:43 +0700] XNIO-2 task-2 GET /api/path/research HTTP/1.1 403 1940 -
[29/Mar/2021:12:05:45 +0700] XNIO-2 task-2 GET /api/auth/account HTTP/1.1 200 567 -
[29/Mar/2021:13:11:22 +0700] XNIO-2 task-2 OPTIONS /api/path/research HTTP/1.1 200 - -
[29/Mar/2021:13:11:22 +0700] XNIO-2 task-2 GET /api/path/research HTTP/1.1 403 1942 -
[29/Mar/2021:13:11:23 +0700] XNIO-2 task-2 OPTIONS /api/auth/account HTTP/1.1 200 - -
[29/Mar/2021:13:11:23 +0700] XNIO-2 task-2 GET /api/auth/account HTTP/1.1 200 567 -
[29/Mar/2021:14:39:19 +0700] XNIO-2 task-2 OPTIONS /api/path/research HTTP/1.1 200 - -
[29/Mar/2021:14:39:19 +0700] XNIO-2 task-2 GET /api/path/research HTTP/1.1 403 1942 -
[29/Mar/2021:14:40:09 +0700] XNIO-2 task-2 OPTIONS /api/auth/account HTTP/1.1 200 - -
[29/Mar/2021:14:40:09 +0700] XNIO-2 task-2 GET /api/auth/account HTTP/1.1 200 567 -
[29/Mar/2021:14:40:11 +0700] XNIO-2 task-2 GET /api/path/research HTTP/1.1 403 1941 -
[29/Mar/2021:14:40:22 +0700] XNIO-2 task-2 OPTIONS /api/path/research/all/1 HTTP/1.1 200 - -
[29/Mar/2021:14:40:22 +0700] XNIO-2 task-2 GET /api/path/research/all/1 HTTP/1.1 200 457 -
[29/Mar/2021:14:40:31 +0700] XNIO-2 task-2 GET /api/auth/account HTTP/1.1 200 567 -
[29/Mar/2021:14:40:33 +0700] XNIO-2 task-2 GET /api/path/research/all/1 HTTP/1.1 200 457 -
[29/Mar/2021:14:44:55 +0700] XNIO-2 task-2 GET /api/path/research/all/1 HTTP/1.1 200 457 -
[29/Mar/2021:14:46:02 +0700] XNIO-2 task-2 GET /api/auth/account HTTP/1.1 200 567 -
[29/Mar/2021:14:46:04 +0700] XNIO-2 task-2 GET /api/path/research/all/1 HTTP/1.1 200 457 -
[29/Mar/2021:14:46:36 +0700] XNIO-2 task-2 GET /api/path/research/all/1 HTTP/1.1 200 457 -
[29/Mar/2021:14:50:16 +0700] XNIO-2 task-2 GET /api/path/research/all/1 HTTP/1.1 200 457 -
[29/Mar/2021:14:51:53 +0700] XNIO-2 task-2 GET /api/path/research/all/1 HTTP/1.1 200 457 -
[29/Mar/2021:14:52:02 +0700] XNIO-2 task-2 GET /api/path/research/all/1 HTTP/1.1 200 457 -
[29/Mar/2021:14:52:06 +0700] XNIO-2 task-2 GET /api/path/research/all/1 HTTP/1.1 200 457 -
[29/Mar/2021:14:52:24 +0700] XNIO-2 task-2 GET /api/path/research/all/1 HTTP/1.1 200 457 -
[29/Mar/2021:14:52:34 +0700] XNIO-2 task-2 GET /api/path/research/all/1 HTTP/1.1 200 457 -
[29/Mar/2021:14:52:39 +0700] XNIO-2 task-2 GET /api/path/research/all/1 HTTP/1.1 200 457 -
[29/Mar/2021:14:52:42 +0700] XNIO-2 task-2 GET /api/path/research/all/1 HTTP/1.1 200 457 -
[29/Mar/2021:14:53:44 +0700] XNIO-2 task-2 GET /api/path/research/all/1 HTTP/1.1 200 457 -
[29/Mar/2021:14:53:52 +0700] XNIO-2 task-2 GET /api/path/research/all/1 HTTP/1.1 200 457 -
[29/Mar/2021:14:55:01 +0700] XNIO-2 task-2 GET /api/path/research/all/1 HTTP/1.1 200 457 -
[29/Mar/2021:14:55:08 +0700] XNIO-2 task-2 GET /api/path/research/all/1 HTTP/1.1 200 457 -
[29/Mar/2021:14:55:15 +0700] XNIO-2 task-2 GET /api/path/research/all/1 HTTP/1.1 200 457 -
[29/Mar/2021:14:55:19 +0700] XNIO-2 task-2 GET /api/path/research/all/1 HTTP/1.1 200 457 -
[29/Mar/2021:14:56:05 +0700] XNIO-2 task-2 GET /api/path/research/all/1 HTTP/1.1 200 457 -
[29/Mar/2021:15:30:45 +0700] XNIO-2 task-2 GET /api/path/research/all/1 HTTP/1.1 200 457 -
[29/Mar/2021:15:30:47 +0700] XNIO-2 task-2 GET /api/path/research/all/1 HTTP/1.1 200 457 -
[29/Mar/2021:15:34:20 +0700] XNIO-2 task-2 GET /api/auth/account HTTP/1.1 200 567 -
[29/Mar/2021:15:34:36 +0700] XNIO-2 task-2 GET /api/auth/account HTTP/1.1 200 567 -
[29/Mar/2021:15:34:50 +0700] XNIO-2 task-2 GET /api/auth/account HTTP/1.1 200 567 -
[29/Mar/2021:15:34:51 +0700] XNIO-2 task-2 GET /api/auth/account HTTP/1.1 200 567 -
[29/Mar/2021:15:36:02 +0700] XNIO-2 task-2 GET /api/auth/account HTTP/1.1 200 567 -
[29/Mar/2021:15:36:04 +0700] XNIO-2 task-2 GET /api/auth/account HTTP/1.1 200 567 -
[29/Mar/2021:15:36:18 +0700] XNIO-2 task-2 GET /api/auth/account HTTP/1.1 200 567 -
[29/Mar/2021:15:37:35 +0700] XNIO-2 task-2 GET /api/auth/account HTTP/1.1 200 567 -
[29/Mar/2021:15:38:24 +0700] XNIO-2 task-2 GET /api/auth/account HTTP/1.1 200 567 -
[29/Mar/2021:15:38:43 +0700] XNIO-2 task-2 GET /api/auth/account HTTP/1.1 200 567 -
[29/Mar/2021:15:38:48 +0700] XNIO-2 task-2 GET /api/auth/account HTTP/1.1 200 567 -
[29/Mar/2021:15:39:51 +0700] XNIO-2 task-2 OPTIONS /api/auth/signing HTTP/1.1 200 - -
[29/Mar/2021:15:39:52 +0700] XNIO-2 task-2 POST /api/auth/signing HTTP/1.1 200 296 -
[29/Mar/2021:15:39:52 +0700] XNIO-2 task-2 GET /api/auth/account HTTP/1.1 200 567 -
[29/Mar/2021:15:42:44 +0700] XNIO-2 task-2 OPTIONS /api/auth/account HTTP/1.1 200 - -
[29/Mar/2021:15:42:44 +0700] XNIO-2 task-2 GET /api/auth/account HTTP/1.1 200 567 -
[29/Mar/2021:15:44:51 +0700] XNIO-2 task-2 GET /api/auth/account HTTP/1.1 200 567 -
[29/Mar/2021:15:53:55 +0700] XNIO-2 task-1 OPTIONS /api/path/research/all/1 HTTP/1.1 200 - -
[29/Mar/2021:15:53:55 +0700] XNIO-2 task-3 GET /api/path/research/all/1 HTTP/1.1 200 457 -
[29/Mar/2021:15:53:55 +0700] XNIO-2 task-2 GET /api/auth/account HTTP/1.1 200 567 -
[29/Mar/2021:15:54:06 +0700] XNIO-2 task-2 GET /api/auth/account HTTP/1.1 200 567 -
[29/Mar/2021:15:54:08 +0700] XNIO-2 task-2 GET /api/path/research/all/1 HTTP/1.1 200 457 -
[29/Mar/2021:15:54:08 +0700] XNIO-2 task-3 GET /api/auth/account HTTP/1.1 200 567 -
[29/Mar/2021:15:54:23 +0700] XNIO-2 task-3 GET /api/path/research/all/1 HTTP/1.1 200 457 -
[29/Mar/2021:15:54:23 +0700] XNIO-2 task-2 GET /api/auth/account HTTP/1.1 200 567 -
[29/Mar/2021:15:54:26 +0700] XNIO-2 task-2 GET /api/path/research/all/1 HTTP/1.1 200 457 -
[29/Mar/2021:15:54:26 +0700] XNIO-2 task-3 GET /api/auth/account HTTP/1.1 200 567 -
[29/Mar/2021:15:54:38 +0700] XNIO-2 task-3 GET /api/path/research/all/1 HTTP/1.1 200 457 -
[29/Mar/2021:15:54:38 +0700] XNIO-2 task-2 GET /api/auth/account HTTP/1.1 200 567 -
[29/Mar/2021:15:55:23 +0700] XNIO-2 task-2 OPTIONS /api/path/file/1 HTTP/1.1 200 - -
[29/Mar/2021:15:55:23 +0700] XNIO-2 task-3 GET /api/path/research/all/1 HTTP/1.1 200 457 -
[29/Mar/2021:15:55:23 +0700] XNIO-2 task-3 GET /api/path/file/1 HTTP/1.1 403 1945 -
[29/Mar/2021:15:55:27 +0700] XNIO-2 task-2 OPTIONS /api/undefined/1 HTTP/1.1 403 20 -
[29/Mar/2021:15:55:27 +0700] XNIO-2 task-3 GET /api/path/research/all/1 HTTP/1.1 200 457 -
[29/Mar/2021:15:55:34 +0700] XNIO-2 task-3 OPTIONS /api/auth/account/1 HTTP/1.1 200 - -
[29/Mar/2021:15:55:34 +0700] XNIO-2 task-2 GET /api/path/research/all/1 HTTP/1.1 200 457 -
[29/Mar/2021:15:55:34 +0700] XNIO-2 task-3 GET /api/auth/account/1 HTTP/1.1 200 385 -
[29/Mar/2021:15:55:41 +0700] XNIO-2 task-2 GET /api/auth/account/1 HTTP/1.1 200 385 -
[29/Mar/2021:15:55:41 +0700] XNIO-2 task-3 GET /api/path/research/all/1 HTTP/1.1 200 457 -
[29/Mar/2021:15:56:11 +0700] XNIO-2 task-2 GET /api/auth/account/1 HTTP/1.1 200 385 -
[29/Mar/2021:15:56:11 +0700] XNIO-2 task-3 GET /api/path/research/all/1 HTTP/1.1 200 457 -
[29/Mar/2021:15:57:06 +0700] XNIO-2 task-2 GET /api/auth/account/1 HTTP/1.1 200 385 -
[29/Mar/2021:15:57:06 +0700] XNIO-2 task-3 GET /api/path/research/all/1 HTTP/1.1 200 457 -
[29/Mar/2021:15:57:09 +0700] XNIO-2 task-2 GET /api/auth/account/1 HTTP/1.1 200 385 -
[29/Mar/2021:15:57:09 +0700] XNIO-2 task-3 GET /api/path/research/all/1 HTTP/1.1 200 457 -
[29/Mar/2021:15:57:13 +0700] XNIO-2 task-3 GET /api/auth/account/1 HTTP/1.1 200 385 -
[29/Mar/2021:15:57:13 +0700] XNIO-2 task-2 GET /api/path/research/all/1 HTTP/1.1 200 457 -
[29/Mar/2021:15:57:22 +0700] XNIO-2 task-2 GET /api/auth/account/1 HTTP/1.1 200 385 -
[29/Mar/2021:15:57:22 +0700] XNIO-2 task-3 GET /api/path/research/all/1 HTTP/1.1 200 457 -
[29/Mar/2021:15:58:28 +0700] XNIO-2 task-3 GET /api/path/research/all/1 HTTP/1.1 200 457 -
[29/Mar/2021:15:58:28 +0700] XNIO-2 task-2 GET /api/auth/account/1 HTTP/1.1 200 385 -
[29/Mar/2021:15:58:30 +0700] XNIO-2 task-2 GET /api/auth/account/1 HTTP/1.1 200 385 -
[29/Mar/2021:15:58:30 +0700] XNIO-2 task-3 GET /api/path/research/all/1 HTTP/1.1 200 457 -
[29/Mar/2021:15:58:58 +0700] XNIO-2 task-3 GET /api/auth/account/1 HTTP/1.1 200 385 -
[29/Mar/2021:15:58:58 +0700] XNIO-2 task-2 GET /api/path/research/all/1 HTTP/1.1 200 457 -
[29/Mar/2021:15:59:14 +0700] XNIO-2 task-3 GET /api/auth/account/1 HTTP/1.1 200 385 -
[29/Mar/2021:15:59:14 +0700] XNIO-2 task-2 GET /api/path/research/all/1 HTTP/1.1 200 457 -
[29/Mar/2021:15:59:18 +0700] XNIO-2 task-2 GET /api/auth/account/1 HTTP/1.1 200 385 -
[29/Mar/2021:15:59:18 +0700] XNIO-2 task-3 GET /api/path/research/all/1 HTTP/1.1 200 457 -
[29/Mar/2021:15:59:49 +0700] XNIO-2 task-3 GET /api/path/research/all/1 HTTP/1.1 200 457 -
[29/Mar/2021:15:59:49 +0700] XNIO-2 task-2 GET /api/auth/account/1 HTTP/1.1 200 385 -
[29/Mar/2021:15:59:51 +0700] XNIO-2 task-3 GET /api/auth/account/1 HTTP/1.1 200 385 -
[29/Mar/2021:15:59:51 +0700] XNIO-2 task-2 GET /api/path/research/all/1 HTTP/1.1 200 457 -
[29/Mar/2021:16:00:13 +0700] XNIO-2 task-2 GET /api/path/research/all/1 HTTP/1.1 200 457 -
[29/Mar/2021:16:00:13 +0700] XNIO-2 task-3 GET /api/auth/account/1 HTTP/1.1 200 385 -
[29/Mar/2021:16:00:22 +0700] XNIO-2 task-2 GET /api/auth/account/1 HTTP/1.1 200 385 -
[29/Mar/2021:16:00:22 +0700] XNIO-2 task-3 GET /api/path/research/all/1 HTTP/1.1 200 457 -
[29/Mar/2021:16:00:37 +0700] XNIO-2 task-2 GET /api/auth/account/1 HTTP/1.1 200 385 -
[29/Mar/2021:16:00:37 +0700] XNIO-2 task-3 GET /api/path/research/all/1 HTTP/1.1 200 457 -
[29/Mar/2021:16:01:09 +0700] XNIO-2 task-3 GET /api/path/research/all/1 HTTP/1.1 200 457 -
[29/Mar/2021:16:01:09 +0700] XNIO-2 task-2 GET /api/auth/account/1 HTTP/1.1 200 385 -
[29/Mar/2021:16:02:48 +0700] XNIO-2 task-3 GET /api/auth/account/1 HTTP/1.1 200 385 -
[29/Mar/2021:16:02:48 +0700] XNIO-2 task-2 GET /api/path/research/all/1 HTTP/1.1 200 457 -
[29/Mar/2021:16:02:48 +0700] XNIO-2 task-3 GET /api/auth/account/1 HTTP/1.1 200 385 -
[29/Mar/2021:16:02:48 +0700] XNIO-2 task-2 GET /api/path/research/all/1 HTTP/1.1 200 457 -
[29/Mar/2021:16:02:51 +0700] XNIO-2 task-3 GET /api/auth/account/1 HTTP/1.1 200 385 -
[29/Mar/2021:16:02:51 +0700] XNIO-2 task-2 GET /api/path/research/all/1 HTTP/1.1 200 457 -
[29/Mar/2021:16:02:53 +0700] XNIO-2 task-3 GET /api/auth/account/1 HTTP/1.1 200 385 -
[29/Mar/2021:16:02:53 +0700] XNIO-2 task-2 GET /api/path/research/all/1 HTTP/1.1 200 457 -
[29/Mar/2021:16:03:00 +0700] XNIO-2 task-3 GET /api/auth/account/1 HTTP/1.1 200 385 -
[29/Mar/2021:16:03:00 +0700] XNIO-2 task-2 GET /api/path/research/all/1 HTTP/1.1 200 457 -
[29/Mar/2021:16:03:01 +0700] XNIO-2 task-3 GET /api/auth/account/1 HTTP/1.1 200 385 -
[29/Mar/2021:16:03:01 +0700] XNIO-2 task-2 GET /api/path/research/all/1 HTTP/1.1 200 457 -
[29/Mar/2021:16:03:09 +0700] XNIO-2 task-2 GET /api/auth/account/1 HTTP/1.1 200 385 -
[29/Mar/2021:16:03:09 +0700] XNIO-2 task-3 GET /api/path/research/all/1 HTTP/1.1 200 457 -
[29/Mar/2021:16:03:13 +0700] XNIO-2 task-2 GET /api/auth/account/1 HTTP/1.1 200 385 -
[29/Mar/2021:16:03:13 +0700] XNIO-2 task-3 GET /api/path/research/all/1 HTTP/1.1 200 457 -
[29/Mar/2021:16:03:20 +0700] XNIO-2 task-2 GET /api/auth/account/1 HTTP/1.1 200 385 -
[29/Mar/2021:16:03:20 +0700] XNIO-2 task-3 GET /api/path/research/all/1 HTTP/1.1 200 457 -
[29/Mar/2021:16:03:28 +0700] XNIO-2 task-2 GET /api/auth/account/1 HTTP/1.1 200 385 -
[29/Mar/2021:16:03:28 +0700] XNIO-2 task-3 GET /api/path/research/all/1 HTTP/1.1 200 457 -
[29/Mar/2021:16:03:29 +0700] XNIO-2 task-3 GET /api/auth/account/1 HTTP/1.1 200 385 -
[29/Mar/2021:16:03:29 +0700] XNIO-2 task-2 GET /api/path/research/all/1 HTTP/1.1 200 457 -
[29/Mar/2021:16:03:41 +0700] XNIO-2 task-3 GET /api/auth/account/1 HTTP/1.1 200 385 -
[29/Mar/2021:16:03:41 +0700] XNIO-2 task-2 GET /api/path/research/all/1 HTTP/1.1 200 457 -
[29/Mar/2021:16:03:43 +0700] XNIO-2 task-3 GET /api/auth/account/1 HTTP/1.1 200 385 -
[29/Mar/2021:16:03:43 +0700] XNIO-2 task-2 GET /api/path/research/all/1 HTTP/1.1 200 457 -
[29/Mar/2021:16:03:47 +0700] XNIO-2 task-3 GET /api/auth/account/1 HTTP/1.1 200 385 -
[29/Mar/2021:16:03:47 +0700] XNIO-2 task-2 GET /api/path/research/all/1 HTTP/1.1 200 457 -
[29/Mar/2021:16:04:14 +0700] XNIO-2 task-2 GET /api/auth/account/1 HTTP/1.1 200 385 -
[29/Mar/2021:16:04:14 +0700] XNIO-2 task-3 GET /api/path/research/all/1 HTTP/1.1 200 457 -
[29/Mar/2021:16:04:22 +0700] XNIO-2 task-2 GET /api/auth/account/1 HTTP/1.1 200 385 -
[29/Mar/2021:16:04:22 +0700] XNIO-2 task-3 GET /api/path/research/all/1 HTTP/1.1 200 457 -
[29/Mar/2021:16:05:05 +0700] XNIO-2 task-3 GET /api/path/research/all/1 HTTP/1.1 200 457 -
[29/Mar/2021:16:05:05 +0700] XNIO-2 task-2 GET /api/auth/account/1 HTTP/1.1 200 385 -
[29/Mar/2021:16:05:24 +0700] XNIO-2 task-3 GET /api/auth/account/1 HTTP/1.1 200 385 -
[29/Mar/2021:16:05:24 +0700] XNIO-2 task-2 GET /api/path/research/all/1 HTTP/1.1 200 457 -
[29/Mar/2021:16:05:27 +0700] XNIO-2 task-2 GET /api/auth/account/1 HTTP/1.1 200 385 -
[29/Mar/2021:16:05:27 +0700] XNIO-2 task-3 GET /api/path/research/all/1 HTTP/1.1 200 457 -
[29/Mar/2021:16:05:31 +0700] XNIO-2 task-2 GET /api/auth/account/1 HTTP/1.1 200 385 -
[29/Mar/2021:16:05:31 +0700] XNIO-2 task-3 GET /api/path/research/all/1 HTTP/1.1 200 457 -
[29/Mar/2021:16:05:53 +0700] XNIO-2 task-2 GET /api/auth/account/1 HTTP/1.1 200 385 -
[29/Mar/2021:16:05:53 +0700] XNIO-2 task-3 GET /api/path/research/all/1 HTTP/1.1 200 457 -
[29/Mar/2021:16:05:56 +0700] XNIO-2 task-2 GET /api/auth/account/1 HTTP/1.1 200 385 -
[29/Mar/2021:16:05:56 +0700] XNIO-2 task-3 GET /api/path/research/all/1 HTTP/1.1 200 457 -
[29/Mar/2021:16:06:03 +0700] XNIO-2 task-2 GET /api/auth/account/1 HTTP/1.1 200 385 -
[29/Mar/2021:16:06:03 +0700] XNIO-2 task-3 GET /api/path/research/all/1 HTTP/1.1 200 457 -
[29/Mar/2021:16:06:26 +0700] XNIO-2 task-2 GET /api/auth/account/1 HTTP/1.1 200 385 -
[29/Mar/2021:16:06:26 +0700] XNIO-2 task-3 GET /api/path/research/all/1 HTTP/1.1 200 457 -
[29/Mar/2021:16:06:44 +0700] XNIO-2 task-2 GET /api/auth/account/1 HTTP/1.1 200 385 -
[29/Mar/2021:16:06:44 +0700] XNIO-2 task-3 GET /api/path/research/all/1 HTTP/1.1 200 457 -
[29/Mar/2021:16:06:53 +0700] XNIO-2 task-3 GET /api/auth/account/1 HTTP/1.1 200 385 -
[29/Mar/2021:16:06:53 +0700] XNIO-2 task-2 GET /api/path/research/all/1 HTTP/1.1 200 457 -
[29/Mar/2021:16:08:52 +0700] XNIO-2 task-2 GET /api/path/research/all/1 HTTP/1.1 200 457 -
[29/Mar/2021:16:08:52 +0700] XNIO-2 task-3 GET /api/auth/account/1 HTTP/1.1 200 385 -
[29/Mar/2021:16:08:59 +0700] XNIO-2 task-2 GET /api/auth/account/1 HTTP/1.1 200 385 -
[29/Mar/2021:16:08:59 +0700] XNIO-2 task-3 GET /api/path/research/all/1 HTTP/1.1 200 457 -
[29/Mar/2021:16:09:28 +0700] XNIO-2 task-2 GET /api/auth/account/1 HTTP/1.1 200 385 -
[29/Mar/2021:16:09:28 +0700] XNIO-2 task-3 GET /api/path/research/all/1 HTTP/1.1 200 457 -
[29/Mar/2021:16:09:38 +0700] XNIO-2 task-3 GET /api/auth/account/1 HTTP/1.1 200 385 -
[29/Mar/2021:16:09:38 +0700] XNIO-2 task-2 GET /api/path/research/all/1 HTTP/1.1 200 457 -
[29/Mar/2021:16:18:52 +0700] XNIO-2 task-2 GET /api/auth/account HTTP/1.1 200 567 -
[29/Mar/2021:16:22:35 +0700] XNIO-2 task-3 GET /api/auth/account/1 HTTP/1.1 200 385 -
[29/Mar/2021:16:22:35 +0700] XNIO-2 task-2 GET /api/path/research/all/1 HTTP/1.1 200 457 -
[29/Mar/2021:16:22:37 +0700] XNIO-2 task-2 GET /api/auth/account HTTP/1.1 200 567 -
[29/Mar/2021:16:22:39 +0700] XNIO-2 task-2 GET /api/path/research/all/1 HTTP/1.1 200 457 -
[29/Mar/2021:16:22:41 +0700] XNIO-2 task-2 GET /api/auth/account HTTP/1.1 200 567 -
[29/Mar/2021:16:22:51 +0700] XNIO-2 task-2 GET /api/path/research/all/1 HTTP/1.1 200 457 -
[29/Mar/2021:16:22:56 +0700] XNIO-2 task-2 OPTIONS /api/path/file/id/104/1 HTTP/1.1 200 - -
[29/Mar/2021:16:22:56 +0700] XNIO-2 task-3 OPTIONS /api/path/file/id/104/2 HTTP/1.1 200 - -
[29/Mar/2021:16:22:56 +0700] XNIO-2 task-1 OPTIONS /api/path/file/id/104/3 HTTP/1.1 200 - -
[29/Mar/2021:16:22:56 +0700] XNIO-2 task-4 OPTIONS /api/path/file/id/104/4 HTTP/1.1 200 - -
[29/Mar/2021:16:22:56 +0700] XNIO-2 task-5 OPTIONS /api/path/file/id/104/5 HTTP/1.1 200 - -
[29/Mar/2021:16:22:56 +0700] XNIO-2 task-4 GET /api/path/file/id/104/3 HTTP/1.1 200 29 -
[29/Mar/2021:16:22:56 +0700] XNIO-2 task-1 GET /api/path/file/id/104/4 HTTP/1.1 200 29 -
[29/Mar/2021:16:22:56 +0700] XNIO-2 task-5 GET /api/path/file/id/104/5 HTTP/1.1 200 29 -
[29/Mar/2021:16:22:56 +0700] XNIO-2 task-3 GET /api/path/file/id/104/1 HTTP/1.1 200 489 -
[29/Mar/2021:16:22:56 +0700] XNIO-2 task-2 GET /api/path/file/id/104/2 HTTP/1.1 200 488 -
[29/Mar/2021:16:22:56 +0700] XNIO-2 task-3 OPTIONS /api/path/url/sssss.pdf HTTP/1.1 200 - -
[29/Mar/2021:16:22:56 +0700] XNIO-2 task-2 OPTIONS /api/path/url/ER.pdf HTTP/1.1 200 - -
[29/Mar/2021:16:22:56 +0700] XNIO-2 task-2 GET /api/path/url/sssss.pdf HTTP/1.1 200 66 -
[29/Mar/2021:16:22:56 +0700] XNIO-2 task-3 GET /api/path/url/ER.pdf HTTP/1.1 200 63 -
[29/Mar/2021:16:23:27 +0700] XNIO-2 task-3 OPTIONS /api/path/file/104 HTTP/1.1 200 - -
[29/Mar/2021:16:23:27 +0700] XNIO-2 task-4 GET /api/path/file/104 HTTP/1.1 403 1947 -
[29/Mar/2021:16:23:27 +0700] XNIO-2 task-2 GET /api/path/file/id/104/1 HTTP/1.1 200 489 -
[29/Mar/2021:16:23:27 +0700] XNIO-2 task-3 GET /api/path/file/id/104/3 HTTP/1.1 200 29 -
[29/Mar/2021:16:23:27 +0700] XNIO-2 task-1 GET /api/path/file/id/104/4 HTTP/1.1 200 29 -
[29/Mar/2021:16:23:27 +0700] XNIO-2 task-5 GET /api/path/file/id/104/2 HTTP/1.1 200 488 -
[29/Mar/2021:16:23:27 +0700] XNIO-2 task-6 GET /api/path/file/id/104/5 HTTP/1.1 200 29 -
[29/Mar/2021:16:23:32 +0700] XNIO-2 task-6 GET /api/path/file/id/104/2 HTTP/1.1 200 488 -
[29/Mar/2021:16:23:32 +0700] XNIO-2 task-5 GET /api/path/file/id/104/1 HTTP/1.1 200 489 -
[29/Mar/2021:16:23:32 +0700] XNIO-2 task-1 GET /api/path/file/id/104/3 HTTP/1.1 200 29 -
[29/Mar/2021:16:23:32 +0700] XNIO-2 task-3 GET /api/path/file/id/104/4 HTTP/1.1 200 29 -
[29/Mar/2021:16:23:32 +0700] XNIO-2 task-2 GET /api/path/file/id/104/5 HTTP/1.1 200 29 -
[29/Mar/2021:16:23:32 +0700] XNIO-2 task-2 GET /api/path/url/ER.pdf HTTP/1.1 200 63 -
[29/Mar/2021:16:23:32 +0700] XNIO-2 task-3 GET /api/path/url/sssss.pdf HTTP/1.1 200 66 -
[29/Mar/2021:16:23:43 +0700] XNIO-2 task-3 GET /api/auth/account HTTP/1.1 200 567 -
[29/Mar/2021:16:23:55 +0700] XNIO-2 task-3 GET /api/auth/account/1 HTTP/1.1 200 385 -
[29/Mar/2021:16:23:55 +0700] XNIO-2 task-2 GET /api/path/research/all/1 HTTP/1.1 200 457 -
[29/Mar/2021:16:24:13 +0700] XNIO-2 task-2 GET /api/auth/account HTTP/1.1 200 567 -
[29/Mar/2021:16:24:14 +0700] XNIO-2 task-2 OPTIONS /api/path/research/all/5 HTTP/1.1 200 - -
[29/Mar/2021:16:24:14 +0700] XNIO-2 task-2 GET /api/path/research/all/5 HTTP/1.1 200 29 -
[29/Mar/2021:16:24:16 +0700] XNIO-2 task-2 GET /api/auth/account HTTP/1.1 200 567 -
[29/Mar/2021:16:24:17 +0700] XNIO-2 task-2 GET /api/path/research/all/1 HTTP/1.1 200 457 -
[29/Mar/2021:16:24:17 +0700] XNIO-2 task-3 GET /api/path/file/id/104/2 HTTP/1.1 200 488 -
[29/Mar/2021:16:24:17 +0700] XNIO-2 task-2 GET /api/path/file/id/104/1 HTTP/1.1 200 489 -
[29/Mar/2021:16:24:17 +0700] XNIO-2 task-1 GET /api/path/file/id/104/3 HTTP/1.1 200 29 -
[29/Mar/2021:16:24:17 +0700] XNIO-2 task-6 GET /api/path/file/id/104/4 HTTP/1.1 200 29 -
[29/Mar/2021:16:24:17 +0700] XNIO-2 task-5 GET /api/path/file/id/104/5 HTTP/1.1 200 29 -
[29/Mar/2021:16:24:17 +0700] XNIO-2 task-5 GET /api/path/url/sssss.pdf HTTP/1.1 200 66 -
[29/Mar/2021:16:24:17 +0700] XNIO-2 task-6 GET /api/path/url/ER.pdf HTTP/1.1 200 63 -
[29/Mar/2021:16:24:19 +0700] XNIO-2 task-6 GET /api/auth/account HTTP/1.1 200 567 -
[29/Mar/2021:16:24:20 +0700] XNIO-2 task-5 GET /api/auth/account/1 HTTP/1.1 200 385 -
[29/Mar/2021:16:24:20 +0700] XNIO-2 task-6 GET /api/path/research/all/1 HTTP/1.1 200 457 -
[29/Mar/2021:16:24:25 +0700] XNIO-2 task-6 GET /api/auth/account HTTP/1.1 200 567 -
[29/Mar/2021:16:24:35 +0700] XNIO-2 task-6 GET /api/path/research/all/1 HTTP/1.1 200 457 -
[29/Mar/2021:16:24:36 +0700] XNIO-2 task-6 GET /api/path/file/id/104/1 HTTP/1.1 200 489 -
[29/Mar/2021:16:24:36 +0700] XNIO-2 task-5 GET /api/path/file/id/104/2 HTTP/1.1 200 488 -
[29/Mar/2021:16:24:36 +0700] XNIO-2 task-1 GET /api/path/file/id/104/3 HTTP/1.1 200 29 -
[29/Mar/2021:16:24:36 +0700] XNIO-2 task-3 GET /api/path/file/id/104/4 HTTP/1.1 200 29 -
[29/Mar/2021:16:24:36 +0700] XNIO-2 task-2 GET /api/path/file/id/104/5 HTTP/1.1 200 29 -
[29/Mar/2021:16:24:36 +0700] XNIO-2 task-1 GET /api/path/url/ER.pdf HTTP/1.1 200 63 -
[29/Mar/2021:16:24:36 +0700] XNIO-2 task-6 GET /api/path/url/sssss.pdf HTTP/1.1 200 66 -
[29/Mar/2021:16:24:39 +0700] XNIO-2 task-6 GET /api/auth/account HTTP/1.1 200 567 -
[29/Mar/2021:16:24:40 +0700] XNIO-2 task-6 OPTIONS /api/path/research/all/60 HTTP/1.1 200 - -
[29/Mar/2021:16:24:40 +0700] XNIO-2 task-1 OPTIONS /api/auth/account/60 HTTP/1.1 200 - -
[29/Mar/2021:16:24:40 +0700] XNIO-2 task-6 GET /api/auth/account/60 HTTP/1.1 200 197 -
[29/Mar/2021:16:24:40 +0700] XNIO-2 task-1 GET /api/path/research/all/60 HTTP/1.1 200 273 -
[29/Mar/2021:16:24:41 +0700] XNIO-2 task-1 GET /api/auth/account HTTP/1.1 200 567 -
[29/Mar/2021:16:24:42 +0700] XNIO-2 task-1 GET /api/path/research/all/60 HTTP/1.1 200 273 -
[29/Mar/2021:16:24:44 +0700] XNIO-2 task-6 OPTIONS /api/path/file/id/99/2 HTTP/1.1 200 - -
[29/Mar/2021:16:24:44 +0700] XNIO-2 task-1 OPTIONS /api/path/file/id/99/1 HTTP/1.1 200 - -
[29/Mar/2021:16:24:44 +0700] XNIO-2 task-2 OPTIONS /api/path/file/id/99/3 HTTP/1.1 200 - -
[29/Mar/2021:16:24:44 +0700] XNIO-2 task-3 OPTIONS /api/path/file/id/99/4 HTTP/1.1 200 - -
[29/Mar/2021:16:24:44 +0700] XNIO-2 task-5 OPTIONS /api/path/file/id/99/5 HTTP/1.1 200 - -
[29/Mar/2021:16:24:44 +0700] XNIO-2 task-6 GET /api/path/file/id/99/5 HTTP/1.1 200 29 -
[29/Mar/2021:16:24:44 +0700] XNIO-2 task-1 GET /api/path/file/id/99/4 HTTP/1.1 200 29 -
[29/Mar/2021:16:24:44 +0700] XNIO-2 task-5 GET /api/path/file/id/99/1 HTTP/1.1 200 306 -
[29/Mar/2021:16:24:44 +0700] XNIO-2 task-3 GET /api/path/file/id/99/2 HTTP/1.1 200 307 -
[29/Mar/2021:16:24:44 +0700] XNIO-2 task-2 GET /api/path/file/id/99/3 HTTP/1.1 200 314 -
[29/Mar/2021:16:24:44 +0700] XNIO-2 task-5 OPTIONS /api/path/url/Drawing-edit.pdf HTTP/1.1 200 - -
[29/Mar/2021:16:24:44 +0700] XNIO-2 task-2 GET /api/path/url/sssss.pdf HTTP/1.1 200 66 -
[29/Mar/2021:16:24:44 +0700] XNIO-2 task-3 GET /api/path/url/ER.pdf HTTP/1.1 200 63 -
[29/Mar/2021:16:24:44 +0700] XNIO-2 task-5 GET /api/path/url/Drawing-edit.pdf HTTP/1.1 200 73 -
[29/Mar/2021:16:24:59 +0700] XNIO-2 task-5 GET /api/auth/account HTTP/1.1 200 567 -
[29/Mar/2021:16:25:01 +0700] XNIO-2 task-5 GET /api/path/research/all/60 HTTP/1.1 200 273 -
[29/Mar/2021:16:25:02 +0700] XNIO-2 task-6 GET /api/path/file/id/99/4 HTTP/1.1 200 29 -
[29/Mar/2021:16:25:02 +0700] XNIO-2 task-5 GET /api/path/file/id/99/1 HTTP/1.1 200 306 -
[29/Mar/2021:16:25:02 +0700] XNIO-2 task-3 GET /api/path/file/id/99/2 HTTP/1.1 200 307 -
[29/Mar/2021:16:25:02 +0700] XNIO-2 task-1 GET /api/path/file/id/99/5 HTTP/1.1 200 29 -
[29/Mar/2021:16:25:02 +0700] XNIO-2 task-2 GET /api/path/file/id/99/3 HTTP/1.1 200 314 -
[29/Mar/2021:16:25:02 +0700] XNIO-2 task-3 GET /api/path/url/ER.pdf HTTP/1.1 200 63 -
[29/Mar/2021:16:25:02 +0700] XNIO-2 task-5 GET /api/path/url/sssss.pdf HTTP/1.1 200 66 -
[29/Mar/2021:16:25:02 +0700] XNIO-2 task-2 GET /api/path/url/Drawing-edit.pdf HTTP/1.1 200 73 -
[29/Mar/2021:16:25:04 +0700] XNIO-2 task-5 GET /api/path/file/id/99/4 HTTP/1.1 200 29 -
[29/Mar/2021:16:25:04 +0700] XNIO-2 task-2 GET /api/path/file/id/99/1 HTTP/1.1 200 306 -
[29/Mar/2021:16:25:04 +0700] XNIO-2 task-1 GET /api/path/file/id/99/3 HTTP/1.1 200 314 -
[29/Mar/2021:16:25:04 +0700] XNIO-2 task-6 GET /api/path/file/id/99/5 HTTP/1.1 200 29 -
[29/Mar/2021:16:25:04 +0700] XNIO-2 task-3 GET /api/path/file/id/99/2 HTTP/1.1 200 307 -
[29/Mar/2021:16:25:04 +0700] XNIO-2 task-3 GET /api/path/url/Drawing-edit.pdf HTTP/1.1 200 73 -
[29/Mar/2021:16:25:04 +0700] XNIO-2 task-6 GET /api/path/url/ER.pdf HTTP/1.1 200 63 -
[29/Mar/2021:16:25:04 +0700] XNIO-2 task-2 GET /api/path/url/sssss.pdf HTTP/1.1 200 66 -
[29/Mar/2021:16:25:18 +0700] XNIO-2 task-2 GET /api/auth/account HTTP/1.1 200 567 -
[29/Mar/2021:16:25:25 +0700] XNIO-2 task-2 GET /api/path/research/all/1 HTTP/1.1 200 457 -
[29/Mar/2021:16:25:25 +0700] XNIO-2 task-6 GET /api/auth/account/1 HTTP/1.1 200 385 -
[29/Mar/2021:16:28:55 +0700] XNIO-2 task-6 POST /api/auth/signing HTTP/1.1 200 497 -
[29/Mar/2021:16:28:55 +0700] XNIO-2 task-6 OPTIONS /api/path/research HTTP/1.1 200 - -
[29/Mar/2021:16:28:55 +0700] XNIO-2 task-6 GET /api/path/research HTTP/1.1 200 457 -
[29/Mar/2021:16:29:21 +0700] XNIO-2 task-6 GET /api/path/file/104 HTTP/1.1 200 514 -
[29/Mar/2021:16:29:21 +0700] XNIO-2 task-4 GET /api/path/file/id/104/5 HTTP/1.1 200 29 -
[29/Mar/2021:16:29:21 +0700] XNIO-2 task-2 GET /api/path/file/id/104/1 HTTP/1.1 200 489 -
[29/Mar/2021:16:29:21 +0700] XNIO-2 task-3 GET /api/path/file/id/104/2 HTTP/1.1 200 488 -
[29/Mar/2021:16:29:21 +0700] XNIO-2 task-1 GET /api/path/file/id/104/3 HTTP/1.1 200 29 -
[29/Mar/2021:16:29:21 +0700] XNIO-2 task-5 GET /api/path/file/id/104/4 HTTP/1.1 200 29 -
[29/Mar/2021:16:29:23 +0700] XNIO-2 task-5 GET /api/path/research HTTP/1.1 200 457 -
[29/Mar/2021:16:29:28 +0700] XNIO-2 task-5 GET /api/path/research HTTP/1.1 200 457 -
[29/Mar/2021:16:29:31 +0700] XNIO-2 task-5 GET /api/path/research HTTP/1.1 200 457 -
[29/Mar/2021:16:30:18 +0700] XNIO-2 task-3 GET /api/path/file/id/104/3 HTTP/1.1 200 29 -
[29/Mar/2021:16:30:18 +0700] XNIO-2 task-1 GET /api/path/file/id/104/2 HTTP/1.1 200 488 -
[29/Mar/2021:16:30:18 +0700] XNIO-2 task-5 GET /api/path/file/id/104/1 HTTP/1.1 200 489 -
[29/Mar/2021:16:30:18 +0700] XNIO-2 task-2 GET /api/path/file/id/104/4 HTTP/1.1 200 29 -
[29/Mar/2021:16:30:18 +0700] XNIO-2 task-4 GET /api/path/file/id/104/5 HTTP/1.1 200 29 -
[29/Mar/2021:16:30:18 +0700] XNIO-2 task-2 GET /api/path/url/ER.pdf HTTP/1.1 200 63 -
[29/Mar/2021:16:30:18 +0700] XNIO-2 task-4 GET /api/path/url/sssss.pdf HTTP/1.1 200 66 -
[29/Mar/2021:16:30:25 +0700] XNIO-2 task-5 GET /api/path/file/id/104/3 HTTP/1.1 200 29 -
[29/Mar/2021:16:30:25 +0700] XNIO-2 task-4 GET /api/path/file/104 HTTP/1.1 200 514 -
[29/Mar/2021:16:30:25 +0700] XNIO-2 task-1 GET /api/path/file/id/104/2 HTTP/1.1 200 488 -
[29/Mar/2021:16:30:25 +0700] XNIO-2 task-6 GET /api/path/file/id/104/5 HTTP/1.1 200 29 -
[29/Mar/2021:16:30:25 +0700] XNIO-2 task-2 GET /api/path/file/id/104/1 HTTP/1.1 200 489 -
[29/Mar/2021:16:30:25 +0700] XNIO-2 task-3 GET /api/path/file/id/104/4 HTTP/1.1 200 29 -
[29/Mar/2021:16:31:04 +0700] XNIO-2 task-3 GET /api/path/research HTTP/1.1 200 457 -
[29/Mar/2021:16:31:43 +0700] XNIO-2 task-3 OPTIONS /api/auth/signup HTTP/1.1 200 - -
[29/Mar/2021:16:31:43 +0700] XNIO-2 task-3 POST /api/auth/signup HTTP/1.1 200 76 -
[29/Mar/2021:16:32:01 +0700] XNIO-2 task-3 POST /api/auth/signing HTTP/1.1 200 296 -
[29/Mar/2021:16:32:01 +0700] XNIO-2 task-3 GET /api/path/research HTTP/1.1 200 29 -
[29/Mar/2021:16:34:09 +0700] XNIO-2 task-3 OPTIONS /api/path/research HTTP/1.1 200 - -
[29/Mar/2021:16:34:09 +0700] XNIO-2 task-3 POST /api/path/research HTTP/1.1 200 269 -
[29/Mar/2021:16:34:09 +0700] XNIO-2 task-3 GET /api/path/research HTTP/1.1 200 272 -
[29/Mar/2021:16:34:57 +0700] XNIO-2 task-3 GET /api/path/research HTTP/1.1 200 272 -
[29/Mar/2021:16:35:04 +0700] XNIO-2 task-3 GET /api/path/research HTTP/1.1 200 272 -
[29/Mar/2021:16:35:09 +0700] XNIO-2 task-3 OPTIONS /api/path/file/126 HTTP/1.1 200 - -
[29/Mar/2021:16:35:09 +0700] XNIO-2 task-2 OPTIONS /api/path/file/id/126/1 HTTP/1.1 200 - -
[29/Mar/2021:16:35:09 +0700] XNIO-2 task-3 OPTIONS /api/path/file/id/126/3 HTTP/1.1 200 - -
[29/Mar/2021:16:35:09 +0700] XNIO-2 task-6 OPTIONS /api/path/file/id/126/4 HTTP/1.1 200 - -
[29/Mar/2021:16:35:09 +0700] XNIO-2 task-1 OPTIONS /api/path/file/id/126/5 HTTP/1.1 200 - -
[29/Mar/2021:16:35:09 +0700] XNIO-2 task-2 OPTIONS /api/path/file/id/126/2 HTTP/1.1 200 - -
[29/Mar/2021:16:35:09 +0700] XNIO-2 task-2 GET /api/path/file/126 HTTP/1.1 200 29 -
[29/Mar/2021:16:35:09 +0700] XNIO-2 task-6 GET /api/path/file/id/126/3 HTTP/1.1 200 29 -
[29/Mar/2021:16:35:09 +0700] XNIO-2 task-1 GET /api/path/file/id/126/1 HTTP/1.1 200 29 -
[29/Mar/2021:16:35:09 +0700] XNIO-2 task-4 GET /api/path/file/id/126/5 HTTP/1.1 200 29 -
[29/Mar/2021:16:35:09 +0700] XNIO-2 task-5 GET /api/path/file/id/126/2 HTTP/1.1 200 29 -
[29/Mar/2021:16:35:09 +0700] XNIO-2 task-3 GET /api/path/file/id/126/4 HTTP/1.1 200 29 -
[29/Mar/2021:16:35:12 +0700] XNIO-2 task-5 GET /api/path/research HTTP/1.1 200 272 -
[29/Mar/2021:16:35:13 +0700] XNIO-2 task-6 GET /api/path/file/id/126/4 HTTP/1.1 200 29 -
[29/Mar/2021:16:35:13 +0700] XNIO-2 task-4 GET /api/path/file/id/126/3 HTTP/1.1 200 29 -
[29/Mar/2021:16:35:13 +0700] XNIO-2 task-5 GET /api/path/file/id/126/1 HTTP/1.1 200 29 -
[29/Mar/2021:16:35:13 +0700] XNIO-2 task-3 GET /api/path/file/id/126/2 HTTP/1.1 200 29 -
[29/Mar/2021:16:35:13 +0700] XNIO-2 task-1 GET /api/path/file/id/126/5 HTTP/1.1 200 29 -
[29/Mar/2021:16:35:18 +0700] XNIO-2 task-1 GET /api/path/file/126 HTTP/1.1 200 29 -
[29/Mar/2021:16:35:18 +0700] XNIO-2 task-5 GET /api/path/file/id/126/2 HTTP/1.1 200 29 -
[29/Mar/2021:16:35:18 +0700] XNIO-2 task-3 GET /api/path/file/id/126/1 HTTP/1.1 200 29 -
[29/Mar/2021:16:35:18 +0700] XNIO-2 task-2 GET /api/path/file/id/126/5 HTTP/1.1 200 29 -
[29/Mar/2021:16:35:18 +0700] XNIO-2 task-4 GET /api/path/file/id/126/4 HTTP/1.1 200 29 -
[29/Mar/2021:16:35:18 +0700] XNIO-2 task-6 GET /api/path/file/id/126/3 HTTP/1.1 200 29 -
[29/Mar/2021:16:35:46 +0700] XNIO-2 task-6 OPTIONS /api/path/file HTTP/1.1 200 - -
[29/Mar/2021:16:35:48 +0700] XNIO-2 task-6 POST /api/path/file HTTP/1.1 200 145 -
[29/Mar/2021:16:35:48 +0700] XNIO-2 task-2 OPTIONS /api/path/file/pr/126 HTTP/1.1 200 - -
[29/Mar/2021:16:35:48 +0700] XNIO-2 task-6 GET /api/path/file/126 HTTP/1.1 200 311 -
[29/Mar/2021:16:35:48 +0700] XNIO-2 task-2 GET /api/path/file/id/126/1 HTTP/1.1 200 311 -
[29/Mar/2021:16:35:48 +0700] XNIO-2 task-4 GET /api/path/file/id/126/2 HTTP/1.1 200 29 -
[29/Mar/2021:16:35:48 +0700] XNIO-2 task-3 GET /api/path/file/id/126/3 HTTP/1.1 200 29 -
[29/Mar/2021:16:35:48 +0700] XNIO-2 task-5 GET /api/path/file/pr/126 HTTP/1.1 200 268 -
[29/Mar/2021:16:35:48 +0700] XNIO-2 task-1 GET /api/path/file/id/126/4 HTTP/1.1 200 29 -
[29/Mar/2021:16:35:48 +0700] XNIO-2 task-2 GET /api/path/file/id/126/5 HTTP/1.1 200 29 -
[29/Mar/2021:16:36:32 +0700] XNIO-2 task-2 OPTIONS /api/path/file/delete/127/1 HTTP/1.1 200 - -
[29/Mar/2021:16:36:33 +0700] XNIO-2 task-2 DELETE /api/path/file/delete/127/1 HTTP/1.1 200 - -
[29/Mar/2021:16:36:33 +0700] XNIO-2 task-1 GET /api/path/file/126 HTTP/1.1 200 29 -
[29/Mar/2021:16:36:33 +0700] XNIO-2 task-3 GET /api/path/file/id/126/2 HTTP/1.1 200 29 -
[29/Mar/2021:16:36:33 +0700] XNIO-2 task-5 GET /api/path/file/id/126/1 HTTP/1.1 200 29 -
[29/Mar/2021:16:36:33 +0700] XNIO-2 task-4 GET /api/path/file/id/126/3 HTTP/1.1 200 29 -
[29/Mar/2021:16:36:33 +0700] XNIO-2 task-2 GET /api/path/file/pr/126 HTTP/1.1 200 269 -
[29/Mar/2021:16:36:33 +0700] XNIO-2 task-6 GET /api/path/file/id/126/4 HTTP/1.1 200 29 -
[29/Mar/2021:16:36:33 +0700] XNIO-2 task-5 GET /api/path/file/id/126/5 HTTP/1.1 200 29 -
[29/Mar/2021:16:36:49 +0700] XNIO-2 task-6 POST /api/path/file HTTP/1.1 200 137 -
[29/Mar/2021:16:36:49 +0700] XNIO-2 task-3 GET /api/path/file/id/126/3 HTTP/1.1 200 29 -
[29/Mar/2021:16:36:49 +0700] XNIO-2 task-4 GET /api/path/file/id/126/2 HTTP/1.1 200 29 -
[29/Mar/2021:16:36:49 +0700] XNIO-2 task-2 GET /api/path/file/id/126/1 HTTP/1.1 200 301 -
[29/Mar/2021:16:36:49 +0700] XNIO-2 task-6 GET /api/path/file/pr/126 HTTP/1.1 200 268 -
[29/Mar/2021:16:36:49 +0700] XNIO-2 task-5 GET /api/path/file/126 HTTP/1.1 200 301 -
[29/Mar/2021:16:36:49 +0700] XNIO-2 task-1 GET /api/path/file/id/126/4 HTTP/1.1 200 29 -
[29/Mar/2021:16:36:49 +0700] XNIO-2 task-5 GET /api/path/file/id/126/5 HTTP/1.1 200 29 -
[29/Mar/2021:16:37:05 +0700] XNIO-2 task-5 POST /api/path/file HTTP/1.1 200 145 -
[29/Mar/2021:16:37:05 +0700] XNIO-2 task-5 GET /api/path/file/126 HTTP/1.1 200 329 -
[29/Mar/2021:16:37:05 +0700] XNIO-2 task-6 GET /api/path/file/id/126/1 HTTP/1.1 200 301 -
[29/Mar/2021:16:37:05 +0700] XNIO-2 task-2 GET /api/path/file/id/126/2 HTTP/1.1 200 308 -
[29/Mar/2021:16:37:05 +0700] XNIO-2 task-4 GET /api/path/file/id/126/4 HTTP/1.1 200 29 -
[29/Mar/2021:16:37:05 +0700] XNIO-2 task-3 GET /api/path/file/id/126/3 HTTP/1.1 200 29 -
[29/Mar/2021:16:37:05 +0700] XNIO-2 task-1 GET /api/path/file/pr/126 HTTP/1.1 200 269 -
[29/Mar/2021:16:37:05 +0700] XNIO-2 task-5 GET /api/path/file/id/126/5 HTTP/1.1 200 29 -
[29/Mar/2021:16:37:07 +0700] XNIO-2 task-5 GET /api/path/research HTTP/1.1 200 271 -
[29/Mar/2021:16:37:09 +0700] XNIO-2 task-2 GET /api/path/file/id/126/5 HTTP/1.1 200 29 -
[29/Mar/2021:16:37:09 +0700] XNIO-2 task-3 GET /api/path/file/id/126/4 HTTP/1.1 200 29 -
[29/Mar/2021:16:37:09 +0700] XNIO-2 task-4 GET /api/path/file/id/126/3 HTTP/1.1 200 29 -
[29/Mar/2021:16:37:09 +0700] XNIO-2 task-5 GET /api/path/file/id/126/1 HTTP/1.1 200 302 -
[29/Mar/2021:16:37:09 +0700] XNIO-2 task-1 GET /api/path/file/id/126/2 HTTP/1.1 200 309 -
[29/Mar/2021:16:37:09 +0700] XNIO-2 task-1 GET /api/path/url/Drawing-edit.pdf HTTP/1.1 200 73 -
[29/Mar/2021:16:37:09 +0700] XNIO-2 task-5 GET /api/path/url/ER.pdf HTTP/1.1 200 63 -
[29/Mar/2021:16:37:26 +0700] XNIO-2 task-5 GET /api/path/research HTTP/1.1 200 271 -
[29/Mar/2021:16:38:18 +0700] XNIO-2 task-3 GET /api/path/file/id/126/3 HTTP/1.1 200 29 -
[29/Mar/2021:16:38:18 +0700] XNIO-2 task-5 GET /api/path/file/id/126/1 HTTP/1.1 200 302 -
[29/Mar/2021:16:38:18 +0700] XNIO-2 task-1 GET /api/path/file/id/126/2 HTTP/1.1 200 309 -
[29/Mar/2021:16:38:18 +0700] XNIO-2 task-4 GET /api/path/file/id/126/5 HTTP/1.1 200 29 -
[29/Mar/2021:16:38:18 +0700] XNIO-2 task-2 GET /api/path/file/id/126/4 HTTP/1.1 200 29 -
[29/Mar/2021:16:38:18 +0700] XNIO-2 task-2 GET /api/path/url/ER.pdf HTTP/1.1 200 63 -
[29/Mar/2021:16:38:18 +0700] XNIO-2 task-4 GET /api/path/url/Drawing-edit.pdf HTTP/1.1 200 73 -
[29/Mar/2021:16:40:38 +0700] XNIO-2 task-4 GET /api/path/research HTTP/1.1 200 271 -
[29/Mar/2021:16:40:43 +0700] XNIO-2 task-4 GET /api/path/research HTTP/1.1 200 271 -
[29/Mar/2021:16:40:45 +0700] XNIO-2 task-2 GET /api/path/file/id/126/2 HTTP/1.1 200 309 -
[29/Mar/2021:16:40:45 +0700] XNIO-2 task-4 GET /api/path/file/id/126/1 HTTP/1.1 200 302 -
[29/Mar/2021:16:40:45 +0700] XNIO-2 task-1 GET /api/path/file/id/126/3 HTTP/1.1 200 29 -
[29/Mar/2021:16:40:45 +0700] XNIO-2 task-5 GET /api/path/file/id/126/4 HTTP/1.1 200 29 -
[29/Mar/2021:16:40:45 +0700] XNIO-2 task-3 GET /api/path/file/id/126/5 HTTP/1.1 200 29 -
[29/Mar/2021:16:40:45 +0700] XNIO-2 task-3 GET /api/path/url/ER.pdf HTTP/1.1 200 63 -
[29/Mar/2021:16:40:45 +0700] XNIO-2 task-5 GET /api/path/url/Drawing-edit.pdf HTTP/1.1 200 73 -
[29/Mar/2021:16:41:18 +0700] XNIO-2 task-5 GET /api/path/research HTTP/1.1 200 271 -
[29/Mar/2021:16:42:18 +0700] XNIO-2 task-5 GET /api/path/file/126 HTTP/1.1 200 330 -
[29/Mar/2021:16:42:18 +0700] XNIO-2 task-3 GET /api/path/file/id/126/1 HTTP/1.1 200 302 -
[29/Mar/2021:16:42:18 +0700] XNIO-2 task-4 GET /api/path/file/id/126/4 HTTP/1.1 200 29 -
[29/Mar/2021:16:42:18 +0700] XNIO-2 task-2 GET /api/path/file/id/126/3 HTTP/1.1 200 29 -
[29/Mar/2021:16:42:18 +0700] XNIO-2 task-1 GET /api/path/file/id/126/2 HTTP/1.1 200 309 -
[29/Mar/2021:16:42:18 +0700] XNIO-2 task-6 GET /api/path/file/id/126/5 HTTP/1.1 200 29 -
[29/Mar/2021:16:42:28 +0700] XNIO-2 task-6 POST /api/path/file HTTP/1.1 200 137 -
[29/Mar/2021:16:42:28 +0700] XNIO-2 task-6 GET /api/path/file/126 HTTP/1.1 200 345 -
[29/Mar/2021:16:42:28 +0700] XNIO-2 task-3 GET /api/path/file/id/126/3 HTTP/1.1 200 302 -
[29/Mar/2021:16:42:28 +0700] XNIO-2 task-4 GET /api/path/file/id/126/1 HTTP/1.1 200 301 -
[29/Mar/2021:16:42:28 +0700] XNIO-2 task-5 GET /api/path/file/id/126/4 HTTP/1.1 200 29 -
[29/Mar/2021:16:42:28 +0700] XNIO-2 task-1 GET /api/path/file/pr/126 HTTP/1.1 200 269 -
[29/Mar/2021:16:42:28 +0700] XNIO-2 task-2 GET /api/path/file/id/126/2 HTTP/1.1 200 308 -
[29/Mar/2021:16:42:28 +0700] XNIO-2 task-6 GET /api/path/file/id/126/5 HTTP/1.1 200 29 -
[29/Mar/2021:16:42:39 +0700] XNIO-2 task-6 POST /api/path/file HTTP/1.1 200 201 -
[29/Mar/2021:16:42:40 +0700] XNIO-2 task-4 GET /api/path/file/id/126/3 HTTP/1.1 200 302 -
[29/Mar/2021:16:42:40 +0700] XNIO-2 task-1 GET /api/path/file/id/126/1 HTTP/1.1 200 301 -
[29/Mar/2021:16:42:40 +0700] XNIO-2 task-5 GET /api/path/file/id/126/2 HTTP/1.1 200 308 -
[29/Mar/2021:16:42:40 +0700] XNIO-2 task-6 GET /api/path/file/126 HTTP/1.1 200 425 -
[29/Mar/2021:16:42:40 +0700] XNIO-2 task-3 GET /api/path/file/id/126/4 HTTP/1.1 200 369 -
[29/Mar/2021:16:42:40 +0700] XNIO-2 task-2 GET /api/path/file/pr/126 HTTP/1.1 200 269 -
[29/Mar/2021:16:42:40 +0700] XNIO-2 task-3 GET /api/path/file/id/126/5 HTTP/1.1 200 29 -
[29/Mar/2021:16:42:50 +0700] XNIO-2 task-3 POST /api/path/file HTTP/1.1 200 145 -
[29/Mar/2021:16:42:50 +0700] XNIO-2 task-2 GET /api/path/file/126 HTTP/1.1 200 448 -
[29/Mar/2021:16:42:50 +0700] XNIO-2 task-6 GET /api/path/file/id/126/1 HTTP/1.1 200 301 -
[29/Mar/2021:16:42:50 +0700] XNIO-2 task-5 GET /api/path/file/id/126/2 HTTP/1.1 200 308 -
[29/Mar/2021:16:42:50 +0700] XNIO-2 task-1 GET /api/path/file/id/126/4 HTTP/1.1 200 369 -
[29/Mar/2021:16:42:50 +0700] XNIO-2 task-4 GET /api/path/file/id/126/3 HTTP/1.1 200 302 -
[29/Mar/2021:16:42:50 +0700] XNIO-2 task-5 GET /api/path/file/id/126/5 HTTP/1.1 200 313 -
[29/Mar/2021:16:42:50 +0700] XNIO-2 task-3 GET /api/path/file/pr/126 HTTP/1.1 200 269 -
[29/Mar/2021:16:42:53 +0700] XNIO-2 task-3 GET /api/path/research HTTP/1.1 200 271 -
[29/Mar/2021:16:43:02 +0700] XNIO-2 task-5 GET /api/path/file/id/126/2 HTTP/1.1 200 309 -
[29/Mar/2021:16:43:02 +0700] XNIO-2 task-4 GET /api/path/file/id/126/3 HTTP/1.1 200 303 -
[29/Mar/2021:16:43:02 +0700] XNIO-2 task-3 GET /api/path/file/id/126/1 HTTP/1.1 200 302 -
[29/Mar/2021:16:43:02 +0700] XNIO-2 task-6 GET /api/path/file/id/126/5 HTTP/1.1 200 313 -
[29/Mar/2021:16:43:02 +0700] XNIO-2 task-1 GET /api/path/file/id/126/4 HTTP/1.1 200 369 -
[29/Mar/2021:16:43:02 +0700] XNIO-2 task-6 OPTIONS /api/path/url/all-diagram-edit.pdf HTTP/1.1 200 - -
[29/Mar/2021:16:43:02 +0700] XNIO-2 task-1 GET /api/path/url/Drawing-edit.pdf HTTP/1.1 200 73 -
[29/Mar/2021:16:43:02 +0700] XNIO-2 task-3 GET /api/path/url/sssss.pdf HTTP/1.1 200 66 -
[29/Mar/2021:16:43:02 +0700] XNIO-2 task-6 GET /api/path/url/ER.pdf HTTP/1.1 200 63 -
[29/Mar/2021:16:43:02 +0700] XNIO-2 task-1 GET /api/path/url/all-diagram-edit.pdf HTTP/1.1 200 77 -
[29/Mar/2021:16:43:02 +0700] XNIO-2 task-1 OPTIONS /api/path/url/%E0%B9%82%E0%B8%9B%E0%B8%A3%E0%B9%80%E0%B8%88%E0%B8%84%E0%B8%81%E0%B8%B2%E0%B8%A3%E0%B8%95%E0%B8%B4%E0%B8%94%E0%B8%95%E0%B8%B2%E0%B8%A1%E0%B8%87%E0%B8%B2%E0%B8%99%E0%B8%A7%E0%B8%B4%E0%B8%88%E0%B8%B1%E0%B8%A2.pdf HTTP/1.1 200 - -
[29/Mar/2021:16:43:02 +0700] XNIO-2 task-1 GET /api/path/url/%E0%B9%82%E0%B8%9B%E0%B8%A3%E0%B9%80%E0%B8%88%E0%B8%84%E0%B8%81%E0%B8%B2%E0%B8%A3%E0%B8%95%E0%B8%B4%E0%B8%94%E0%B8%95%E0%B8%B2%E0%B8%A1%E0%B8%87%E0%B8%B2%E0%B8%99%E0%B8%A7%E0%B8%B4%E0%B8%88%E0%B8%B1%E0%B8%A2.pdf HTTP/1.1 200 268 -
[29/Mar/2021:16:43:04 +0700] XNIO-2 task-1 GET /api/path/research HTTP/1.1 200 271 -
[29/Mar/2021:16:43:05 +0700] XNIO-2 task-1 GET /api/path/file/126 HTTP/1.1 200 448 -
[29/Mar/2021:16:43:05 +0700] XNIO-2 task-3 GET /api/path/file/id/126/2 HTTP/1.1 200 309 -
[29/Mar/2021:16:43:05 +0700] XNIO-2 task-6 GET /api/path/file/id/126/1 HTTP/1.1 200 302 -
[29/Mar/2021:16:43:05 +0700] XNIO-2 task-5 GET /api/path/file/id/126/3 HTTP/1.1 200 303 -
[29/Mar/2021:16:43:05 +0700] XNIO-2 task-2 GET /api/path/file/id/126/5 HTTP/1.1 200 313 -
[29/Mar/2021:16:43:05 +0700] XNIO-2 task-4 GET /api/path/file/id/126/4 HTTP/1.1 200 369 -
[29/Mar/2021:16:43:26 +0700] XNIO-2 task-4 OPTIONS /api/auth/signing HTTP/1.1 200 - -
[29/Mar/2021:16:43:26 +0700] XNIO-2 task-4 POST /api/auth/signing HTTP/1.1 200 293 -
[29/Mar/2021:16:43:26 +0700] XNIO-2 task-4 OPTIONS /api/auth/account HTTP/1.1 200 - -
[29/Mar/2021:16:43:26 +0700] XNIO-2 task-4 GET /api/auth/account HTTP/1.1 200 641 -
[29/Mar/2021:16:43:52 +0700] XNIO-2 task-4 OPTIONS /api/path/research/all/125 HTTP/1.1 200 - -
[29/Mar/2021:16:43:52 +0700] XNIO-2 task-4 GET /api/path/research/all/125 HTTP/1.1 200 271 -
[29/Mar/2021:16:43:56 +0700] XNIO-2 task-4 GET /api/auth/account HTTP/1.1 200 641 -
[29/Mar/2021:16:44:43 +0700] XNIO-2 task-4 POST /api/auth/signing HTTP/1.1 200 296 -
[29/Mar/2021:16:44:43 +0700] XNIO-2 task-4 GET /api/path/research HTTP/1.1 200 271 -
[29/Mar/2021:16:44:55 +0700] XNIO-2 task-4 GET /api/path/research HTTP/1.1 200 271 -
[29/Mar/2021:16:45:01 +0700] XNIO-2 task-4 GET /api/path/research HTTP/1.1 200 271 -
[29/Mar/2021:16:45:35 +0700] XNIO-2 task-4 POST /api/auth/signing HTTP/1.1 200 494 -
[29/Mar/2021:16:45:35 +0700] XNIO-2 task-4 GET /api/path/research HTTP/1.1 200 457 -
[29/Mar/2021:16:45:39 +0700] XNIO-2 task-4 GET /api/path/research HTTP/1.1 200 457 -
[29/Mar/2021:16:45:40 +0700] XNIO-2 task-4 GET /api/path/research HTTP/1.1 200 457 -
[29/Mar/2021:16:46:22 +0700] XNIO-2 task-4 POST /api/auth/signing HTTP/1.1 200 293 -
[29/Mar/2021:16:46:22 +0700] XNIO-2 task-4 GET /api/auth/account HTTP/1.1 200 641 -
[29/Mar/2021:16:47:30 +0700] XNIO-2 task-4 GET /api/path/research/all/1 HTTP/1.1 200 457 -
[29/Mar/2021:16:47:33 +0700] XNIO-2 task-4 GET /api/auth/account HTTP/1.1 200 641 -
[29/Mar/2021:16:47:34 +0700] XNIO-2 task-4 GET /api/path/research/all/125 HTTP/1.1 200 271 -
[29/Mar/2021:16:47:40 +0700] XNIO-2 task-2 GET /api/path/file/id/126/2 HTTP/1.1 200 309 -
[29/Mar/2021:16:47:40 +0700] XNIO-2 task-4 GET /api/path/file/id/126/1 HTTP/1.1 200 302 -
[29/Mar/2021:16:47:40 +0700] XNIO-2 task-5 GET /api/path/file/id/126/3 HTTP/1.1 200 303 -
[29/Mar/2021:16:47:40 +0700] XNIO-2 task-3 GET /api/path/file/id/126/4 HTTP/1.1 200 369 -
[29/Mar/2021:16:47:40 +0700] XNIO-2 task-6 GET /api/path/file/id/126/5 HTTP/1.1 200 313 -
[29/Mar/2021:16:47:40 +0700] XNIO-2 task-6 GET /api/path/url/ER.pdf HTTP/1.1 200 63 -
[29/Mar/2021:16:47:40 +0700] XNIO-2 task-3 GET /api/path/url/Drawing-edit.pdf HTTP/1.1 200 73 -
[29/Mar/2021:16:47:40 +0700] XNIO-2 task-5 GET /api/path/url/%E0%B9%82%E0%B8%9B%E0%B8%A3%E0%B9%80%E0%B8%88%E0%B8%84%E0%B8%81%E0%B8%B2%E0%B8%A3%E0%B8%95%E0%B8%B4%E0%B8%94%E0%B8%95%E0%B8%B2%E0%B8%A1%E0%B8%87%E0%B8%B2%E0%B8%99%E0%B8%A7%E0%B8%B4%E0%B8%88%E0%B8%B1%E0%B8%A2.pdf HTTP/1.1 200 268 -
[29/Mar/2021:16:47:40 +0700] XNIO-2 task-3 GET /api/path/url/sssss.pdf HTTP/1.1 200 66 -
[29/Mar/2021:16:47:40 +0700] XNIO-2 task-6 GET /api/path/url/all-diagram-edit.pdf HTTP/1.1 200 77 -
[29/Mar/2021:16:48:01 +0700] XNIO-2 task-3 GET /api/auth/account HTTP/1.1 200 641 -
[29/Mar/2021:16:48:40 +0700] XNIO-2 task-6 GET /api/auth/account/1 HTTP/1.1 200 385 -
[29/Mar/2021:16:48:40 +0700] XNIO-2 task-3 GET /api/path/research/all/1 HTTP/1.1 200 457 -
[29/Mar/2021:16:48:54 +0700] XNIO-2 task-3 GET /api/auth/account HTTP/1.1 200 641 -
[29/Mar/2021:16:48:55 +0700] XNIO-2 task-3 GET /api/path/research/all/60 HTTP/1.1 200 273 -
[29/Mar/2021:16:49:08 +0700] XNIO-2 task-3 GET /api/auth/account HTTP/1.1 200 641 -
[29/Mar/2021:16:49:25 +0700] XNIO-2 task-3 GET /api/auth/account/1 HTTP/1.1 200 385 -
[29/Mar/2021:16:49:25 +0700] XNIO-2 task-6 GET /api/path/research/all/1 HTTP/1.1 200 457 -
[29/Mar/2021:16:49:33 +0700] XNIO-2 task-6 GET /api/auth/account HTTP/1.1 200 641 -
[29/Mar/2021:16:49:35 +0700] XNIO-2 task-6 GET /api/path/research/all/1 HTTP/1.1 200 457 -
[29/Mar/2021:16:49:41 +0700] XNIO-2 task-3 GET /api/path/file/id/104/2 HTTP/1.1 200 488 -
[29/Mar/2021:16:49:41 +0700] XNIO-2 task-5 GET /api/path/file/id/104/3 HTTP/1.1 200 29 -
[29/Mar/2021:16:49:41 +0700] XNIO-2 task-6 GET /api/path/file/id/104/1 HTTP/1.1 200 489 -
[29/Mar/2021:16:49:41 +0700] XNIO-2 task-2 GET /api/path/file/id/104/4 HTTP/1.1 200 29 -
[29/Mar/2021:16:49:41 +0700] XNIO-2 task-4 GET /api/path/file/id/104/5 HTTP/1.1 200 29 -
[29/Mar/2021:16:49:41 +0700] XNIO-2 task-4 GET /api/path/url/sssss.pdf HTTP/1.1 200 66 -
[29/Mar/2021:16:49:41 +0700] XNIO-2 task-2 GET /api/path/url/ER.pdf HTTP/1.1 200 63 -
[29/Mar/2021:16:50:23 +0700] XNIO-2 task-2 GET /api/auth/account HTTP/1.1 200 641 -
[29/Mar/2021:16:51:51 +0700] XNIO-2 task-2 GET /api/path/research/all/1 HTTP/1.1 200 457 -
[29/Mar/2021:16:52:04 +0700] XNIO-2 task-2 GET /api/auth/account HTTP/1.1 200 641 -
[29/Mar/2021:17:00:06 +0700] XNIO-2 task-2 OPTIONS /api/path/research/all/1 HTTP/1.1 200 - -
[29/Mar/2021:17:00:06 +0700] XNIO-2 task-4 OPTIONS /api/auth/account/1 HTTP/1.1 200 - -
[29/Mar/2021:17:00:06 +0700] XNIO-2 task-2 GET /api/auth/account/1 HTTP/1.1 200 385 -
[29/Mar/2021:17:00:06 +0700] XNIO-2 task-4 GET /api/path/research/all/1 HTTP/1.1 200 457 -
[29/Mar/2021:17:01:36 +0700] XNIO-2 task-4 POST /api/auth/signing HTTP/1.1 200 494 -
[29/Mar/2021:17:01:36 +0700] XNIO-2 task-4 GET /api/path/research HTTP/1.1 200 457 -
[29/Mar/2021:17:01:48 +0700] XNIO-2 task-4 POST /api/path/research HTTP/1.1 200 458 -
[29/Mar/2021:17:01:48 +0700] XNIO-2 task-4 GET /api/path/research HTTP/1.1 200 498 -
[29/Mar/2021:17:01:58 +0700] XNIO-2 task-4 POST /api/auth/signing HTTP/1.1 200 293 -
[29/Mar/2021:17:01:58 +0700] XNIO-2 task-4 GET /api/auth/account HTTP/1.1 200 641 -
[29/Mar/2021:17:02:00 +0700] XNIO-2 task-2 GET /api/auth/account/1 HTTP/1.1 200 385 -
[29/Mar/2021:17:02:00 +0700] XNIO-2 task-4 GET /api/path/research/all/1 HTTP/1.1 200 498 -
[29/Mar/2021:17:02:18 +0700] XNIO-2 task-4 GET /api/auth/account HTTP/1.1 200 641 -
[29/Mar/2021:17:02:20 +0700] XNIO-2 task-4 GET /api/path/research/all/1 HTTP/1.1 200 498 -
[29/Mar/2021:17:02:22 +0700] XNIO-2 task-4 GET /api/auth/account HTTP/1.1 200 641 -
[29/Mar/2021:17:02:42 +0700] XNIO-2 task-2 GET /api/auth/account/1 HTTP/1.1 200 385 -
[29/Mar/2021:17:02:42 +0700] XNIO-2 task-4 GET /api/path/research/all/1 HTTP/1.1 200 498 -
[29/Mar/2021:17:09:24 +0700] XNIO-2 task-4 POST /api/auth/signing HTTP/1.1 200 494 -
[29/Mar/2021:17:09:25 +0700] XNIO-2 task-4 GET /api/path/research HTTP/1.1 200 498 -
[29/Mar/2021:17:10:18 +0700] XNIO-2 task-4 POST /api/path/research HTTP/1.1 200 689 -
[29/Mar/2021:17:10:18 +0700] XNIO-2 task-4 GET /api/path/research HTTP/1.1 200 758 -
[29/Mar/2021:17:11:07 +0700] XNIO-2 task-4 POST /api/path/research HTTP/1.1 200 460 -
[29/Mar/2021:17:11:07 +0700] XNIO-2 task-4 GET /api/path/research HTTP/1.1 200 789 -
[29/Mar/2021:17:11:23 +0700] XNIO-2 task-4 OPTIONS /api/path/research/135 HTTP/1.1 200 - -
[29/Mar/2021:17:11:23 +0700] XNIO-2 task-4 DELETE /api/path/research/135 HTTP/1.1 200 - -
[29/Mar/2021:17:11:23 +0700] XNIO-2 task-4 GET /api/path/research HTTP/1.1 200 758 -
[29/Mar/2021:17:12:10 +0700] XNIO-2 task-4 POST /api/path/research HTTP/1.1 200 753 -
[29/Mar/2021:17:12:10 +0700] XNIO-2 task-4 GET /api/path/research HTTP/1.1 200 1065 -
[29/Mar/2021:17:12:48 +0700] XNIO-2 task-4 POST /api/path/research HTTP/1.1 500 3059 -
[29/Mar/2021:17:12:52 +0700] XNIO-2 task-4 POST /api/path/research HTTP/1.1 500 3059 -
[29/Mar/2021:17:13:00 +0700] XNIO-2 task-4 POST /api/path/research HTTP/1.1 200 560 -
[29/Mar/2021:17:13:00 +0700] XNIO-2 task-4 GET /api/path/research HTTP/1.1 200 1087 -
[29/Mar/2021:17:13:27 +0700] XNIO-2 task-4 OPTIONS /api/path/research/133 HTTP/1.1 200 - -
[29/Mar/2021:17:13:27 +0700] XNIO-2 task-4 DELETE /api/path/research/133 HTTP/1.1 200 - -
[29/Mar/2021:17:13:27 +0700] XNIO-2 task-4 GET /api/path/research HTTP/1.1 200 1063 -
[29/Mar/2021:17:14:01 +0700] XNIO-2 task-4 POST /api/auth/signing HTTP/1.1 200 293 -
[29/Mar/2021:17:14:01 +0700] XNIO-2 task-4 GET /api/auth/account HTTP/1.1 200 641 -
[29/Mar/2021:17:14:04 +0700] XNIO-2 task-4 GET /api/path/research/all/1 HTTP/1.1 200 1063 -
[29/Mar/2021:17:14:05 +0700] XNIO-2 task-4 GET /api/auth/account HTTP/1.1 200 641 -
[29/Mar/2021:17:14:06 +0700] XNIO-2 task-2 GET /api/auth/account/1 HTTP/1.1 200 385 -
[29/Mar/2021:17:14:06 +0700] XNIO-2 task-4 GET /api/path/research/all/1 HTTP/1.1 200 1063 -
[29/Mar/2021:23:43:35 +0700] XNIO-2 task-4 OPTIONS /api/auth/signing HTTP/1.1 200 - -
[29/Mar/2021:23:43:35 +0700] XNIO-2 task-4 POST /api/auth/signing HTTP/1.1 200 491 -
[29/Mar/2021:23:43:36 +0700] XNIO-2 task-4 OPTIONS /api/path/research HTTP/1.1 200 - -
[29/Mar/2021:23:43:36 +0700] XNIO-2 task-4 GET /api/path/research HTTP/1.1 200 1063 -
[29/Mar/2021:23:44:18 +0700] XNIO-2 task-4 OPTIONS /api/path/research/139 HTTP/1.1 200 - -
[29/Mar/2021:23:44:18 +0700] XNIO-2 task-4 DELETE /api/path/research/139 HTTP/1.1 200 - -
[29/Mar/2021:23:44:18 +0700] XNIO-2 task-4 GET /api/path/research HTTP/1.1 200 1041 -
[29/Mar/2021:23:44:24 +0700] XNIO-2 task-4 OPTIONS /api/path/research/104 HTTP/1.1 200 - -
[29/Mar/2021:23:44:25 +0700] XNIO-2 task-4 DELETE /api/path/research/104 HTTP/1.1 200 - -
[29/Mar/2021:23:44:25 +0700] XNIO-2 task-4 GET /api/path/research HTTP/1.1 200 1006 -
[29/Mar/2021:23:44:43 +0700] XNIO-2 task-4 GET /api/path/research HTTP/1.1 200 1006 -
[29/Mar/2021:23:45:12 +0700] XNIO-2 task-4 OPTIONS /api/path/file/id/136/1 HTTP/1.1 200 - -
[29/Mar/2021:23:45:12 +0700] XNIO-2 task-4 OPTIONS /api/path/file/id/136/2 HTTP/1.1 200 - -
[29/Mar/2021:23:45:12 +0700] XNIO-2 task-6 OPTIONS /api/path/file/id/136/5 HTTP/1.1 200 - -
[29/Mar/2021:23:45:12 +0700] XNIO-2 task-5 OPTIONS /api/path/file/id/136/4 HTTP/1.1 200 - -
[29/Mar/2021:23:45:12 +0700] XNIO-2 task-2 OPTIONS /api/path/file/id/136/3 HTTP/1.1 200 - -
[29/Mar/2021:23:45:12 +0700] XNIO-2 task-2 GET /api/path/file/id/136/1 HTTP/1.1 200 29 -
[29/Mar/2021:23:45:12 +0700] XNIO-2 task-5 GET /api/path/file/id/136/2 HTTP/1.1 200 29 -
[29/Mar/2021:23:45:12 +0700] XNIO-2 task-6 GET /api/path/file/id/136/5 HTTP/1.1 200 29 -
[29/Mar/2021:23:45:12 +0700] XNIO-2 task-3 GET /api/path/file/id/136/3 HTTP/1.1 200 29 -
[29/Mar/2021:23:45:12 +0700] XNIO-2 task-4 GET /api/path/file/id/136/4 HTTP/1.1 200 29 -
[29/Mar/2021:23:45:16 +0700] XNIO-2 task-4 OPTIONS /api/path/file/136 HTTP/1.1 200 - -
[29/Mar/2021:23:45:16 +0700] XNIO-2 task-5 GET /api/path/file/id/136/4 HTTP/1.1 200 29 -
[29/Mar/2021:23:45:16 +0700] XNIO-2 task-3 GET /api/path/file/id/136/2 HTTP/1.1 200 29 -
[29/Mar/2021:23:45:16 +0700] XNIO-2 task-2 GET /api/path/file/id/136/3 HTTP/1.1 200 29 -
[29/Mar/2021:23:45:16 +0700] XNIO-2 task-6 GET /api/path/file/136 HTTP/1.1 200 29 -
[29/Mar/2021:23:45:16 +0700] XNIO-2 task-4 GET /api/path/file/id/136/1 HTTP/1.1 200 29 -
[29/Mar/2021:23:45:16 +0700] XNIO-2 task-1 GET /api/path/file/id/136/5 HTTP/1.1 200 29 -
[29/Mar/2021:23:45:17 +0700] XNIO-2 task-1 GET /api/path/research HTTP/1.1 200 1006 -
[29/Mar/2021:23:45:20 +0700] XNIO-2 task-1 OPTIONS /api/path/research/136 HTTP/1.1 200 - -
[29/Mar/2021:23:45:20 +0700] XNIO-2 task-1 DELETE /api/path/research/136 HTTP/1.1 200 - -
[29/Mar/2021:23:45:20 +0700] XNIO-2 task-1 GET /api/path/research HTTP/1.1 200 691 -
