[21/Mar/2021:00:00:02 +0700] XNIO-2 task-2 GET /api/path/research HTTP/1.1 200 265 -
[21/Mar/2021:00:00:19 +0700] XNIO-2 task-2 GET /api/path/research HTTP/1.1 200 265 -
[21/Mar/2021:00:01:51 +0700] XNIO-2 task-2 GET /api/path/research HTTP/1.1 200 265 -
[21/Mar/2021:00:01:58 +0700] XNIO-2 task-2 GET /api/path/research HTTP/1.1 200 265 -
[21/Mar/2021:00:02:02 +0700] XNIO-2 task-2 GET /api/path/research HTTP/1.1 200 265 -
[21/Mar/2021:00:02:11 +0700] XNIO-2 task-2 GET /api/path/research HTTP/1.1 200 265 -
[21/Mar/2021:00:02:47 +0700] XNIO-2 task-2 GET /api/path/research HTTP/1.1 200 265 -
[21/Mar/2021:00:05:35 +0700] XNIO-2 task-2 GET /api/path/research HTTP/1.1 200 265 -
[21/Mar/2021:00:06:20 +0700] XNIO-2 task-2 GET /api/path/research HTTP/1.1 200 265 -
[21/Mar/2021:00:06:58 +0700] XNIO-2 task-2 GET /api/path/research HTTP/1.1 200 265 -
[21/Mar/2021:00:07:45 +0700] XNIO-2 task-2 OPTIONS /api/path/research HTTP/1.1 200 - -
[21/Mar/2021:00:07:45 +0700] XNIO-2 task-2 GET /api/path/research HTTP/1.1 200 265 -
[21/Mar/2021:00:08:38 +0700] XNIO-2 task-2 GET /api/path/research HTTP/1.1 200 265 -
[21/Mar/2021:00:09:39 +0700] XNIO-2 task-2 GET /api/path/research HTTP/1.1 200 265 -
[21/Mar/2021:00:10:23 +0700] XNIO-2 task-2 GET /api/path/research HTTP/1.1 200 265 -
[21/Mar/2021:00:11:23 +0700] XNIO-2 task-2 GET /api/path/research HTTP/1.1 200 265 -
[21/Mar/2021:00:12:01 +0700] XNIO-2 task-2 GET /api/path/research HTTP/1.1 200 265 -
[21/Mar/2021:00:12:06 +0700] XNIO-2 task-2 GET /api/path/research HTTP/1.1 200 265 -
[21/Mar/2021:00:13:08 +0700] XNIO-2 task-2 GET /api/path/research HTTP/1.1 200 265 -
[21/Mar/2021:00:16:16 +0700] XNIO-2 task-2 GET /api/path/research HTTP/1.1 200 265 -
[21/Mar/2021:00:16:37 +0700] XNIO-2 task-2 GET /api/path/research HTTP/1.1 200 265 -
[21/Mar/2021:00:16:58 +0700] XNIO-2 task-2 GET /api/path/research HTTP/1.1 200 265 -
[21/Mar/2021:00:17:33 +0700] XNIO-2 task-2 GET /api/path/research HTTP/1.1 200 265 -
[21/Mar/2021:00:17:54 +0700] XNIO-2 task-2 GET /api/path/research HTTP/1.1 200 265 -
[21/Mar/2021:00:18:12 +0700] XNIO-2 task-2 GET /api/path/research HTTP/1.1 200 265 -
[21/Mar/2021:00:18:23 +0700] XNIO-2 task-2 GET /api/path/research HTTP/1.1 200 265 -
[21/Mar/2021:00:18:26 +0700] XNIO-2 task-2 GET /api/path/research HTTP/1.1 200 265 -
[21/Mar/2021:00:18:29 +0700] XNIO-2 task-2 GET /api/path/research HTTP/1.1 200 265 -
[21/Mar/2021:00:19:43 +0700] XNIO-2 task-2 GET /api/path/research HTTP/1.1 200 265 -
[21/Mar/2021:00:20:19 +0700] XNIO-2 task-2 GET /api/path/research HTTP/1.1 200 265 -
[21/Mar/2021:00:20:30 +0700] XNIO-2 task-2 GET /api/path/research HTTP/1.1 200 265 -
[21/Mar/2021:00:21:52 +0700] XNIO-2 task-2 GET /api/path/research HTTP/1.1 200 265 -
[21/Mar/2021:00:22:20 +0700] XNIO-2 task-2 GET /api/path/research HTTP/1.1 200 265 -
[21/Mar/2021:00:22:22 +0700] XNIO-2 task-2 GET /api/path/research HTTP/1.1 200 265 -
[21/Mar/2021:00:24:14 +0700] XNIO-2 task-2 GET /api/path/research HTTP/1.1 200 265 -
[21/Mar/2021:02:08:49 +0700] XNIO-2 task-2 OPTIONS /api/path/research HTTP/1.1 200 - -
[21/Mar/2021:02:08:49 +0700] XNIO-2 task-2 GET /api/path/research HTTP/1.1 200 265 -
[21/Mar/2021:03:19:00 +0700] XNIO-2 task-2 OPTIONS /api/auth/signing HTTP/1.1 200 - -
[21/Mar/2021:03:19:00 +0700] XNIO-2 task-2 POST /api/auth/signing HTTP/1.1 200 293 -
[21/Mar/2021:03:21:47 +0700] XNIO-2 task-2 OPTIONS /api/path/research HTTP/1.1 200 - -
[21/Mar/2021:03:21:47 +0700] XNIO-2 task-2 GET /api/path/research HTTP/1.1 200 265 -
[21/Mar/2021:03:21:57 +0700] XNIO-2 task-2 GET /api/path/file/37 HTTP/1.1 200 307 -
[21/Mar/2021:03:22:03 +0700] XNIO-2 task-2 GET /api/path/research HTTP/1.1 200 265 -
[21/Mar/2021:03:22:47 +0700] XNIO-2 task-2 GET /api/path/research HTTP/1.1 200 265 -
[21/Mar/2021:03:22:56 +0700] XNIO-2 task-2 GET /api/path/research HTTP/1.1 200 265 -
[21/Mar/2021:03:23:03 +0700] XNIO-2 task-2 GET /api/path/research HTTP/1.1 200 265 -
[21/Mar/2021:03:23:06 +0700] XNIO-2 task-2 GET /api/path/research HTTP/1.1 200 265 -
[21/Mar/2021:03:24:35 +0700] XNIO-2 task-2 GET /api/path/research HTTP/1.1 200 265 -
[21/Mar/2021:03:26:36 +0700] XNIO-2 task-2 GET /api/path/research HTTP/1.1 200 265 -
[21/Mar/2021:03:26:42 +0700] XNIO-2 task-2 OPTIONS /api/path/research/37 HTTP/1.1 200 - -
[21/Mar/2021:03:26:42 +0700] XNIO-2 task-2 DELETE /api/path/research/37 HTTP/1.1 200 - -
[21/Mar/2021:03:26:42 +0700] XNIO-2 task-2 GET /api/path/research HTTP/1.1 200 29 -
[21/Mar/2021:03:27:01 +0700] XNIO-2 task-2 GET /api/path/research HTTP/1.1 200 29 -
[21/Mar/2021:03:27:02 +0700] XNIO-2 task-2 GET /api/path/research HTTP/1.1 200 29 -
[21/Mar/2021:03:28:02 +0700] XNIO-2 task-2 GET /api/path/research HTTP/1.1 200 29 -
[21/Mar/2021:03:28:29 +0700] XNIO-2 task-2 GET /api/path/research HTTP/1.1 200 29 -
[21/Mar/2021:03:28:32 +0700] XNIO-2 task-2 GET /api/path/research HTTP/1.1 200 29 -
[21/Mar/2021:03:29:16 +0700] XNIO-2 task-2 GET /api/path/research HTTP/1.1 200 29 -
[21/Mar/2021:03:29:18 +0700] XNIO-2 task-2 GET /api/path/research HTTP/1.1 200 29 -
[21/Mar/2021:03:30:16 +0700] XNIO-2 task-2 GET /api/path/research HTTP/1.1 200 29 -
[21/Mar/2021:03:30:18 +0700] XNIO-2 task-2 GET /api/path/research HTTP/1.1 200 29 -
[21/Mar/2021:03:30:29 +0700] XNIO-2 task-2 GET /api/path/research HTTP/1.1 200 29 -
[21/Mar/2021:03:30:37 +0700] XNIO-2 task-2 GET /api/path/research HTTP/1.1 200 29 -
[21/Mar/2021:03:33:33 +0700] XNIO-2 task-2 GET /api/path/research HTTP/1.1 200 29 -
[21/Mar/2021:03:33:35 +0700] XNIO-2 task-2 GET /api/path/research HTTP/1.1 200 29 -
[21/Mar/2021:03:38:17 +0700] XNIO-2 task-2 GET /api/path/research HTTP/1.1 200 29 -
[21/Mar/2021:03:40:11 +0700] XNIO-2 task-2 OPTIONS /api/path/research HTTP/1.1 200 - -
[21/Mar/2021:03:40:11 +0700] XNIO-2 task-2 GET /api/path/research HTTP/1.1 200 29 -
[21/Mar/2021:03:42:30 +0700] XNIO-2 task-2 GET /api/path/research HTTP/1.1 200 29 -
[21/Mar/2021:03:44:12 +0700] XNIO-2 task-2 GET /api/path/research HTTP/1.1 200 29 -
[21/Mar/2021:03:44:16 +0700] XNIO-2 task-2 GET /api/path/research HTTP/1.1 200 29 -
[21/Mar/2021:03:44:20 +0700] XNIO-2 task-2 GET /api/path/research HTTP/1.1 200 29 -
[21/Mar/2021:03:44:21 +0700] XNIO-2 task-2 GET /api/path/research HTTP/1.1 200 29 -
[21/Mar/2021:03:47:29 +0700] XNIO-2 task-2 GET /api/path/research HTTP/1.1 200 29 -
[21/Mar/2021:03:51:34 +0700] XNIO-2 task-2 GET /api/path/research HTTP/1.1 200 29 -
[21/Mar/2021:03:52:42 +0700] XNIO-2 task-2 GET /api/path/research HTTP/1.1 200 29 -
[21/Mar/2021:03:52:51 +0700] XNIO-2 task-2 GET /api/path/research HTTP/1.1 200 29 -
[21/Mar/2021:03:52:58 +0700] XNIO-2 task-2 GET /api/path/research HTTP/1.1 200 29 -
[21/Mar/2021:03:53:01 +0700] XNIO-2 task-2 GET /api/path/research HTTP/1.1 200 29 -
[21/Mar/2021:03:53:25 +0700] XNIO-2 task-2 OPTIONS /api/path/research HTTP/1.1 200 - -
[21/Mar/2021:03:53:25 +0700] XNIO-2 task-2 POST /api/path/research HTTP/1.1 200 261 -
[21/Mar/2021:03:53:25 +0700] XNIO-2 task-2 GET /api/path/research HTTP/1.1 200 263 -
[21/Mar/2021:03:53:27 +0700] XNIO-2 task-2 GET /api/path/file/44 HTTP/1.1 200 29 -
[21/Mar/2021:10:24:35 +0700] XNIO-2 task-2 OPTIONS /api/path/research HTTP/1.1 200 - -
[21/Mar/2021:10:24:35 +0700] XNIO-2 task-2 GET /api/path/research HTTP/1.1 200 263 -
[21/Mar/2021:11:31:24 +0700] XNIO-2 task-2 OPTIONS /api/path/research HTTP/1.1 200 - -
[21/Mar/2021:11:31:24 +0700] XNIO-2 task-2 GET /api/path/research HTTP/1.1 200 263 -
[21/Mar/2021:11:31:32 +0700] XNIO-2 task-2 GET /api/path/research HTTP/1.1 200 263 -
[21/Mar/2021:11:31:34 +0700] XNIO-2 task-2 GET /api/path/research HTTP/1.1 200 263 -
[21/Mar/2021:11:31:42 +0700] XNIO-2 task-2 GET /api/path/research HTTP/1.1 200 263 -
[21/Mar/2021:11:33:09 +0700] XNIO-2 task-2 GET /api/path/research HTTP/1.1 200 263 -
[21/Mar/2021:11:33:10 +0700] XNIO-2 task-2 GET /api/path/research HTTP/1.1 200 263 -
[21/Mar/2021:11:33:11 +0700] XNIO-2 task-2 GET /api/path/file/44 HTTP/1.1 200 29 -
[21/Mar/2021:11:34:50 +0700] XNIO-2 task-2 GET /api/path/research HTTP/1.1 200 263 -
[21/Mar/2021:11:35:01 +0700] XNIO-2 task-2 GET /api/path/research HTTP/1.1 200 263 -
[21/Mar/2021:11:35:07 +0700] XNIO-2 task-2 GET /api/path/research HTTP/1.1 200 263 -
[21/Mar/2021:11:35:13 +0700] XNIO-2 task-2 GET /api/path/research HTTP/1.1 200 263 -
[21/Mar/2021:11:35:24 +0700] XNIO-2 task-2 GET /api/path/research HTTP/1.1 200 263 -
[21/Mar/2021:11:36:23 +0700] XNIO-2 task-2 OPTIONS /api/path/research HTTP/1.1 200 - -
[21/Mar/2021:11:36:23 +0700] XNIO-2 task-2 GET /api/path/research HTTP/1.1 200 263 -
[21/Mar/2021:11:36:27 +0700] XNIO-2 task-2 GET /api/path/file/44 HTTP/1.1 200 29 -
[21/Mar/2021:11:36:42 +0700] XNIO-2 task-2 GET /api/path/file/44 HTTP/1.1 200 29 -
[21/Mar/2021:11:36:51 +0700] XNIO-2 task-2 GET /api/path/file/44 HTTP/1.1 200 29 -
[21/Mar/2021:11:36:54 +0700] XNIO-2 task-2 GET /api/path/research HTTP/1.1 200 263 -
[21/Mar/2021:11:36:56 +0700] XNIO-2 task-2 GET /api/path/file/44 HTTP/1.1 200 29 -
[21/Mar/2021:11:37:06 +0700] XNIO-2 task-2 GET /api/path/research HTTP/1.1 200 263 -
[21/Mar/2021:11:37:07 +0700] XNIO-2 task-2 GET /api/path/file/44 HTTP/1.1 200 29 -
[21/Mar/2021:11:37:49 +0700] XNIO-2 task-2 GET /api/path/research HTTP/1.1 200 263 -
[21/Mar/2021:11:37:52 +0700] XNIO-2 task-2 GET /api/path/research HTTP/1.1 200 263 -
[21/Mar/2021:11:38:03 +0700] XNIO-2 task-2 GET /api/path/research HTTP/1.1 200 263 -
[21/Mar/2021:11:38:04 +0700] XNIO-2 task-2 GET /api/path/research HTTP/1.1 200 263 -
[21/Mar/2021:11:38:22 +0700] XNIO-2 task-2 GET /api/path/research HTTP/1.1 200 263 -
[21/Mar/2021:11:38:26 +0700] XNIO-2 task-2 GET /api/path/research HTTP/1.1 200 263 -
[21/Mar/2021:11:38:47 +0700] XNIO-2 task-2 GET /api/path/research HTTP/1.1 200 263 -
[21/Mar/2021:11:38:50 +0700] XNIO-2 task-2 GET /api/path/research HTTP/1.1 200 263 -
[21/Mar/2021:11:39:06 +0700] XNIO-2 task-2 GET /api/path/research HTTP/1.1 200 263 -
[21/Mar/2021:11:39:08 +0700] XNIO-2 task-2 GET /api/path/research HTTP/1.1 200 263 -
[21/Mar/2021:11:39:27 +0700] XNIO-2 task-2 GET /api/path/research HTTP/1.1 200 263 -
[21/Mar/2021:11:39:28 +0700] XNIO-2 task-2 GET /api/path/research HTTP/1.1 200 263 -
[21/Mar/2021:11:39:49 +0700] XNIO-2 task-2 GET /api/path/research HTTP/1.1 200 263 -
[21/Mar/2021:11:39:53 +0700] XNIO-2 task-2 GET /api/path/research HTTP/1.1 200 263 -
[21/Mar/2021:11:40:02 +0700] XNIO-2 task-2 GET /api/path/research HTTP/1.1 200 263 -
[21/Mar/2021:11:40:05 +0700] XNIO-2 task-2 GET /api/path/research HTTP/1.1 200 263 -
[21/Mar/2021:11:40:14 +0700] XNIO-2 task-2 GET /api/path/research HTTP/1.1 200 263 -
[21/Mar/2021:11:40:21 +0700] XNIO-2 task-2 GET /api/path/research HTTP/1.1 200 263 -
[21/Mar/2021:11:40:22 +0700] XNIO-2 task-2 GET /api/path/research HTTP/1.1 200 263 -
[21/Mar/2021:11:40:41 +0700] XNIO-2 task-2 GET /api/path/research HTTP/1.1 200 263 -
[21/Mar/2021:11:40:42 +0700] XNIO-2 task-2 GET /api/path/research HTTP/1.1 200 263 -
[21/Mar/2021:11:40:53 +0700] XNIO-2 task-2 GET /api/path/research HTTP/1.1 200 263 -
[21/Mar/2021:11:41:00 +0700] XNIO-2 task-2 GET /api/path/research HTTP/1.1 200 263 -
[21/Mar/2021:11:41:12 +0700] XNIO-2 task-2 GET /api/path/research HTTP/1.1 200 263 -
[21/Mar/2021:11:41:21 +0700] XNIO-2 task-2 GET /api/path/research HTTP/1.1 200 263 -
[21/Mar/2021:11:41:23 +0700] XNIO-2 task-2 GET /api/path/research HTTP/1.1 200 263 -
[21/Mar/2021:11:42:45 +0700] XNIO-2 task-2 GET /api/path/research HTTP/1.1 200 263 -
[21/Mar/2021:11:42:53 +0700] XNIO-2 task-2 GET /api/path/research HTTP/1.1 200 263 -
[21/Mar/2021:11:42:56 +0700] XNIO-2 task-2 GET /api/path/research HTTP/1.1 200 263 -
[21/Mar/2021:11:43:29 +0700] XNIO-2 task-2 GET /api/path/research HTTP/1.1 200 263 -
[21/Mar/2021:11:43:37 +0700] XNIO-2 task-2 GET /api/path/research HTTP/1.1 200 263 -
[21/Mar/2021:11:43:39 +0700] XNIO-2 task-2 GET /api/path/research HTTP/1.1 200 263 -
[21/Mar/2021:11:43:52 +0700] XNIO-2 task-2 GET /api/path/research HTTP/1.1 200 263 -
[21/Mar/2021:11:43:53 +0700] XNIO-2 task-2 GET /api/path/research HTTP/1.1 200 263 -
[21/Mar/2021:11:44:04 +0700] XNIO-2 task-2 GET /api/path/research HTTP/1.1 200 263 -
[21/Mar/2021:11:44:05 +0700] XNIO-2 task-2 GET /api/path/research HTTP/1.1 200 263 -
[21/Mar/2021:11:44:08 +0700] XNIO-2 task-2 GET /api/path/research HTTP/1.1 200 263 -
[21/Mar/2021:11:44:12 +0700] XNIO-2 task-2 GET /api/path/research HTTP/1.1 200 263 -
[21/Mar/2021:11:44:17 +0700] XNIO-2 task-2 GET /api/path/research HTTP/1.1 200 263 -
[21/Mar/2021:11:44:37 +0700] XNIO-2 task-2 GET /api/path/research HTTP/1.1 200 263 -
[21/Mar/2021:11:44:40 +0700] XNIO-2 task-2 GET /api/path/research HTTP/1.1 200 263 -
[21/Mar/2021:11:44:59 +0700] XNIO-2 task-2 GET /api/path/research HTTP/1.1 200 263 -
[21/Mar/2021:11:45:06 +0700] XNIO-2 task-2 GET /api/path/research HTTP/1.1 200 263 -
[21/Mar/2021:11:45:08 +0700] XNIO-2 task-2 GET /api/path/research HTTP/1.1 200 263 -
[21/Mar/2021:11:45:10 +0700] XNIO-2 task-2 GET /api/path/research HTTP/1.1 200 263 -
[21/Mar/2021:11:45:31 +0700] XNIO-2 task-2 GET /api/path/research HTTP/1.1 200 263 -
[21/Mar/2021:11:45:33 +0700] XNIO-2 task-2 GET /api/path/file/44 HTTP/1.1 200 29 -
[21/Mar/2021:11:45:38 +0700] XNIO-2 task-2 OPTIONS /api/path/file HTTP/1.1 200 - -
[21/Mar/2021:11:45:38 +0700] XNIO-2 task-2 POST /api/path/file HTTP/1.1 500 1992 -
[21/Mar/2021:11:45:45 +0700] XNIO-2 task-1 GET /api/path/research HTTP/1.1 200 263 -
[21/Mar/2021:11:45:46 +0700] XNIO-2 task-1 GET /api/path/file/44 HTTP/1.1 200 29 -
[21/Mar/2021:11:45:54 +0700] XNIO-2 task-1 POST /api/path/file HTTP/1.1 200 145 -
[21/Mar/2021:11:45:54 +0700] XNIO-2 task-2 GET /api/path/file/pr/44 HTTP/1.1 200 261 -
[21/Mar/2021:11:45:54 +0700] XNIO-2 task-2 GET /api/path/research HTTP/1.1 200 264 -
[21/Mar/2021:11:45:58 +0700] XNIO-2 task-2 GET /api/path/file/44 HTTP/1.1 200 305 -
[21/Mar/2021:11:46:04 +0700] XNIO-2 task-2 POST /api/path/file HTTP/1.1 500 1992 -
[21/Mar/2021:11:46:12 +0700] XNIO-2 task-1 GET /api/path/research HTTP/1.1 200 264 -
[21/Mar/2021:11:46:51 +0700] XNIO-2 task-1 GET /api/path/research HTTP/1.1 200 264 -
[21/Mar/2021:11:46:53 +0700] XNIO-2 task-1 GET /api/path/research HTTP/1.1 200 264 -
[21/Mar/2021:11:47:12 +0700] XNIO-2 task-1 GET /api/path/research HTTP/1.1 200 264 -
[21/Mar/2021:11:47:36 +0700] XNIO-2 task-1 GET /api/path/research HTTP/1.1 200 264 -
[21/Mar/2021:11:47:58 +0700] XNIO-2 task-1 GET /api/path/research HTTP/1.1 200 264 -
[21/Mar/2021:11:47:59 +0700] XNIO-2 task-1 GET /api/path/research HTTP/1.1 200 264 -
[21/Mar/2021:11:48:01 +0700] XNIO-2 task-1 GET /api/path/research HTTP/1.1 200 264 -
[21/Mar/2021:11:48:03 +0700] XNIO-2 task-1 GET /api/path/file/44 HTTP/1.1 200 305 -
[21/Mar/2021:11:48:09 +0700] XNIO-2 task-1 POST /api/path/file HTTP/1.1 500 1992 -
[21/Mar/2021:11:49:11 +0700] XNIO-2 task-2 GET /api/path/research HTTP/1.1 200 264 -
[21/Mar/2021:11:49:12 +0700] XNIO-2 task-2 GET /api/path/file/44 HTTP/1.1 200 305 -
[21/Mar/2021:11:49:19 +0700] XNIO-2 task-2 POST /api/path/file HTTP/1.1 200 145 -
[21/Mar/2021:11:49:19 +0700] XNIO-2 task-1 GET /api/path/file/pr/44 HTTP/1.1 200 261 -
[21/Mar/2021:11:49:19 +0700] XNIO-2 task-1 GET /api/path/research HTTP/1.1 200 263 -
[21/Mar/2021:12:56:50 +0700] XNIO-2 task-1 OPTIONS /api/path/research HTTP/1.1 200 - -
[21/Mar/2021:12:56:50 +0700] XNIO-2 task-1 GET /api/path/research HTTP/1.1 200 263 -
[21/Mar/2021:12:56:52 +0700] XNIO-2 task-1 GET /api/path/file/44 HTTP/1.1 200 331 -
[21/Mar/2021:12:57:01 +0700] XNIO-2 task-1 GET /api/path/file/44 HTTP/1.1 200 331 -
[21/Mar/2021:12:57:05 +0700] XNIO-2 task-1 OPTIONS /api/path/file HTTP/1.1 200 - -
[21/Mar/2021:12:57:06 +0700] XNIO-2 task-1 POST /api/path/file HTTP/1.1 200 137 -
[21/Mar/2021:12:57:07 +0700] XNIO-2 task-2 GET /api/path/file/pr/44 HTTP/1.1 200 261 -
[21/Mar/2021:12:57:07 +0700] XNIO-2 task-2 GET /api/path/research HTTP/1.1 200 264 -
[21/Mar/2021:12:57:11 +0700] XNIO-2 task-2 GET /api/path/file/44 HTTP/1.1 200 346 -
[21/Mar/2021:12:57:16 +0700] XNIO-2 task-2 POST /api/path/file HTTP/1.1 500 1993 -
[21/Mar/2021:12:57:40 +0700] XNIO-2 task-1 GET /api/path/research HTTP/1.1 200 264 -
[21/Mar/2021:13:06:08 +0700] XNIO-2 task-1 GET /api/path/research HTTP/1.1 200 264 -
[21/Mar/2021:13:06:13 +0700] XNIO-2 task-1 GET /api/path/file/44 HTTP/1.1 200 346 -
[21/Mar/2021:13:06:19 +0700] XNIO-2 task-1 POST /api/path/file HTTP/1.1 200 137 -
[21/Mar/2021:13:06:19 +0700] XNIO-2 task-2 GET /api/path/file/pr/44 HTTP/1.1 200 262 -
[21/Mar/2021:13:06:19 +0700] XNIO-2 task-2 GET /api/path/research HTTP/1.1 200 264 -
[21/Mar/2021:13:06:38 +0700] XNIO-2 task-2 GET /api/path/research HTTP/1.1 200 264 -
[21/Mar/2021:13:06:41 +0700] XNIO-2 task-2 GET /api/path/file/44 HTTP/1.1 200 358 -
[21/Mar/2021:13:06:51 +0700] XNIO-2 task-2 POST /api/path/file HTTP/1.1 200 145 -
[21/Mar/2021:13:06:51 +0700] XNIO-2 task-1 GET /api/path/file/pr/44 HTTP/1.1 200 261 -
[21/Mar/2021:13:07:36 +0700] XNIO-2 task-1 GET /api/path/research HTTP/1.1 200 264 -
[21/Mar/2021:13:07:38 +0700] XNIO-2 task-1 GET /api/path/file/44 HTTP/1.1 200 373 -
[21/Mar/2021:13:07:41 +0700] XNIO-2 task-1 GET /api/path/file/44 HTTP/1.1 200 373 -
[21/Mar/2021:13:07:47 +0700] XNIO-2 task-1 GET /api/path/file/44 HTTP/1.1 200 373 -
[21/Mar/2021:13:23:25 +0700] XNIO-2 task-1 GET /api/path/research HTTP/1.1 200 264 -
[21/Mar/2021:13:29:03 +0700] XNIO-2 task-1 GET /api/path/research HTTP/1.1 200 264 -
[21/Mar/2021:13:29:05 +0700] XNIO-2 task-1 GET /api/path/research HTTP/1.1 200 264 -
[21/Mar/2021:16:14:29 +0700] XNIO-2 task-1 OPTIONS /api/path/research HTTP/1.1 200 - -
[21/Mar/2021:16:14:29 +0700] XNIO-2 task-1 GET /api/path/research HTTP/1.1 200 264 -
[21/Mar/2021:16:14:31 +0700] XNIO-2 task-1 GET /api/path/research HTTP/1.1 200 264 -
[21/Mar/2021:16:14:33 +0700] XNIO-2 task-1 GET /api/path/file/44 HTTP/1.1 200 373 -
[21/Mar/2021:16:27:02 +0700] XNIO-2 task-1 GET /api/path/file/44 HTTP/1.1 200 373 -
[21/Mar/2021:16:28:17 +0700] XNIO-2 task-1 GET /api/path/research HTTP/1.1 200 264 -
