[16/Feb/2021:00:38:39 +0700] XNIO-2 task-1 GET /api/path/research/4 HTTP/1.1 200 315 -
[16/Feb/2021:00:38:39 +0700] XNIO-2 task-2 GET /api/path/file/4 HTTP/1.1 200 564 -
[16/Feb/2021:00:40:58 +0700] XNIO-2 task-2 GET /api/path/research/4 HTTP/1.1 200 315 -
[16/Feb/2021:00:40:58 +0700] XNIO-2 task-1 GET /api/path/file/4 HTTP/1.1 200 564 -
[16/Feb/2021:00:40:58 +0700] XNIO-2 task-2 GET /api/path/research/4 HTTP/1.1 200 315 -
[16/Feb/2021:00:40:58 +0700] XNIO-2 task-1 GET /api/path/file/4 HTTP/1.1 200 564 -
[16/Feb/2021:00:41:06 +0700] XNIO-2 task-1 GET /api/path/research/4 HTTP/1.1 200 315 -
[16/Feb/2021:00:41:06 +0700] XNIO-2 task-2 GET /api/path/file/4 HTTP/1.1 200 564 -
[16/Feb/2021:00:41:06 +0700] XNIO-2 task-1 GET /api/path/research/4 HTTP/1.1 200 315 -
[16/Feb/2021:00:41:06 +0700] XNIO-2 task-2 GET /api/path/file/4 HTTP/1.1 200 564 -
[16/Feb/2021:00:42:28 +0700] XNIO-2 task-2 GET /api/path/research/4 HTTP/1.1 200 315 -
[16/Feb/2021:00:42:28 +0700] XNIO-2 task-1 GET /api/path/file/4 HTTP/1.1 200 564 -
[16/Feb/2021:00:42:28 +0700] XNIO-2 task-2 GET /api/path/research/4 HTTP/1.1 200 315 -
[16/Feb/2021:00:42:28 +0700] XNIO-2 task-1 GET /api/path/file/4 HTTP/1.1 200 564 -
[16/Feb/2021:00:43:24 +0700] XNIO-2 task-1 GET /api/path/research/4 HTTP/1.1 200 315 -
[16/Feb/2021:00:43:24 +0700] XNIO-2 task-2 GET /api/path/file/4 HTTP/1.1 200 564 -
[16/Feb/2021:00:43:24 +0700] XNIO-2 task-2 GET /api/path/research/4 HTTP/1.1 200 315 -
[16/Feb/2021:00:43:24 +0700] XNIO-2 task-1 GET /api/path/file/4 HTTP/1.1 200 564 -
[16/Feb/2021:00:43:26 +0700] XNIO-2 task-1 GET /api/path/research/4 HTTP/1.1 200 315 -
[16/Feb/2021:00:43:26 +0700] XNIO-2 task-2 GET /api/path/file/4 HTTP/1.1 200 564 -
[16/Feb/2021:00:43:26 +0700] XNIO-2 task-2 GET /api/path/research/4 HTTP/1.1 200 315 -
[16/Feb/2021:00:43:26 +0700] XNIO-2 task-1 GET /api/path/file/4 HTTP/1.1 200 564 -
[16/Feb/2021:00:43:29 +0700] XNIO-2 task-1 GET /api/path/research/4 HTTP/1.1 200 315 -
[16/Feb/2021:00:43:29 +0700] XNIO-2 task-2 GET /api/path/file/4 HTTP/1.1 200 564 -
[16/Feb/2021:00:43:29 +0700] XNIO-2 task-2 GET /api/path/research/4 HTTP/1.1 200 315 -
[16/Feb/2021:00:43:29 +0700] XNIO-2 task-1 GET /api/path/file/4 HTTP/1.1 200 564 -
[16/Feb/2021:00:44:56 +0700] XNIO-2 task-1 GET /api/path/research/4 HTTP/1.1 200 315 -
[16/Feb/2021:00:44:56 +0700] XNIO-2 task-2 GET /api/path/file/4 HTTP/1.1 200 564 -
[16/Feb/2021:00:44:56 +0700] XNIO-2 task-2 GET /api/path/research/4 HTTP/1.1 200 315 -
[16/Feb/2021:00:44:56 +0700] XNIO-2 task-1 GET /api/path/file/4 HTTP/1.1 200 564 -
[16/Feb/2021:00:44:58 +0700] XNIO-2 task-1 GET /api/path/research/4 HTTP/1.1 200 315 -
[16/Feb/2021:00:44:58 +0700] XNIO-2 task-2 GET /api/path/file/4 HTTP/1.1 200 564 -
[16/Feb/2021:00:44:58 +0700] XNIO-2 task-2 GET /api/path/research/4 HTTP/1.1 200 315 -
[16/Feb/2021:00:44:58 +0700] XNIO-2 task-1 GET /api/path/file/4 HTTP/1.1 200 564 -
[16/Feb/2021:00:47:32 +0700] XNIO-2 task-1 GET /api/path/research/4 HTTP/1.1 200 315 -
[16/Feb/2021:00:47:32 +0700] XNIO-2 task-2 GET /api/path/file/4 HTTP/1.1 200 564 -
[16/Feb/2021:00:47:32 +0700] XNIO-2 task-1 GET /api/path/research/4 HTTP/1.1 200 315 -
[16/Feb/2021:00:47:32 +0700] XNIO-2 task-2 GET /api/path/file/4 HTTP/1.1 200 564 -
[16/Feb/2021:00:47:39 +0700] XNIO-2 task-2 GET /api/path/research/4 HTTP/1.1 200 315 -
[16/Feb/2021:00:47:39 +0700] XNIO-2 task-1 GET /api/path/file/4 HTTP/1.1 200 564 -
[16/Feb/2021:00:47:39 +0700] XNIO-2 task-1 GET /api/path/research/4 HTTP/1.1 200 315 -
[16/Feb/2021:00:47:39 +0700] XNIO-2 task-2 GET /api/path/file/4 HTTP/1.1 200 564 -
[16/Feb/2021:00:48:35 +0700] XNIO-2 task-2 GET /api/path/research/4 HTTP/1.1 200 315 -
[16/Feb/2021:00:48:35 +0700] XNIO-2 task-1 GET /api/path/file/4 HTTP/1.1 200 564 -
[16/Feb/2021:00:48:35 +0700] XNIO-2 task-1 GET /api/path/research/4 HTTP/1.1 200 315 -
[16/Feb/2021:00:48:35 +0700] XNIO-2 task-2 GET /api/path/file/4 HTTP/1.1 200 564 -
[16/Feb/2021:00:54:44 +0700] XNIO-2 task-2 GET /api/path/research/4 HTTP/1.1 200 315 -
[16/Feb/2021:00:54:44 +0700] XNIO-2 task-1 GET /api/path/file/4 HTTP/1.1 200 564 -
[16/Feb/2021:00:54:44 +0700] XNIO-2 task-1 GET /api/path/research/4 HTTP/1.1 200 315 -
[16/Feb/2021:00:54:44 +0700] XNIO-2 task-2 GET /api/path/file/4 HTTP/1.1 200 564 -
[16/Feb/2021:00:55:42 +0700] XNIO-2 task-2 GET /api/path/research/4 HTTP/1.1 200 315 -
[16/Feb/2021:00:55:42 +0700] XNIO-2 task-1 GET /api/path/file/4 HTTP/1.1 200 564 -
[16/Feb/2021:00:55:42 +0700] XNIO-2 task-1 GET /api/path/research/4 HTTP/1.1 200 315 -
[16/Feb/2021:00:55:42 +0700] XNIO-2 task-2 GET /api/path/file/4 HTTP/1.1 200 564 -
[16/Feb/2021:00:56:04 +0700] XNIO-2 task-1 GET /api/path/research/4 HTTP/1.1 200 315 -
[16/Feb/2021:00:56:04 +0700] XNIO-2 task-2 GET /api/path/file/4 HTTP/1.1 200 564 -
[16/Feb/2021:00:56:04 +0700] XNIO-2 task-2 GET /api/path/research/4 HTTP/1.1 200 315 -
[16/Feb/2021:00:56:04 +0700] XNIO-2 task-1 GET /api/path/file/4 HTTP/1.1 200 564 -
[16/Feb/2021:00:57:35 +0700] XNIO-2 task-1 GET /api/path/research/4 HTTP/1.1 200 315 -
[16/Feb/2021:00:57:35 +0700] XNIO-2 task-2 GET /api/path/file/4 HTTP/1.1 200 564 -
[16/Feb/2021:00:57:37 +0700] XNIO-2 task-1 GET /api/path/research/4 HTTP/1.1 200 315 -
[16/Feb/2021:00:57:37 +0700] XNIO-2 task-2 GET /api/path/file/4 HTTP/1.1 200 564 -
[16/Feb/2021:00:58:11 +0700] XNIO-2 task-2 GET /api/path/research/4 HTTP/1.1 200 315 -
[16/Feb/2021:00:58:11 +0700] XNIO-2 task-1 GET /api/path/file/4 HTTP/1.1 200 564 -
[16/Feb/2021:00:58:30 +0700] XNIO-2 task-1 GET /api/path/research/4 HTTP/1.1 200 315 -
[16/Feb/2021:00:58:30 +0700] XNIO-2 task-2 GET /api/path/file/4 HTTP/1.1 200 564 -
[16/Feb/2021:00:58:36 +0700] XNIO-2 task-2 GET /api/path/research/4 HTTP/1.1 200 315 -
[16/Feb/2021:00:58:36 +0700] XNIO-2 task-1 GET /api/path/file/4 HTTP/1.1 200 564 -
[16/Feb/2021:00:58:48 +0700] XNIO-2 task-1 GET /api/path/research/4 HTTP/1.1 200 315 -
[16/Feb/2021:00:58:48 +0700] XNIO-2 task-1 GET /api/path/file/4 HTTP/1.1 200 564 -
[16/Feb/2021:00:58:53 +0700] XNIO-2 task-1 GET /api/path/research/4 HTTP/1.1 200 315 -
[16/Feb/2021:00:58:53 +0700] XNIO-2 task-2 GET /api/path/file/4 HTTP/1.1 200 564 -
[16/Feb/2021:00:59:06 +0700] XNIO-2 task-2 GET /api/path/research/4 HTTP/1.1 200 315 -
[16/Feb/2021:00:59:06 +0700] XNIO-2 task-1 GET /api/path/file/4 HTTP/1.1 200 564 -
[16/Feb/2021:00:59:08 +0700] XNIO-2 task-2 GET /api/path/research/4 HTTP/1.1 200 315 -
[16/Feb/2021:00:59:08 +0700] XNIO-2 task-1 GET /api/path/file/4 HTTP/1.1 200 564 -
[16/Feb/2021:01:00:02 +0700] XNIO-2 task-1 GET /api/path/research/4 HTTP/1.1 200 315 -
[16/Feb/2021:01:00:02 +0700] XNIO-2 task-2 GET /api/path/file/4 HTTP/1.1 200 564 -
[16/Feb/2021:01:00:09 +0700] XNIO-2 task-1 GET /api/path/research/4 HTTP/1.1 200 315 -
[16/Feb/2021:01:00:09 +0700] XNIO-2 task-2 GET /api/path/file/4 HTTP/1.1 200 564 -
[16/Feb/2021:01:00:14 +0700] XNIO-2 task-2 GET /api/path/research/4 HTTP/1.1 200 315 -
[16/Feb/2021:01:00:14 +0700] XNIO-2 task-1 GET /api/path/file/4 HTTP/1.1 200 564 -
[16/Feb/2021:01:00:17 +0700] XNIO-2 task-2 GET /api/path/research/4 HTTP/1.1 200 315 -
[16/Feb/2021:01:00:17 +0700] XNIO-2 task-1 GET /api/path/file/4 HTTP/1.1 200 564 -
[16/Feb/2021:01:00:49 +0700] XNIO-2 task-1 GET /api/path/research/4 HTTP/1.1 200 315 -
[16/Feb/2021:01:00:49 +0700] XNIO-2 task-2 GET /api/path/file/4 HTTP/1.1 200 564 -
[16/Feb/2021:01:00:50 +0700] XNIO-2 task-1 GET /api/path/research/4 HTTP/1.1 200 315 -
[16/Feb/2021:01:00:50 +0700] XNIO-2 task-2 GET /api/path/file/4 HTTP/1.1 200 564 -
[16/Feb/2021:01:03:38 +0700] XNIO-2 task-2 GET /api/path/research/4 HTTP/1.1 200 315 -
[16/Feb/2021:01:03:38 +0700] XNIO-2 task-1 GET /api/path/file/4 HTTP/1.1 200 564 -
[16/Feb/2021:01:04:29 +0700] XNIO-2 task-1 GET /api/path/research/4 HTTP/1.1 200 315 -
[16/Feb/2021:01:04:29 +0700] XNIO-2 task-2 GET /api/path/file/4 HTTP/1.1 200 564 -
[16/Feb/2021:01:06:04 +0700] XNIO-2 task-2 OPTIONS /api/path/research HTTP/1.1 200 - -
[16/Feb/2021:01:06:04 +0700] XNIO-2 task-2 GET /api/path/research HTTP/1.1 200 398 -
[16/Feb/2021:01:06:07 +0700] XNIO-2 task-2 GET /api/path/research/4 HTTP/1.1 200 315 -
[16/Feb/2021:01:06:07 +0700] XNIO-2 task-1 GET /api/path/file/4 HTTP/1.1 200 564 -
[16/Feb/2021:01:06:39 +0700] XNIO-2 task-1 GET /api/path/research/4 HTTP/1.1 200 315 -
[16/Feb/2021:01:06:39 +0700] XNIO-2 task-2 GET /api/path/file/4 HTTP/1.1 200 564 -
[16/Feb/2021:01:08:22 +0700] XNIO-2 task-2 GET /api/path/research/4 HTTP/1.1 200 315 -
[16/Feb/2021:01:08:22 +0700] XNIO-2 task-1 GET /api/path/file/4 HTTP/1.1 200 564 -
[16/Feb/2021:01:09:00 +0700] XNIO-2 task-2 GET /api/path/research/4 HTTP/1.1 200 315 -
[16/Feb/2021:01:09:00 +0700] XNIO-2 task-1 GET /api/path/file/4 HTTP/1.1 200 564 -
[16/Feb/2021:01:10:10 +0700] XNIO-2 task-1 GET /api/path/research/4 HTTP/1.1 200 315 -
[16/Feb/2021:01:10:10 +0700] XNIO-2 task-2 GET /api/path/file/4 HTTP/1.1 200 564 -
[16/Feb/2021:01:10:32 +0700] XNIO-2 task-1 GET /api/path/research/4 HTTP/1.1 200 315 -
[16/Feb/2021:01:10:32 +0700] XNIO-2 task-2 GET /api/path/file/4 HTTP/1.1 200 564 -
[16/Feb/2021:01:11:00 +0700] XNIO-2 task-2 GET /api/path/research/4 HTTP/1.1 200 315 -
[16/Feb/2021:01:11:00 +0700] XNIO-2 task-1 GET /api/path/file/4 HTTP/1.1 200 564 -
[16/Feb/2021:01:11:04 +0700] XNIO-2 task-1 GET /api/path/research/4 HTTP/1.1 200 315 -
[16/Feb/2021:01:11:04 +0700] XNIO-2 task-2 GET /api/path/file/4 HTTP/1.1 200 564 -
[16/Feb/2021:01:11:08 +0700] XNIO-2 task-2 GET /api/path/research/4 HTTP/1.1 200 315 -
[16/Feb/2021:01:11:08 +0700] XNIO-2 task-1 GET /api/path/file/4 HTTP/1.1 200 564 -
[16/Feb/2021:01:11:27 +0700] XNIO-2 task-1 GET /api/path/research/4 HTTP/1.1 200 315 -
[16/Feb/2021:01:11:27 +0700] XNIO-2 task-2 GET /api/path/file/4 HTTP/1.1 200 564 -
[16/Feb/2021:01:12:50 +0700] XNIO-2 task-2 GET /api/path/research/4 HTTP/1.1 200 315 -
[16/Feb/2021:01:12:50 +0700] XNIO-2 task-1 GET /api/path/file/4 HTTP/1.1 200 564 -
[16/Feb/2021:01:27:28 +0700] XNIO-2 task-1 GET /api/path/research/4 HTTP/1.1 200 315 -
[16/Feb/2021:01:27:28 +0700] XNIO-2 task-2 GET /api/path/file/4 HTTP/1.1 200 564 -
[16/Feb/2021:01:27:30 +0700] XNIO-2 task-2 GET /api/path/research/4 HTTP/1.1 200 315 -
[16/Feb/2021:01:27:30 +0700] XNIO-2 task-1 GET /api/path/file/4 HTTP/1.1 200 564 -
[16/Feb/2021:01:28:45 +0700] XNIO-2 task-1 GET /api/path/research/4 HTTP/1.1 200 315 -
[16/Feb/2021:01:28:45 +0700] XNIO-2 task-2 GET /api/path/file/4 HTTP/1.1 200 564 -
[16/Feb/2021:01:30:26 +0700] XNIO-2 task-2 GET /api/path/research HTTP/1.1 200 398 -
[16/Feb/2021:01:30:27 +0700] XNIO-2 task-2 GET /api/path/research/6 HTTP/1.1 200 322 -
[16/Feb/2021:01:30:27 +0700] XNIO-2 task-1 GET /api/path/file/6 HTTP/1.1 200 604 -
[16/Feb/2021:01:33:16 +0700] XNIO-2 task-1 GET /api/path/research/6 HTTP/1.1 200 322 -
[16/Feb/2021:01:33:16 +0700] XNIO-2 task-2 GET /api/path/file/6 HTTP/1.1 200 604 -
[16/Feb/2021:01:33:21 +0700] XNIO-2 task-2 GET /api/path/research/6 HTTP/1.1 200 322 -
[16/Feb/2021:01:33:21 +0700] XNIO-2 task-1 GET /api/path/file/6 HTTP/1.1 200 604 -
[16/Feb/2021:01:33:28 +0700] XNIO-2 task-1 GET /api/path/research/6 HTTP/1.1 200 322 -
[16/Feb/2021:01:33:28 +0700] XNIO-2 task-2 GET /api/path/file/6 HTTP/1.1 200 604 -
[16/Feb/2021:01:33:30 +0700] XNIO-2 task-2 GET /api/path/research/6 HTTP/1.1 200 322 -
[16/Feb/2021:01:33:30 +0700] XNIO-2 task-1 GET /api/path/file/6 HTTP/1.1 200 604 -
[16/Feb/2021:01:34:06 +0700] XNIO-2 task-2 GET /api/path/research/6 HTTP/1.1 200 322 -
[16/Feb/2021:01:34:06 +0700] XNIO-2 task-1 GET /api/path/file/6 HTTP/1.1 200 604 -
[16/Feb/2021:01:36:18 +0700] XNIO-2 task-1 GET /api/path/research/6 HTTP/1.1 200 322 -
[16/Feb/2021:01:36:18 +0700] XNIO-2 task-2 GET /api/path/file/6 HTTP/1.1 200 604 -
[16/Feb/2021:01:38:28 +0700] XNIO-2 task-2 GET /api/path/research/6 HTTP/1.1 200 322 -
[16/Feb/2021:01:38:28 +0700] XNIO-2 task-1 GET /api/path/file/6 HTTP/1.1 200 604 -
[16/Feb/2021:01:45:25 +0700] XNIO-2 task-1 GET /api/path/research HTTP/1.1 200 398 -
[16/Feb/2021:01:45:28 +0700] XNIO-2 task-2 GET /api/path/file/4 HTTP/1.1 200 564 -
[16/Feb/2021:01:45:28 +0700] XNIO-2 task-1 GET /api/path/research/4 HTTP/1.1 200 315 -
[16/Feb/2021:01:45:38 +0700] XNIO-2 task-1 GET /api/path/research HTTP/1.1 200 398 -
[16/Feb/2021:01:45:40 +0700] XNIO-2 task-1 GET /api/path/research HTTP/1.1 200 398 -
[16/Feb/2021:01:52:26 +0700] XNIO-2 task-1 GET /api/path/research HTTP/1.1 200 398 -
[16/Feb/2021:01:53:51 +0700] XNIO-2 task-1 POST /api/path/file HTTP/1.1 200 10 -
[16/Feb/2021:01:54:02 +0700] XNIO-2 task-1 GET /api/path/research/4 HTTP/1.1 200 315 -
[16/Feb/2021:01:54:02 +0700] XNIO-2 task-2 GET /api/path/file/4 HTTP/1.1 200 564 -
[16/Feb/2021:01:55:46 +0700] XNIO-2 task-2 GET /api/path/research/4 HTTP/1.1 200 315 -
[16/Feb/2021:01:55:46 +0700] XNIO-2 task-2 GET /api/path/file/4 HTTP/1.1 200 564 -
[16/Feb/2021:01:56:01 +0700] XNIO-2 task-2 GET /api/path/research/4 HTTP/1.1 200 315 -
[16/Feb/2021:01:56:01 +0700] XNIO-2 task-1 GET /api/path/file/4 HTTP/1.1 200 564 -
[16/Feb/2021:01:59:22 +0700] XNIO-2 task-1 GET /api/path/research/4 HTTP/1.1 200 315 -
[16/Feb/2021:01:59:22 +0700] XNIO-2 task-2 GET /api/path/file/4 HTTP/1.1 200 564 -
[16/Feb/2021:01:59:23 +0700] XNIO-2 task-2 GET /api/path/research/4 HTTP/1.1 200 315 -
[16/Feb/2021:01:59:23 +0700] XNIO-2 task-1 GET /api/path/file/4 HTTP/1.1 200 564 -
[16/Feb/2021:01:59:53 +0700] XNIO-2 task-1 GET /api/path/research/4 HTTP/1.1 200 315 -
[16/Feb/2021:01:59:53 +0700] XNIO-2 task-2 GET /api/path/file/4 HTTP/1.1 200 564 -
[16/Feb/2021:02:00:05 +0700] XNIO-2 task-1 GET /api/path/research/4 HTTP/1.1 200 315 -
[16/Feb/2021:02:00:05 +0700] XNIO-2 task-2 GET /api/path/file/4 HTTP/1.1 200 564 -
[16/Feb/2021:02:00:06 +0700] XNIO-2 task-2 GET /api/path/research/4 HTTP/1.1 200 315 -
[16/Feb/2021:02:00:06 +0700] XNIO-2 task-1 GET /api/path/file/4 HTTP/1.1 200 564 -
[16/Feb/2021:02:00:23 +0700] XNIO-2 task-1 GET /api/path/research/4 HTTP/1.1 200 315 -
[16/Feb/2021:02:00:23 +0700] XNIO-2 task-2 GET /api/path/file/4 HTTP/1.1 200 564 -
[16/Feb/2021:02:00:24 +0700] XNIO-2 task-2 GET /api/path/research/4 HTTP/1.1 200 315 -
[16/Feb/2021:02:00:24 +0700] XNIO-2 task-1 GET /api/path/file/4 HTTP/1.1 200 564 -
[16/Feb/2021:02:00:38 +0700] XNIO-2 task-1 POST /api/upload HTTP/1.1 404 137 -
[16/Feb/2021:02:01:16 +0700] XNIO-2 task-1 POST /api/upload HTTP/1.1 404 138 -
[16/Feb/2021:02:01:55 +0700] XNIO-2 task-1 GET /api/path/research/4 HTTP/1.1 200 315 -
[16/Feb/2021:02:01:55 +0700] XNIO-2 task-2 GET /api/path/file/4 HTTP/1.1 200 564 -
[16/Feb/2021:02:02:07 +0700] XNIO-2 task-2 POST /api/path/file HTTP/1.1 500 168 -
[16/Feb/2021:02:04:51 +0700] XNIO-2 task-1 POST /api/path/file HTTP/1.1 500 - -
[16/Feb/2021:02:06:56 +0700] XNIO-2 task-1 POST /api/path/file HTTP/1.1 500 168 -
[16/Feb/2021:02:07:37 +0700] XNIO-2 task-1 POST /api/path/file HTTP/1.1 200 10 -
[16/Feb/2021:02:08:46 +0700] XNIO-2 task-2 GET /api/path/research/4 HTTP/1.1 200 315 -
[16/Feb/2021:02:08:46 +0700] XNIO-2 task-1 GET /api/path/file/4 HTTP/1.1 200 564 -
[16/Feb/2021:02:08:53 +0700] XNIO-2 task-1 GET /api/path/research/4 HTTP/1.1 200 315 -
[16/Feb/2021:02:08:53 +0700] XNIO-2 task-2 GET /api/path/file/4 HTTP/1.1 200 564 -
[16/Feb/2021:02:09:00 +0700] XNIO-2 task-2 POST /api/path/file HTTP/1.1 500 168 -
[16/Feb/2021:02:16:47 +0700] XNIO-2 task-2 GET /api/path/research/4 HTTP/1.1 200 315 -
[16/Feb/2021:02:16:47 +0700] XNIO-2 task-1 GET /api/path/file/4 HTTP/1.1 200 564 -
[16/Feb/2021:02:16:48 +0700] XNIO-2 task-1 GET /api/path/research/4 HTTP/1.1 200 315 -
[16/Feb/2021:02:16:48 +0700] XNIO-2 task-2 GET /api/path/file/4 HTTP/1.1 200 564 -
[16/Feb/2021:02:16:49 +0700] XNIO-2 task-2 GET /api/path/research/4 HTTP/1.1 200 315 -
[16/Feb/2021:02:16:49 +0700] XNIO-2 task-1 GET /api/path/file/4 HTTP/1.1 200 564 -
[16/Feb/2021:02:17:04 +0700] XNIO-2 task-1 GET /api/path/research/4 HTTP/1.1 200 315 -
[16/Feb/2021:02:17:04 +0700] XNIO-2 task-2 GET /api/path/file/4 HTTP/1.1 200 564 -
[16/Feb/2021:02:17:10 +0700] XNIO-2 task-2 POST /api/path/file HTTP/1.1 500 168 -
[16/Feb/2021:02:17:23 +0700] XNIO-2 task-1 GET /api/path/research/4 HTTP/1.1 200 315 -
[16/Feb/2021:02:17:23 +0700] XNIO-2 task-2 GET /api/path/file/4 HTTP/1.1 200 564 -
[16/Feb/2021:02:17:49 +0700] XNIO-2 task-2 GET /api/path/research/4 HTTP/1.1 200 315 -
[16/Feb/2021:02:17:49 +0700] XNIO-2 task-1 GET /api/path/file/4 HTTP/1.1 200 564 -
[16/Feb/2021:02:18:18 +0700] XNIO-2 task-1 POST /api/path/file HTTP/1.1 500 166 -
[16/Feb/2021:02:18:19 +0700] XNIO-2 task-1 GET /api/path/research/4 HTTP/1.1 200 315 -
[16/Feb/2021:02:18:19 +0700] XNIO-2 task-2 GET /api/path/file/4 HTTP/1.1 200 564 -
[16/Feb/2021:02:18:21 +0700] XNIO-2 task-2 GET /api/path/research/4 HTTP/1.1 200 315 -
[16/Feb/2021:02:18:21 +0700] XNIO-2 task-1 GET /api/path/file/4 HTTP/1.1 200 564 -
[16/Feb/2021:02:18:25 +0700] XNIO-2 task-1 POST /api/path/file HTTP/1.1 500 167 -
[16/Feb/2021:02:18:34 +0700] XNIO-2 task-1 GET /api/path/research/4 HTTP/1.1 200 315 -
[16/Feb/2021:02:18:34 +0700] XNIO-2 task-2 GET /api/path/file/4 HTTP/1.1 200 564 -
[16/Feb/2021:02:21:31 +0700] XNIO-2 task-1 POST /api/path/file HTTP/1.1 200 10 -
[16/Feb/2021:02:21:47 +0700] XNIO-2 task-1 POST /api/path/file HTTP/1.1 500 168 -
[16/Feb/2021:02:22:39 +0700] XNIO-2 task-1 GET /api/path/research/4 HTTP/1.1 200 315 -
[16/Feb/2021:02:22:39 +0700] XNIO-2 task-2 GET /api/path/file/4 HTTP/1.1 200 564 -
[16/Feb/2021:02:22:47 +0700] XNIO-2 task-2 GET /api/path/research/4 HTTP/1.1 200 315 -
[16/Feb/2021:02:22:47 +0700] XNIO-2 task-1 GET /api/path/file/4 HTTP/1.1 200 564 -
[16/Feb/2021:02:22:50 +0700] XNIO-2 task-1 GET /api/path/research/4 HTTP/1.1 200 315 -
[16/Feb/2021:02:22:50 +0700] XNIO-2 task-2 GET /api/path/file/4 HTTP/1.1 200 564 -
[16/Feb/2021:02:22:52 +0700] XNIO-2 task-2 GET /api/path/research/4 HTTP/1.1 200 315 -
[16/Feb/2021:02:22:52 +0700] XNIO-2 task-1 GET /api/path/file/4 HTTP/1.1 200 564 -
[16/Feb/2021:02:27:12 +0700] XNIO-2 task-1 GET /api/files HTTP/1.1 404 137 -
[16/Feb/2021:02:27:39 +0700] XNIO-2 task-1 GET /api/files HTTP/1.1 404 137 -
[16/Feb/2021:02:27:48 +0700] XNIO-2 task-1 OPTIONS /api/path/file HTTP/1.1 200 - -
[16/Feb/2021:02:27:49 +0700] XNIO-2 task-1 POST /api/path/file HTTP/1.1 200 10 -
[16/Feb/2021:02:27:49 +0700] XNIO-2 task-2 GET /api/files HTTP/1.1 404 137 -
[16/Feb/2021:02:28:27 +0700] XNIO-2 task-1 POST /api/path/file HTTP/1.1 200 10 -
[16/Feb/2021:02:28:27 +0700] XNIO-2 task-1 GET /api/files HTTP/1.1 404 137 -
[16/Feb/2021:02:31:18 +0700] XNIO-2 task-1 POST /api/path/file HTTP/1.1 500 303 -
[16/Feb/2021:02:31:47 +0700] XNIO-2 task-2 POST /api/path/file HTTP/1.1 200 10 -
[16/Feb/2021:02:31:47 +0700] XNIO-2 task-2 GET /api/files HTTP/1.1 404 137 -
[16/Feb/2021:02:33:51 +0700] XNIO-2 task-1 POST /api/path/file HTTP/1.1 500 303 -
[16/Feb/2021:02:34:21 +0700] XNIO-2 task-2 POST /api/path/file HTTP/1.1 200 10 -
[16/Feb/2021:02:34:21 +0700] XNIO-2 task-2 GET /api/files HTTP/1.1 404 137 -
[16/Feb/2021:02:35:56 +0700] XNIO-2 task-2 GET /api/path/research/4 HTTP/1.1 200 315 -
[16/Feb/2021:02:35:56 +0700] XNIO-2 task-1 GET /api/path/file/4 HTTP/1.1 200 564 -
[16/Feb/2021:02:36:10 +0700] XNIO-2 task-1 GET /api/path/research/4 HTTP/1.1 200 315 -
[16/Feb/2021:02:36:10 +0700] XNIO-2 task-2 GET /api/path/file/4 HTTP/1.1 200 564 -
[16/Feb/2021:02:36:49 +0700] XNIO-2 task-2 GET /api/path/research/4 HTTP/1.1 200 315 -
[16/Feb/2021:02:36:49 +0700] XNIO-2 task-1 GET /api/path/file/4 HTTP/1.1 200 564 -
[16/Feb/2021:02:36:52 +0700] XNIO-2 task-1 GET /api/path/research/4 HTTP/1.1 200 315 -
[16/Feb/2021:02:36:52 +0700] XNIO-2 task-2 GET /api/path/file/4 HTTP/1.1 200 564 -
[16/Feb/2021:02:37:06 +0700] XNIO-2 task-2 OPTIONS /api/path/file HTTP/1.1 200 - -
[16/Feb/2021:02:37:07 +0700] XNIO-2 task-2 POST /api/path/file HTTP/1.1 200 10 -
[16/Feb/2021:02:40:34 +0700] XNIO-2 task-2 GET /api/path/research/4 HTTP/1.1 200 315 -
[16/Feb/2021:02:40:34 +0700] XNIO-2 task-1 GET /api/path/file/4 HTTP/1.1 200 564 -
[16/Feb/2021:02:40:45 +0700] XNIO-2 task-1 GET /api/path/research/4 HTTP/1.1 200 315 -
[16/Feb/2021:02:40:45 +0700] XNIO-2 task-2 GET /api/path/file/4 HTTP/1.1 200 564 -
[16/Feb/2021:02:41:20 +0700] XNIO-2 task-2 GET /api/path/research/4 HTTP/1.1 200 315 -
[16/Feb/2021:02:41:20 +0700] XNIO-2 task-1 GET /api/path/file/4 HTTP/1.1 200 564 -
[16/Feb/2021:02:41:28 +0700] XNIO-2 task-1 POST /api/path/file HTTP/1.1 500 171 -
[16/Feb/2021:02:42:35 +0700] XNIO-2 task-2 GET /api/path/research/4 HTTP/1.1 200 315 -
[16/Feb/2021:02:42:35 +0700] XNIO-2 task-1 GET /api/path/file/4 HTTP/1.1 200 564 -
[16/Feb/2021:02:42:58 +0700] XNIO-2 task-1 GET /api/path/research/4 HTTP/1.1 200 315 -
[16/Feb/2021:02:42:58 +0700] XNIO-2 task-2 GET /api/path/file/4 HTTP/1.1 200 564 -
[16/Feb/2021:02:43:29 +0700] XNIO-2 task-2 GET /api/path/research/4 HTTP/1.1 200 315 -
[16/Feb/2021:02:43:29 +0700] XNIO-2 task-1 GET /api/path/file/4 HTTP/1.1 200 564 -
[16/Feb/2021:02:46:50 +0700] XNIO-2 task-1 GET /api/path/research/4 HTTP/1.1 200 315 -
[16/Feb/2021:02:46:50 +0700] XNIO-2 task-2 GET /api/path/file/4 HTTP/1.1 200 564 -
[16/Feb/2021:02:46:51 +0700] XNIO-2 task-1 GET /api/path/research/4 HTTP/1.1 200 315 -
[16/Feb/2021:02:46:51 +0700] XNIO-2 task-2 GET /api/path/file/4 HTTP/1.1 200 564 -
[16/Feb/2021:02:47:00 +0700] XNIO-2 task-2 POST /api/path/file HTTP/1.1 500 171 -
[16/Feb/2021:02:47:52 +0700] XNIO-2 task-1 POST /api/path/file HTTP/1.1 500 171 -
[16/Feb/2021:02:49:44 +0700] XNIO-2 task-1 GET /api/path/research/4 HTTP/1.1 200 315 -
[16/Feb/2021:02:49:44 +0700] XNIO-2 task-2 GET /api/path/file/4 HTTP/1.1 200 564 -
[16/Feb/2021:02:49:54 +0700] XNIO-2 task-2 POST /api/path/file HTTP/1.1 200 10 -
[16/Feb/2021:02:50:15 +0700] XNIO-2 task-1 GET /api/path/research/4 HTTP/1.1 200 315 -
[16/Feb/2021:02:50:15 +0700] XNIO-2 task-2 GET /api/path/file/4 HTTP/1.1 200 596 -
[16/Feb/2021:02:51:57 +0700] XNIO-2 task-2 GET /api/path/research/4 HTTP/1.1 200 315 -
[16/Feb/2021:02:51:57 +0700] XNIO-2 task-1 GET /api/path/file/4 HTTP/1.1 200 596 -
[16/Feb/2021:02:52:00 +0700] XNIO-2 task-1 GET /api/path/research/4 HTTP/1.1 200 315 -
[16/Feb/2021:02:52:00 +0700] XNIO-2 task-2 GET /api/path/file/4 HTTP/1.1 200 596 -
[16/Feb/2021:02:52:03 +0700] XNIO-2 task-2 GET /api/path/research/4 HTTP/1.1 200 315 -
[16/Feb/2021:02:52:03 +0700] XNIO-2 task-1 GET /api/path/file/4 HTTP/1.1 200 596 -
[16/Feb/2021:02:52:05 +0700] XNIO-2 task-1 GET /api/path/research/4 HTTP/1.1 200 315 -
[16/Feb/2021:02:52:05 +0700] XNIO-2 task-2 GET /api/path/file/4 HTTP/1.1 200 596 -
[16/Feb/2021:02:52:09 +0700] XNIO-2 task-2 GET /api/path/research/4 HTTP/1.1 200 315 -
[16/Feb/2021:02:52:09 +0700] XNIO-2 task-1 GET /api/path/file/4 HTTP/1.1 200 596 -
[16/Feb/2021:02:52:19 +0700] XNIO-2 task-1 POST /api/path/file HTTP/1.1 200 10 -
[16/Feb/2021:02:52:22 +0700] XNIO-2 task-2 GET /api/path/research/4 HTTP/1.1 200 315 -
[16/Feb/2021:02:52:22 +0700] XNIO-2 task-1 GET /api/path/file/4 HTTP/1.1 200 613 -
[16/Feb/2021:02:52:28 +0700] XNIO-2 task-1 OPTIONS /api/path/research HTTP/1.1 200 - -
[16/Feb/2021:02:52:28 +0700] XNIO-2 task-1 GET /api/path/research HTTP/1.1 200 398 -
[16/Feb/2021:02:52:29 +0700] XNIO-2 task-2 GET /api/path/file/26 HTTP/1.1 200 29 -
[16/Feb/2021:02:52:29 +0700] XNIO-2 task-1 GET /api/path/research/26 HTTP/1.1 200 320 -
[16/Feb/2021:02:52:34 +0700] XNIO-2 task-2 POST /api/path/file HTTP/1.1 200 10 -
[16/Feb/2021:02:52:36 +0700] XNIO-2 task-1 GET /api/path/research/26 HTTP/1.1 200 320 -
[16/Feb/2021:02:52:36 +0700] XNIO-2 task-2 GET /api/path/file/26 HTTP/1.1 200 345 -
[16/Feb/2021:02:52:44 +0700] XNIO-2 task-2 POST /api/path/file HTTP/1.1 200 10 -
[16/Feb/2021:02:52:45 +0700] XNIO-2 task-2 GET /api/path/research/26 HTTP/1.1 200 320 -
[16/Feb/2021:02:52:45 +0700] XNIO-2 task-1 GET /api/path/file/26 HTTP/1.1 200 370 -
[16/Feb/2021:02:56:58 +0700] XNIO-2 task-1 GET /api/path/research/26 HTTP/1.1 200 320 -
[16/Feb/2021:02:56:58 +0700] XNIO-2 task-2 GET /api/path/file/26 HTTP/1.1 200 370 -
[16/Feb/2021:02:56:58 +0700] XNIO-2 task-2 GET /api/path/research/26 HTTP/1.1 200 320 -
[16/Feb/2021:02:56:58 +0700] XNIO-2 task-1 GET /api/path/file/26 HTTP/1.1 200 370 -
[16/Feb/2021:02:56:59 +0700] XNIO-2 task-1 GET /api/path/research/26 HTTP/1.1 200 320 -
[16/Feb/2021:02:56:59 +0700] XNIO-2 task-2 GET /api/path/file/26 HTTP/1.1 200 370 -
[16/Feb/2021:02:57:00 +0700] XNIO-2 task-2 GET /api/path/research/26 HTTP/1.1 200 320 -
[16/Feb/2021:02:57:00 +0700] XNIO-2 task-1 GET /api/path/file/26 HTTP/1.1 200 370 -
[16/Feb/2021:02:57:03 +0700] XNIO-2 task-2 GET /api/path/research/26 HTTP/1.1 200 320 -
[16/Feb/2021:02:57:03 +0700] XNIO-2 task-1 GET /api/path/file/26 HTTP/1.1 200 370 -
[16/Feb/2021:02:57:15 +0700] XNIO-2 task-1 GET /api/path/research/26 HTTP/1.1 200 320 -
[16/Feb/2021:02:57:15 +0700] XNIO-2 task-2 GET /api/path/file/26 HTTP/1.1 200 370 -
[16/Feb/2021:02:57:25 +0700] XNIO-2 task-2 GET /api/path/research/26 HTTP/1.1 200 320 -
[16/Feb/2021:02:57:25 +0700] XNIO-2 task-1 GET /api/path/file/26 HTTP/1.1 200 370 -
[16/Feb/2021:02:57:26 +0700] XNIO-2 task-1 GET /api/path/research/26 HTTP/1.1 200 320 -
[16/Feb/2021:02:57:26 +0700] XNIO-2 task-2 GET /api/path/file/26 HTTP/1.1 200 370 -
[16/Feb/2021:02:57:27 +0700] XNIO-2 task-2 GET /api/path/research/26 HTTP/1.1 200 320 -
[16/Feb/2021:02:57:27 +0700] XNIO-2 task-1 GET /api/path/file/26 HTTP/1.1 200 370 -
[16/Feb/2021:02:57:28 +0700] XNIO-2 task-1 GET /api/path/research/26 HTTP/1.1 200 320 -
[16/Feb/2021:02:57:28 +0700] XNIO-2 task-2 GET /api/path/file/26 HTTP/1.1 200 370 -
[16/Feb/2021:02:57:28 +0700] XNIO-2 task-2 GET /api/path/research/26 HTTP/1.1 200 320 -
[16/Feb/2021:02:57:28 +0700] XNIO-2 task-1 GET /api/path/file/26 HTTP/1.1 200 370 -
[16/Feb/2021:02:57:28 +0700] XNIO-2 task-1 GET /api/path/research/26 HTTP/1.1 200 320 -
[16/Feb/2021:02:57:28 +0700] XNIO-2 task-2 GET /api/path/file/26 HTTP/1.1 200 370 -
[16/Feb/2021:02:57:29 +0700] XNIO-2 task-2 GET /api/path/research/26 HTTP/1.1 200 320 -
[16/Feb/2021:02:57:29 +0700] XNIO-2 task-1 GET /api/path/file/26 HTTP/1.1 200 370 -
[16/Feb/2021:02:57:29 +0700] XNIO-2 task-2 GET /api/path/research/26 HTTP/1.1 200 320 -
[16/Feb/2021:02:57:29 +0700] XNIO-2 task-1 GET /api/path/file/26 HTTP/1.1 200 370 -
[16/Feb/2021:02:57:30 +0700] XNIO-2 task-1 GET /api/path/research/26 HTTP/1.1 200 320 -
[16/Feb/2021:02:57:30 +0700] XNIO-2 task-2 GET /api/path/file/26 HTTP/1.1 200 370 -
[16/Feb/2021:02:57:30 +0700] XNIO-2 task-2 GET /api/path/research/26 HTTP/1.1 200 320 -
[16/Feb/2021:02:57:30 +0700] XNIO-2 task-1 GET /api/path/file/26 HTTP/1.1 200 370 -
[16/Feb/2021:02:57:31 +0700] XNIO-2 task-1 GET /api/path/research/26 HTTP/1.1 200 320 -
[16/Feb/2021:02:57:31 +0700] XNIO-2 task-2 GET /api/path/file/26 HTTP/1.1 200 370 -
[16/Feb/2021:02:57:31 +0700] XNIO-2 task-2 GET /api/path/research/26 HTTP/1.1 200 320 -
[16/Feb/2021:02:57:31 +0700] XNIO-2 task-1 GET /api/path/file/26 HTTP/1.1 200 370 -
[16/Feb/2021:02:57:32 +0700] XNIO-2 task-1 GET /api/path/research/26 HTTP/1.1 200 320 -
[16/Feb/2021:02:57:32 +0700] XNIO-2 task-2 GET /api/path/file/26 HTTP/1.1 200 370 -
[16/Feb/2021:02:57:32 +0700] XNIO-2 task-1 GET /api/path/research/26 HTTP/1.1 200 320 -
[16/Feb/2021:02:57:32 +0700] XNIO-2 task-2 GET /api/path/file/26 HTTP/1.1 200 370 -
[16/Feb/2021:02:57:33 +0700] XNIO-2 task-2 GET /api/path/research/26 HTTP/1.1 200 320 -
[16/Feb/2021:02:57:33 +0700] XNIO-2 task-1 GET /api/path/file/26 HTTP/1.1 200 370 -
[16/Feb/2021:02:57:33 +0700] XNIO-2 task-1 GET /api/path/research/26 HTTP/1.1 200 320 -
[16/Feb/2021:02:57:33 +0700] XNIO-2 task-2 GET /api/path/file/26 HTTP/1.1 200 370 -
[16/Feb/2021:02:57:34 +0700] XNIO-2 task-2 GET /api/path/research/26 HTTP/1.1 200 320 -
[16/Feb/2021:02:57:34 +0700] XNIO-2 task-1 GET /api/path/file/26 HTTP/1.1 200 370 -
[16/Feb/2021:02:57:34 +0700] XNIO-2 task-1 GET /api/path/research/26 HTTP/1.1 200 320 -
[16/Feb/2021:02:57:34 +0700] XNIO-2 task-2 GET /api/path/file/26 HTTP/1.1 200 370 -
[16/Feb/2021:02:57:35 +0700] XNIO-2 task-2 GET /api/path/research/26 HTTP/1.1 200 320 -
[16/Feb/2021:02:57:35 +0700] XNIO-2 task-1 GET /api/path/file/26 HTTP/1.1 200 370 -
[16/Feb/2021:02:57:36 +0700] XNIO-2 task-1 GET /api/path/research/26 HTTP/1.1 200 320 -
[16/Feb/2021:02:57:36 +0700] XNIO-2 task-2 GET /api/path/file/26 HTTP/1.1 200 370 -
[16/Feb/2021:02:57:36 +0700] XNIO-2 task-2 GET /api/path/research/26 HTTP/1.1 200 320 -
[16/Feb/2021:02:57:36 +0700] XNIO-2 task-1 GET /api/path/file/26 HTTP/1.1 200 370 -
[16/Feb/2021:02:57:37 +0700] XNIO-2 task-2 GET /api/path/research/26 HTTP/1.1 200 320 -
[16/Feb/2021:02:57:37 +0700] XNIO-2 task-1 GET /api/path/file/26 HTTP/1.1 200 370 -
[16/Feb/2021:02:57:37 +0700] XNIO-2 task-2 GET /api/path/research/26 HTTP/1.1 200 320 -
[16/Feb/2021:02:57:37 +0700] XNIO-2 task-1 GET /api/path/file/26 HTTP/1.1 200 370 -
[16/Feb/2021:02:57:38 +0700] XNIO-2 task-2 GET /api/path/research/26 HTTP/1.1 200 320 -
[16/Feb/2021:02:57:38 +0700] XNIO-2 task-1 GET /api/path/file/26 HTTP/1.1 200 370 -
[16/Feb/2021:02:57:39 +0700] XNIO-2 task-1 GET /api/path/research/26 HTTP/1.1 200 320 -
[16/Feb/2021:02:57:39 +0700] XNIO-2 task-2 GET /api/path/file/26 HTTP/1.1 200 370 -
[16/Feb/2021:02:57:39 +0700] XNIO-2 task-2 GET /api/path/research/26 HTTP/1.1 200 320 -
[16/Feb/2021:02:57:39 +0700] XNIO-2 task-1 GET /api/path/file/26 HTTP/1.1 200 370 -
[16/Feb/2021:02:57:40 +0700] XNIO-2 task-1 GET /api/path/research/26 HTTP/1.1 200 320 -
[16/Feb/2021:02:57:40 +0700] XNIO-2 task-2 GET /api/path/file/26 HTTP/1.1 200 370 -
[16/Feb/2021:02:57:40 +0700] XNIO-2 task-1 GET /api/path/research/26 HTTP/1.1 200 320 -
[16/Feb/2021:02:57:40 +0700] XNIO-2 task-2 GET /api/path/file/26 HTTP/1.1 200 370 -
[16/Feb/2021:02:57:41 +0700] XNIO-2 task-2 GET /api/path/research/26 HTTP/1.1 200 320 -
[16/Feb/2021:02:57:41 +0700] XNIO-2 task-1 GET /api/path/file/26 HTTP/1.1 200 370 -
[16/Feb/2021:02:57:41 +0700] XNIO-2 task-1 GET /api/path/research/26 HTTP/1.1 200 320 -
[16/Feb/2021:02:57:41 +0700] XNIO-2 task-2 GET /api/path/file/26 HTTP/1.1 200 370 -
[16/Feb/2021:02:57:42 +0700] XNIO-2 task-2 GET /api/path/research/26 HTTP/1.1 200 320 -
[16/Feb/2021:02:57:42 +0700] XNIO-2 task-1 GET /api/path/file/26 HTTP/1.1 200 370 -
[16/Feb/2021:02:57:43 +0700] XNIO-2 task-2 GET /api/path/file/26 HTTP/1.1 200 370 -
[16/Feb/2021:02:57:43 +0700] XNIO-2 task-1 GET /api/path/research/26 HTTP/1.1 200 320 -
[16/Feb/2021:02:57:43 +0700] XNIO-2 task-2 GET /api/path/research/26 HTTP/1.1 200 320 -
[16/Feb/2021:02:57:43 +0700] XNIO-2 task-1 GET /api/path/file/26 HTTP/1.1 200 370 -
[16/Feb/2021:02:57:44 +0700] XNIO-2 task-1 GET /api/path/research/26 HTTP/1.1 200 320 -
[16/Feb/2021:02:57:44 +0700] XNIO-2 task-2 GET /api/path/file/26 HTTP/1.1 200 370 -
[16/Feb/2021:02:57:44 +0700] XNIO-2 task-2 GET /api/path/research/26 HTTP/1.1 200 320 -
[16/Feb/2021:02:57:44 +0700] XNIO-2 task-1 GET /api/path/file/26 HTTP/1.1 200 370 -
[16/Feb/2021:02:57:47 +0700] XNIO-2 task-1 GET /api/path/research/26 HTTP/1.1 200 320 -
[16/Feb/2021:02:57:47 +0700] XNIO-2 task-2 GET /api/path/file/26 HTTP/1.1 200 370 -
[16/Feb/2021:02:58:02 +0700] XNIO-2 task-2 GET /api/path/research/26 HTTP/1.1 200 320 -
[16/Feb/2021:02:58:02 +0700] XNIO-2 task-1 GET /api/path/file/26 HTTP/1.1 200 370 -
[16/Feb/2021:02:58:04 +0700] XNIO-2 task-2 GET /api/path/research/26 HTTP/1.1 200 320 -
[16/Feb/2021:02:58:04 +0700] XNIO-2 task-1 GET /api/path/file/26 HTTP/1.1 200 370 -
[16/Feb/2021:02:58:10 +0700] XNIO-2 task-1 POST /api/path/file HTTP/1.1 200 10 -
[16/Feb/2021:02:58:11 +0700] XNIO-2 task-1 GET /api/path/research/26 HTTP/1.1 200 320 -
[16/Feb/2021:02:58:11 +0700] XNIO-2 task-2 GET /api/path/file/26 HTTP/1.1 200 390 -
[16/Feb/2021:02:58:22 +0700] XNIO-2 task-2 POST /api/path/file HTTP/1.1 200 10 -
[16/Feb/2021:02:58:22 +0700] XNIO-2 task-2 GET /api/path/research/26 HTTP/1.1 200 320 -
[16/Feb/2021:02:58:22 +0700] XNIO-2 task-1 GET /api/path/file/26 HTTP/1.1 200 416 -
[16/Feb/2021:02:59:03 +0700] XNIO-2 task-1 POST /api/path/file HTTP/1.1 200 10 -
[16/Feb/2021:02:59:04 +0700] XNIO-2 task-2 GET /api/path/research/26 HTTP/1.1 200 320 -
[16/Feb/2021:02:59:04 +0700] XNIO-2 task-1 GET /api/path/file/26 HTTP/1.1 200 437 -
[16/Feb/2021:02:59:59 +0700] XNIO-2 task-1 GET /api/path/research HTTP/1.1 200 398 -
[16/Feb/2021:03:00:02 +0700] XNIO-2 task-1 GET /api/path/research/4 HTTP/1.1 200 315 -
[16/Feb/2021:03:00:02 +0700] XNIO-2 task-2 GET /api/path/file/4 HTTP/1.1 200 613 -
[16/Feb/2021:03:00:06 +0700] XNIO-2 task-2 GET /api/path/research HTTP/1.1 200 398 -
[16/Feb/2021:03:00:10 +0700] XNIO-2 task-2 GET /api/path/research/26 HTTP/1.1 200 320 -
[16/Feb/2021:03:00:10 +0700] XNIO-2 task-1 GET /api/path/file/26 HTTP/1.1 200 437 -
[16/Feb/2021:03:00:17 +0700] XNIO-2 task-1 POST /api/path/file HTTP/1.1 200 10 -
[16/Feb/2021:03:00:18 +0700] XNIO-2 task-1 GET /api/path/research/26 HTTP/1.1 200 320 -
[16/Feb/2021:03:00:18 +0700] XNIO-2 task-2 GET /api/path/file/26 HTTP/1.1 200 489 -
[16/Feb/2021:03:00:37 +0700] XNIO-2 task-2 GET /api/path/research/26 HTTP/1.1 200 320 -
[16/Feb/2021:03:00:37 +0700] XNIO-2 task-1 GET /api/path/file/26 HTTP/1.1 200 489 -
[16/Feb/2021:03:00:41 +0700] XNIO-2 task-1 GET /api/path/research/26 HTTP/1.1 200 320 -
[16/Feb/2021:03:00:41 +0700] XNIO-2 task-2 GET /api/path/file/26 HTTP/1.1 200 489 -
[16/Feb/2021:03:00:48 +0700] XNIO-2 task-2 POST /api/path/file HTTP/1.1 200 10 -
[16/Feb/2021:03:00:49 +0700] XNIO-2 task-2 GET /api/path/research/26 HTTP/1.1 200 320 -
[16/Feb/2021:03:00:49 +0700] XNIO-2 task-1 GET /api/path/file/26 HTTP/1.1 200 518 -
[16/Feb/2021:03:01:31 +0700] XNIO-2 task-1 GET /api/path/research HTTP/1.1 200 398 -
[16/Feb/2021:03:01:37 +0700] XNIO-2 task-1 GET /api/path/research HTTP/1.1 200 398 -
[16/Feb/2021:03:01:40 +0700] XNIO-2 task-1 GET /api/path/research/4 HTTP/1.1 200 315 -
[16/Feb/2021:03:01:40 +0700] XNIO-2 task-2 GET /api/path/file/4 HTTP/1.1 200 613 -
[16/Feb/2021:03:01:42 +0700] XNIO-2 task-2 GET /api/path/research HTTP/1.1 200 398 -
[16/Feb/2021:03:01:43 +0700] XNIO-2 task-1 GET /api/path/research/6 HTTP/1.1 200 322 -
[16/Feb/2021:03:01:43 +0700] XNIO-2 task-2 GET /api/path/file/6 HTTP/1.1 200 604 -
[16/Feb/2021:03:01:46 +0700] XNIO-2 task-2 GET /api/path/research HTTP/1.1 200 398 -
[16/Feb/2021:03:01:47 +0700] XNIO-2 task-2 GET /api/path/file/25 HTTP/1.1 200 29 -
[16/Feb/2021:03:01:47 +0700] XNIO-2 task-1 GET /api/path/research/25 HTTP/1.1 200 319 -
[16/Feb/2021:03:01:53 +0700] XNIO-2 task-1 POST /api/path/file HTTP/1.1 200 10 -
[16/Feb/2021:03:01:54 +0700] XNIO-2 task-1 GET /api/path/research/25 HTTP/1.1 200 319 -
[16/Feb/2021:03:01:54 +0700] XNIO-2 task-2 GET /api/path/file/25 HTTP/1.1 200 359 -
[16/Feb/2021:03:01:58 +0700] XNIO-2 task-2 POST /api/path/file HTTP/1.1 200 10 -
[16/Feb/2021:03:01:58 +0700] XNIO-2 task-2 GET /api/path/research/25 HTTP/1.1 200 319 -
[16/Feb/2021:03:01:58 +0700] XNIO-2 task-1 GET /api/path/file/25 HTTP/1.1 200 384 -
[16/Feb/2021:03:02:15 +0700] XNIO-2 task-1 GET /api/path/research/25 HTTP/1.1 200 319 -
[16/Feb/2021:03:02:15 +0700] XNIO-2 task-2 GET /api/path/file/25 HTTP/1.1 200 384 -
[16/Feb/2021:03:02:19 +0700] XNIO-2 task-2 GET /api/path/research HTTP/1.1 200 398 -
[16/Feb/2021:03:02:21 +0700] XNIO-2 task-1 GET /api/path/research/4 HTTP/1.1 200 315 -
[16/Feb/2021:03:02:21 +0700] XNIO-2 task-2 GET /api/path/file/4 HTTP/1.1 200 613 -
[16/Feb/2021:03:03:42 +0700] XNIO-2 task-2 POST /api/path/download/01.PHPOOP.pdf HTTP/1.1 404 156 -
[16/Feb/2021:03:03:46 +0700] XNIO-2 task-1 GET /api/path/download/01.PHPOOP.pdf HTTP/1.1 404 156 -
[16/Feb/2021:03:03:56 +0700] XNIO-2 task-2 GET /api/path/download/01.PHPOOP.pdf HTTP/1.1 404 156 -
[16/Feb/2021:03:05:17 +0700] XNIO-2 task-2 GET /api/path/download?fileName=01.PHPOOP.pdf HTTP/1.1 200 821559 -
[16/Feb/2021:03:05:45 +0700] XNIO-2 task-2 GET /api/path/download HTTP/1.1 200 821559 -
[16/Feb/2021:03:06:16 +0700] XNIO-2 task-2 GET /api/path/research/4 HTTP/1.1 200 315 -
[16/Feb/2021:03:06:16 +0700] XNIO-2 task-1 GET /api/path/file/4 HTTP/1.1 200 613 -
[16/Feb/2021:03:06:50 +0700] XNIO-2 task-1 GET /api/path/research/4 HTTP/1.1 200 315 -
[16/Feb/2021:03:06:50 +0700] XNIO-2 task-2 GET /api/path/file/4 HTTP/1.1 200 613 -
[16/Feb/2021:03:07:03 +0700] XNIO-2 task-2 GET /api/path/research/4 HTTP/1.1 200 315 -
[16/Feb/2021:03:07:03 +0700] XNIO-2 task-1 GET /api/path/file/4 HTTP/1.1 200 613 -
[16/Feb/2021:03:07:24 +0700] XNIO-2 task-1 GET /api/path/research/4 HTTP/1.1 200 315 -
[16/Feb/2021:03:07:24 +0700] XNIO-2 task-2 GET /api/path/file/4 HTTP/1.1 200 613 -
[16/Feb/2021:03:07:31 +0700] XNIO-2 task-2 GET /api/path/research/4 HTTP/1.1 200 315 -
[16/Feb/2021:03:07:31 +0700] XNIO-2 task-1 GET /api/path/file/4 HTTP/1.1 200 613 -
[16/Feb/2021:03:11:28 +0700] XNIO-2 task-1 GET /api/path/research/4 HTTP/1.1 200 315 -
[16/Feb/2021:03:11:28 +0700] XNIO-2 task-2 GET /api/path/file/4 HTTP/1.1 200 613 -
[16/Feb/2021:03:14:30 +0700] XNIO-2 task-2 GET /api/path/research/4 HTTP/1.1 200 315 -
[16/Feb/2021:03:14:30 +0700] XNIO-2 task-1 GET /api/path/file/4 HTTP/1.1 200 613 -
[16/Feb/2021:03:14:30 +0700] XNIO-2 task-1 GET /api/path/download HTTP/1.1 500 180 -
[16/Feb/2021:03:14:30 +0700] XNIO-2 task-1 GET /api/path/download HTTP/1.1 500 179 -
[16/Feb/2021:03:14:30 +0700] XNIO-2 task-1 GET /api/path/download HTTP/1.1 500 180 -
[16/Feb/2021:03:14:30 +0700] XNIO-2 task-1 GET /api/path/download HTTP/1.1 500 180 -
[16/Feb/2021:03:14:30 +0700] XNIO-2 task-1 GET /api/path/download HTTP/1.1 500 179 -
[16/Feb/2021:03:14:30 +0700] XNIO-2 task-1 GET /api/path/download HTTP/1.1 500 179 -
[16/Feb/2021:03:14:30 +0700] XNIO-2 task-1 GET /api/path/download HTTP/1.1 500 179 -
[16/Feb/2021:03:14:30 +0700] XNIO-2 task-2 GET /api/path/download HTTP/1.1 500 180 -
[16/Feb/2021:03:14:30 +0700] XNIO-2 task-1 GET /api/path/download HTTP/1.1 500 178 -
[16/Feb/2021:03:14:30 +0700] XNIO-2 task-1 GET /api/path/download HTTP/1.1 500 178 -
[16/Feb/2021:03:14:30 +0700] XNIO-2 task-1 GET /api/path/download HTTP/1.1 500 179 -
[16/Feb/2021:03:14:30 +0700] XNIO-2 task-1 GET /api/path/download HTTP/1.1 500 178 -
[16/Feb/2021:03:14:30 +0700] XNIO-2 task-1 GET /api/path/download HTTP/1.1 500 179 -
[16/Feb/2021:03:14:30 +0700] XNIO-2 task-1 GET /api/path/download HTTP/1.1 500 179 -
[16/Feb/2021:03:14:30 +0700] XNIO-2 task-1 GET /api/path/download HTTP/1.1 500 178 -
[16/Feb/2021:03:14:30 +0700] XNIO-2 task-1 GET /api/path/download HTTP/1.1 500 179 -
[16/Feb/2021:03:14:30 +0700] XNIO-2 task-1 GET /api/path/download HTTP/1.1 500 179 -
[16/Feb/2021:03:14:30 +0700] XNIO-2 task-1 GET /api/path/download HTTP/1.1 500 179 -
[16/Feb/2021:03:14:47 +0700] XNIO-2 task-1 GET /api/path/research/4 HTTP/1.1 200 315 -
[16/Feb/2021:03:14:47 +0700] XNIO-2 task-2 GET /api/path/file/4 HTTP/1.1 200 613 -
[16/Feb/2021:03:14:47 +0700] XNIO-2 task-2 GET /api/path/download HTTP/1.1 500 179 -
[16/Feb/2021:03:14:47 +0700] XNIO-2 task-2 GET /api/path/download HTTP/1.1 500 179 -
[16/Feb/2021:03:14:47 +0700] XNIO-2 task-2 GET /api/path/download HTTP/1.1 500 180 -
[16/Feb/2021:03:14:47 +0700] XNIO-2 task-2 GET /api/path/download HTTP/1.1 500 180 -
[16/Feb/2021:03:14:47 +0700] XNIO-2 task-2 GET /api/path/download HTTP/1.1 500 180 -
[16/Feb/2021:03:14:47 +0700] XNIO-2 task-2 GET /api/path/download HTTP/1.1 500 179 -
[16/Feb/2021:03:14:47 +0700] XNIO-2 task-2 GET /api/path/download HTTP/1.1 500 179 -
[16/Feb/2021:03:14:47 +0700] XNIO-2 task-2 GET /api/path/download HTTP/1.1 500 180 -
[16/Feb/2021:03:14:47 +0700] XNIO-2 task-2 GET /api/path/download HTTP/1.1 500 179 -
[16/Feb/2021:03:14:47 +0700] XNIO-2 task-2 GET /api/path/download HTTP/1.1 500 180 -
[16/Feb/2021:03:14:47 +0700] XNIO-2 task-2 GET /api/path/download HTTP/1.1 500 180 -
[16/Feb/2021:03:14:47 +0700] XNIO-2 task-2 GET /api/path/download HTTP/1.1 500 179 -
[16/Feb/2021:03:14:47 +0700] XNIO-2 task-2 GET /api/path/download HTTP/1.1 500 180 -
[16/Feb/2021:03:14:47 +0700] XNIO-2 task-2 GET /api/path/download HTTP/1.1 500 179 -
[16/Feb/2021:03:14:47 +0700] XNIO-2 task-2 GET /api/path/download HTTP/1.1 500 180 -
[16/Feb/2021:03:14:47 +0700] XNIO-2 task-2 GET /api/path/download HTTP/1.1 500 179 -
[16/Feb/2021:03:14:47 +0700] XNIO-2 task-2 GET /api/path/download HTTP/1.1 500 179 -
[16/Feb/2021:03:14:47 +0700] XNIO-2 task-1 GET /api/path/download HTTP/1.1 500 180 -
[16/Feb/2021:03:16:53 +0700] XNIO-2 task-1 GET /api/path/download HTTP/1.1 500 179 -
[16/Feb/2021:03:16:53 +0700] XNIO-2 task-1 GET /favicon.ico HTTP/1.1 404 138 -
[16/Feb/2021:03:18:33 +0700] XNIO-2 task-1 GET /api/path/research/4 HTTP/1.1 200 315 -
[16/Feb/2021:03:18:33 +0700] XNIO-2 task-2 GET /api/path/file/4 HTTP/1.1 200 613 -
[16/Feb/2021:03:18:33 +0700] XNIO-2 task-2 GET /api/path/download HTTP/1.1 500 179 -
[16/Feb/2021:03:18:33 +0700] XNIO-2 task-2 GET /api/path/download HTTP/1.1 500 180 -
[16/Feb/2021:03:18:33 +0700] XNIO-2 task-2 GET /api/path/download HTTP/1.1 500 180 -
[16/Feb/2021:03:18:33 +0700] XNIO-2 task-2 GET /api/path/download HTTP/1.1 500 179 -
[16/Feb/2021:03:18:33 +0700] XNIO-2 task-2 GET /api/path/download HTTP/1.1 500 180 -
[16/Feb/2021:03:18:33 +0700] XNIO-2 task-2 GET /api/path/download HTTP/1.1 500 179 -
[16/Feb/2021:03:18:33 +0700] XNIO-2 task-2 GET /api/path/download HTTP/1.1 500 180 -
[16/Feb/2021:03:18:33 +0700] XNIO-2 task-2 GET /api/path/download HTTP/1.1 500 180 -
[16/Feb/2021:03:18:33 +0700] XNIO-2 task-2 GET /api/path/download HTTP/1.1 500 180 -
[16/Feb/2021:03:18:33 +0700] XNIO-2 task-2 GET /api/path/download HTTP/1.1 500 180 -
[16/Feb/2021:03:18:33 +0700] XNIO-2 task-2 GET /api/path/download HTTP/1.1 500 180 -
[16/Feb/2021:03:18:33 +0700] XNIO-2 task-2 GET /api/path/download HTTP/1.1 500 180 -
[16/Feb/2021:03:18:33 +0700] XNIO-2 task-2 GET /api/path/download HTTP/1.1 500 180 -
[16/Feb/2021:03:18:33 +0700] XNIO-2 task-2 GET /api/path/download HTTP/1.1 500 180 -
[16/Feb/2021:03:18:33 +0700] XNIO-2 task-2 GET /api/path/download HTTP/1.1 500 179 -
[16/Feb/2021:03:18:33 +0700] XNIO-2 task-2 GET /api/path/download HTTP/1.1 500 179 -
[16/Feb/2021:03:18:33 +0700] XNIO-2 task-2 GET /api/path/download HTTP/1.1 500 180 -
[16/Feb/2021:03:18:33 +0700] XNIO-2 task-2 GET /api/path/download HTTP/1.1 500 180 -
[16/Feb/2021:03:18:45 +0700] XNIO-2 task-2 GET /api/path/research/4 HTTP/1.1 200 315 -
[16/Feb/2021:03:18:45 +0700] XNIO-2 task-1 GET /api/path/file/4 HTTP/1.1 200 613 -
[16/Feb/2021:03:18:45 +0700] XNIO-2 task-1 GET /api/path/download HTTP/1.1 500 180 -
[16/Feb/2021:03:18:45 +0700] XNIO-2 task-1 GET /api/path/download HTTP/1.1 500 180 -
[16/Feb/2021:03:18:45 +0700] XNIO-2 task-1 GET /api/path/download HTTP/1.1 500 180 -
[16/Feb/2021:03:18:45 +0700] XNIO-2 task-1 GET /api/path/download HTTP/1.1 500 180 -
[16/Feb/2021:03:18:45 +0700] XNIO-2 task-1 GET /api/path/download HTTP/1.1 500 180 -
[16/Feb/2021:03:18:45 +0700] XNIO-2 task-1 GET /api/path/download HTTP/1.1 500 179 -
[16/Feb/2021:03:18:45 +0700] XNIO-2 task-1 GET /api/path/download HTTP/1.1 500 179 -
[16/Feb/2021:03:18:45 +0700] XNIO-2 task-1 GET /api/path/download HTTP/1.1 500 179 -
[16/Feb/2021:03:18:45 +0700] XNIO-2 task-1 GET /api/path/download HTTP/1.1 500 179 -
[16/Feb/2021:03:18:45 +0700] XNIO-2 task-1 GET /api/path/download HTTP/1.1 500 179 -
[16/Feb/2021:03:18:45 +0700] XNIO-2 task-1 GET /api/path/download HTTP/1.1 500 180 -
[16/Feb/2021:03:18:45 +0700] XNIO-2 task-1 GET /api/path/download HTTP/1.1 500 180 -
[16/Feb/2021:03:18:45 +0700] XNIO-2 task-1 GET /api/path/download HTTP/1.1 500 180 -
[16/Feb/2021:03:18:45 +0700] XNIO-2 task-1 GET /api/path/download HTTP/1.1 500 179 -
[16/Feb/2021:03:18:45 +0700] XNIO-2 task-1 GET /api/path/download HTTP/1.1 500 179 -
[16/Feb/2021:03:18:45 +0700] XNIO-2 task-1 GET /api/path/download HTTP/1.1 500 180 -
[16/Feb/2021:03:18:45 +0700] XNIO-2 task-1 GET /api/path/download HTTP/1.1 500 180 -
[16/Feb/2021:03:18:45 +0700] XNIO-2 task-1 GET /api/path/download HTTP/1.1 500 180 -
[16/Feb/2021:03:18:45 +0700] XNIO-2 task-1 GET /api/path/download HTTP/1.1 500 180 -
[16/Feb/2021:03:18:45 +0700] XNIO-2 task-1 GET /api/path/download HTTP/1.1 500 180 -
[16/Feb/2021:03:18:45 +0700] XNIO-2 task-1 GET /api/path/download HTTP/1.1 500 180 -
[16/Feb/2021:03:18:45 +0700] XNIO-2 task-1 GET /api/path/download HTTP/1.1 500 180 -
[16/Feb/2021:03:18:45 +0700] XNIO-2 task-1 GET /api/path/download HTTP/1.1 500 180 -
[16/Feb/2021:03:18:45 +0700] XNIO-2 task-1 GET /api/path/download HTTP/1.1 500 180 -
[16/Feb/2021:03:18:45 +0700] XNIO-2 task-1 GET /api/path/download HTTP/1.1 500 179 -
[16/Feb/2021:03:18:45 +0700] XNIO-2 task-1 GET /api/path/download HTTP/1.1 500 180 -
[16/Feb/2021:03:18:45 +0700] XNIO-2 task-1 GET /api/path/download HTTP/1.1 500 180 -
[16/Feb/2021:03:18:45 +0700] XNIO-2 task-1 GET /api/path/download HTTP/1.1 500 180 -
[16/Feb/2021:03:18:45 +0700] XNIO-2 task-1 GET /api/path/download HTTP/1.1 500 180 -
[16/Feb/2021:03:18:45 +0700] XNIO-2 task-1 GET /api/path/download HTTP/1.1 500 179 -
[16/Feb/2021:03:18:45 +0700] XNIO-2 task-1 GET /api/path/download HTTP/1.1 500 179 -
[16/Feb/2021:03:18:45 +0700] XNIO-2 task-1 GET /api/path/download HTTP/1.1 500 180 -
[16/Feb/2021:03:18:45 +0700] XNIO-2 task-1 GET /api/path/download HTTP/1.1 500 179 -
[16/Feb/2021:03:18:45 +0700] XNIO-2 task-1 GET /api/path/download HTTP/1.1 500 179 -
[16/Feb/2021:03:18:45 +0700] XNIO-2 task-1 GET /api/path/download HTTP/1.1 500 180 -
[16/Feb/2021:03:18:45 +0700] XNIO-2 task-1 GET /api/path/download HTTP/1.1 500 180 -
[16/Feb/2021:03:19:06 +0700] XNIO-2 task-1 GET /api/path/research/4 HTTP/1.1 200 315 -
[16/Feb/2021:03:19:06 +0700] XNIO-2 task-2 GET /api/path/file/4 HTTP/1.1 200 613 -
[16/Feb/2021:03:19:06 +0700] XNIO-2 task-2 GET /api/path/download HTTP/1.1 500 179 -
[16/Feb/2021:03:19:06 +0700] XNIO-2 task-2 GET /api/path/download HTTP/1.1 500 179 -
[16/Feb/2021:03:19:06 +0700] XNIO-2 task-2 GET /api/path/download HTTP/1.1 500 179 -
[16/Feb/2021:03:19:06 +0700] XNIO-2 task-2 GET /api/path/download HTTP/1.1 500 179 -
[16/Feb/2021:03:19:06 +0700] XNIO-2 task-2 GET /api/path/download HTTP/1.1 500 179 -
[16/Feb/2021:03:19:06 +0700] XNIO-2 task-2 GET /api/path/download HTTP/1.1 500 179 -
[16/Feb/2021:03:19:06 +0700] XNIO-2 task-2 GET /api/path/download HTTP/1.1 500 179 -
[16/Feb/2021:03:19:06 +0700] XNIO-2 task-2 GET /api/path/download HTTP/1.1 500 179 -
[16/Feb/2021:03:19:06 +0700] XNIO-2 task-2 GET /api/path/download HTTP/1.1 500 179 -
[16/Feb/2021:03:19:06 +0700] XNIO-2 task-2 GET /api/path/download HTTP/1.1 500 179 -
[16/Feb/2021:03:19:06 +0700] XNIO-2 task-2 GET /api/path/download HTTP/1.1 500 179 -
[16/Feb/2021:03:19:06 +0700] XNIO-2 task-2 GET /api/path/download HTTP/1.1 500 179 -
[16/Feb/2021:03:19:06 +0700] XNIO-2 task-1 GET /api/path/download HTTP/1.1 500 179 -
[16/Feb/2021:03:19:06 +0700] XNIO-2 task-1 GET /api/path/download HTTP/1.1 500 180 -
[16/Feb/2021:03:19:06 +0700] XNIO-2 task-1 GET /api/path/download HTTP/1.1 500 179 -
[16/Feb/2021:03:19:06 +0700] XNIO-2 task-1 GET /api/path/download HTTP/1.1 500 180 -
[16/Feb/2021:03:19:06 +0700] XNIO-2 task-1 GET /api/path/download HTTP/1.1 500 180 -
[16/Feb/2021:03:19:06 +0700] XNIO-2 task-1 GET /api/path/download HTTP/1.1 500 179 -
[16/Feb/2021:03:20:00 +0700] XNIO-2 task-1 GET /api/path/research/4 HTTP/1.1 200 315 -
[16/Feb/2021:03:20:00 +0700] XNIO-2 task-2 GET /api/path/file/4 HTTP/1.1 200 613 -
[16/Feb/2021:03:22:09 +0700] XNIO-2 task-2 GET /api/path/research/4 HTTP/1.1 200 315 -
[16/Feb/2021:03:22:09 +0700] XNIO-2 task-1 GET /api/path/file/4 HTTP/1.1 200 613 -
[16/Feb/2021:03:22:10 +0700] XNIO-2 task-1 GET /api/path/research/4 HTTP/1.1 200 315 -
[16/Feb/2021:03:22:10 +0700] XNIO-2 task-2 GET /api/path/file/4 HTTP/1.1 200 613 -
[16/Feb/2021:03:22:15 +0700] XNIO-2 task-2 GET /api/path/download HTTP/1.1 500 178 -
[16/Feb/2021:03:24:47 +0700] XNIO-2 task-2 GET /api/path/research/4 HTTP/1.1 200 315 -
[16/Feb/2021:03:24:47 +0700] XNIO-2 task-1 GET /api/path/file/4 HTTP/1.1 200 613 -
[16/Feb/2021:03:25:14 +0700] XNIO-2 task-1 GET /api/path/research/4 HTTP/1.1 200 315 -
[16/Feb/2021:03:25:14 +0700] XNIO-2 task-2 GET /api/path/file/4 HTTP/1.1 200 613 -
[16/Feb/2021:03:25:20 +0700] XNIO-2 task-2 GET /api/path/research/4 HTTP/1.1 200 315 -
[16/Feb/2021:03:25:20 +0700] XNIO-2 task-1 GET /api/path/file/4 HTTP/1.1 200 613 -
[16/Feb/2021:03:26:13 +0700] XNIO-2 task-1 GET /api/path/research/4 HTTP/1.1 200 315 -
[16/Feb/2021:03:26:13 +0700] XNIO-2 task-2 GET /api/path/file/4 HTTP/1.1 200 613 -
[16/Feb/2021:03:27:51 +0700] XNIO-2 task-2 GET /api/path/download/undefined HTTP/1.1 404 152 -
[16/Feb/2021:03:31:24 +0700] XNIO-2 task-1 GET /api/path/download/01.PHPOOP.pdf HTTP/1.1 200 821559 -
[16/Feb/2021:03:31:34 +0700] XNIO-2 task-1 GET /api/path/download/01.PHPOOP.pdf HTTP/1.1 200 821559 -
[16/Feb/2021:03:33:31 +0700] XNIO-2 task-1 GET /api/path/research/4 HTTP/1.1 200 315 -
[16/Feb/2021:03:33:31 +0700] XNIO-2 task-2 GET /api/path/file/4 HTTP/1.1 200 613 -
[16/Feb/2021:03:33:56 +0700] XNIO-2 task-2 GET /api/path/research/4 HTTP/1.1 200 315 -
[16/Feb/2021:03:33:56 +0700] XNIO-2 task-1 GET /api/path/file/4 HTTP/1.1 200 613 -
[16/Feb/2021:03:34:37 +0700] XNIO-2 task-1 GET /api/path/research/4 HTTP/1.1 200 315 -
[16/Feb/2021:03:34:37 +0700] XNIO-2 task-2 GET /api/path/file/4 HTTP/1.1 200 613 -
[16/Feb/2021:03:34:41 +0700] XNIO-2 task-2 GET /api/path/research/4 HTTP/1.1 200 315 -
[16/Feb/2021:03:34:41 +0700] XNIO-2 task-1 GET /api/path/file/4 HTTP/1.1 200 613 -
[16/Feb/2021:03:34:42 +0700] XNIO-2 task-1 GET /api/path/download/undefined HTTP/1.1 500 326 -
[16/Feb/2021:03:34:42 +0700] XNIO-2 task-1 GET /api/path/download/undefined HTTP/1.1 500 325 -
[16/Feb/2021:03:34:42 +0700] XNIO-2 task-1 GET /api/path/download/undefined HTTP/1.1 500 326 -
[16/Feb/2021:03:34:42 +0700] XNIO-2 task-1 GET /api/path/download/undefined HTTP/1.1 500 327 -
[16/Feb/2021:03:34:42 +0700] XNIO-2 task-1 GET /api/path/download/undefined HTTP/1.1 500 327 -
[16/Feb/2021:03:34:42 +0700] XNIO-2 task-1 GET /api/path/download/undefined HTTP/1.1 500 325 -
[16/Feb/2021:03:34:43 +0700] XNIO-2 task-1 GET /api/path/download/undefined HTTP/1.1 500 326 -
[16/Feb/2021:03:34:43 +0700] XNIO-2 task-1 GET /api/path/download/undefined HTTP/1.1 500 325 -
[16/Feb/2021:03:34:43 +0700] XNIO-2 task-1 GET /api/path/download/undefined HTTP/1.1 500 325 -
[16/Feb/2021:03:34:43 +0700] XNIO-2 task-1 GET /api/path/download/undefined HTTP/1.1 500 324 -
[16/Feb/2021:03:34:43 +0700] XNIO-2 task-1 GET /api/path/download/undefined HTTP/1.1 500 324 -
[16/Feb/2021:03:34:43 +0700] XNIO-2 task-1 GET /api/path/download/undefined HTTP/1.1 500 327 -
[16/Feb/2021:03:34:43 +0700] XNIO-2 task-1 GET /api/path/download/undefined HTTP/1.1 500 326 -
[16/Feb/2021:03:34:43 +0700] XNIO-2 task-1 GET /api/path/download/undefined HTTP/1.1 500 323 -
[16/Feb/2021:03:34:44 +0700] XNIO-2 task-1 GET /api/path/download/undefined HTTP/1.1 500 325 -
[16/Feb/2021:03:34:44 +0700] XNIO-2 task-1 GET /api/path/download/undefined HTTP/1.1 500 324 -
[16/Feb/2021:03:34:44 +0700] XNIO-2 task-1 GET /api/path/download/undefined HTTP/1.1 500 326 -
[16/Feb/2021:03:34:44 +0700] XNIO-2 task-1 GET /api/path/download/undefined HTTP/1.1 500 326 -
[16/Feb/2021:03:34:53 +0700] XNIO-2 task-2 GET /api/path/research/4 HTTP/1.1 200 315 -
[16/Feb/2021:03:34:53 +0700] XNIO-2 task-1 GET /api/path/file/4 HTTP/1.1 200 613 -
[16/Feb/2021:03:34:54 +0700] XNIO-2 task-1 GET /api/path/download/undefined HTTP/1.1 500 327 -
[16/Feb/2021:03:34:54 +0700] XNIO-2 task-1 GET /api/path/download/undefined HTTP/1.1 500 324 -
[16/Feb/2021:03:34:54 +0700] XNIO-2 task-1 GET /api/path/download/undefined HTTP/1.1 500 324 -
[16/Feb/2021:03:34:54 +0700] XNIO-2 task-1 GET /api/path/download/undefined HTTP/1.1 500 326 -
[16/Feb/2021:03:34:54 +0700] XNIO-2 task-1 GET /api/path/download/undefined HTTP/1.1 500 324 -
[16/Feb/2021:03:34:54 +0700] XNIO-2 task-1 GET /api/path/download/undefined HTTP/1.1 500 328 -
[16/Feb/2021:03:34:54 +0700] XNIO-2 task-1 GET /api/path/download/undefined HTTP/1.1 500 324 -
[16/Feb/2021:03:34:54 +0700] XNIO-2 task-1 GET /api/path/download/undefined HTTP/1.1 500 324 -
[16/Feb/2021:03:34:55 +0700] XNIO-2 task-1 GET /api/path/download/undefined HTTP/1.1 500 325 -
[16/Feb/2021:03:34:55 +0700] XNIO-2 task-1 GET /api/path/download/undefined HTTP/1.1 500 327 -
[16/Feb/2021:03:34:55 +0700] XNIO-2 task-1 GET /api/path/download/undefined HTTP/1.1 500 326 -
[16/Feb/2021:03:34:55 +0700] XNIO-2 task-1 GET /api/path/download/undefined HTTP/1.1 500 326 -
[16/Feb/2021:03:34:55 +0700] XNIO-2 task-1 GET /api/path/download/undefined HTTP/1.1 500 325 -
[16/Feb/2021:03:34:55 +0700] XNIO-2 task-1 GET /api/path/download/undefined HTTP/1.1 500 325 -
[16/Feb/2021:03:34:55 +0700] XNIO-2 task-1 GET /api/path/download/undefined HTTP/1.1 500 326 -
[16/Feb/2021:03:34:55 +0700] XNIO-2 task-1 GET /api/path/download/undefined HTTP/1.1 500 324 -
[16/Feb/2021:03:34:56 +0700] XNIO-2 task-1 GET /api/path/download/undefined HTTP/1.1 500 326 -
[16/Feb/2021:03:34:56 +0700] XNIO-2 task-1 GET /api/path/download/undefined HTTP/1.1 500 325 -
[16/Feb/2021:03:35:05 +0700] XNIO-2 task-2 GET /api/path/research/4 HTTP/1.1 200 315 -
[16/Feb/2021:03:35:05 +0700] XNIO-2 task-1 GET /api/path/file/4 HTTP/1.1 200 613 -
[16/Feb/2021:03:35:06 +0700] XNIO-2 task-1 GET /api/path/download/undefined HTTP/1.1 500 324 -
[16/Feb/2021:03:35:06 +0700] XNIO-2 task-1 GET /api/path/download/undefined HTTP/1.1 500 324 -
[16/Feb/2021:03:35:06 +0700] XNIO-2 task-1 GET /api/path/download/undefined HTTP/1.1 500 325 -
[16/Feb/2021:03:35:06 +0700] XNIO-2 task-1 GET /api/path/download/undefined HTTP/1.1 500 324 -
[16/Feb/2021:03:35:06 +0700] XNIO-2 task-1 GET /api/path/download/undefined HTTP/1.1 500 324 -
[16/Feb/2021:03:35:06 +0700] XNIO-2 task-2 GET /api/path/research/4 HTTP/1.1 200 315 -
[16/Feb/2021:03:35:06 +0700] XNIO-2 task-3 GET /api/path/file/4 HTTP/1.1 200 613 -
[16/Feb/2021:03:35:06 +0700] XNIO-2 task-1 GET /api/path/download/undefined HTTP/1.1 500 323 -
[16/Feb/2021:03:35:06 +0700] XNIO-2 task-1 GET /api/path/download/undefined HTTP/1.1 500 325 -
[16/Feb/2021:03:35:07 +0700] XNIO-2 task-1 GET /api/path/download/undefined HTTP/1.1 500 324 -
[16/Feb/2021:03:35:07 +0700] XNIO-2 task-1 GET /api/path/download/undefined HTTP/1.1 500 325 -
[16/Feb/2021:03:35:07 +0700] XNIO-2 task-1 GET /api/path/download/undefined HTTP/1.1 500 323 -
[16/Feb/2021:03:35:07 +0700] XNIO-2 task-1 GET /api/path/download/undefined HTTP/1.1 500 328 -
[16/Feb/2021:03:35:07 +0700] XNIO-2 task-1 GET /api/path/download/undefined HTTP/1.1 500 327 -
[16/Feb/2021:03:35:07 +0700] XNIO-2 task-1 GET /api/path/download/undefined HTTP/1.1 500 323 -
[16/Feb/2021:03:35:07 +0700] XNIO-2 task-1 GET /api/path/download/undefined HTTP/1.1 500 325 -
[16/Feb/2021:03:35:07 +0700] XNIO-2 task-1 GET /api/path/download/undefined HTTP/1.1 500 326 -
[16/Feb/2021:03:35:08 +0700] XNIO-2 task-1 GET /api/path/download/undefined HTTP/1.1 500 324 -
[16/Feb/2021:03:35:08 +0700] XNIO-2 task-1 GET /api/path/download/undefined HTTP/1.1 500 325 -
[16/Feb/2021:03:35:08 +0700] XNIO-2 task-1 GET /api/path/download/undefined HTTP/1.1 500 326 -
[16/Feb/2021:03:35:08 +0700] XNIO-2 task-1 GET /api/path/download/undefined HTTP/1.1 500 323 -
[16/Feb/2021:03:35:08 +0700] XNIO-2 task-1 GET /api/path/download/undefined HTTP/1.1 500 324 -
[16/Feb/2021:03:35:08 +0700] XNIO-2 task-1 GET /api/path/download/undefined HTTP/1.1 500 324 -
[16/Feb/2021:03:35:08 +0700] XNIO-2 task-1 GET /api/path/download/undefined HTTP/1.1 500 324 -
[16/Feb/2021:03:35:08 +0700] XNIO-2 task-1 GET /api/path/download/undefined HTTP/1.1 500 324 -
[16/Feb/2021:03:35:08 +0700] XNIO-2 task-1 GET /api/path/download/undefined HTTP/1.1 500 325 -
[16/Feb/2021:03:35:09 +0700] XNIO-2 task-1 GET /api/path/download/undefined HTTP/1.1 500 326 -
[16/Feb/2021:03:35:09 +0700] XNIO-2 task-1 GET /api/path/download/undefined HTTP/1.1 500 326 -
[16/Feb/2021:03:35:09 +0700] XNIO-2 task-1 GET /api/path/download/undefined HTTP/1.1 500 328 -
[16/Feb/2021:03:35:09 +0700] XNIO-2 task-1 GET /api/path/download/undefined HTTP/1.1 500 324 -
[16/Feb/2021:03:35:09 +0700] XNIO-2 task-3 GET /api/path/download/undefined HTTP/1.1 500 323 -
[16/Feb/2021:03:35:09 +0700] XNIO-2 task-3 GET /api/path/download/undefined HTTP/1.1 500 325 -
[16/Feb/2021:03:35:09 +0700] XNIO-2 task-3 GET /api/path/download/undefined HTTP/1.1 500 325 -
[16/Feb/2021:03:35:09 +0700] XNIO-2 task-3 GET /api/path/download/undefined HTTP/1.1 500 323 -
[16/Feb/2021:03:35:10 +0700] XNIO-2 task-3 GET /api/path/download/undefined HTTP/1.1 500 325 -
[16/Feb/2021:03:35:10 +0700] XNIO-2 task-3 GET /api/path/download/undefined HTTP/1.1 500 323 -
[16/Feb/2021:03:35:10 +0700] XNIO-2 task-3 GET /api/path/download/undefined HTTP/1.1 500 325 -
[16/Feb/2021:03:35:10 +0700] XNIO-2 task-3 GET /api/path/download/undefined HTTP/1.1 500 327 -
[16/Feb/2021:03:35:15 +0700] XNIO-2 task-3 GET /api/path/research/4 HTTP/1.1 200 315 -
[16/Feb/2021:03:35:15 +0700] XNIO-2 task-1 GET /api/path/file/4 HTTP/1.1 200 613 -
[16/Feb/2021:03:35:18 +0700] XNIO-2 task-3 GET /api/path/download/New%20Text%20Document%20(3).txt HTTP/1.1 500 343 -
[16/Feb/2021:03:35:18 +0700] XNIO-2 task-2 GET /api/path/download/New%20Text%20Document%20(2).txt HTTP/1.1 500 343 -
[16/Feb/2021:03:35:18 +0700] XNIO-2 task-5 GET /api/path/download/time%20update%20project.txt HTTP/1.1 500 341 -
[16/Feb/2021:03:35:18 +0700] XNIO-2 task-1 GET /api/path/download/test HTTP/1.1 500 322 -
[16/Feb/2021:03:35:18 +0700] XNIO-2 task-4 GET /api/path/download/New%20Text%20Document.txt HTTP/1.1 500 339 -
[16/Feb/2021:03:35:18 +0700] XNIO-2 task-6 GET /api/path/download/%C3%A0%C2%B8%E2%80%9A%C3%A0%C2%B8%C2%AD%C3%A0%C2%B8%C5%A1%C3%A0%C2%B9%E2%82%AC%C3%A0%C2%B8%E2%80%9A%C3%A0%C2%B8%E2%80%A2%C3%A0%C2%B9%E2%80%9A%C3%A0%C2%B8%E2%80%BA%C3%A0%C2%B8%C2%A3%C3%A0%C2%B9%E2%82%AC%C3%A0%C2%B8%CB%86%C3%A0%C2%B8%E2%80%9E%C3%A0%C2%B8%E2%80%A2%C3%A0%C2%B8%C2%B4%C3%A0%C2%B8%E2%80%9D%C3%A0%C2%B8%E2%80%A2%C3%A0%C2%B8%C2%B2%C3%A0%C2%B8%C2%A1%C3%A0%C2%B8%E2%80%A1%C3%A0%C2%B8%C2%B2%C3%A0%C2%B8%E2%84%A2%C3%A0%C2%B8%C2%A7%C3%A0%C2%B8%C2%B4%C3%A0%C2%B8%CB%86%C3%A0%C2%B8%C2%B1%C3%A0%C2%B8%C2%A2.xlsx HTTP/1.1 500 425 -
[16/Feb/2021:03:35:18 +0700] XNIO-2 task-3 GET /api/path/download/Deploy_Vue_Js_Docker.docx HTTP/1.1 500 338 -
[16/Feb/2021:03:35:18 +0700] XNIO-2 task-4 GET /api/path/download/time%20update%20project.txt HTTP/1.1 500 337 -
[16/Feb/2021:03:35:18 +0700] XNIO-2 task-6 GET /api/path/download/New%20Text%20Document%20(2).txt HTTP/1.1 500 340 -
[16/Feb/2021:03:35:18 +0700] XNIO-2 task-1 GET /api/path/download/New%20Text%20Document%20(3).txt HTTP/1.1 500 341 -
[16/Feb/2021:03:35:18 +0700] XNIO-2 task-3 GET /api/path/download/New%20Text%20Document.txt HTTP/1.1 500 339 -
[16/Feb/2021:03:35:18 +0700] XNIO-2 task-4 GET /api/path/download/test HTTP/1.1 500 324 -
[16/Feb/2021:03:35:18 +0700] XNIO-2 task-6 GET /api/path/download/%C3%A0%C2%B8%E2%80%9A%C3%A0%C2%B8%C2%AD%C3%A0%C2%B8%C5%A1%C3%A0%C2%B9%E2%82%AC%C3%A0%C2%B8%E2%80%9A%C3%A0%C2%B8%E2%80%A2%C3%A0%C2%B9%E2%80%9A%C3%A0%C2%B8%E2%80%BA%C3%A0%C2%B8%C2%A3%C3%A0%C2%B9%E2%82%AC%C3%A0%C2%B8%CB%86%C3%A0%C2%B8%E2%80%9E%C3%A0%C2%B8%E2%80%A2%C3%A0%C2%B8%C2%B4%C3%A0%C2%B8%E2%80%9D%C3%A0%C2%B8%E2%80%A2%C3%A0%C2%B8%C2%B2%C3%A0%C2%B8%C2%A1%C3%A0%C2%B8%E2%80%A1%C3%A0%C2%B8%C2%B2%C3%A0%C2%B8%E2%84%A2%C3%A0%C2%B8%C2%A7%C3%A0%C2%B8%C2%B4%C3%A0%C2%B8%CB%86%C3%A0%C2%B8%C2%B1%C3%A0%C2%B8%C2%A2.xlsx HTTP/1.1 500 426 -
[16/Feb/2021:03:35:18 +0700] XNIO-2 task-1 GET /api/path/download/Deploy_Vue_Js_Docker.docx HTTP/1.1 500 338 -
[16/Feb/2021:03:35:19 +0700] XNIO-2 task-2 GET /api/path/download/2.Introduction%20to%20Laravel.pdf HTTP/1.1 200 605846 -
[16/Feb/2021:03:35:19 +0700] XNIO-2 task-5 GET /api/path/download/01.PHPOOP.pdf HTTP/1.1 200 821559 -
[16/Feb/2021:03:35:19 +0700] XNIO-2 task-1 GET /api/path/download/2.Introduction%20to%20Laravel.pdf HTTP/1.1 200 605846 -
[16/Feb/2021:03:35:19 +0700] XNIO-2 task-2 GET /api/path/download/01.PHPOOP.pdf HTTP/1.1 200 821559 -
[16/Feb/2021:03:35:21 +0700] XNIO-2 task-2 GET /api/path/research/4 HTTP/1.1 200 315 -
[16/Feb/2021:03:35:21 +0700] XNIO-2 task-1 GET /api/path/file/4 HTTP/1.1 200 613 -
[16/Feb/2021:03:35:21 +0700] XNIO-2 task-3 GET /api/path/download/%C3%A0%C2%B8%E2%80%9A%C3%A0%C2%B8%C2%AD%C3%A0%C2%B8%C5%A1%C3%A0%C2%B9%E2%82%AC%C3%A0%C2%B8%E2%80%9A%C3%A0%C2%B8%E2%80%A2%C3%A0%C2%B9%E2%80%9A%C3%A0%C2%B8%E2%80%BA%C3%A0%C2%B8%C2%A3%C3%A0%C2%B9%E2%82%AC%C3%A0%C2%B8%CB%86%C3%A0%C2%B8%E2%80%9E%C3%A0%C2%B8%E2%80%A2%C3%A0%C2%B8%C2%B4%C3%A0%C2%B8%E2%80%9D%C3%A0%C2%B8%E2%80%A2%C3%A0%C2%B8%C2%B2%C3%A0%C2%B8%C2%A1%C3%A0%C2%B8%E2%80%A1%C3%A0%C2%B8%C2%B2%C3%A0%C2%B8%E2%84%A2%C3%A0%C2%B8%C2%A7%C3%A0%C2%B8%C2%B4%C3%A0%C2%B8%CB%86%C3%A0%C2%B8%C2%B1%C3%A0%C2%B8%C2%A2.xlsx HTTP/1.1 500 427 -
[16/Feb/2021:03:35:21 +0700] XNIO-2 task-1 GET /api/path/download/test HTTP/1.1 500 319 -
[16/Feb/2021:03:35:21 +0700] XNIO-2 task-4 GET /api/path/download/time%20update%20project.txt HTTP/1.1 500 339 -
[16/Feb/2021:03:35:21 +0700] XNIO-2 task-6 GET /api/path/download/New%20Text%20Document.txt HTTP/1.1 500 336 -
[16/Feb/2021:03:35:21 +0700] XNIO-2 task-2 GET /api/path/download/New%20Text%20Document%20(2).txt HTTP/1.1 500 342 -
[16/Feb/2021:03:35:21 +0700] XNIO-2 task-5 GET /api/path/download/New%20Text%20Document%20(3).txt HTTP/1.1 500 341 -
[16/Feb/2021:03:35:21 +0700] XNIO-2 task-3 GET /api/path/download/Deploy_Vue_Js_Docker.docx HTTP/1.1 500 339 -
[16/Feb/2021:03:35:21 +0700] XNIO-2 task-6 GET /api/path/download/%C3%A0%C2%B8%E2%80%9A%C3%A0%C2%B8%C2%AD%C3%A0%C2%B8%C5%A1%C3%A0%C2%B9%E2%82%AC%C3%A0%C2%B8%E2%80%9A%C3%A0%C2%B8%E2%80%A2%C3%A0%C2%B9%E2%80%9A%C3%A0%C2%B8%E2%80%BA%C3%A0%C2%B8%C2%A3%C3%A0%C2%B9%E2%82%AC%C3%A0%C2%B8%CB%86%C3%A0%C2%B8%E2%80%9E%C3%A0%C2%B8%E2%80%A2%C3%A0%C2%B8%C2%B4%C3%A0%C2%B8%E2%80%9D%C3%A0%C2%B8%E2%80%A2%C3%A0%C2%B8%C2%B2%C3%A0%C2%B8%C2%A1%C3%A0%C2%B8%E2%80%A1%C3%A0%C2%B8%C2%B2%C3%A0%C2%B8%E2%84%A2%C3%A0%C2%B8%C2%A7%C3%A0%C2%B8%C2%B4%C3%A0%C2%B8%CB%86%C3%A0%C2%B8%C2%B1%C3%A0%C2%B8%C2%A2.xlsx HTTP/1.1 500 423 -
[16/Feb/2021:03:35:22 +0700] XNIO-2 task-2 GET /api/path/download/test HTTP/1.1 500 321 -
[16/Feb/2021:03:35:22 +0700] XNIO-2 task-4 GET /api/path/download/time%20update%20project.txt HTTP/1.1 500 337 -
[16/Feb/2021:03:35:22 +0700] XNIO-2 task-3 GET /api/path/download/New%20Text%20Document%20(2).txt HTTP/1.1 500 340 -
[16/Feb/2021:03:35:22 +0700] XNIO-2 task-6 GET /api/path/download/New%20Text%20Document.txt HTTP/1.1 500 340 -
[16/Feb/2021:03:35:22 +0700] XNIO-2 task-4 GET /api/path/download/Deploy_Vue_Js_Docker.docx HTTP/1.1 500 334 -
[16/Feb/2021:03:35:22 +0700] XNIO-2 task-2 GET /api/path/download/New%20Text%20Document%20(3).txt HTTP/1.1 500 341 -
[16/Feb/2021:03:35:22 +0700] XNIO-2 task-1 GET /api/path/download/2.Introduction%20to%20Laravel.pdf HTTP/1.1 200 605846 -
[16/Feb/2021:03:35:22 +0700] XNIO-2 task-5 GET /api/path/download/01.PHPOOP.pdf HTTP/1.1 200 821559 -
[16/Feb/2021:03:35:22 +0700] XNIO-2 task-2 GET /api/path/download/2.Introduction%20to%20Laravel.pdf HTTP/1.1 200 605846 -
[16/Feb/2021:03:35:22 +0700] XNIO-2 task-1 GET /api/path/download/01.PHPOOP.pdf HTTP/1.1 200 821559 -
[16/Feb/2021:03:36:07 +0700] XNIO-2 task-1 GET /api/path/research/4 HTTP/1.1 200 315 -
[16/Feb/2021:03:36:07 +0700] XNIO-2 task-2 GET /api/path/file/4 HTTP/1.1 200 613 -
[16/Feb/2021:03:36:11 +0700] XNIO-2 task-2 GET /api/path/research/4 HTTP/1.1 200 315 -
[16/Feb/2021:03:36:11 +0700] XNIO-2 task-1 GET /api/path/file/4 HTTP/1.1 200 613 -
[16/Feb/2021:03:36:36 +0700] XNIO-2 task-1 GET /api/path/research/4 HTTP/1.1 200 315 -
[16/Feb/2021:03:36:36 +0700] XNIO-2 task-2 GET /api/path/file/4 HTTP/1.1 200 613 -
[16/Feb/2021:03:36:38 +0700] XNIO-2 task-1 GET /api/path/research/4 HTTP/1.1 200 315 -
[16/Feb/2021:03:36:38 +0700] XNIO-2 task-2 GET /api/path/file/4 HTTP/1.1 200 613 -
[16/Feb/2021:03:36:50 +0700] XNIO-2 task-2 GET /api/path/research/4 HTTP/1.1 200 315 -
[16/Feb/2021:03:36:50 +0700] XNIO-2 task-1 GET /api/path/file/4 HTTP/1.1 200 613 -
[16/Feb/2021:04:17:07 +0700] XNIO-2 task-1 GET /api/path/research/4 HTTP/1.1 200 315 -
[16/Feb/2021:04:17:07 +0700] XNIO-2 task-2 GET /api/path/file/4 HTTP/1.1 200 613 -
[16/Feb/2021:04:17:33 +0700] XNIO-2 task-2 OPTIONS /api/path/research HTTP/1.1 200 - -
[16/Feb/2021:04:17:33 +0700] XNIO-2 task-2 GET /api/path/research HTTP/1.1 200 398 -
[16/Feb/2021:04:17:35 +0700] XNIO-2 task-2 GET /api/path/research/4 HTTP/1.1 200 315 -
[16/Feb/2021:04:17:35 +0700] XNIO-2 task-1 GET /api/path/file/4 HTTP/1.1 200 613 -
[16/Feb/2021:04:27:23 +0700] XNIO-2 task-1 GET /api/path/research HTTP/1.1 200 398 -
[16/Feb/2021:04:27:44 +0700] XNIO-2 task-1 GET /api/path/research HTTP/1.1 200 398 -
[16/Feb/2021:04:28:15 +0700] XNIO-2 task-1 GET /api/path/research HTTP/1.1 200 398 -
[16/Feb/2021:04:28:18 +0700] XNIO-2 task-1 GET /api/path/research/4 HTTP/1.1 200 315 -
[16/Feb/2021:04:28:18 +0700] XNIO-2 task-2 GET /api/path/file/4 HTTP/1.1 200 613 -
[16/Feb/2021:04:28:21 +0700] XNIO-2 task-2 GET /api/path/file/4 HTTP/1.1 200 613 -
[16/Feb/2021:04:28:21 +0700] XNIO-2 task-2 GET /api/path/download/undefined HTTP/1.1 500 325 -
[16/Feb/2021:04:28:59 +0700] XNIO-2 task-2 GET /api/path/research/4 HTTP/1.1 200 315 -
[16/Feb/2021:04:28:59 +0700] XNIO-2 task-1 GET /api/path/file/4 HTTP/1.1 200 613 -
[16/Feb/2021:04:29:06 +0700] XNIO-2 task-1 GET /api/path/research/4 HTTP/1.1 200 315 -
[16/Feb/2021:04:29:06 +0700] XNIO-2 task-2 GET /api/path/file/4 HTTP/1.1 200 613 -
[16/Feb/2021:04:29:20 +0700] XNIO-2 task-2 GET /api/path/research/4 HTTP/1.1 200 315 -
[16/Feb/2021:04:29:20 +0700] XNIO-2 task-1 GET /api/path/file/4 HTTP/1.1 200 613 -
[16/Feb/2021:04:29:22 +0700] XNIO-2 task-2 GET /api/path/research/4 HTTP/1.1 200 315 -
[16/Feb/2021:04:29:22 +0700] XNIO-2 task-1 GET /api/path/file/4 HTTP/1.1 200 613 -
[16/Feb/2021:04:29:24 +0700] XNIO-2 task-2 GET /api/path/research/4 HTTP/1.1 200 315 -
[16/Feb/2021:04:29:24 +0700] XNIO-2 task-1 GET /api/path/file/4 HTTP/1.1 200 613 -
[16/Feb/2021:04:29:34 +0700] XNIO-2 task-2 GET /api/path/file/4 HTTP/1.1 200 613 -
[16/Feb/2021:04:29:34 +0700] XNIO-2 task-1 GET /api/path/research/4 HTTP/1.1 200 315 -
[16/Feb/2021:04:30:02 +0700] XNIO-2 task-1 GET /api/path/file/4 HTTP/1.1 200 613 -
[16/Feb/2021:04:30:03 +0700] XNIO-2 task-1 GET /api/path/download/undefined HTTP/1.1 500 325 -
[16/Feb/2021:04:30:17 +0700] XNIO-2 task-1 GET /api/path/research/4 HTTP/1.1 200 315 -
[16/Feb/2021:04:30:17 +0700] XNIO-2 task-2 GET /api/path/file/4 HTTP/1.1 200 613 -
[16/Feb/2021:04:30:21 +0700] XNIO-2 task-2 GET /api/path/file/4 HTTP/1.1 200 613 -
[16/Feb/2021:04:30:22 +0700] XNIO-2 task-2 GET /api/path/download/undefined HTTP/1.1 500 326 -
[16/Feb/2021:04:30:43 +0700] XNIO-2 task-2 GET /api/path/research/4 HTTP/1.1 200 315 -
[16/Feb/2021:04:30:43 +0700] XNIO-2 task-1 GET /api/path/file/4 HTTP/1.1 200 613 -
[16/Feb/2021:04:33:19 +0700] XNIO-2 task-1 GET /api/path/research/4 HTTP/1.1 200 315 -
[16/Feb/2021:04:33:19 +0700] XNIO-2 task-2 GET /api/path/file/4 HTTP/1.1 200 613 -
[16/Feb/2021:04:33:29 +0700] XNIO-2 task-2 GET /api/path/research/4 HTTP/1.1 200 315 -
[16/Feb/2021:04:33:29 +0700] XNIO-2 task-1 GET /api/path/file/4 HTTP/1.1 200 613 -
[16/Feb/2021:04:33:33 +0700] XNIO-2 task-1 GET /api/path/research/4 HTTP/1.1 200 315 -
[16/Feb/2021:04:33:33 +0700] XNIO-2 task-2 GET /api/path/file/4 HTTP/1.1 200 613 -
[16/Feb/2021:04:33:41 +0700] XNIO-2 task-2 GET /api/path/research/4 HTTP/1.1 200 315 -
[16/Feb/2021:04:33:41 +0700] XNIO-2 task-1 GET /api/path/file/4 HTTP/1.1 200 613 -
[16/Feb/2021:04:33:47 +0700] XNIO-2 task-1 GET /api/path/research/4 HTTP/1.1 200 315 -
[16/Feb/2021:04:33:47 +0700] XNIO-2 task-1 GET /api/path/file/4 HTTP/1.1 200 613 -
[16/Feb/2021:04:33:50 +0700] XNIO-2 task-1 GET /api/path/research/4 HTTP/1.1 200 315 -
[16/Feb/2021:04:33:50 +0700] XNIO-2 task-2 GET /api/path/file/4 HTTP/1.1 200 613 -
[16/Feb/2021:04:33:53 +0700] XNIO-2 task-2 GET /api/path/research/4 HTTP/1.1 200 315 -
[16/Feb/2021:04:33:53 +0700] XNIO-2 task-1 GET /api/path/file/4 HTTP/1.1 200 613 -
[16/Feb/2021:04:33:58 +0700] XNIO-2 task-2 GET /api/path/research/4 HTTP/1.1 200 315 -
[16/Feb/2021:04:33:58 +0700] XNIO-2 task-1 GET /api/path/file/4 HTTP/1.1 200 613 -
[16/Feb/2021:04:34:00 +0700] XNIO-2 task-1 GET /api/path/file/4 HTTP/1.1 200 613 -
[16/Feb/2021:04:34:00 +0700] XNIO-2 task-1 GET /api/path/download/undefined HTTP/1.1 500 326 -
[16/Feb/2021:04:34:20 +0700] XNIO-2 task-1 GET /api/path/research/4 HTTP/1.1 200 315 -
[16/Feb/2021:04:34:20 +0700] XNIO-2 task-2 GET /api/path/file/4 HTTP/1.1 200 613 -
[16/Feb/2021:04:34:20 +0700] XNIO-2 task-2 GET /api/path/file/4 HTTP/1.1 200 613 -
[16/Feb/2021:04:34:39 +0700] XNIO-2 task-1 GET /api/path/research/4 HTTP/1.1 200 315 -
[16/Feb/2021:04:34:39 +0700] XNIO-2 task-2 GET /api/path/file/4 HTTP/1.1 200 613 -
[16/Feb/2021:04:34:42 +0700] XNIO-2 task-2 GET /api/path/file/4 HTTP/1.1 200 613 -
[16/Feb/2021:04:34:42 +0700] XNIO-2 task-2 GET /api/path/research/4 HTTP/1.1 200 315 -
[16/Feb/2021:04:34:42 +0700] XNIO-2 task-1 GET /api/path/file/4 HTTP/1.1 200 613 -
[16/Feb/2021:04:35:03 +0700] XNIO-2 task-1 GET /api/path/research/4 HTTP/1.1 200 315 -
[16/Feb/2021:04:35:03 +0700] XNIO-2 task-2 GET /api/path/file/4 HTTP/1.1 200 613 -
[16/Feb/2021:04:35:12 +0700] XNIO-2 task-2 GET /api/path/file/4 HTTP/1.1 200 613 -
[16/Feb/2021:04:36:17 +0700] XNIO-2 task-2 GET /api/path/research/4 HTTP/1.1 200 315 -
[16/Feb/2021:04:36:17 +0700] XNIO-2 task-1 GET /api/path/file/4 HTTP/1.1 200 613 -
[16/Feb/2021:04:36:19 +0700] XNIO-2 task-2 GET /api/path/research/4 HTTP/1.1 200 315 -
[16/Feb/2021:04:36:19 +0700] XNIO-2 task-1 GET /api/path/file/4 HTTP/1.1 200 613 -
[16/Feb/2021:04:36:21 +0700] XNIO-2 task-1 GET /api/path/file/4 HTTP/1.1 200 613 -
[16/Feb/2021:04:36:33 +0700] XNIO-2 task-1 GET /api/path/research/4 HTTP/1.1 200 315 -
[16/Feb/2021:04:36:33 +0700] XNIO-2 task-2 GET /api/path/file/4 HTTP/1.1 200 613 -
[16/Feb/2021:04:36:35 +0700] XNIO-2 task-2 GET /api/path/research/4 HTTP/1.1 200 315 -
[16/Feb/2021:04:36:35 +0700] XNIO-2 task-1 GET /api/path/file/4 HTTP/1.1 200 613 -
[16/Feb/2021:04:36:38 +0700] XNIO-2 task-1 GET /api/path/file/4 HTTP/1.1 200 613 -
[16/Feb/2021:04:36:39 +0700] XNIO-2 task-1 GET /api/path/download/test HTTP/1.1 500 320 -
[16/Feb/2021:04:36:54 +0700] XNIO-2 task-1 GET /api/path/research/4 HTTP/1.1 200 315 -
[16/Feb/2021:04:36:54 +0700] XNIO-2 task-2 GET /api/path/file/4 HTTP/1.1 200 613 -
[16/Feb/2021:04:36:56 +0700] XNIO-2 task-2 GET /api/path/file/4 HTTP/1.1 200 613 -
[16/Feb/2021:04:36:56 +0700] XNIO-2 task-2 GET /api/path/download/test HTTP/1.1 500 322 -
[16/Feb/2021:04:37:28 +0700] XNIO-2 task-2 GET /api/path/research/4 HTTP/1.1 200 315 -
[16/Feb/2021:04:37:28 +0700] XNIO-2 task-1 GET /api/path/file/4 HTTP/1.1 200 613 -
[16/Feb/2021:04:37:29 +0700] XNIO-2 task-1 GET /api/path/file/4 HTTP/1.1 200 613 -
[16/Feb/2021:04:37:30 +0700] XNIO-2 task-1 GET /api/path/download/New%20Text%20Document%20(2).txt HTTP/1.1 500 342 -
[16/Feb/2021:04:44:43 +0700] XNIO-2 task-1 GET /api/path/research/4 HTTP/1.1 200 315 -
[16/Feb/2021:04:44:43 +0700] XNIO-2 task-2 GET /api/path/file/4 HTTP/1.1 200 613 -
[16/Feb/2021:04:52:59 +0700] XNIO-2 task-2 GET /api/path/research/4 HTTP/1.1 200 315 -
[16/Feb/2021:04:52:59 +0700] XNIO-2 task-2 GET /api/path/file/4 HTTP/1.1 200 613 -
[16/Feb/2021:04:53:21 +0700] XNIO-2 task-2 GET /api/path/research/4 HTTP/1.1 200 315 -
[16/Feb/2021:04:53:21 +0700] XNIO-2 task-1 GET /api/path/file/4 HTTP/1.1 200 613 -
[16/Feb/2021:04:53:23 +0700] XNIO-2 task-2 GET /api/path/research/4 HTTP/1.1 200 315 -
[16/Feb/2021:04:53:23 +0700] XNIO-2 task-1 GET /api/path/file/4 HTTP/1.1 200 613 -
[16/Feb/2021:04:53:55 +0700] XNIO-2 task-2 GET /api/path/research/4 HTTP/1.1 200 315 -
[16/Feb/2021:04:53:55 +0700] XNIO-2 task-1 GET /api/path/file/4 HTTP/1.1 200 613 -
[16/Feb/2021:04:54:09 +0700] XNIO-2 task-1 GET /api/path/research/4 HTTP/1.1 200 315 -
[16/Feb/2021:04:54:09 +0700] XNIO-2 task-2 GET /api/path/file/4 HTTP/1.1 200 613 -
[16/Feb/2021:04:54:11 +0700] XNIO-2 task-2 GET /api/path/research/4 HTTP/1.1 200 315 -
[16/Feb/2021:04:54:11 +0700] XNIO-2 task-1 GET /api/path/file/4 HTTP/1.1 200 613 -
[16/Feb/2021:04:54:13 +0700] XNIO-2 task-1 GET /api/path/research/4 HTTP/1.1 200 315 -
[16/Feb/2021:04:54:13 +0700] XNIO-2 task-2 GET /api/path/file/4 HTTP/1.1 200 613 -
[16/Feb/2021:04:54:15 +0700] XNIO-2 task-2 GET /api/path/download/01.PHPOOP.pdf HTTP/1.1 200 821559 -
[16/Feb/2021:04:54:15 +0700] XNIO-2 task-2 GET /api/path/download/01.PHPOOP.pdf HTTP/1.1 200 821559 -
[16/Feb/2021:04:54:15 +0700] XNIO-2 task-2 GET /api/path/download/01.PHPOOP.pdf HTTP/1.1 200 821559 -
[16/Feb/2021:04:54:15 +0700] XNIO-2 task-2 GET /api/path/download/01.PHPOOP.pdf HTTP/1.1 200 821559 -
[16/Feb/2021:04:54:15 +0700] XNIO-2 task-2 GET /api/path/download/01.PHPOOP.pdf HTTP/1.1 200 821559 -
[16/Feb/2021:04:54:16 +0700] XNIO-2 task-1 GET /api/path/download/01.PHPOOP.pdf HTTP/1.1 200 821559 -
[16/Feb/2021:04:54:16 +0700] XNIO-2 task-1 GET /api/path/download/01.PHPOOP.pdf HTTP/1.1 200 821559 -
[16/Feb/2021:04:54:16 +0700] XNIO-2 task-1 GET /api/path/download/01.PHPOOP.pdf HTTP/1.1 200 821559 -
[16/Feb/2021:04:54:16 +0700] XNIO-2 task-1 GET /api/path/download/01.PHPOOP.pdf HTTP/1.1 200 821559 -
[16/Feb/2021:04:54:16 +0700] XNIO-2 task-1 GET /api/path/download/01.PHPOOP.pdf HTTP/1.1 200 821559 -
[16/Feb/2021:04:54:16 +0700] XNIO-2 task-1 GET /api/path/download/01.PHPOOP.pdf HTTP/1.1 200 821559 -
[16/Feb/2021:04:54:16 +0700] XNIO-2 task-1 GET /api/path/download/01.PHPOOP.pdf HTTP/1.1 200 821559 -
[16/Feb/2021:04:54:17 +0700] XNIO-2 task-1 GET /api/path/download/01.PHPOOP.pdf HTTP/1.1 200 821559 -
[16/Feb/2021:04:54:17 +0700] XNIO-2 task-1 GET /api/path/download/01.PHPOOP.pdf HTTP/1.1 200 821559 -
[16/Feb/2021:04:54:17 +0700] XNIO-2 task-1 GET /api/path/download/01.PHPOOP.pdf HTTP/1.1 200 821559 -
[16/Feb/2021:04:54:17 +0700] XNIO-2 task-1 GET /api/path/download/01.PHPOOP.pdf HTTP/1.1 200 821559 -
[16/Feb/2021:04:54:17 +0700] XNIO-2 task-1 GET /api/path/download/01.PHPOOP.pdf HTTP/1.1 200 821559 -
[16/Feb/2021:04:54:17 +0700] XNIO-2 task-1 GET /api/path/download/01.PHPOOP.pdf HTTP/1.1 200 821559 -
[16/Feb/2021:04:55:42 +0700] XNIO-2 task-1 GET /api/path/research HTTP/1.1 200 398 -
[16/Feb/2021:04:55:50 +0700] XNIO-2 task-1 GET /api/path/research/4 HTTP/1.1 200 315 -
[16/Feb/2021:04:55:50 +0700] XNIO-2 task-2 GET /api/path/file/4 HTTP/1.1 200 613 -
[16/Feb/2021:04:55:52 +0700] XNIO-2 task-2 GET /api/path/download/01.PHPOOP.pdf HTTP/1.1 200 821559 -
[16/Feb/2021:04:57:06 +0700] XNIO-2 task-2 GET /api/path/research/4 HTTP/1.1 200 315 -
[16/Feb/2021:04:57:06 +0700] XNIO-2 task-2 GET /api/path/file/4 HTTP/1.1 200 613 -
[16/Feb/2021:04:57:09 +0700] XNIO-2 task-2 GET /api/path/download/01.PHPOOP.pdf HTTP/1.1 200 821559 -
[16/Feb/2021:05:04:37 +0700] XNIO-2 task-2 GET /api/path/research/4 HTTP/1.1 200 315 -
[16/Feb/2021:05:04:37 +0700] XNIO-2 task-1 GET /api/path/file/4 HTTP/1.1 200 613 -
[16/Feb/2021:05:04:39 +0700] XNIO-2 task-1 GET /api/localhost:9000/api/path/download/test HTTP/1.1 404 159 -
[16/Feb/2021:05:04:44 +0700] XNIO-2 task-1 GET /api/localhost:9000/api/path/download/New%20Text%20Document%20(2).txt HTTP/1.1 404 178 -
[16/Feb/2021:05:05:07 +0700] XNIO-2 task-1 GET /api/localhost:9000/api/path/download/New%20Text%20Document%20(3).txt HTTP/1.1 404 179 -
[16/Feb/2021:05:05:59 +0700] XNIO-2 task-1 GET /api/localhost:9000/api/path/download/test HTTP/1.1 404 159 -
[16/Feb/2021:05:06:08 +0700] XNIO-2 task-1 GET /api/path/research/4 HTTP/1.1 200 315 -
[16/Feb/2021:05:06:08 +0700] XNIO-2 task-2 GET /api/path/file/4 HTTP/1.1 200 613 -
[16/Feb/2021:05:06:09 +0700] XNIO-2 task-2 GET /api/localhost:9000/api/path/download/test HTTP/1.1 404 158 -
[16/Feb/2021:05:06:19 +0700] XNIO-2 task-2 GET /api/localhost:9000/api/path/download/New%20Text%20Document%20(2).txt HTTP/1.1 404 178 -
[16/Feb/2021:05:06:39 +0700] XNIO-2 task-2 GET /api/localhost:9000/api/path/download/New%20Text%20Document%20(2).txt HTTP/1.1 404 179 -
[16/Feb/2021:05:06:43 +0700] XNIO-2 task-2 GET /api/localhost:9000/api/path/download/New%20Text%20Document%20(2).txt HTTP/1.1 404 179 -
[16/Feb/2021:05:06:48 +0700] XNIO-2 task-2 GET /api/localhost:9000/api/path/download/New%20Text%20Document%20(2).txt HTTP/1.1 404 179 -
[16/Feb/2021:05:07:36 +0700] XNIO-2 task-2 GET /api/path/research/4 HTTP/1.1 200 315 -
[16/Feb/2021:05:07:36 +0700] XNIO-2 task-1 GET /api/path/file/4 HTTP/1.1 200 613 -
[16/Feb/2021:05:07:49 +0700] XNIO-2 task-1 GET /api/path/research/4 HTTP/1.1 200 315 -
[16/Feb/2021:05:07:49 +0700] XNIO-2 task-2 GET /api/path/file/4 HTTP/1.1 200 613 -
[16/Feb/2021:05:07:51 +0700] XNIO-2 task-2 GET /api/path/research/4 HTTP/1.1 200 315 -
[16/Feb/2021:05:07:51 +0700] XNIO-2 task-2 GET /api/path/file/4 HTTP/1.1 200 613 -
[16/Feb/2021:05:07:55 +0700] XNIO-2 task-2 GET /api/path/research/4 HTTP/1.1 200 315 -
[16/Feb/2021:05:07:55 +0700] XNIO-2 task-1 GET /api/path/file/4 HTTP/1.1 200 613 -
[16/Feb/2021:05:08:02 +0700] XNIO-2 task-1 GET /api/path/download/New%20Text%20Document%20(2).txt HTTP/1.1 500 341 -
[16/Feb/2021:05:08:08 +0700] XNIO-2 task-1 GET /api/path/research/4 HTTP/1.1 200 315 -
[16/Feb/2021:05:08:08 +0700] XNIO-2 task-2 GET /api/path/file/4 HTTP/1.1 200 613 -
[16/Feb/2021:05:08:10 +0700] XNIO-2 task-2 GET /api/path/download/New%20Text%20Document%20(2).txt HTTP/1.1 500 340 -
[16/Feb/2021:05:08:20 +0700] XNIO-2 task-2 GET /api/path/download/New%20Text%20Document%20(2).txt HTTP/1.1 500 339 -
[16/Feb/2021:05:08:53 +0700] XNIO-2 task-2 GET /api/path/download/New%20Text%20Document%20(2).txt HTTP/1.1 500 340 -
[16/Feb/2021:05:09:14 +0700] XNIO-2 task-2 GET /api/path/download/Deploy_Vue_Js_Docker.docx HTTP/1.1 500 337 -
[16/Feb/2021:05:09:35 +0700] XNIO-2 task-2 GET /api/path/download/Deploy_Vue_Js_Docker.docx HTTP/1.1 500 336 -
[16/Feb/2021:05:10:16 +0700] XNIO-2 task-2 GET /api/path/download/01.PHPOOP.pdf HTTP/1.1 200 821559 -
[16/Feb/2021:05:10:24 +0700] XNIO-2 task-2 GET /api/path/research/4 HTTP/1.1 200 315 -
[16/Feb/2021:05:10:24 +0700] XNIO-2 task-1 GET /api/path/file/4 HTTP/1.1 200 613 -
[16/Feb/2021:05:10:32 +0700] XNIO-2 task-1 GET /api/path/download/2.Introduction%20to%20Laravel.pdf HTTP/1.1 200 605846 -
[16/Feb/2021:05:11:00 +0700] XNIO-2 task-1 GET /api/path/research/4 HTTP/1.1 200 315 -
[16/Feb/2021:05:11:00 +0700] XNIO-2 task-2 GET /api/path/file/4 HTTP/1.1 200 613 -
[16/Feb/2021:05:11:03 +0700] XNIO-2 task-2 GET /api/path/download/01.PHPOOP.pdf HTTP/1.1 200 821559 -
[16/Feb/2021:05:11:17 +0700] XNIO-2 task-2 GET /api/path/research HTTP/1.1 200 398 -
[16/Feb/2021:05:11:18 +0700] XNIO-2 task-2 GET /api/path/research/6 HTTP/1.1 200 322 -
[16/Feb/2021:05:11:18 +0700] XNIO-2 task-1 GET /api/path/file/6 HTTP/1.1 200 604 -
[16/Feb/2021:05:11:54 +0700] XNIO-2 task-1 GET /api/path/research/6 HTTP/1.1 200 322 -
[16/Feb/2021:05:11:54 +0700] XNIO-2 task-2 GET /api/path/file/6 HTTP/1.1 200 604 -
[16/Feb/2021:05:11:56 +0700] XNIO-2 task-2 GET /api/path/research/6 HTTP/1.1 200 322 -
[16/Feb/2021:05:11:56 +0700] XNIO-2 task-1 GET /api/path/file/6 HTTP/1.1 200 604 -
[16/Feb/2021:05:12:55 +0700] XNIO-2 task-1 OPTIONS /api/path/file HTTP/1.1 200 - -
[16/Feb/2021:05:12:56 +0700] XNIO-2 task-1 POST /api/path/file HTTP/1.1 200 10 -
[16/Feb/2021:05:12:57 +0700] XNIO-2 task-2 GET /api/path/file/6 HTTP/1.1 200 633 -
[16/Feb/2021:05:12:57 +0700] XNIO-2 task-1 GET /api/path/research/6 HTTP/1.1 200 322 -
[16/Feb/2021:05:13:00 +0700] XNIO-2 task-2 GET /api/path/download/Certificate-WMD1401s-TH.pdf HTTP/1.1 200 388527 -
[16/Feb/2021:05:13:09 +0700] XNIO-2 task-2 GET /api/path/research HTTP/1.1 200 398 -
[16/Feb/2021:05:13:11 +0700] XNIO-2 task-2 GET /api/path/research/6 HTTP/1.1 200 322 -
[16/Feb/2021:05:13:11 +0700] XNIO-2 task-1 GET /api/path/file/6 HTTP/1.1 200 633 -
[16/Feb/2021:05:13:12 +0700] XNIO-2 task-1 GET /api/path/research HTTP/1.1 200 398 -
[16/Feb/2021:05:13:13 +0700] XNIO-2 task-2 GET /api/path/research/25 HTTP/1.1 200 319 -
[16/Feb/2021:05:13:13 +0700] XNIO-2 task-1 GET /api/path/file/25 HTTP/1.1 200 384 -
[16/Feb/2021:05:13:14 +0700] XNIO-2 task-1 GET /api/path/research HTTP/1.1 200 398 -
[16/Feb/2021:05:13:15 +0700] XNIO-2 task-1 GET /api/path/research/26 HTTP/1.1 200 320 -
[16/Feb/2021:05:13:15 +0700] XNIO-2 task-2 GET /api/path/file/26 HTTP/1.1 200 518 -
[16/Feb/2021:05:13:17 +0700] XNIO-2 task-2 GET /api/path/research HTTP/1.1 200 398 -
[16/Feb/2021:05:16:47 +0700] XNIO-2 task-2 GET /api/path/research HTTP/1.1 200 398 -
[16/Feb/2021:05:16:49 +0700] XNIO-2 task-2 GET /api/path/research HTTP/1.1 200 398 -
[16/Feb/2021:05:17:19 +0700] XNIO-2 task-2 OPTIONS /api/path/research HTTP/1.1 200 - -
[16/Feb/2021:05:17:19 +0700] XNIO-2 task-2 POST /api/path/research HTTP/1.1 200 408 -
[16/Feb/2021:05:17:19 +0700] XNIO-2 task-2 GET /api/path/research HTTP/1.1 200 539 -
[16/Feb/2021:05:18:10 +0700] XNIO-2 task-2 GET /api/path/research HTTP/1.1 200 539 -
[16/Feb/2021:05:18:24 +0700] XNIO-2 task-2 OPTIONS /api/path/research/56 HTTP/1.1 200 - -
[16/Feb/2021:05:18:24 +0700] XNIO-2 task-2 DELETE /api/path/research/56 HTTP/1.1 200 - -
[16/Feb/2021:05:18:24 +0700] XNIO-2 task-2 GET /api/path/research HTTP/1.1 200 398 -
[16/Feb/2021:05:27:23 +0700] XNIO-2 task-2 GET /api/path/research HTTP/1.1 200 398 -
[16/Feb/2021:05:27:26 +0700] XNIO-2 task-2 GET /api/path/research HTTP/1.1 200 398 -
[16/Feb/2021:05:27:27 +0700] XNIO-2 task-2 GET /api/path/research/4 HTTP/1.1 200 315 -
[16/Feb/2021:05:27:27 +0700] XNIO-2 task-1 GET /api/path/file/4 HTTP/1.1 200 613 -
[16/Feb/2021:05:31:15 +0700] XNIO-2 task-1 GET /api/path/research HTTP/1.1 200 398 -
[16/Feb/2021:05:43:40 +0700] XNIO-2 task-1 GET /api/path/research HTTP/1.1 200 398 -
[16/Feb/2021:06:34:38 +0700] XNIO-2 task-1 OPTIONS /api/path/research HTTP/1.1 200 - -
[16/Feb/2021:06:34:38 +0700] XNIO-2 task-1 GET /api/path/research HTTP/1.1 200 398 -
[16/Feb/2021:06:40:13 +0700] XNIO-2 task-1 GET /api/path/research HTTP/1.1 200 398 -
[16/Feb/2021:06:44:54 +0700] XNIO-2 task-1 GET /api/path/research HTTP/1.1 200 398 -
[16/Feb/2021:06:44:58 +0700] XNIO-2 task-1 GET /api/path/research/4 HTTP/1.1 200 315 -
[16/Feb/2021:06:44:58 +0700] XNIO-2 task-2 GET /api/path/file/4 HTTP/1.1 200 613 -
[16/Feb/2021:06:45:17 +0700] XNIO-2 task-2 GET /api/path/research/4 HTTP/1.1 200 315 -
[16/Feb/2021:06:45:17 +0700] XNIO-2 task-1 GET /api/path/file/4 HTTP/1.1 200 613 -
[16/Feb/2021:06:45:35 +0700] XNIO-2 task-1 GET /api/path/research/4 HTTP/1.1 200 315 -
[16/Feb/2021:06:45:35 +0700] XNIO-2 task-2 GET /api/path/file/4 HTTP/1.1 200 613 -
[16/Feb/2021:06:45:36 +0700] XNIO-2 task-2 GET /api/path/research/4 HTTP/1.1 200 315 -
[16/Feb/2021:06:45:36 +0700] XNIO-2 task-1 GET /api/path/file/4 HTTP/1.1 200 613 -
[16/Feb/2021:06:45:50 +0700] XNIO-2 task-1 GET /api/path/research/4 HTTP/1.1 200 315 -
[16/Feb/2021:06:45:50 +0700] XNIO-2 task-2 GET /api/path/file/4 HTTP/1.1 200 613 -
[16/Feb/2021:06:46:26 +0700] XNIO-2 task-2 GET /api/path/research/4 HTTP/1.1 200 315 -
[16/Feb/2021:06:46:26 +0700] XNIO-2 task-1 GET /api/path/file/4 HTTP/1.1 200 613 -
[16/Feb/2021:06:46:59 +0700] XNIO-2 task-1 GET /api/path/research/4 HTTP/1.1 200 315 -
[16/Feb/2021:06:46:59 +0700] XNIO-2 task-2 GET /api/path/file/4 HTTP/1.1 200 613 -
[16/Feb/2021:06:47:00 +0700] XNIO-2 task-2 GET /api/path/research/4 HTTP/1.1 200 315 -
[16/Feb/2021:06:47:01 +0700] XNIO-2 task-1 GET /api/path/file/4 HTTP/1.1 200 613 -
[16/Feb/2021:06:47:05 +0700] XNIO-2 task-1 GET /api/path/research/4 HTTP/1.1 200 315 -
[16/Feb/2021:06:47:05 +0700] XNIO-2 task-2 GET /api/path/file/4 HTTP/1.1 200 613 -
[16/Feb/2021:06:47:12 +0700] XNIO-2 task-2 GET /api/path/research/4 HTTP/1.1 200 315 -
[16/Feb/2021:06:47:12 +0700] XNIO-2 task-1 GET /api/path/file/4 HTTP/1.1 200 613 -
[16/Feb/2021:06:47:13 +0700] XNIO-2 task-1 GET /api/path/research HTTP/1.1 200 398 -
[16/Feb/2021:06:47:21 +0700] XNIO-2 task-1 GET /api/path/research/4 HTTP/1.1 200 315 -
[16/Feb/2021:06:47:21 +0700] XNIO-2 task-2 GET /api/path/file/4 HTTP/1.1 200 613 -
[16/Feb/2021:06:47:30 +0700] XNIO-2 task-2 GET /api/path/research/4 HTTP/1.1 200 315 -
[16/Feb/2021:06:47:30 +0700] XNIO-2 task-1 GET /api/path/file/4 HTTP/1.1 200 613 -
[16/Feb/2021:06:47:33 +0700] XNIO-2 task-1 GET /api/path/research/4 HTTP/1.1 200 315 -
[16/Feb/2021:06:47:33 +0700] XNIO-2 task-2 GET /api/path/file/4 HTTP/1.1 200 613 -
[16/Feb/2021:06:47:35 +0700] XNIO-2 task-2 GET /api/path/research/4 HTTP/1.1 200 315 -
[16/Feb/2021:06:47:35 +0700] XNIO-2 task-1 GET /api/path/file/4 HTTP/1.1 200 613 -
[16/Feb/2021:06:48:01 +0700] XNIO-2 task-2 GET /api/path/research/4 HTTP/1.1 200 315 -
[16/Feb/2021:06:48:01 +0700] XNIO-2 task-1 GET /api/path/file/4 HTTP/1.1 200 613 -
[16/Feb/2021:06:48:14 +0700] XNIO-2 task-1 GET /api/path/research HTTP/1.1 200 398 -
[16/Feb/2021:06:48:22 +0700] XNIO-2 task-1 GET /api/path/research/4 HTTP/1.1 200 315 -
[16/Feb/2021:06:48:22 +0700] XNIO-2 task-2 GET /api/path/file/4 HTTP/1.1 200 613 -
[16/Feb/2021:06:48:40 +0700] XNIO-2 task-2 GET /api/path/research/4 HTTP/1.1 200 315 -
[16/Feb/2021:06:48:40 +0700] XNIO-2 task-1 GET /api/path/file/4 HTTP/1.1 200 613 -
[16/Feb/2021:06:50:05 +0700] XNIO-2 task-1 GET /api/path/research/4 HTTP/1.1 200 315 -
[16/Feb/2021:06:50:05 +0700] XNIO-2 task-2 GET /api/path/file/4 HTTP/1.1 200 613 -
[16/Feb/2021:06:50:10 +0700] XNIO-2 task-1 GET /api/path/research/4 HTTP/1.1 200 315 -
[16/Feb/2021:06:50:10 +0700] XNIO-2 task-2 GET /api/path/file/4 HTTP/1.1 200 613 -
[16/Feb/2021:06:50:25 +0700] XNIO-2 task-2 GET /api/path/research/4 HTTP/1.1 200 315 -
[16/Feb/2021:06:50:25 +0700] XNIO-2 task-1 GET /api/path/file/4 HTTP/1.1 200 613 -
[16/Feb/2021:06:50:28 +0700] XNIO-2 task-1 GET /api/path/research/4 HTTP/1.1 200 315 -
[16/Feb/2021:06:50:28 +0700] XNIO-2 task-2 GET /api/path/file/4 HTTP/1.1 200 613 -
[16/Feb/2021:06:50:31 +0700] XNIO-2 task-1 GET /api/path/research/4 HTTP/1.1 200 315 -
[16/Feb/2021:06:50:31 +0700] XNIO-2 task-2 GET /api/path/file/4 HTTP/1.1 200 613 -
[16/Feb/2021:06:50:37 +0700] XNIO-2 task-2 GET /api/path/research/4 HTTP/1.1 200 315 -
[16/Feb/2021:06:50:37 +0700] XNIO-2 task-1 GET /api/path/file/4 HTTP/1.1 200 613 -
[16/Feb/2021:06:50:37 +0700] XNIO-2 task-1 GET /api/path/research HTTP/1.1 200 398 -
[16/Feb/2021:06:51:01 +0700] XNIO-2 task-1 GET /api/path/research/4 HTTP/1.1 200 315 -
[16/Feb/2021:06:51:01 +0700] XNIO-2 task-2 GET /api/path/file/4 HTTP/1.1 200 613 -
[16/Feb/2021:06:51:03 +0700] XNIO-2 task-2 GET /api/path/research HTTP/1.1 200 398 -
[16/Feb/2021:06:51:04 +0700] XNIO-2 task-1 GET /api/path/research/4 HTTP/1.1 200 315 -
[16/Feb/2021:06:51:04 +0700] XNIO-2 task-2 GET /api/path/file/4 HTTP/1.1 200 613 -
[16/Feb/2021:06:51:07 +0700] XNIO-2 task-2 GET /api/path/research/4 HTTP/1.1 200 315 -
[16/Feb/2021:06:51:07 +0700] XNIO-2 task-1 GET /api/path/file/4 HTTP/1.1 200 613 -
[16/Feb/2021:06:51:10 +0700] XNIO-2 task-2 GET /api/path/file/4 HTTP/1.1 200 613 -
[16/Feb/2021:06:51:10 +0700] XNIO-2 task-1 GET /api/path/research/4 HTTP/1.1 200 315 -
[16/Feb/2021:06:51:13 +0700] XNIO-2 task-1 GET /api/path/research HTTP/1.1 200 398 -
[16/Feb/2021:06:51:15 +0700] XNIO-2 task-1 GET /api/path/research/4 HTTP/1.1 200 315 -
[16/Feb/2021:06:51:15 +0700] XNIO-2 task-2 GET /api/path/file/4 HTTP/1.1 200 613 -
[16/Feb/2021:06:51:18 +0700] XNIO-2 task-2 GET /api/path/research/4 HTTP/1.1 200 315 -
[16/Feb/2021:06:51:18 +0700] XNIO-2 task-1 GET /api/path/file/4 HTTP/1.1 200 613 -
[16/Feb/2021:06:53:16 +0700] XNIO-2 task-2 GET /api/path/research/4 HTTP/1.1 200 315 -
[16/Feb/2021:06:53:16 +0700] XNIO-2 task-1 GET /api/path/file/4 HTTP/1.1 200 613 -
[16/Feb/2021:06:53:22 +0700] XNIO-2 task-1 GET /api/path/research/4 HTTP/1.1 200 315 -
[16/Feb/2021:06:53:22 +0700] XNIO-2 task-2 GET /api/path/file/4 HTTP/1.1 200 613 -
[16/Feb/2021:06:53:26 +0700] XNIO-2 task-2 GET /api/path/research/4 HTTP/1.1 200 315 -
[16/Feb/2021:06:53:26 +0700] XNIO-2 task-1 GET /api/path/file/4 HTTP/1.1 200 613 -
[16/Feb/2021:06:54:28 +0700] XNIO-2 task-1 GET /api/path/research HTTP/1.1 200 398 -
[16/Feb/2021:06:54:37 +0700] XNIO-2 task-1 GET /api/path/research HTTP/1.1 200 398 -
[16/Feb/2021:06:54:40 +0700] XNIO-2 task-1 GET /api/path/research HTTP/1.1 200 398 -
[16/Feb/2021:06:54:52 +0700] XNIO-2 task-1 GET /api/path/research HTTP/1.1 200 398 -
[16/Feb/2021:06:55:10 +0700] XNIO-2 task-1 GET /api/path/research HTTP/1.1 200 398 -
[16/Feb/2021:06:55:21 +0700] XNIO-2 task-1 GET /api/path/research HTTP/1.1 200 398 -
[16/Feb/2021:07:16:36 +0700] XNIO-2 task-1 OPTIONS /api/auth/signing HTTP/1.1 200 - -
[16/Feb/2021:07:16:37 +0700] XNIO-2 task-2 POST /api/auth/signing HTTP/1.1 200 288 -
[16/Feb/2021:07:16:37 +0700] XNIO-2 task-2 GET /api/path/research HTTP/1.1 200 398 -
[16/Feb/2021:07:23:36 +0700] XNIO-2 task-1 POST /api/auth/signing HTTP/1.1 200 297 -
[16/Feb/2021:07:23:36 +0700] XNIO-2 task-1 GET /api/path/research HTTP/1.1 200 398 -
[16/Feb/2021:07:26:50 +0700] XNIO-2 task-1 GET /api/path/research HTTP/1.1 200 398 -
[16/Feb/2021:08:26:07 +0700] XNIO-2 task-1 OPTIONS /api/path/research HTTP/1.1 200 - -
[16/Feb/2021:08:26:07 +0700] XNIO-2 task-2 GET /api/path/research HTTP/1.1 200 398 -
[16/Feb/2021:08:36:22 +0700] XNIO-2 task-1 OPTIONS /api/auth/signing HTTP/1.1 200 - -
[16/Feb/2021:08:36:23 +0700] XNIO-2 task-2 POST /api/auth/signing HTTP/1.1 200 313 -
[16/Feb/2021:08:36:24 +0700] XNIO-2 task-2 GET /api/path/research HTTP/1.1 200 398 -
[16/Feb/2021:08:37:24 +0700] XNIO-2 task-2 GET /api/path/research HTTP/1.1 200 398 -
[16/Feb/2021:08:52:55 +0700] XNIO-2 task-1 POST /api/auth/signing HTTP/1.1 200 316 -
[16/Feb/2021:08:52:55 +0700] XNIO-2 task-1 GET /api/path/research HTTP/1.1 200 398 -
[16/Feb/2021:08:55:45 +0700] XNIO-2 task-1 POST /api/auth/signing HTTP/1.1 200 316 -
[16/Feb/2021:08:55:45 +0700] XNIO-2 task-1 GET /api/path/research HTTP/1.1 200 398 -
[16/Feb/2021:08:57:55 +0700] XNIO-2 task-1 POST /api/auth/signing HTTP/1.1 200 316 -
[16/Feb/2021:08:57:55 +0700] XNIO-2 task-1 GET /api/path/research HTTP/1.1 200 398 -
[16/Feb/2021:09:00:02 +0700] XNIO-2 task-1 GET /api/auth/signin HTTP/1.1 404 141 -
[16/Feb/2021:09:00:09 +0700] XNIO-2 task-1 POST /api/auth/signin HTTP/1.1 404 141 -
[16/Feb/2021:09:00:43 +0700] XNIO-2 task-1 POST /api/auth/signing HTTP/1.1 200 315 -
[16/Feb/2021:09:09:00 +0700] XNIO-2 task-1 GET /api/path/research HTTP/1.1 200 398 -
[16/Feb/2021:09:09:13 +0700] XNIO-2 task-1 GET /api/path/research HTTP/1.1 200 398 -
[16/Feb/2021:09:09:16 +0700] XNIO-2 task-1 GET /api/path/research/4 HTTP/1.1 200 315 -
[16/Feb/2021:09:09:17 +0700] XNIO-2 task-2 GET /api/path/file/4 HTTP/1.1 200 613 -
[16/Feb/2021:09:10:55 +0700] XNIO-2 task-2 GET /api/path/research HTTP/1.1 200 398 -
[16/Feb/2021:09:16:34 +0700] XNIO-2 task-1 POST /api/auth/signing HTTP/1.1 200 339 -
[16/Feb/2021:09:16:34 +0700] XNIO-2 task-1 GET /api/path/research HTTP/1.1 200 398 -
[16/Feb/2021:09:25:11 +0700] XNIO-2 task-1 POST /api/auth/signing HTTP/1.1 200 339 -
[16/Feb/2021:09:25:12 +0700] XNIO-2 task-1 GET /api/path/research HTTP/1.1 200 398 -
[16/Feb/2021:09:25:21 +0700] XNIO-2 task-1 GET /api/path/research HTTP/1.1 200 398 -
[16/Feb/2021:09:30:02 +0700] XNIO-2 task-1 POST /api/auth/signing HTTP/1.1 200 349 -
[16/Feb/2021:09:30:02 +0700] XNIO-2 task-1 OPTIONS /api/path/research HTTP/1.1 200 - -
[16/Feb/2021:09:30:02 +0700] XNIO-2 task-1 GET /api/path/research HTTP/1.1 200 398 -
[16/Feb/2021:09:30:10 +0700] XNIO-2 task-1 GET /api/path/research HTTP/1.1 200 398 -
[16/Feb/2021:09:32:15 +0700] XNIO-2 task-1 POST /api/auth/signing HTTP/1.1 200 348 -
[16/Feb/2021:09:32:16 +0700] XNIO-2 task-1 GET /api/path/research HTTP/1.1 200 398 -
[16/Feb/2021:09:32:21 +0700] XNIO-2 task-1 GET /api/path/research HTTP/1.1 200 398 -
[16/Feb/2021:09:37:11 +0700] XNIO-2 task-1 GET /api/path/research HTTP/1.1 200 398 -
[16/Feb/2021:09:37:29 +0700] XNIO-2 task-1 GET /api/path/research/4 HTTP/1.1 200 315 -
[16/Feb/2021:09:37:30 +0700] XNIO-2 task-2 GET /api/path/file/4 HTTP/1.1 200 613 -
[16/Feb/2021:09:37:41 +0700] XNIO-2 task-2 OPTIONS /api/path/file HTTP/1.1 200 - -
[16/Feb/2021:09:39:03 +0700] XNIO-2 task-2 POST /api/path/file HTTP/1.1 500 363 -
[16/Feb/2021:09:39:10 +0700] XNIO-2 task-3 GET /api/path/download/New%20Text%20Document%20(2).txt HTTP/1.1 500 341 -
[16/Feb/2021:09:39:13 +0700] XNIO-2 task-1 POST /api/path/file HTTP/1.1 200 10 -
[16/Feb/2021:09:39:16 +0700] XNIO-2 task-3 GET /api/path/research/4 HTTP/1.1 200 315 -
[16/Feb/2021:09:39:16 +0700] XNIO-2 task-1 GET /api/path/file/4 HTTP/1.1 200 644 -
[16/Feb/2021:09:46:09 +0700] XNIO-2 task-1 OPTIONS /api/auth/signing HTTP/1.1 200 - -
[16/Feb/2021:09:46:09 +0700] XNIO-2 task-1 POST /api/auth/signing HTTP/1.1 200 348 -
[16/Feb/2021:09:46:09 +0700] XNIO-2 task-1 OPTIONS /api/path/research HTTP/1.1 200 - -
[16/Feb/2021:09:46:09 +0700] XNIO-2 task-1 GET /api/path/research HTTP/1.1 200 398 -
[16/Feb/2021:09:46:12 +0700] XNIO-2 task-1 GET /api/path/research/4 HTTP/1.1 200 315 -
[16/Feb/2021:09:46:12 +0700] XNIO-2 task-3 GET /api/path/file/4 HTTP/1.1 200 644 -
[16/Feb/2021:09:46:22 +0700] XNIO-2 task-3 GET /api/path/download/Certificate-WMD1401s-TH.pdf HTTP/1.1 200 388527 -
[16/Feb/2021:09:46:44 +0700] XNIO-2 task-3 GET /api/path/research HTTP/1.1 200 398 -
[16/Feb/2021:09:57:06 +0700] XNIO-2 task-3 OPTIONS /api/auth/signup HTTP/1.1 200 - -
[16/Feb/2021:09:57:06 +0700] XNIO-2 task-3 POST /api/auth/signup HTTP/1.1 200 76 -
[16/Feb/2021:09:57:16 +0700] XNIO-2 task-3 POST /api/auth/signing HTTP/1.1 200 299 -
[16/Feb/2021:09:57:16 +0700] XNIO-2 task-3 GET /api/path/research HTTP/1.1 200 29 -
[16/Feb/2021:09:57:41 +0700] XNIO-2 task-3 GET /api/path/research HTTP/1.1 200 29 -
[16/Feb/2021:11:31:07 +0700] XNIO-2 task-3 OPTIONS /api/path/research HTTP/1.1 200 - -
[16/Feb/2021:11:31:07 +0700] XNIO-2 task-3 GET /api/path/research HTTP/1.1 200 29 -
[16/Feb/2021:11:31:36 +0700] XNIO-2 task-3 OPTIONS /api/auth/signing HTTP/1.1 200 - -
[16/Feb/2021:11:31:36 +0700] XNIO-2 task-3 POST /api/auth/signing HTTP/1.1 200 349 -
[16/Feb/2021:11:31:36 +0700] XNIO-2 task-3 GET /api/path/research HTTP/1.1 200 398 -
[16/Feb/2021:11:32:05 +0700] XNIO-2 task-3 GET /api/path/research HTTP/1.1 200 398 -
[16/Feb/2021:11:32:10 +0700] XNIO-2 task-3 GET /api/path/research/6 HTTP/1.1 200 322 -
[16/Feb/2021:11:32:10 +0700] XNIO-2 task-1 GET /api/path/file/6 HTTP/1.1 200 633 -
[16/Feb/2021:11:33:46 +0700] XNIO-2 task-1 GET /api/path/research HTTP/1.1 200 398 -
[16/Feb/2021:11:33:53 +0700] XNIO-2 task-1 GET /api/path/research/4 HTTP/1.1 200 315 -
[16/Feb/2021:11:33:53 +0700] XNIO-2 task-3 GET /api/path/file/4 HTTP/1.1 200 644 -
[16/Feb/2021:11:35:32 +0700] XNIO-2 task-3 GET /api/path/research HTTP/1.1 200 398 -
[16/Feb/2021:11:40:23 +0700] XNIO-2 task-3 GET /api/path/research HTTP/1.1 200 398 -
[16/Feb/2021:11:42:04 +0700] XNIO-2 task-3 GET /api/path/research HTTP/1.1 200 398 -
[16/Feb/2021:11:42:43 +0700] XNIO-2 task-3 GET /api/path/research HTTP/1.1 200 398 -
[16/Feb/2021:11:42:45 +0700] XNIO-2 task-3 GET /api/path/research/4 HTTP/1.1 200 315 -
[16/Feb/2021:11:42:45 +0700] XNIO-2 task-1 GET /api/path/file/4 HTTP/1.1 200 644 -
[16/Feb/2021:11:43:06 +0700] XNIO-2 task-1 GET /api/path/research HTTP/1.1 200 398 -
[16/Feb/2021:11:43:19 +0700] XNIO-2 task-1 GET /api/path/research/4 HTTP/1.1 200 315 -
[16/Feb/2021:11:43:19 +0700] XNIO-2 task-3 GET /api/path/file/4 HTTP/1.1 200 644 -
[16/Feb/2021:11:43:32 +0700] XNIO-2 task-3 OPTIONS /api/path/file HTTP/1.1 200 - -
[16/Feb/2021:11:43:35 +0700] XNIO-2 task-3 POST /api/path/file HTTP/1.1 200 10 -
[16/Feb/2021:11:43:37 +0700] XNIO-2 task-1 GET /api/path/research/4 HTTP/1.1 200 315 -
[16/Feb/2021:11:43:37 +0700] XNIO-2 task-1 GET /api/path/file/4 HTTP/1.1 200 654 -
[16/Feb/2021:11:46:56 +0700] XNIO-2 task-1 POST /api/path/file HTTP/1.1 200 10 -
[16/Feb/2021:11:47:11 +0700] XNIO-2 task-3 GET /api/path/file HTTP/1.1 500 166 -
[16/Feb/2021:11:47:37 +0700] XNIO-2 task-3 GET /api/path/file/01.PHPOOP.pdf HTTP/1.1 500 254 -
[16/Feb/2021:15:02:39 +0700] XNIO-2 task-3 OPTIONS /api/auth/signing HTTP/1.1 200 - -
[16/Feb/2021:15:02:39 +0700] XNIO-2 task-3 POST /api/auth/signing HTTP/1.1 500 468 -
[16/Feb/2021:15:03:39 +0700] XNIO-2 task-3 POST /api/auth/signing HTTP/1.1 200 350 -
[16/Feb/2021:15:03:39 +0700] XNIO-2 task-3 OPTIONS /api/path/research HTTP/1.1 200 - -
[16/Feb/2021:15:03:39 +0700] XNIO-2 task-3 GET /api/path/research HTTP/1.1 200 398 -
[16/Feb/2021:15:04:46 +0700] XNIO-2 task-3 GET /api/path/research/4 HTTP/1.1 200 315 -
[16/Feb/2021:15:04:46 +0700] XNIO-2 task-1 GET /api/path/file/4 HTTP/1.1 200 678 -
[16/Feb/2021:15:05:42 +0700] XNIO-2 task-1 OPTIONS /api/path/file HTTP/1.1 200 - -
[16/Feb/2021:15:05:45 +0700] XNIO-2 task-1 POST /api/path/file HTTP/1.1 200 10 -
[16/Feb/2021:15:05:46 +0700] XNIO-2 task-1 GET /api/path/research/4 HTTP/1.1 200 315 -
[16/Feb/2021:15:05:46 +0700] XNIO-2 task-1 GET /api/path/file/4 HTTP/1.1 200 687 -
