[16/Mar/2021:10:39:39 +0700] XNIO-2 task-1 GET /api/path/file HTTP/1.1 500 166 -
[16/Mar/2021:10:39:44 +0700] XNIO-2 task-1 POST /api/path/file HTTP/1.1 200 10 -
[16/Mar/2021:10:40:31 +0700] XNIO-2 task-1 POST /api/path/file HTTP/1.1 500 152 -
[16/Mar/2021:10:41:20 +0700] XNIO-2 task-2 POST /api/path/file HTTP/1.1 500 152 -
[16/Mar/2021:10:41:51 +0700] XNIO-2 task-2 POST /api/path/file HTTP/1.1 500 153 -
[16/Mar/2021:11:28:35 +0700] XNIO-2 task-1 POST /api/path/file HTTP/1.1 500 153 -
[16/Mar/2021:11:29:26 +0700] XNIO-2 task-1 POST /api/path/file HTTP/1.1 500 267 -
[16/Mar/2021:11:29:42 +0700] XNIO-2 task-1 POST /api/path/file HTTP/1.1 500 267 -
[16/Mar/2021:11:29:54 +0700] XNIO-2 task-1 POST /api/path/file HTTP/1.1 500 153 -
[16/Mar/2021:14:16:22 +0700] XNIO-2 task-1 POST /api/path/url HTTP/1.1 500 166 -
[16/Mar/2021:14:16:25 +0700] XNIO-2 task-1 GET /api/path/url HTTP/1.1 200 70 -
[16/Mar/2021:14:21:14 +0700] XNIO-2 task-1 GET /api/path/url/01.PHPOOP.pdf HTTP/1.1 200 70 -
[16/Mar/2021:14:21:47 +0700] XNIO-2 task-1 GET /api/path/url/Certificate-ESD1003s-TH.pdf HTTP/1.1 200 84 -
[16/Mar/2021:14:55:43 +0700] XNIO-2 task-1 GET /api/path/file HTTP/1.1 500 166 -
[16/Mar/2021:14:55:50 +0700] XNIO-2 task-1 POST /api/path/file HTTP/1.1 500 152 -
[16/Mar/2021:14:57:05 +0700] XNIO-2 task-2 POST /api/path/file HTTP/1.1 500 152 -
[16/Mar/2021:14:58:10 +0700] XNIO-2 task-1 POST /api/path/file HTTP/1.1 500 152 -
[16/Mar/2021:16:40:34 +0700] XNIO-2 task-1 POST /api/path/url/01.PHPOOP.pdf HTTP/1.1 500 177 -
[16/Mar/2021:16:40:38 +0700] XNIO-2 task-1 GET /api/path/url/01.PHPOOP.pdf HTTP/1.1 200 70 -
[16/Mar/2021:16:41:34 +0700] XNIO-2 task-1 OPTIONS /api/path/research HTTP/1.1 200 - -
[16/Mar/2021:16:41:35 +0700] XNIO-2 task-1 GET /api/path/research HTTP/1.1 500 214 -
[16/Mar/2021:16:41:38 +0700] XNIO-2 task-1 OPTIONS /api/auth/signing HTTP/1.1 200 - -
[16/Mar/2021:16:41:38 +0700] XNIO-2 task-1 POST /api/auth/signing HTTP/1.1 200 283 -
[16/Mar/2021:16:41:38 +0700] XNIO-2 task-1 GET /api/path/research HTTP/1.1 200 306 -
[16/Mar/2021:16:46:10 +0700] XNIO-2 task-1 GET /api/path/research HTTP/1.1 200 306 -
[16/Mar/2021:16:46:57 +0700] XNIO-2 task-1 GET /api/path/research HTTP/1.1 200 306 -
[16/Mar/2021:16:50:37 +0700] XNIO-2 task-1 POST /api/path/file HTTP/1.1 500 153 -
[16/Mar/2021:16:52:22 +0700] XNIO-2 task-1 GET /api/path/url/file.pdf HTTP/1.1 200 65 -
[16/Mar/2021:16:54:10 +0700] XNIO-2 task-1 POST /api/path/file HTTP/1.1 200 10 -
[16/Mar/2021:16:56:14 +0700] XNIO-2 task-1 POST /api/path/file HTTP/1.1 200 10 -
[16/Mar/2021:16:56:54 +0700] XNIO-2 task-1 POST /api/path/file HTTP/1.1 200 10 -
[16/Mar/2021:16:59:37 +0700] XNIO-2 task-1 POST /api/path/url/file.pdf%0A HTTP/1.1 500 177 -
[16/Mar/2021:16:59:41 +0700] XNIO-2 task-1 GET /api/path/url/file.pdf%0A HTTP/1.1 200 68 -
[16/Mar/2021:17:03:32 +0700] XNIO-2 task-1 GET /api/path/file%0A HTTP/1.1 404 141 -
[16/Mar/2021:17:03:36 +0700] XNIO-2 task-1 POST /api/path/file%0A HTTP/1.1 404 141 -
[16/Mar/2021:17:03:37 +0700] XNIO-2 task-2 POST /api/path/file%0A HTTP/1.1 404 141 -
[16/Mar/2021:17:03:52 +0700] XNIO-2 task-2 POST /api/path/file HTTP/1.1 200 138 -
[16/Mar/2021:17:04:40 +0700] XNIO-2 task-2 GET /api/path/research HTTP/1.1 200 306 -
[16/Mar/2021:17:05:38 +0700] XNIO-2 task-2 GET /api/path/research HTTP/1.1 200 306 -
[16/Mar/2021:17:05:47 +0700] XNIO-2 task-2 GET /api/path/research HTTP/1.1 200 306 -
[16/Mar/2021:17:17:09 +0700] XNIO-2 task-2 GET /api/path/research HTTP/1.1 200 306 -
[16/Mar/2021:17:18:34 +0700] XNIO-2 task-2 OPTIONS /api/auth/signing HTTP/1.1 200 - -
[16/Mar/2021:17:18:35 +0700] XNIO-2 task-2 POST /api/auth/signing HTTP/1.1 200 288 -
[16/Mar/2021:17:18:35 +0700] XNIO-2 task-2 OPTIONS /api/path/research HTTP/1.1 200 - -
[16/Mar/2021:17:18:35 +0700] XNIO-2 task-2 GET /api/path/research HTTP/1.1 200 306 -
[16/Mar/2021:17:18:41 +0700] XNIO-2 task-2 GET /api/path/research/8 HTTP/1.1 200 303 -
[16/Mar/2021:17:18:41 +0700] XNIO-2 task-1 GET /api/path/file/8 HTTP/1.1 200 29 -
[16/Mar/2021:17:18:56 +0700] XNIO-2 task-2 OPTIONS /api/path/file HTTP/1.1 200 - -
[16/Mar/2021:17:18:58 +0700] XNIO-2 task-2 POST /api/path/file HTTP/1.1 200 154 -
[16/Mar/2021:17:18:59 +0700] XNIO-2 task-2 GET /api/path/file/8 HTTP/1.1 200 29 -
[16/Mar/2021:17:18:59 +0700] XNIO-2 task-1 GET /api/path/research/8 HTTP/1.1 200 303 -
[16/Mar/2021:17:19:55 +0700] XNIO-2 task-1 POST /api/path/file HTTP/1.1 200 154 -
[16/Mar/2021:17:19:56 +0700] XNIO-2 task-1 GET /api/path/research/8 HTTP/1.1 200 303 -
[16/Mar/2021:17:19:56 +0700] XNIO-2 task-2 GET /api/path/file/8 HTTP/1.1 200 346 -
[16/Mar/2021:17:26:22 +0700] XNIO-2 task-1 POST /api/path/file HTTP/1.1 500 152 -
