[08/Feb/2021:00:12:30 +0700] XNIO-2 task-2 GET /api/path/research HTTP/1.1 200 511 -
[08/Feb/2021:00:22:09 +0700] XNIO-2 task-2 GET /api/path/research HTTP/1.1 200 511 -
[08/Feb/2021:00:22:29 +0700] XNIO-2 task-2 GET /api/path/research HTTP/1.1 200 511 -
[08/Feb/2021:00:22:35 +0700] XNIO-2 task-2 GET /api/path/research HTTP/1.1 200 511 -
[08/Feb/2021:00:28:48 +0700] XNIO-2 task-2 GET /api/path/research HTTP/1.1 200 511 -
[08/Feb/2021:00:29:13 +0700] XNIO-2 task-2 GET /api/path/research HTTP/1.1 200 511 -
[08/Feb/2021:00:30:56 +0700] XNIO-2 task-2 GET /api/path/research HTTP/1.1 200 511 -
[08/Feb/2021:00:30:59 +0700] XNIO-2 task-2 GET /api/path/research HTTP/1.1 200 511 -
[08/Feb/2021:00:31:06 +0700] XNIO-2 task-2 GET /api/path/research HTTP/1.1 200 511 -
[08/Feb/2021:00:32:39 +0700] XNIO-2 task-2 GET /api/path/research HTTP/1.1 200 511 -
[08/Feb/2021:00:33:20 +0700] XNIO-2 task-2 GET /api/path/research HTTP/1.1 200 511 -
[08/Feb/2021:00:33:21 +0700] XNIO-2 task-2 GET /api/path/research HTTP/1.1 200 511 -
[08/Feb/2021:00:33:36 +0700] XNIO-2 task-2 GET /api/path/research HTTP/1.1 200 511 -
[08/Feb/2021:00:44:09 +0700] XNIO-2 task-2 GET /api/path/research HTTP/1.1 200 511 -
[08/Feb/2021:00:45:11 +0700] XNIO-2 task-2 OPTIONS /api/path/research HTTP/1.1 200 - -
[08/Feb/2021:00:45:11 +0700] XNIO-2 task-2 GET /api/path/research HTTP/1.1 200 511 -
[08/Feb/2021:00:46:01 +0700] XNIO-2 task-2 GET /api/path/research HTTP/1.1 200 511 -
[08/Feb/2021:00:46:28 +0700] XNIO-2 task-2 GET /api/path/research HTTP/1.1 200 511 -
[08/Feb/2021:00:47:36 +0700] XNIO-2 task-2 GET /api/path/research HTTP/1.1 200 511 -
[08/Feb/2021:00:47:38 +0700] XNIO-2 task-2 GET /api/path/research HTTP/1.1 200 511 -
[08/Feb/2021:00:52:26 +0700] XNIO-2 task-2 GET /api/path/research HTTP/1.1 200 511 -
[08/Feb/2021:00:58:14 +0700] XNIO-2 task-2 GET /api/path/research HTTP/1.1 200 511 -
[08/Feb/2021:00:58:15 +0700] XNIO-2 task-2 GET /api/path/research HTTP/1.1 200 511 -
[08/Feb/2021:00:58:28 +0700] XNIO-2 task-2 GET /api/path/research HTTP/1.1 200 511 -
[08/Feb/2021:01:00:19 +0700] XNIO-2 task-2 GET /api/path/research HTTP/1.1 200 511 -
[08/Feb/2021:01:00:21 +0700] XNIO-2 task-2 GET /api/path/research HTTP/1.1 200 511 -
[08/Feb/2021:01:00:21 +0700] XNIO-2 task-2 GET /api/path/research HTTP/1.1 200 511 -
[08/Feb/2021:01:00:52 +0700] XNIO-2 task-2 GET /api/path/research HTTP/1.1 200 511 -
[08/Feb/2021:01:01:20 +0700] XNIO-2 task-2 GET /api/path/research HTTP/1.1 200 511 -
[08/Feb/2021:01:01:26 +0700] XNIO-2 task-2 GET /api/path/research HTTP/1.1 200 511 -
[08/Feb/2021:01:01:28 +0700] XNIO-2 task-2 GET /api/path/research HTTP/1.1 200 511 -
[08/Feb/2021:01:01:32 +0700] XNIO-2 task-2 GET /api/path/research HTTP/1.1 200 511 -
[08/Feb/2021:01:01:47 +0700] XNIO-2 task-2 GET /api/path/research HTTP/1.1 200 511 -
[08/Feb/2021:01:01:50 +0700] XNIO-2 task-2 GET /api/path/research HTTP/1.1 200 511 -
[08/Feb/2021:01:02:07 +0700] XNIO-2 task-2 GET /api/path/research HTTP/1.1 200 511 -
[08/Feb/2021:01:02:17 +0700] XNIO-2 task-2 GET /api/path/research HTTP/1.1 200 511 -
[08/Feb/2021:01:06:10 +0700] XNIO-2 task-2 GET /api/path/research HTTP/1.1 200 511 -
[08/Feb/2021:01:06:14 +0700] XNIO-2 task-2 GET /api/path/research HTTP/1.1 200 511 -
[08/Feb/2021:01:06:16 +0700] XNIO-2 task-2 GET /api/path/research HTTP/1.1 200 511 -
[08/Feb/2021:01:06:18 +0700] XNIO-2 task-2 GET /api/path/research HTTP/1.1 200 511 -
[08/Feb/2021:01:06:20 +0700] XNIO-2 task-2 GET /api/path/research HTTP/1.1 200 511 -
[08/Feb/2021:01:20:45 +0700] XNIO-2 task-2 GET /api/path/research HTTP/1.1 500 212 -
[08/Feb/2021:01:20:48 +0700] XNIO-2 task-2 GET /api/path/research HTTP/1.1 500 212 -
[08/Feb/2021:01:21:37 +0700] XNIO-2 task-2 GET /api/path/research HTTP/1.1 200 511 -
[08/Feb/2021:01:21:39 +0700] XNIO-2 task-2 GET /api/path/research HTTP/1.1 500 213 -
[08/Feb/2021:01:21:45 +0700] XNIO-2 task-2 GET /api/path/research HTTP/1.1 200 511 -
[08/Feb/2021:01:25:15 +0700] XNIO-2 task-2 GET /api/path/research HTTP/1.1 500 213 -
[08/Feb/2021:01:25:29 +0700] XNIO-2 task-2 GET /api/path/research HTTP/1.1 500 212 -
[08/Feb/2021:01:29:18 +0700] XNIO-2 task-2 GET /api/path/research HTTP/1.1 500 212 -
[08/Feb/2021:01:29:24 +0700] XNIO-2 task-2 GET /api/path/research HTTP/1.1 500 212 -
[08/Feb/2021:01:31:51 +0700] XNIO-2 task-2 GET /api/path/research HTTP/1.1 500 212 -
[08/Feb/2021:01:31:54 +0700] XNIO-2 task-2 GET /api/path/research HTTP/1.1 500 212 -
[08/Feb/2021:01:32:00 +0700] XNIO-2 task-2 GET /api/path/research HTTP/1.1 500 213 -
[08/Feb/2021:01:32:02 +0700] XNIO-2 task-2 GET /api/path/research HTTP/1.1 500 212 -
[08/Feb/2021:01:34:06 +0700] XNIO-2 task-2 GET /api/path/research HTTP/1.1 500 213 -
[08/Feb/2021:01:34:11 +0700] XNIO-2 task-2 GET /api/path/research HTTP/1.1 500 213 -
[08/Feb/2021:01:35:01 +0700] XNIO-2 task-2 GET /api/path/research HTTP/1.1 500 212 -
[08/Feb/2021:01:35:23 +0700] XNIO-2 task-2 GET /api/path/research HTTP/1.1 500 212 -
[08/Feb/2021:01:35:42 +0700] XNIO-2 task-2 GET /api/path/research HTTP/1.1 500 212 -
[08/Feb/2021:01:37:04 +0700] XNIO-2 task-2 GET /api/path/research HTTP/1.1 500 213 -
[08/Feb/2021:01:37:06 +0700] XNIO-2 task-2 GET /api/path/research HTTP/1.1 500 211 -
[08/Feb/2021:01:38:03 +0700] XNIO-2 task-2 GET /api/path/research HTTP/1.1 500 212 -
[08/Feb/2021:01:38:05 +0700] XNIO-2 task-2 GET /api/path/research HTTP/1.1 500 212 -
[08/Feb/2021:01:38:12 +0700] XNIO-2 task-2 GET /api/path/research HTTP/1.1 500 213 -
[08/Feb/2021:01:42:25 +0700] XNIO-2 task-2 GET /api/path/research/function%20getState()%20%7B%20%20%20%20if%20(isDispatching)%20%7B%20%20%20%20%20%20throw%20new%20Error('You%20may%20not%20call%20store.getState()%20while%20the%20reducer%20is%20executing.%20'%20+%20'The%20reducer%20has%20already%20received%20the%20state%20as%20an%20argument.%20'%20+%20'Pass%20it%20down%20from%20the%20top%20reducer%20instead%20of%20reading%20it%20from%20the%20store.');%20%20%20%20%7D%20%20%20%20return%20currentState;%20%20%7D HTTP/1.1 500 1334 -
[08/Feb/2021:01:42:28 +0700] XNIO-2 task-2 GET /api/path/research/undefined HTTP/1.1 500 249 -
[08/Feb/2021:01:42:37 +0700] XNIO-2 task-2 GET /api/path/research/undefined HTTP/1.1 500 249 -
[08/Feb/2021:01:45:59 +0700] XNIO-2 task-2 GET /api/path/research/undefined HTTP/1.1 500 249 -
[08/Feb/2021:01:46:27 +0700] XNIO-2 task-2 GET /api/path/research/undefined HTTP/1.1 500 249 -
[08/Feb/2021:01:46:28 +0700] XNIO-2 task-2 GET /api/path/research/undefined HTTP/1.1 500 250 -
[08/Feb/2021:01:46:40 +0700] XNIO-2 task-2 GET /api/path/research/undefined HTTP/1.1 500 249 -
[08/Feb/2021:01:46:58 +0700] XNIO-2 task-2 GET /api/path/research/undefined HTTP/1.1 500 249 -
[08/Feb/2021:01:49:20 +0700] XNIO-2 task-2 GET /api/path/research/undefined HTTP/1.1 500 249 -
[08/Feb/2021:01:49:35 +0700] XNIO-2 task-2 OPTIONS /api/path/research HTTP/1.1 200 - -
[08/Feb/2021:01:49:35 +0700] XNIO-2 task-2 POST /api/path/research HTTP/1.1 500 198 -
[08/Feb/2021:01:49:35 +0700] XNIO-2 task-2 POST /api/path/research HTTP/1.1 500 266 -
[08/Feb/2021:01:49:37 +0700] XNIO-2 task-2 POST /api/path/research HTTP/1.1 500 266 -
[08/Feb/2021:01:50:00 +0700] XNIO-2 task-2 POST /api/path/research HTTP/1.1 500 264 -
[08/Feb/2021:01:51:56 +0700] XNIO-2 task-2 POST /api/path/research HTTP/1.1 500 265 -
[08/Feb/2021:01:51:58 +0700] XNIO-2 task-2 POST /api/path/research HTTP/1.1 500 265 -
[08/Feb/2021:01:52:05 +0700] XNIO-2 task-2 POST /api/path/research HTTP/1.1 500 265 -
[08/Feb/2021:01:52:08 +0700] XNIO-2 task-2 POST /api/path/research HTTP/1.1 500 265 -
[08/Feb/2021:01:52:27 +0700] XNIO-2 task-2 GET /api/path/research/4 HTTP/1.1 200 323 -
[08/Feb/2021:01:52:29 +0700] XNIO-2 task-2 GET /api/path/research/4 HTTP/1.1 200 323 -
[08/Feb/2021:01:56:40 +0700] XNIO-2 task-2 GET /api/path/research HTTP/1.1 200 511 -
[08/Feb/2021:01:56:43 +0700] XNIO-2 task-2 GET /api/path/research/4 HTTP/1.1 200 323 -
[08/Feb/2021:01:56:58 +0700] XNIO-2 task-2 GET /api/path/research HTTP/1.1 200 511 -
[08/Feb/2021:01:57:00 +0700] XNIO-2 task-2 GET /api/path/research HTTP/1.1 200 511 -
[08/Feb/2021:01:57:02 +0700] XNIO-2 task-2 GET /api/path/research HTTP/1.1 200 511 -
[08/Feb/2021:01:57:04 +0700] XNIO-2 task-2 GET /api/path/research/4 HTTP/1.1 200 323 -
[08/Feb/2021:01:57:15 +0700] XNIO-2 task-2 GET /api/path/research/4 HTTP/1.1 200 323 -
[08/Feb/2021:01:57:32 +0700] XNIO-2 task-2 GET /api/path/research/4 HTTP/1.1 200 323 -
[08/Feb/2021:01:57:51 +0700] XNIO-2 task-2 GET /api/path/research/4 HTTP/1.1 200 323 -
[08/Feb/2021:01:58:03 +0700] XNIO-2 task-2 GET /api/path/research HTTP/1.1 200 511 -
[08/Feb/2021:01:58:11 +0700] XNIO-2 task-2 GET /api/path/research HTTP/1.1 200 511 -
[08/Feb/2021:01:58:34 +0700] XNIO-2 task-2 GET /api/path/research HTTP/1.1 200 511 -
[08/Feb/2021:01:59:19 +0700] XNIO-2 task-2 GET /api/path/research HTTP/1.1 200 511 -
[08/Feb/2021:01:59:23 +0700] XNIO-2 task-2 GET /api/path/research HTTP/1.1 200 511 -
[08/Feb/2021:01:59:32 +0700] XNIO-2 task-2 GET /api/path/research HTTP/1.1 200 511 -
[08/Feb/2021:01:59:35 +0700] XNIO-2 task-2 GET /api/path/research/4 HTTP/1.1 200 323 -
[08/Feb/2021:02:00:23 +0700] XNIO-2 task-2 GET /api/path/research HTTP/1.1 200 511 -
[08/Feb/2021:02:08:43 +0700] XNIO-2 task-2 GET /api/path/research/4 HTTP/1.1 200 323 -
[08/Feb/2021:02:08:49 +0700] XNIO-2 task-2 GET /api/path/research/4 HTTP/1.1 200 323 -
[08/Feb/2021:02:09:22 +0700] XNIO-2 task-2 GET /api/path/research/4 HTTP/1.1 200 323 -
[08/Feb/2021:02:09:33 +0700] XNIO-2 task-2 GET /api/path/research/4 HTTP/1.1 200 323 -
[08/Feb/2021:02:10:02 +0700] XNIO-2 task-2 GET /api/path/research/4 HTTP/1.1 200 323 -
[08/Feb/2021:02:10:05 +0700] XNIO-2 task-2 GET /api/path/research/4 HTTP/1.1 200 323 -
[08/Feb/2021:02:10:50 +0700] XNIO-2 task-2 GET /api/path/research HTTP/1.1 200 511 -
[08/Feb/2021:02:10:54 +0700] XNIO-2 task-2 GET /api/path/research/4 HTTP/1.1 200 323 -
[08/Feb/2021:02:14:16 +0700] XNIO-2 task-2 GET /api/path/research/4 HTTP/1.1 200 323 -
[08/Feb/2021:02:14:46 +0700] XNIO-2 task-2 GET /api/path/research/4 HTTP/1.1 200 323 -
[08/Feb/2021:02:14:57 +0700] XNIO-2 task-2 GET /api/path/research/4 HTTP/1.1 200 323 -
[08/Feb/2021:02:14:59 +0700] XNIO-2 task-2 GET /api/path/research/4 HTTP/1.1 200 323 -
[08/Feb/2021:02:15:50 +0700] XNIO-2 task-2 GET /api/path/research HTTP/1.1 200 511 -
[08/Feb/2021:02:15:52 +0700] XNIO-2 task-2 GET /api/path/research HTTP/1.1 200 511 -
[08/Feb/2021:02:15:53 +0700] XNIO-2 task-2 GET /api/path/research HTTP/1.1 200 511 -
[08/Feb/2021:02:15:55 +0700] XNIO-2 task-2 GET /api/path/research HTTP/1.1 200 511 -
[08/Feb/2021:02:16:00 +0700] XNIO-2 task-2 GET /api/path/research HTTP/1.1 200 511 -
[08/Feb/2021:02:16:03 +0700] XNIO-2 task-2 GET /api/path/research HTTP/1.1 200 511 -
[08/Feb/2021:02:16:11 +0700] XNIO-2 task-2 GET /api/path/research HTTP/1.1 200 511 -
[08/Feb/2021:02:16:16 +0700] XNIO-2 task-2 GET /api/path/research/4 HTTP/1.1 200 323 -
[08/Feb/2021:02:18:43 +0700] XNIO-2 task-2 GET /api/path/research HTTP/1.1 200 511 -
[08/Feb/2021:02:18:45 +0700] XNIO-2 task-2 GET /api/path/research/4 HTTP/1.1 200 323 -
[08/Feb/2021:02:21:04 +0700] XNIO-2 task-2 GET /api/path/research/4 HTTP/1.1 200 323 -
[08/Feb/2021:02:21:07 +0700] XNIO-2 task-2 GET /api/path/research/4 HTTP/1.1 200 323 -
[08/Feb/2021:02:21:17 +0700] XNIO-2 task-2 GET /api/path/research HTTP/1.1 200 511 -
[08/Feb/2021:02:21:21 +0700] XNIO-2 task-2 GET /api/path/research/4 HTTP/1.1 200 323 -
[08/Feb/2021:02:21:27 +0700] XNIO-2 task-2 GET /api/path/research HTTP/1.1 200 511 -
[08/Feb/2021:02:21:48 +0700] XNIO-2 task-2 GET /api/path/research HTTP/1.1 200 511 -
[08/Feb/2021:02:22:00 +0700] XNIO-2 task-2 GET /api/path/research/28 HTTP/1.1 200 316 -
[08/Feb/2021:02:22:15 +0700] XNIO-2 task-2 GET /api/path/research/28 HTTP/1.1 200 316 -
[08/Feb/2021:02:27:50 +0700] XNIO-2 task-2 GET /api/path/research/1 HTTP/1.1 500 155 -
[08/Feb/2021:02:27:59 +0700] XNIO-2 task-2 GET /api/path/research/28 HTTP/1.1 200 316 -
[08/Feb/2021:02:28:25 +0700] XNIO-2 task-2 GET /api/path/research/28 HTTP/1.1 200 316 -
[08/Feb/2021:02:38:36 +0700] XNIO-2 task-2 GET /api/path/research/1 HTTP/1.1 500 156 -
[08/Feb/2021:02:38:55 +0700] XNIO-2 task-2 GET /api/path/research HTTP/1.1 200 511 -
[08/Feb/2021:02:38:57 +0700] XNIO-2 task-2 GET /api/path/research/4 HTTP/1.1 200 323 -
[08/Feb/2021:02:40:27 +0700] XNIO-2 task-2 GET /api/path/research HTTP/1.1 200 511 -
[08/Feb/2021:02:40:46 +0700] XNIO-2 task-2 GET /api/path/research HTTP/1.1 200 511 -
[08/Feb/2021:02:40:53 +0700] XNIO-2 task-2 GET /api/path/research HTTP/1.1 200 511 -
[08/Feb/2021:02:41:00 +0700] XNIO-2 task-2 GET /api/path/research HTTP/1.1 200 511 -
[08/Feb/2021:02:41:02 +0700] XNIO-2 task-2 GET /api/path/research HTTP/1.1 200 511 -
[08/Feb/2021:02:41:58 +0700] XNIO-2 task-2 GET /api/path/research HTTP/1.1 200 511 -
[08/Feb/2021:02:42:02 +0700] XNIO-2 task-2 GET /api/path/research HTTP/1.1 200 511 -
[08/Feb/2021:02:42:20 +0700] XNIO-2 task-2 GET /api/path/research HTTP/1.1 200 511 -
[08/Feb/2021:02:42:22 +0700] XNIO-2 task-2 GET /api/path/research HTTP/1.1 200 511 -
[08/Feb/2021:02:42:24 +0700] XNIO-2 task-2 GET /api/path/research HTTP/1.1 200 511 -
[08/Feb/2021:02:43:00 +0700] XNIO-2 task-2 GET /api/path/research HTTP/1.1 200 511 -
[08/Feb/2021:02:43:08 +0700] XNIO-2 task-2 GET /api/path/research HTTP/1.1 200 511 -
[08/Feb/2021:02:43:18 +0700] XNIO-2 task-2 GET /api/path/research HTTP/1.1 200 511 -
[08/Feb/2021:02:43:27 +0700] XNIO-2 task-2 GET /api/path/research HTTP/1.1 200 511 -
[08/Feb/2021:02:43:35 +0700] XNIO-2 task-2 GET /api/path/research HTTP/1.1 200 511 -
[08/Feb/2021:02:43:42 +0700] XNIO-2 task-2 GET /api/path/research HTTP/1.1 200 511 -
[08/Feb/2021:02:45:12 +0700] XNIO-2 task-2 GET /api/path/research HTTP/1.1 200 511 -
[08/Feb/2021:02:45:17 +0700] XNIO-2 task-2 GET /api/path/research HTTP/1.1 200 511 -
[08/Feb/2021:02:45:33 +0700] XNIO-2 task-2 GET /api/path/research HTTP/1.1 200 511 -
[08/Feb/2021:02:45:36 +0700] XNIO-2 task-2 GET /api/path/research HTTP/1.1 200 511 -
[08/Feb/2021:02:45:40 +0700] XNIO-2 task-2 GET /api/path/research HTTP/1.1 200 511 -
[08/Feb/2021:02:45:56 +0700] XNIO-2 task-2 GET /api/path/research HTTP/1.1 200 511 -
[08/Feb/2021:02:54:26 +0700] XNIO-2 task-2 OPTIONS /api/path/research HTTP/1.1 200 - -
[08/Feb/2021:02:54:26 +0700] XNIO-2 task-2 GET /api/path/research HTTP/1.1 200 511 -
[08/Feb/2021:02:54:33 +0700] XNIO-2 task-2 GET /api/path/research HTTP/1.1 200 511 -
[08/Feb/2021:02:55:16 +0700] XNIO-2 task-2 GET /api/path/research HTTP/1.1 200 511 -
[08/Feb/2021:02:55:21 +0700] XNIO-2 task-2 GET /api/path/research HTTP/1.1 200 511 -
[08/Feb/2021:02:55:24 +0700] XNIO-2 task-2 GET /api/path/research HTTP/1.1 200 511 -
[08/Feb/2021:02:55:28 +0700] XNIO-2 task-2 GET /api/path/research HTTP/1.1 200 511 -
[08/Feb/2021:02:58:40 +0700] XNIO-2 task-2 GET /api/path/research HTTP/1.1 200 511 -
[08/Feb/2021:03:00:22 +0700] XNIO-2 task-2 OPTIONS /api/path/research HTTP/1.1 200 - -
[08/Feb/2021:03:00:22 +0700] XNIO-2 task-2 POST /api/path/research HTTP/1.1 200 320 -
[08/Feb/2021:03:00:22 +0700] XNIO-2 task-2 GET /api/path/research HTTP/1.1 200 531 -
[08/Feb/2021:03:01:09 +0700] XNIO-2 task-2 GET /api/path/research HTTP/1.1 200 531 -
[08/Feb/2021:03:01:14 +0700] XNIO-2 task-2 GET /api/path/research HTTP/1.1 200 531 -
[08/Feb/2021:03:01:17 +0700] XNIO-2 task-2 GET /api/path/research HTTP/1.1 200 531 -
[08/Feb/2021:03:01:19 +0700] XNIO-2 task-2 GET /api/path/research HTTP/1.1 200 531 -
[08/Feb/2021:03:01:21 +0700] XNIO-2 task-2 GET /api/path/research HTTP/1.1 200 531 -
[08/Feb/2021:03:01:45 +0700] XNIO-2 task-2 GET /api/path/research HTTP/1.1 200 531 -
[08/Feb/2021:03:01:48 +0700] XNIO-2 task-2 GET /api/path/research HTTP/1.1 200 531 -
[08/Feb/2021:03:02:11 +0700] XNIO-2 task-2 GET /api/path/research HTTP/1.1 200 531 -
[08/Feb/2021:03:02:12 +0700] XNIO-2 task-2 GET /api/path/research/undefined HTTP/1.1 500 248 -
[08/Feb/2021:03:02:13 +0700] XNIO-2 task-2 GET /api/path/research HTTP/1.1 200 531 -
[08/Feb/2021:03:02:21 +0700] XNIO-2 task-2 GET /api/path/research HTTP/1.1 200 531 -
[08/Feb/2021:03:02:22 +0700] XNIO-2 task-2 GET /api/path/research/undefined HTTP/1.1 500 248 -
[08/Feb/2021:03:03:19 +0700] XNIO-2 task-2 GET /api/path/research HTTP/1.1 200 531 -
[08/Feb/2021:03:03:20 +0700] XNIO-2 task-2 GET /api/path/research/4 HTTP/1.1 200 323 -
[08/Feb/2021:03:03:25 +0700] XNIO-2 task-2 GET /api/path/research HTTP/1.1 200 531 -
[08/Feb/2021:03:03:30 +0700] XNIO-2 task-2 GET /api/path/research HTTP/1.1 200 531 -
[08/Feb/2021:03:03:32 +0700] XNIO-2 task-2 GET /api/path/research/4 HTTP/1.1 200 323 -
[08/Feb/2021:03:57:19 +0700] XNIO-2 task-2 GET /api/path/research HTTP/1.1 200 531 -
[08/Feb/2021:04:00:03 +0700] XNIO-2 task-2 GET /api/path/research HTTP/1.1 200 531 -
[08/Feb/2021:04:01:42 +0700] XNIO-2 task-2 OPTIONS /api/path/research HTTP/1.1 200 - -
[08/Feb/2021:04:01:42 +0700] XNIO-2 task-2 GET /api/path/research HTTP/1.1 200 531 -
[08/Feb/2021:04:03:00 +0700] XNIO-2 task-2 GET /api/path/research HTTP/1.1 200 531 -
[08/Feb/2021:04:03:17 +0700] XNIO-2 task-2 GET /api/path/research HTTP/1.1 200 531 -
[08/Feb/2021:04:03:21 +0700] XNIO-2 task-2 GET /api/path/research HTTP/1.1 200 531 -
[08/Feb/2021:04:04:00 +0700] XNIO-2 task-2 GET /api/path/research HTTP/1.1 200 531 -
[08/Feb/2021:04:04:02 +0700] XNIO-2 task-2 GET /api/path/research HTTP/1.1 200 531 -
[08/Feb/2021:04:04:17 +0700] XNIO-2 task-2 GET /api/path/research HTTP/1.1 200 531 -
[08/Feb/2021:04:04:22 +0700] XNIO-2 task-2 GET /api/path/research HTTP/1.1 200 531 -
[08/Feb/2021:04:04:40 +0700] XNIO-2 task-2 GET /api/path/research HTTP/1.1 200 531 -
[08/Feb/2021:04:04:43 +0700] XNIO-2 task-2 GET /api/path/research HTTP/1.1 200 531 -
[08/Feb/2021:04:05:25 +0700] XNIO-2 task-2 GET /api/path/research HTTP/1.1 200 531 -
[08/Feb/2021:04:05:29 +0700] XNIO-2 task-2 GET /api/path/research HTTP/1.1 200 531 -
[08/Feb/2021:04:05:31 +0700] XNIO-2 task-2 GET /api/path/research HTTP/1.1 200 531 -
[08/Feb/2021:04:05:37 +0700] XNIO-2 task-2 GET /api/path/research HTTP/1.1 200 531 -
[08/Feb/2021:04:07:52 +0700] XNIO-2 task-2 GET /api/path/research HTTP/1.1 200 531 -
[08/Feb/2021:04:08:18 +0700] XNIO-2 task-2 GET /api/path/research HTTP/1.1 200 531 -
[08/Feb/2021:04:09:37 +0700] XNIO-2 task-2 GET /api/path/research HTTP/1.1 200 531 -
[08/Feb/2021:04:09:41 +0700] XNIO-2 task-2 GET /api/path/research HTTP/1.1 200 531 -
[08/Feb/2021:04:10:14 +0700] XNIO-2 task-2 GET /api/path/research HTTP/1.1 200 531 -
[08/Feb/2021:04:10:16 +0700] XNIO-2 task-2 GET /api/path/research HTTP/1.1 200 531 -
[08/Feb/2021:04:11:00 +0700] XNIO-2 task-2 GET /api/path/research HTTP/1.1 200 531 -
[08/Feb/2021:04:11:03 +0700] XNIO-2 task-2 GET /api/path/research HTTP/1.1 200 531 -
[08/Feb/2021:04:11:14 +0700] XNIO-2 task-2 GET /api/path/research HTTP/1.1 200 531 -
[08/Feb/2021:04:11:20 +0700] XNIO-2 task-2 GET /api/path/research HTTP/1.1 200 531 -
[08/Feb/2021:04:11:36 +0700] XNIO-2 task-2 GET /api/path/research HTTP/1.1 200 531 -
[08/Feb/2021:04:11:59 +0700] XNIO-2 task-2 GET /api/path/research HTTP/1.1 200 531 -
[08/Feb/2021:04:12:18 +0700] XNIO-2 task-2 GET /api/path/research HTTP/1.1 200 531 -
[08/Feb/2021:04:12:39 +0700] XNIO-2 task-2 GET /api/path/research HTTP/1.1 200 531 -
[08/Feb/2021:04:13:02 +0700] XNIO-2 task-2 GET /api/path/research HTTP/1.1 200 531 -
[08/Feb/2021:04:13:23 +0700] XNIO-2 task-2 GET /api/path/research HTTP/1.1 200 531 -
[08/Feb/2021:04:13:26 +0700] XNIO-2 task-2 GET /api/path/research HTTP/1.1 200 531 -
[08/Feb/2021:04:13:29 +0700] XNIO-2 task-2 GET /api/path/research HTTP/1.1 200 531 -
[08/Feb/2021:04:13:50 +0700] XNIO-2 task-2 GET /api/path/research HTTP/1.1 200 531 -
[08/Feb/2021:04:14:09 +0700] XNIO-2 task-2 GET /api/path/research HTTP/1.1 200 531 -
[08/Feb/2021:04:14:15 +0700] XNIO-2 task-2 GET /api/path/research HTTP/1.1 200 531 -
[08/Feb/2021:04:14:20 +0700] XNIO-2 task-2 GET /api/path/research HTTP/1.1 200 531 -
[08/Feb/2021:04:14:30 +0700] XNIO-2 task-2 GET /api/path/research HTTP/1.1 200 531 -
[08/Feb/2021:04:14:33 +0700] XNIO-2 task-2 GET /api/path/research HTTP/1.1 200 531 -
[08/Feb/2021:04:15:36 +0700] XNIO-2 task-2 GET /api/path/research HTTP/1.1 200 531 -
[08/Feb/2021:04:15:47 +0700] XNIO-2 task-2 GET /api/path/research HTTP/1.1 200 531 -
[08/Feb/2021:04:16:45 +0700] XNIO-2 task-2 GET /api/path/research HTTP/1.1 200 531 -
[08/Feb/2021:04:17:04 +0700] XNIO-2 task-2 GET /api/path/research HTTP/1.1 200 531 -
[08/Feb/2021:04:17:10 +0700] XNIO-2 task-2 GET /api/path/research HTTP/1.1 200 531 -
[08/Feb/2021:04:17:14 +0700] XNIO-2 task-2 GET /api/path/research HTTP/1.1 200 531 -
[08/Feb/2021:04:17:17 +0700] XNIO-2 task-2 GET /api/path/research HTTP/1.1 200 531 -
[08/Feb/2021:04:17:33 +0700] XNIO-2 task-2 GET /api/path/research HTTP/1.1 200 531 -
[08/Feb/2021:04:18:05 +0700] XNIO-2 task-2 GET /api/path/research HTTP/1.1 200 531 -
[08/Feb/2021:17:01:34 +0700] XNIO-2 task-2 OPTIONS /api/path/research HTTP/1.1 200 - -
[08/Feb/2021:17:01:35 +0700] XNIO-2 task-2 GET /api/path/research HTTP/1.1 200 531 -
[08/Feb/2021:17:01:43 +0700] XNIO-2 task-2 GET /api/path/research HTTP/1.1 200 531 -
[08/Feb/2021:17:02:04 +0700] XNIO-2 task-2 GET /api/path/research HTTP/1.1 200 531 -
[08/Feb/2021:17:02:06 +0700] XNIO-2 task-2 GET /api/path/research HTTP/1.1 200 531 -
[08/Feb/2021:17:02:29 +0700] XNIO-2 task-2 GET /api/path/research HTTP/1.1 200 531 -
[08/Feb/2021:17:02:38 +0700] XNIO-2 task-2 GET /api/path/research HTTP/1.1 200 531 -
[08/Feb/2021:17:02:59 +0700] XNIO-2 task-2 GET /api/path/research HTTP/1.1 200 531 -
[08/Feb/2021:17:03:09 +0700] XNIO-2 task-2 GET /api/path/research HTTP/1.1 200 531 -
[08/Feb/2021:17:03:14 +0700] XNIO-2 task-2 GET /api/path/research HTTP/1.1 200 531 -
[08/Feb/2021:17:03:22 +0700] XNIO-2 task-2 GET /api/path/research HTTP/1.1 200 531 -
[08/Feb/2021:17:03:29 +0700] XNIO-2 task-2 GET /api/path/research HTTP/1.1 200 531 -
[08/Feb/2021:17:04:54 +0700] XNIO-2 task-2 GET /api/path/research HTTP/1.1 200 531 -
[08/Feb/2021:17:05:00 +0700] XNIO-2 task-2 GET /api/path/research HTTP/1.1 200 531 -
[08/Feb/2021:17:06:26 +0700] XNIO-2 task-2 GET /api/path/research HTTP/1.1 200 531 -
[08/Feb/2021:17:06:28 +0700] XNIO-2 task-2 GET /api/path/research HTTP/1.1 200 531 -
[08/Feb/2021:17:06:30 +0700] XNIO-2 task-2 GET /api/path/research HTTP/1.1 200 531 -
[08/Feb/2021:17:06:37 +0700] XNIO-2 task-2 GET /api/path/research HTTP/1.1 200 531 -
[08/Feb/2021:17:06:48 +0700] XNIO-2 task-2 GET /api/path/research HTTP/1.1 200 531 -
[08/Feb/2021:17:06:53 +0700] XNIO-2 task-2 GET /api/path/research HTTP/1.1 200 531 -
[08/Feb/2021:17:07:33 +0700] XNIO-2 task-2 GET /api/path/research HTTP/1.1 200 531 -
[08/Feb/2021:17:07:36 +0700] XNIO-2 task-2 GET /api/path/research HTTP/1.1 200 531 -
[08/Feb/2021:17:08:28 +0700] XNIO-2 task-2 GET /api/path/research HTTP/1.1 200 531 -
[08/Feb/2021:17:08:50 +0700] XNIO-2 task-2 GET /api/path/research HTTP/1.1 200 531 -
[08/Feb/2021:17:09:00 +0700] XNIO-2 task-2 GET /api/path/research HTTP/1.1 200 531 -
[08/Feb/2021:17:09:01 +0700] XNIO-2 task-2 GET /api/path/research HTTP/1.1 200 531 -
[08/Feb/2021:17:09:03 +0700] XNIO-2 task-2 GET /api/path/research/4 HTTP/1.1 200 323 -
[08/Feb/2021:17:09:11 +0700] XNIO-2 task-2 GET /api/path/research HTTP/1.1 200 531 -
[08/Feb/2021:17:22:07 +0700] XNIO-2 task-2 GET /api/path/research HTTP/1.1 200 531 -
[08/Feb/2021:17:22:19 +0700] XNIO-2 task-2 GET /api/path/research HTTP/1.1 200 531 -
[08/Feb/2021:17:22:29 +0700] XNIO-2 task-2 GET /api/path/research HTTP/1.1 200 531 -
[08/Feb/2021:17:22:32 +0700] XNIO-2 task-2 GET /api/path/research HTTP/1.1 200 531 -
[08/Feb/2021:17:28:18 +0700] XNIO-2 task-2 GET /api/path/research HTTP/1.1 500 212 -
[08/Feb/2021:17:28:20 +0700] XNIO-2 task-2 GET /api/path/research HTTP/1.1 500 210 -
[08/Feb/2021:17:28:38 +0700] XNIO-2 task-2 GET /api/path/research HTTP/1.1 500 211 -
[08/Feb/2021:17:28:40 +0700] XNIO-2 task-2 GET /api/path/research HTTP/1.1 500 211 -
[08/Feb/2021:17:29:07 +0700] XNIO-2 task-2 GET /api/path/research HTTP/1.1 500 213 -
[08/Feb/2021:17:29:08 +0700] XNIO-2 task-2 GET /api/path/research HTTP/1.1 500 211 -
[08/Feb/2021:17:29:45 +0700] XNIO-2 task-2 GET /api/path/research HTTP/1.1 500 212 -
[08/Feb/2021:17:29:53 +0700] XNIO-2 task-2 GET /api/path/research HTTP/1.1 500 212 -
[08/Feb/2021:17:29:57 +0700] XNIO-2 task-2 GET /api/path/research HTTP/1.1 500 211 -
[08/Feb/2021:17:30:00 +0700] XNIO-2 task-2 GET /api/path/research HTTP/1.1 500 212 -
[08/Feb/2021:17:31:27 +0700] XNIO-2 task-2 GET /api/path/research HTTP/1.1 500 212 -
[08/Feb/2021:17:31:33 +0700] XNIO-2 task-2 GET /api/path/research HTTP/1.1 500 212 -
[08/Feb/2021:17:32:19 +0700] XNIO-2 task-2 OPTIONS /api/auth/signing HTTP/1.1 200 - -
[08/Feb/2021:17:32:19 +0700] XNIO-2 task-2 POST /api/auth/signing HTTP/1.1 200 294 -
[08/Feb/2021:17:32:19 +0700] XNIO-2 task-2 GET /api/path/research HTTP/1.1 200 531 -
[08/Feb/2021:17:35:59 +0700] XNIO-2 task-2 GET /api/path/research HTTP/1.1 200 531 -
[08/Feb/2021:17:37:33 +0700] XNIO-2 task-2 GET /api/path/research HTTP/1.1 200 531 -
[08/Feb/2021:17:39:53 +0700] XNIO-2 task-2 GET /api/path/research HTTP/1.1 200 531 -
[08/Feb/2021:17:40:19 +0700] XNIO-2 task-2 GET /api/path/research HTTP/1.1 200 531 -
[08/Feb/2021:17:41:24 +0700] XNIO-2 task-2 GET /api/path/research HTTP/1.1 200 531 -
[08/Feb/2021:17:41:37 +0700] XNIO-2 task-2 GET /api/path/research HTTP/1.1 200 531 -
[08/Feb/2021:17:41:43 +0700] XNIO-2 task-2 GET /api/path/research HTTP/1.1 200 531 -
[08/Feb/2021:17:42:02 +0700] XNIO-2 task-2 GET /api/path/research HTTP/1.1 200 531 -
[08/Feb/2021:17:42:40 +0700] XNIO-2 task-2 GET /api/path/research HTTP/1.1 200 531 -
[08/Feb/2021:17:42:46 +0700] XNIO-2 task-2 GET /api/path/research HTTP/1.1 200 531 -
[08/Feb/2021:17:42:49 +0700] XNIO-2 task-2 GET /api/path/research HTTP/1.1 200 531 -
[08/Feb/2021:17:42:57 +0700] XNIO-2 task-2 GET /api/path/research HTTP/1.1 200 531 -
[08/Feb/2021:17:43:04 +0700] XNIO-2 task-2 GET /api/path/research HTTP/1.1 200 531 -
[08/Feb/2021:17:44:28 +0700] XNIO-2 task-2 GET /api/path/research HTTP/1.1 200 531 -
[08/Feb/2021:17:46:39 +0700] XNIO-2 task-2 GET /api/path/research HTTP/1.1 200 531 -
[08/Feb/2021:17:46:41 +0700] XNIO-2 task-2 GET /api/path/research HTTP/1.1 200 531 -
[08/Feb/2021:17:48:47 +0700] XNIO-2 task-2 GET /api/path/research HTTP/1.1 200 531 -
[08/Feb/2021:17:48:56 +0700] XNIO-2 task-2 GET /api/path/research HTTP/1.1 200 531 -
[08/Feb/2021:17:50:16 +0700] XNIO-2 task-2 GET /api/path/research HTTP/1.1 200 531 -
[08/Feb/2021:17:50:31 +0700] XNIO-2 task-2 GET /api/path/research HTTP/1.1 200 531 -
[08/Feb/2021:17:50:38 +0700] XNIO-2 task-2 GET /api/path/research HTTP/1.1 200 531 -
[08/Feb/2021:17:51:03 +0700] XNIO-2 task-2 GET /api/path/research HTTP/1.1 200 531 -
[08/Feb/2021:17:51:11 +0700] XNIO-2 task-2 GET /api/path/research HTTP/1.1 200 531 -
[08/Feb/2021:17:51:13 +0700] XNIO-2 task-2 GET /api/path/research HTTP/1.1 200 531 -
[08/Feb/2021:17:51:19 +0700] XNIO-2 task-2 GET /api/path/research HTTP/1.1 200 531 -
[08/Feb/2021:17:51:22 +0700] XNIO-2 task-2 GET /api/path/research HTTP/1.1 200 531 -
[08/Feb/2021:17:53:14 +0700] XNIO-2 task-2 GET /api/path/research HTTP/1.1 200 531 -
[08/Feb/2021:18:03:19 +0700] XNIO-2 task-2 OPTIONS /api/path/research HTTP/1.1 200 - -
[08/Feb/2021:18:03:19 +0700] XNIO-2 task-2 GET /api/path/research HTTP/1.1 200 531 -
[08/Feb/2021:18:03:30 +0700] XNIO-2 task-2 GET /api/path/research HTTP/1.1 200 531 -
[08/Feb/2021:18:03:32 +0700] XNIO-2 task-2 GET /api/path/research HTTP/1.1 200 531 -
[08/Feb/2021:18:04:01 +0700] XNIO-2 task-2 GET /api/path/research HTTP/1.1 200 531 -
[08/Feb/2021:18:04:03 +0700] XNIO-2 task-2 GET /api/path/research HTTP/1.1 200 531 -
[08/Feb/2021:18:04:19 +0700] XNIO-2 task-2 GET /api/path/research HTTP/1.1 200 531 -
[08/Feb/2021:18:04:25 +0700] XNIO-2 task-2 GET /api/path/research HTTP/1.1 200 531 -
[08/Feb/2021:18:05:17 +0700] XNIO-2 task-2 GET /api/path/research HTTP/1.1 200 531 -
[08/Feb/2021:18:05:19 +0700] XNIO-2 task-2 GET /api/path/research HTTP/1.1 200 531 -
[08/Feb/2021:18:05:24 +0700] XNIO-2 task-2 GET /api/path/research HTTP/1.1 200 531 -
[08/Feb/2021:18:05:27 +0700] XNIO-2 task-2 GET /api/path/research HTTP/1.1 200 531 -
[08/Feb/2021:18:05:39 +0700] XNIO-2 task-2 GET /api/path/research HTTP/1.1 200 531 -
[08/Feb/2021:18:05:42 +0700] XNIO-2 task-2 GET /api/path/research HTTP/1.1 200 531 -
[08/Feb/2021:18:11:38 +0700] XNIO-2 task-2 GET /api/path/research HTTP/1.1 200 531 -
[08/Feb/2021:18:12:28 +0700] XNIO-2 task-2 GET /api/path/research HTTP/1.1 200 531 -
[08/Feb/2021:18:12:41 +0700] XNIO-2 task-2 GET /api/path/research HTTP/1.1 200 531 -
[08/Feb/2021:18:12:45 +0700] XNIO-2 task-2 GET /api/path/research HTTP/1.1 200 531 -
[08/Feb/2021:18:17:38 +0700] XNIO-2 task-2 GET /api/path/research HTTP/1.1 200 531 -
[08/Feb/2021:18:17:48 +0700] XNIO-2 task-2 GET /api/path/research HTTP/1.1 200 531 -
[08/Feb/2021:18:30:52 +0700] XNIO-2 task-2 GET /api/path/research HTTP/1.1 200 531 -
[08/Feb/2021:18:30:54 +0700] XNIO-2 task-2 GET /api/path/research HTTP/1.1 200 531 -
[08/Feb/2021:18:50:22 +0700] XNIO-2 task-2 GET /api/path/research HTTP/1.1 200 531 -
[08/Feb/2021:18:50:27 +0700] XNIO-2 task-2 GET /api/path/research HTTP/1.1 200 531 -
[08/Feb/2021:18:50:44 +0700] XNIO-2 task-2 GET /api/path/research HTTP/1.1 200 531 -
[08/Feb/2021:18:50:49 +0700] XNIO-2 task-2 GET /api/path/research HTTP/1.1 200 531 -
[08/Feb/2021:18:50:52 +0700] XNIO-2 task-2 GET /api/path/research HTTP/1.1 200 531 -
[08/Feb/2021:18:51:38 +0700] XNIO-2 task-2 GET /api/path/research HTTP/1.1 200 531 -
[08/Feb/2021:18:52:03 +0700] XNIO-2 task-2 GET /api/path/research HTTP/1.1 200 531 -
[08/Feb/2021:18:52:07 +0700] XNIO-2 task-2 GET /api/path/research HTTP/1.1 200 531 -
[08/Feb/2021:18:52:35 +0700] XNIO-2 task-2 GET /api/path/research HTTP/1.1 200 531 -
[08/Feb/2021:18:52:54 +0700] XNIO-2 task-2 GET /api/path/research HTTP/1.1 200 531 -
[08/Feb/2021:18:54:44 +0700] XNIO-2 task-2 GET /api/path/research HTTP/1.1 200 531 -
[08/Feb/2021:18:54:49 +0700] XNIO-2 task-2 GET /api/path/research HTTP/1.1 200 531 -
[08/Feb/2021:18:55:00 +0700] XNIO-2 task-2 GET /api/path/research HTTP/1.1 200 531 -
[08/Feb/2021:18:55:13 +0700] XNIO-2 task-2 GET /api/path/research HTTP/1.1 200 531 -
[08/Feb/2021:18:55:34 +0700] XNIO-2 task-2 GET /api/path/research HTTP/1.1 200 531 -
[08/Feb/2021:18:55:41 +0700] XNIO-2 task-2 GET /api/path/research HTTP/1.1 200 531 -
[08/Feb/2021:18:55:46 +0700] XNIO-2 task-2 GET /api/path/research HTTP/1.1 200 531 -
[08/Feb/2021:18:55:48 +0700] XNIO-2 task-2 GET /api/path/research HTTP/1.1 200 531 -
[08/Feb/2021:18:56:15 +0700] XNIO-2 task-2 GET /api/path/research HTTP/1.1 200 531 -
[08/Feb/2021:18:57:40 +0700] XNIO-2 task-2 GET /api/path/research HTTP/1.1 200 531 -
[08/Feb/2021:18:57:41 +0700] XNIO-2 task-2 GET /api/path/research HTTP/1.1 200 531 -
[08/Feb/2021:19:03:42 +0700] XNIO-2 task-2 OPTIONS /api/path/research HTTP/1.1 200 - -
[08/Feb/2021:19:03:42 +0700] XNIO-2 task-2 GET /api/path/research HTTP/1.1 200 531 -
[08/Feb/2021:19:03:45 +0700] XNIO-2 task-2 GET /api/path/research HTTP/1.1 200 531 -
[08/Feb/2021:19:04:05 +0700] XNIO-2 task-2 GET /api/path/research HTTP/1.1 200 531 -
[08/Feb/2021:19:04:47 +0700] XNIO-2 task-2 GET /api/path/research HTTP/1.1 200 531 -
[08/Feb/2021:19:04:49 +0700] XNIO-2 task-2 GET /api/path/research HTTP/1.1 200 531 -
[08/Feb/2021:19:06:11 +0700] XNIO-2 task-2 GET /api/path/research HTTP/1.1 200 531 -
[08/Feb/2021:19:06:12 +0700] XNIO-2 task-2 GET /api/path/research HTTP/1.1 200 531 -
[08/Feb/2021:19:06:13 +0700] XNIO-2 task-2 GET /api/path/research HTTP/1.1 200 531 -
[08/Feb/2021:19:06:36 +0700] XNIO-2 task-2 GET /api/path/research HTTP/1.1 200 531 -
[08/Feb/2021:19:07:18 +0700] XNIO-2 task-2 GET /api/path/research HTTP/1.1 200 531 -
[08/Feb/2021:19:07:21 +0700] XNIO-2 task-2 GET /api/path/research HTTP/1.1 200 531 -
[08/Feb/2021:19:07:23 +0700] XNIO-2 task-2 GET /api/path/research HTTP/1.1 200 531 -
[08/Feb/2021:19:07:30 +0700] XNIO-2 task-2 GET /api/path/research HTTP/1.1 200 531 -
[08/Feb/2021:19:07:40 +0700] XNIO-2 task-2 GET /api/path/research HTTP/1.1 200 531 -
[08/Feb/2021:19:07:50 +0700] XNIO-2 task-2 GET /api/path/research HTTP/1.1 200 531 -
[08/Feb/2021:19:08:08 +0700] XNIO-2 task-2 GET /api/path/research HTTP/1.1 200 531 -
[08/Feb/2021:19:08:24 +0700] XNIO-2 task-2 GET /api/path/research HTTP/1.1 200 531 -
[08/Feb/2021:19:09:35 +0700] XNIO-2 task-2 GET /api/path/research HTTP/1.1 200 531 -
[08/Feb/2021:19:09:41 +0700] XNIO-2 task-2 GET /api/path/research HTTP/1.1 200 531 -
[08/Feb/2021:19:10:18 +0700] XNIO-2 task-2 GET /api/path/research HTTP/1.1 200 531 -
[08/Feb/2021:19:11:52 +0700] XNIO-2 task-2 GET /api/path/research HTTP/1.1 200 531 -
[08/Feb/2021:19:12:16 +0700] XNIO-2 task-2 GET /api/path/research HTTP/1.1 200 531 -
[08/Feb/2021:19:12:40 +0700] XNIO-2 task-2 GET /api/path/research HTTP/1.1 200 531 -
[08/Feb/2021:19:12:41 +0700] XNIO-2 task-2 GET /api/path/research HTTP/1.1 200 531 -
[08/Feb/2021:20:40:35 +0700] XNIO-2 task-2 OPTIONS /api/path/research HTTP/1.1 200 - -
[08/Feb/2021:20:40:35 +0700] XNIO-2 task-2 GET /api/path/research HTTP/1.1 200 531 -
[08/Feb/2021:21:21:33 +0700] XNIO-2 task-2 GET /api/path/research HTTP/1.1 200 531 -
[08/Feb/2021:21:21:46 +0700] XNIO-2 task-2 GET /api/path/research HTTP/1.1 200 531 -
[08/Feb/2021:21:21:53 +0700] XNIO-2 task-2 GET /api/path/research HTTP/1.1 200 531 -
[08/Feb/2021:21:22:14 +0700] XNIO-2 task-2 GET /api/path/research HTTP/1.1 200 531 -
[08/Feb/2021:21:22:32 +0700] XNIO-2 task-2 GET /api/path/research HTTP/1.1 200 531 -
[08/Feb/2021:21:22:44 +0700] XNIO-2 task-2 GET /api/path/research HTTP/1.1 200 531 -
[08/Feb/2021:21:23:09 +0700] XNIO-2 task-2 GET /api/path/research HTTP/1.1 200 531 -
[08/Feb/2021:21:23:12 +0700] XNIO-2 task-2 GET /api/path/research HTTP/1.1 200 531 -
[08/Feb/2021:21:23:15 +0700] XNIO-2 task-2 GET /api/path/research HTTP/1.1 200 531 -
[08/Feb/2021:21:23:40 +0700] XNIO-2 task-2 GET /api/path/research HTTP/1.1 200 531 -
[08/Feb/2021:21:23:48 +0700] XNIO-2 task-2 GET /api/path/research HTTP/1.1 200 531 -
[08/Feb/2021:21:24:14 +0700] XNIO-2 task-2 GET /api/path/research HTTP/1.1 200 531 -
[08/Feb/2021:21:24:46 +0700] XNIO-2 task-2 GET /api/path/research HTTP/1.1 200 531 -
[08/Feb/2021:21:25:16 +0700] XNIO-2 task-2 GET /api/path/research HTTP/1.1 200 531 -
[08/Feb/2021:21:25:20 +0700] XNIO-2 task-2 GET /api/path/research HTTP/1.1 200 531 -
[08/Feb/2021:21:28:13 +0700] XNIO-2 task-2 GET /api/path/research HTTP/1.1 200 531 -
[08/Feb/2021:21:28:16 +0700] XNIO-2 task-2 GET /api/path/research/4 HTTP/1.1 200 323 -
[08/Feb/2021:21:28:23 +0700] XNIO-2 task-2 GET /api/path/research HTTP/1.1 200 531 -
[08/Feb/2021:21:29:16 +0700] XNIO-2 task-2 GET /api/path/research HTTP/1.1 200 531 -
[08/Feb/2021:21:37:48 +0700] XNIO-2 task-2 GET /api/path/research HTTP/1.1 200 531 -
[08/Feb/2021:21:37:54 +0700] XNIO-2 task-2 GET /api/path/research HTTP/1.1 200 531 -
[08/Feb/2021:22:02:10 +0700] XNIO-2 task-2 OPTIONS /api/path/research HTTP/1.1 200 - -
[08/Feb/2021:22:02:10 +0700] XNIO-2 task-2 GET /api/path/research HTTP/1.1 200 531 -
[08/Feb/2021:22:02:12 +0700] XNIO-2 task-2 GET /api/path/research HTTP/1.1 200 531 -
[08/Feb/2021:22:05:43 +0700] XNIO-2 task-2 GET /api/path/research HTTP/1.1 200 531 -
[08/Feb/2021:22:05:49 +0700] XNIO-2 task-2 GET /api/path/research HTTP/1.1 200 531 -
[08/Feb/2021:22:06:24 +0700] XNIO-2 task-2 GET /api/path/research HTTP/1.1 200 531 -
[08/Feb/2021:22:06:34 +0700] XNIO-2 task-2 GET /api/path/research HTTP/1.1 200 531 -
[08/Feb/2021:22:06:50 +0700] XNIO-2 task-2 GET /api/path/research HTTP/1.1 200 531 -
[08/Feb/2021:22:09:00 +0700] XNIO-2 task-2 GET /api/path/research HTTP/1.1 200 531 -
[08/Feb/2021:22:09:39 +0700] XNIO-2 task-2 GET /api/path/research HTTP/1.1 200 531 -
[08/Feb/2021:22:09:42 +0700] XNIO-2 task-2 GET /api/path/research HTTP/1.1 200 531 -
[08/Feb/2021:22:09:49 +0700] XNIO-2 task-2 GET /api/path/research HTTP/1.1 200 531 -
[08/Feb/2021:22:09:55 +0700] XNIO-2 task-2 GET /api/path/research HTTP/1.1 200 531 -
[08/Feb/2021:22:10:57 +0700] XNIO-2 task-2 GET /api/path/research HTTP/1.1 200 531 -
[08/Feb/2021:22:10:58 +0700] XNIO-2 task-2 GET /api/path/research HTTP/1.1 200 531 -
[08/Feb/2021:22:11:15 +0700] XNIO-2 task-2 GET /api/path/research/null HTTP/1.1 500 245 -
[08/Feb/2021:22:11:53 +0700] XNIO-2 task-2 GET /api/path/research HTTP/1.1 200 531 -
[08/Feb/2021:22:12:54 +0700] XNIO-2 task-2 GET /api/path/research HTTP/1.1 200 531 -
[08/Feb/2021:22:13:07 +0700] XNIO-2 task-2 GET /api/path/research HTTP/1.1 200 531 -
[08/Feb/2021:22:13:35 +0700] XNIO-2 task-2 GET /api/path/research HTTP/1.1 200 531 -
[08/Feb/2021:22:14:11 +0700] XNIO-2 task-2 GET /api/path/research HTTP/1.1 200 531 -
[08/Feb/2021:22:14:16 +0700] XNIO-2 task-2 GET /api/path/research HTTP/1.1 200 531 -
[08/Feb/2021:22:14:19 +0700] XNIO-2 task-2 GET /api/path/research HTTP/1.1 200 531 -
[08/Feb/2021:22:14:23 +0700] XNIO-2 task-2 GET /api/path/research HTTP/1.1 200 531 -
[08/Feb/2021:22:14:42 +0700] XNIO-2 task-2 GET /api/path/research HTTP/1.1 200 531 -
[08/Feb/2021:22:14:44 +0700] XNIO-2 task-2 GET /api/path/research HTTP/1.1 200 531 -
[08/Feb/2021:22:14:51 +0700] XNIO-2 task-2 GET /api/path/research HTTP/1.1 200 531 -
[08/Feb/2021:22:14:56 +0700] XNIO-2 task-2 GET /api/path/research HTTP/1.1 200 531 -
[08/Feb/2021:22:15:27 +0700] XNIO-2 task-2 OPTIONS /api/path/research/null HTTP/1.1 200 - -
[08/Feb/2021:22:15:27 +0700] XNIO-2 task-2 PUT /api/path/research/null HTTP/1.1 500 246 -
[08/Feb/2021:22:15:55 +0700] XNIO-2 task-2 GET /api/path/research HTTP/1.1 200 531 -
[08/Feb/2021:22:17:24 +0700] XNIO-2 task-2 GET /api/path/research HTTP/1.1 200 531 -
[08/Feb/2021:22:18:27 +0700] XNIO-2 task-2 GET /api/path/research HTTP/1.1 200 531 -
[08/Feb/2021:22:18:35 +0700] XNIO-2 task-2 GET /api/path/research HTTP/1.1 200 531 -
[08/Feb/2021:22:18:44 +0700] XNIO-2 task-2 OPTIONS /api/path/research/4 HTTP/1.1 200 - -
[08/Feb/2021:22:18:44 +0700] XNIO-2 task-2 PUT /api/path/research/4 HTTP/1.1 200 325 -
[08/Feb/2021:22:19:04 +0700] XNIO-2 task-2 GET /api/path/research/4 HTTP/1.1 200 325 -
[08/Feb/2021:22:19:11 +0700] XNIO-2 task-2 GET /api/path/research HTTP/1.1 200 534 -
[08/Feb/2021:22:20:06 +0700] XNIO-2 task-2 PUT /api/path/research/4 HTTP/1.1 200 315 -
[08/Feb/2021:22:20:37 +0700] XNIO-2 task-2 GET /api/path/research HTTP/1.1 200 530 -
[08/Feb/2021:22:20:47 +0700] XNIO-2 task-2 PUT /api/path/research/4 HTTP/1.1 200 316 -
[08/Feb/2021:22:21:01 +0700] XNIO-2 task-2 GET /api/path/research HTTP/1.1 200 531 -
[08/Feb/2021:22:21:38 +0700] XNIO-2 task-2 GET /api/path/research HTTP/1.1 200 531 -
[08/Feb/2021:22:21:44 +0700] XNIO-2 task-2 GET /api/path/research HTTP/1.1 200 531 -
[08/Feb/2021:22:21:52 +0700] XNIO-2 task-2 GET /api/path/research HTTP/1.1 200 531 -
[08/Feb/2021:22:21:58 +0700] XNIO-2 task-2 PUT /api/path/research/4 HTTP/1.1 200 317 -
[08/Feb/2021:22:22:15 +0700] XNIO-2 task-2 GET /api/path/research HTTP/1.1 200 532 -
[08/Feb/2021:22:25:07 +0700] XNIO-2 task-2 GET /api/path/research HTTP/1.1 200 532 -
[08/Feb/2021:22:25:18 +0700] XNIO-2 task-2 GET /api/path/research HTTP/1.1 200 532 -
[08/Feb/2021:22:25:24 +0700] XNIO-2 task-2 GET /api/path/research HTTP/1.1 200 532 -
[08/Feb/2021:22:26:52 +0700] XNIO-2 task-2 GET /api/path/research HTTP/1.1 200 532 -
[08/Feb/2021:22:26:57 +0700] XNIO-2 task-2 GET /api/path/research HTTP/1.1 200 532 -
[08/Feb/2021:22:26:59 +0700] XNIO-2 task-2 GET /api/path/research HTTP/1.1 200 532 -
[08/Feb/2021:22:27:23 +0700] XNIO-2 task-2 GET /api/path/research HTTP/1.1 200 532 -
[08/Feb/2021:22:27:35 +0700] XNIO-2 task-2 GET /api/path/research HTTP/1.1 200 532 -
[08/Feb/2021:22:27:40 +0700] XNIO-2 task-2 PUT /api/path/research/4 HTTP/1.1 200 319 -
[08/Feb/2021:22:27:46 +0700] XNIO-2 task-2 GET /api/path/research/4 HTTP/1.1 200 319 -
[08/Feb/2021:22:29:18 +0700] XNIO-2 task-2 GET /api/path/research HTTP/1.1 200 524 -
[08/Feb/2021:22:29:24 +0700] XNIO-2 task-2 PUT /api/path/research/4 HTTP/1.1 200 315 -
