[06/Feb/2021:05:37:04 +0700] XNIO-2 task-1 POST /api/auth/signup HTTP/1.1 500 3093 -
[06/Feb/2021:05:38:38 +0700] XNIO-2 task-1 POST /api/auth/signup HTTP/1.1 500 1839 -
[06/Feb/2021:05:39:34 +0700] XNIO-2 task-1 POST /api/auth/signup HTTP/1.1 200 68 -
[06/Feb/2021:05:52:18 +0700] XNIO-2 task-1 POST /api/auth/signup HTTP/1.1 400 73 -
[06/Feb/2021:06:03:41 +0700] XNIO-2 task-1 POST /api/auth/signin HTTP/1.1 200 275 -
[06/Feb/2021:06:04:17 +0700] XNIO-2 task-1 POST /api/auth/signin HTTP/1.1 200 281 -
[06/Feb/2021:06:05:05 +0700] XNIO-2 task-1 POST /api/auth/signin HTTP/1.1 200 281 -
[06/Feb/2021:06:07:37 +0700] XNIO-2 task-1 POST /api/auth/signin HTTP/1.1 200 279 -
[06/Feb/2021:06:34:48 +0700] XNIO-2 task-1 POST /api/auth/signin HTTP/1.1 200 282 -
[06/Feb/2021:06:38:41 +0700] XNIO-2 task-1 POST /api/auth/updateAccount HTTP/1.1 404 136 -
[06/Feb/2021:06:38:45 +0700] XNIO-2 task-1 PUT /api/auth/updateAccount HTTP/1.1 404 136 -
[06/Feb/2021:06:39:05 +0700] XNIO-2 task-1 PUT /api/auth/updateAccount HTTP/1.1 404 136 -
[06/Feb/2021:06:39:49 +0700] XNIO-2 task-1 PUT /api/auth/updateAccount HTTP/1.1 404 136 -
[06/Feb/2021:06:40:39 +0700] XNIO-2 task-1 PUT /api/auth/update HTTP/1.1 200 224 -
[06/Feb/2021:06:56:36 +0700] XNIO-2 task-1 GET /api/auth/account HTTP/1.1 404 295 -
[06/Feb/2021:06:56:36 +0700] XNIO-2 task-1 GET /favicon.ico HTTP/1.1 404 128 -
[06/Feb/2021:06:56:39 +0700] XNIO-2 task-1 GET /api/auth/account HTTP/1.1 404 295 -
[06/Feb/2021:06:56:59 +0700] XNIO-2 task-1 GET /api/auth/account HTTP/1.1 200 225 -
[06/Feb/2021:08:01:46 +0700] XNIO-2 task-1 PUT /api/auth/signin HTTP/1.1 405 1653 -
[06/Feb/2021:08:01:50 +0700] XNIO-2 task-1 POST /api/auth/signin HTTP/1.1 200 281 -
[06/Feb/2021:08:05:27 +0700] XNIO-2 task-1 POST /api/auth/research HTTP/1.1 404 131 -
[06/Feb/2021:08:06:22 +0700] XNIO-2 task-1 POST /api/auth/signin HTTP/1.1 200 281 -
[06/Feb/2021:08:07:11 +0700] XNIO-2 task-1 POST /api/path/research HTTP/1.1 200 274 -
[06/Feb/2021:08:07:29 +0700] XNIO-2 task-1 GET /api/path/research HTTP/1.1 200 275 -
[06/Feb/2021:08:08:26 +0700] XNIO-2 task-1 POST /api/path/research HTTP/1.1 200 272 -
[06/Feb/2021:08:08:54 +0700] XNIO-2 task-1 PUT /api/path/research/3 HTTP/1.1 500 2312 -
[06/Feb/2021:08:09:21 +0700] XNIO-2 task-1 PUT /api/path/research?id=3 HTTP/1.1 405 1652 -
[06/Feb/2021:08:09:37 +0700] XNIO-2 task-1 PUT /api/path/research?id=3 HTTP/1.1 405 1652 -
[06/Feb/2021:08:12:25 +0700] XNIO-2 task-1 PUT /api/path/research/3 HTTP/1.1 500 2311 -
[06/Feb/2021:08:12:38 +0700] XNIO-2 task-1 PUT /api/path/research/3 HTTP/1.1 500 2312 -
[06/Feb/2021:08:15:32 +0700] XNIO-2 task-1 PUT /api/path/research/3 HTTP/1.1 500 2312 -
[06/Feb/2021:08:15:41 +0700] XNIO-2 task-1 PUT /api/path/research/2 HTTP/1.1 500 2312 -
[06/Feb/2021:08:20:19 +0700] XNIO-2 task-1 PUT /api/path/research/2 HTTP/1.1 500 2312 -
[06/Feb/2021:08:21:50 +0700] XNIO-2 task-1 PUT /api/path/research/2 HTTP/1.1 400 2237 -
[06/Feb/2021:08:22:48 +0700] XNIO-2 task-1 PUT /api/path/research/2 HTTP/1.1 400 2238 -
[06/Feb/2021:16:33:51 +0700] XNIO-2 task-1 PUT /api/path/research/2 HTTP/1.1 400 2237 -
[06/Feb/2021:16:34:05 +0700] XNIO-2 task-1 PUT /api/path/research/3 HTTP/1.1 400 2237 -
[06/Feb/2021:16:35:08 +0700] XNIO-2 task-1 PUT /api/path/research/3 HTTP/1.1 500 2311 -
[06/Feb/2021:16:39:09 +0700] XNIO-2 task-1 PUT /api/path/research/3 HTTP/1.1 500 2312 -
[06/Feb/2021:16:42:18 +0700] XNIO-2 task-1 PUT /api/path/research/3 HTTP/1.1 500 2314 -
[06/Feb/2021:16:43:15 +0700] XNIO-2 task-1 DELETE /api/path/research/2 HTTP/1.1 200 - -
[06/Feb/2021:16:43:25 +0700] XNIO-2 task-1 PUT /api/path/research/2 HTTP/1.1 404 - -
[06/Feb/2021:16:43:33 +0700] XNIO-2 task-1 PUT /api/path/research/3 HTTP/1.1 500 2314 -
[06/Feb/2021:16:48:51 +0700] XNIO-2 task-1 PUT /api/path/research/3 HTTP/1.1 200 272 -
[06/Feb/2021:17:05:24 +0700] XNIO-2 task-1 POST /api/path/research/3 HTTP/1.1 405 1656 -
[06/Feb/2021:17:05:47 +0700] XNIO-2 task-1 POST /api/auth/signin HTTP/1.1 200 282 -
[06/Feb/2021:17:06:41 +0700] XNIO-2 task-1 POST /api/path/research HTTP/1.1 200 300 -
[06/Feb/2021:17:08:35 +0700] XNIO-2 task-1 POST /api/path/research HTTP/1.1 200 333 -
[06/Feb/2021:17:09:47 +0700] XNIO-2 task-1 POST /api/path/research HTTP/1.1 200 323 -
[06/Feb/2021:17:10:07 +0700] XNIO-2 task-1 GET /api/path/research HTTP/1.1 200 384 -
[06/Feb/2021:17:10:20 +0700] XNIO-2 task-1 PUT /api/path/research/6 HTTP/1.1 500 2260 -
[06/Feb/2021:17:10:53 +0700] XNIO-2 task-1 GET /api/path/research HTTP/1.1 200 384 -
[06/Feb/2021:17:11:07 +0700] XNIO-2 task-1 PUT /api/path/research/6 HTTP/1.1 500 2259 -
[06/Feb/2021:17:11:21 +0700] XNIO-2 task-1 GET /api/path/research HTTP/1.1 200 384 -
[06/Feb/2021:17:12:26 +0700] XNIO-2 task-1 PUT /api/path/research HTTP/1.1 405 1665 -
[06/Feb/2021:17:12:31 +0700] XNIO-2 task-1 PUT /api/path/research/6 HTTP/1.1 500 2260 -
[06/Feb/2021:17:13:27 +0700] XNIO-2 task-1 PUT /api/path/research/6 HTTP/1.1 200 322 -
[06/Feb/2021:17:13:46 +0700] XNIO-2 task-1 PUT /api/path/research/6 HTTP/1.1 200 322 -
[06/Feb/2021:21:09:28 +0700] XNIO-2 task-1 POST /api/path/file HTTP/1.1 500 3272 -
[06/Feb/2021:21:23:58 +0700] XNIO-2 task-1 POST /api/path/file HTTP/1.1 500 3273 -
[06/Feb/2021:21:24:45 +0700] XNIO-2 task-1 POST /api/path/file HTTP/1.1 500 3272 -
[06/Feb/2021:21:32:33 +0700] XNIO-2 task-1 POST /api/path/file HTTP/1.1 500 3273 -
[06/Feb/2021:21:36:47 +0700] XNIO-2 task-1 POST /api/path/file HTTP/1.1 500 3181 -
[06/Feb/2021:21:41:53 +0700] XNIO-2 task-1 POST /api/path/file HTTP/1.1 500 3182 -
[06/Feb/2021:21:46:18 +0700] XNIO-2 task-1 POST /api/path/file HTTP/1.1 500 3182 -
[06/Feb/2021:21:48:32 +0700] XNIO-2 task-1 POST /api/path/file HTTP/1.1 500 2620 -
[06/Feb/2021:21:49:22 +0700] XNIO-2 task-1 POST /api/path/file HTTP/1.1 500 2619 -
[06/Feb/2021:21:51:28 +0700] XNIO-2 task-1 POST /api/path/file HTTP/1.1 500 2716 -
[06/Feb/2021:21:53:47 +0700] XNIO-2 task-1 POST /api/path/file HTTP/1.1 200 341 -
[06/Feb/2021:21:57:58 +0700] XNIO-2 task-1 POST /api/path/file HTTP/1.1 500 3273 -
[06/Feb/2021:21:59:31 +0700] XNIO-2 task-1 POST /api/path/file HTTP/1.1 500 3273 -
[06/Feb/2021:22:01:33 +0700] XNIO-2 task-1 POST /api/path/file HTTP/1.1 200 10 -
[06/Feb/2021:22:02:05 +0700] XNIO-2 task-1 POST /api/path/file HTTP/1.1 200 10 -
[06/Feb/2021:22:03:05 +0700] XNIO-2 task-1 POST /api/path/file HTTP/1.1 200 10 -
[06/Feb/2021:22:04:13 +0700] XNIO-2 task-1 POST /api/path/file HTTP/1.1 200 10 -
[06/Feb/2021:22:10:01 +0700] XNIO-2 task-1 POST /api/path/file HTTP/1.1 200 19 -
[06/Feb/2021:22:14:27 +0700] XNIO-2 task-1 POST /api/path/file HTTP/1.1 500 2082 -
[06/Feb/2021:22:15:59 +0700] XNIO-2 task-1 POST /api/path/file HTTP/1.1 500 2081 -
[06/Feb/2021:22:18:32 +0700] XNIO-2 task-1 POST /api/path/file HTTP/1.1 500 2082 -
[06/Feb/2021:22:22:18 +0700] XNIO-2 task-1 POST /api/path/file HTTP/1.1 500 2082 -
[06/Feb/2021:22:24:15 +0700] XNIO-2 task-1 POST /api/path/file HTTP/1.1 500 2081 -
[06/Feb/2021:22:26:12 +0700] XNIO-2 task-1 POST /api/path/file HTTP/1.1 500 2081 -
[06/Feb/2021:22:27:12 +0700] XNIO-2 task-1 POST /api/path/file HTTP/1.1 500 2081 -
[06/Feb/2021:22:27:33 +0700] XNIO-2 task-1 POST /api/path/file HTTP/1.1 500 2082 -
[06/Feb/2021:22:28:29 +0700] XNIO-2 task-1 POST /api/path/file HTTP/1.1 500 2083 -
[06/Feb/2021:22:29:03 +0700] XNIO-2 task-1 POST /api/path/file HTTP/1.1 500 2082 -
[06/Feb/2021:22:29:42 +0700] XNIO-2 task-1 POST /api/path/file HTTP/1.1 500 2081 -
[06/Feb/2021:22:30:23 +0700] XNIO-2 task-1 POST /api/path/file HTTP/1.1 500 2081 -
[06/Feb/2021:22:32:29 +0700] XNIO-2 task-1 POST /api/path/file HTTP/1.1 500 2084 -
[06/Feb/2021:22:34:19 +0700] XNIO-2 task-1 POST /api/path/file HTTP/1.1 200 10 -
[06/Feb/2021:22:36:40 +0700] XNIO-2 task-1 POST /api/path/file HTTP/1.1 200 10 -
[06/Feb/2021:22:37:05 +0700] XNIO-2 task-1 POST /api/path/file HTTP/1.1 200 10 -
[06/Feb/2021:22:39:25 +0700] XNIO-2 task-1 POST /api/path/file HTTP/1.1 200 10 -
[06/Feb/2021:22:45:17 +0700] XNIO-2 task-1 POST /api/path/file HTTP/1.1 500 2081 -
[06/Feb/2021:22:45:52 +0700] XNIO-2 task-1 POST /api/path/file HTTP/1.1 200 10 -
[06/Feb/2021:22:46:27 +0700] XNIO-2 task-1 POST /api/path/file HTTP/1.1 200 10 -
[06/Feb/2021:22:47:43 +0700] XNIO-2 task-1 POST /api/path/file HTTP/1.1 500 2081 -
[06/Feb/2021:22:49:21 +0700] XNIO-2 task-1 POST /api/path/file HTTP/1.1 200 10 -
[06/Feb/2021:22:53:00 +0700] XNIO-2 task-1 POST /api/path/file HTTP/1.1 500 2081 -
[06/Feb/2021:22:53:03 +0700] XNIO-2 task-1 POST /api/path/file HTTP/1.1 500 2083 -
[06/Feb/2021:23:44:44 +0700] XNIO-2 task-1 POST /api/path/file HTTP/1.1 200 10 -
[06/Feb/2021:23:44:56 +0700] XNIO-2 task-1 POST /api/path/file HTTP/1.1 200 10 -
